#
# There is insufficient memory for the Java Runtime Environment to continue.
# Native memory allocation (malloc) failed to allocate 1935216 bytes for Chunk::new
# Possible reasons:
#   The system is out of physical RAM or swap space
#   The process is running with CompressedOops enabled, and the Java Heap may be blocking the growth of the native heap
# Possible solutions:
#   Reduce memory load on the system
#   Increase physical memory or swap space
#   Check if swap backing store is full
#   Decrease Java heap size (-Xmx/-Xms)
#   Decrease number of Java threads
#   Decrease Java thread stack sizes (-Xss)
#   Set larger code cache with -XX:ReservedCodeCacheSize=
#   JVM is running with Unscaled Compressed Oops mode in which the Java heap is
#     placed in the first 4GB address space. The Java Heap base address is the
#     maximum limit for the native heap growth. Please use -XX:HeapBaseMinAddress
#     to set the Java Heap base and to place the Java Heap above 4GB virtual address.
# This output file may be truncated or incomplete.
#
#  Out of Memory Error (arena.cpp:189), pid=13136, tid=6340
#
# JRE version: OpenJDK Runtime Environment (17.0.6) (build 17.0.6+0-b2043.56-10027231)
# Java VM: OpenJDK 64-Bit Server VM (17.0.6+0-b2043.56-10027231, mixed mode, tiered, compressed oops, compressed class ptrs, g1 gc, windows-amd64)
# No core dump will be written. Minidumps are not enabled by default on client versions of Windows
#

---------------  S U M M A R Y ------------

Command Line: org.jetbrains.kotlin.cli.jvm.K2JVMCompiler @C:\Users\Dell\Desktop\Android Developement\Notes\app\build\20240113_16821691151789179816.compiler.options

Host: Intel(R) Pentium(R) CPU 5405U @ 2.30GHz, 4 cores, 3G,  Windows 11 , 64 bit Build 22621 (10.0.22621.2506)
Time: Sat Jan 13 05:10:00 2024 India Standard Time elapsed time: 8.310888 seconds (0d 0h 0m 8s)

---------------  T H R E A D  ---------------

Current thread (0x0000027f7572f340):  JavaThread "C2 CompilerThread0" daemon [_thread_in_native, id=6340, stack(0x000000cd05e00000,0x000000cd05f00000)]


Current CompileTask:
C2:   8311 3919       4       org.jetbrains.org.objectweb.asm.ClassReader::readMethod (1061 bytes)

Stack: [0x000000cd05e00000,0x000000cd05f00000]
Native frames: (J=compiled Java code, j=interpreted, Vv=VM code, C=native code)
V  [jvm.dll+0x683c9a]
V  [jvm.dll+0x8427a4]
V  [jvm.dll+0x843f9e]
V  [jvm.dll+0x844603]
V  [jvm.dll+0x249b75]
V  [jvm.dll+0xabcac]
V  [jvm.dll+0xac27c]
V  [jvm.dll+0x368802]
V  [jvm.dll+0x332f31]
V  [jvm.dll+0x3323da]
V  [jvm.dll+0x21c201]
V  [jvm.dll+0x21b621]
V  [jvm.dll+0x1a4fdd]
V  [jvm.dll+0x22b098]
V  [jvm.dll+0x229159]
V  [jvm.dll+0x7f81ec]
V  [jvm.dll+0x7f274a]
V  [jvm.dll+0x682ad5]
C  [ucrtbase.dll+0x29363]
C  [KERNEL32.DLL+0x1257d]
C  [ntdll.dll+0x5aa58]


---------------  P R O C E S S  ---------------

Threads class SMR info:
_java_thread_list=0x0000027f76246b90, length=12, elements={
0x0000027f5e8287d0, 0x0000027f756c5170, 0x0000027f756c6780, 0x0000027f75710a10,
0x0000027f757177a0, 0x0000027f7572d030, 0x0000027f7572d8f0, 0x0000027f7572f340,
0x0000027f75734220, 0x0000027f75736fd0, 0x0000027f76241b80, 0x0000027f7625a9e0
}

Java Threads: ( => current thread )
  0x0000027f5e8287d0 JavaThread "main" [_thread_in_vm, id=9208, stack(0x000000cd05100000,0x000000cd05200000)]
  0x0000027f756c5170 JavaThread "Reference Handler" daemon [_thread_blocked, id=9580, stack(0x000000cd05800000,0x000000cd05900000)]
  0x0000027f756c6780 JavaThread "Finalizer" daemon [_thread_blocked, id=2616, stack(0x000000cd05900000,0x000000cd05a00000)]
  0x0000027f75710a10 JavaThread "Signal Dispatcher" daemon [_thread_blocked, id=5400, stack(0x000000cd05a00000,0x000000cd05b00000)]
  0x0000027f757177a0 JavaThread "Attach Listener" daemon [_thread_blocked, id=11688, stack(0x000000cd05b00000,0x000000cd05c00000)]
  0x0000027f7572d030 JavaThread "Service Thread" daemon [_thread_blocked, id=10404, stack(0x000000cd05c00000,0x000000cd05d00000)]
  0x0000027f7572d8f0 JavaThread "Monitor Deflation Thread" daemon [_thread_blocked, id=6432, stack(0x000000cd05d00000,0x000000cd05e00000)]
=>0x0000027f7572f340 JavaThread "C2 CompilerThread0" daemon [_thread_in_native, id=6340, stack(0x000000cd05e00000,0x000000cd05f00000)]
  0x0000027f75734220 JavaThread "C1 CompilerThread0" daemon [_thread_blocked, id=4916, stack(0x000000cd05f00000,0x000000cd06000000)]
  0x0000027f75736fd0 JavaThread "Sweeper thread" daemon [_thread_blocked, id=12668, stack(0x000000cd06000000,0x000000cd06100000)]
  0x0000027f76241b80 JavaThread "Notification Thread" daemon [_thread_blocked, id=14476, stack(0x000000cd06100000,0x000000cd06200000)]
  0x0000027f7625a9e0 JavaThread "Common-Cleaner" daemon [_thread_blocked, id=6824, stack(0x000000cd06300000,0x000000cd06400000)]

Other Threads:
  0x0000027f5e8eed30 VMThread "VM Thread" [stack: 0x000000cd05700000,0x000000cd05800000] [id=5232]
  0x0000027f76242870 WatcherThread [stack: 0x000000cd06200000,0x000000cd06300000] [id=6452]
  0x0000027f5e865a60 GCTaskThread "GC Thread#0" [stack: 0x000000cd05200000,0x000000cd05300000] [id=14600]
  0x0000027f766aa230 GCTaskThread "GC Thread#1" [stack: 0x000000cd06400000,0x000000cd06500000] [id=6840]
  0x0000027f766bdb00 GCTaskThread "GC Thread#2" [stack: 0x000000cd06500000,0x000000cd06600000] [id=11336]
  0x0000027f766bddb0 GCTaskThread "GC Thread#3" [stack: 0x000000cd06600000,0x000000cd06700000] [id=8892]
  0x0000027f5e86e5e0 ConcurrentGCThread "G1 Main Marker" [stack: 0x000000cd05300000,0x000000cd05400000] [id=5308]
  0x0000027f5e86eff0 ConcurrentGCThread "G1 Conc#0" [stack: 0x000000cd05400000,0x000000cd05500000] [id=6660]
  0x0000027f5e8bb960 ConcurrentGCThread "G1 Refine#0" [stack: 0x000000cd05500000,0x000000cd05600000] [id=6904]
  0x0000027f779282f0 ConcurrentGCThread "G1 Refine#1" [stack: 0x000000cd06700000,0x000000cd06800000] [id=3248]
  0x0000027f5e8bc380 ConcurrentGCThread "G1 Service" [stack: 0x000000cd05600000,0x000000cd05700000] [id=752]

Threads with active compile tasks:
C2 CompilerThread0     8348 3919       4       org.jetbrains.org.objectweb.asm.ClassReader::readMethod (1061 bytes)

VM state: not at safepoint (normal execution)

VM Mutex/Monitor currently owned by a thread: None

Heap address: 0x00000000c1e00000, size: 994 MB, Compressed Oops mode: 32-bit

CDS archive(s) not mapped
Compressed class space mapped at: 0x0000000100000000-0x0000000140000000, reserved size: 1073741824
Narrow klass base: 0x0000000000000000, Narrow klass shift: 3, Narrow klass range: 0x140000000

GC Precious Log:
 CPUs: 4 total, 4 available
 Memory: 3971M
 Large Page Support: Disabled
 NUMA Support: Disabled
 Compressed Oops: Enabled (32-bit)
 Heap Region Size: 1M
 Heap Min Capacity: 8M
 Heap Initial Capacity: 64M
 Heap Max Capacity: 994M
 Pre-touch: Disabled
 Parallel Workers: 4
 Concurrent Workers: 1
 Concurrent Refinement Workers: 4
 Periodic GC: Disabled

Heap:
 garbage-first heap   total 88064K, used 40178K [0x00000000c1e00000, 0x0000000100000000)
  region size 1024K, 13 young (13312K), 3 survivors (3072K)
 Metaspace       used 51061K, committed 51264K, reserved 1097728K
  class space    used 6201K, committed 6272K, reserved 1048576K

Heap Regions: E=young(eden), S=young(survivor), O=old, HS=humongous(starts), HC=humongous(continues), CS=collection set, F=free, OA=open archive, CA=closed archive, TAMS=top-at-mark-start (previous, next)
|   0|0x00000000c1e00000, 0x00000000c1f00000, 0x00000000c1f00000|100%|HS|  |TAMS 0x00000000c1f00000, 0x00000000c1f00000| Complete 
|   1|0x00000000c1f00000, 0x00000000c2000000, 0x00000000c2000000|100%|HC|  |TAMS 0x00000000c2000000, 0x00000000c2000000| Complete 
|   2|0x00000000c2000000, 0x00000000c2100000, 0x00000000c2100000|100%|HC|  |TAMS 0x00000000c2100000, 0x00000000c2100000| Complete 
|   3|0x00000000c2100000, 0x00000000c2200000, 0x00000000c2200000|100%|HC|  |TAMS 0x00000000c2200000, 0x00000000c2200000| Complete 
|   4|0x00000000c2200000, 0x00000000c22f6000, 0x00000000c2300000| 96%| O|  |TAMS 0x00000000c22f6000, 0x00000000c22f6000| Untracked 
|   5|0x00000000c2300000, 0x00000000c2400000, 0x00000000c2400000|100%| O|  |TAMS 0x00000000c2400000, 0x00000000c2400000| Untracked 
|   6|0x00000000c2400000, 0x00000000c2500000, 0x00000000c2500000|100%| O|  |TAMS 0x00000000c2500000, 0x00000000c2500000| Untracked 
|   7|0x00000000c2500000, 0x00000000c2600000, 0x00000000c2600000|100%| O|  |TAMS 0x00000000c2600000, 0x00000000c2600000| Untracked 
|   8|0x00000000c2600000, 0x00000000c2700000, 0x00000000c2700000|100%| O|  |TAMS 0x00000000c2700000, 0x00000000c2700000| Untracked 
|   9|0x00000000c2700000, 0x00000000c2800000, 0x00000000c2800000|100%| O|  |TAMS 0x00000000c2800000, 0x00000000c2800000| Untracked 
|  10|0x00000000c2800000, 0x00000000c2900000, 0x00000000c2900000|100%| O|  |TAMS 0x00000000c2900000, 0x00000000c2900000| Untracked 
|  11|0x00000000c2900000, 0x00000000c2a00000, 0x00000000c2a00000|100%| O|  |TAMS 0x00000000c2a00000, 0x00000000c2a00000| Untracked 
|  12|0x00000000c2a00000, 0x00000000c2b00000, 0x00000000c2b00000|100%| O|  |TAMS 0x00000000c2a9de00, 0x00000000c2b00000| Untracked 
|  13|0x00000000c2b00000, 0x00000000c2c00000, 0x00000000c2c00000|100%| O|  |TAMS 0x00000000c2b00000, 0x00000000c2c00000| Untracked 
|  14|0x00000000c2c00000, 0x00000000c2d00000, 0x00000000c2d00000|100%| O|  |TAMS 0x00000000c2c00000, 0x00000000c2d00000| Untracked 
|  15|0x00000000c2d00000, 0x00000000c2e00000, 0x00000000c2e00000|100%| O|  |TAMS 0x00000000c2e00000, 0x00000000c2e00000| Untracked 
|  16|0x00000000c2e00000, 0x00000000c2f00000, 0x00000000c2f00000|100%| O|  |TAMS 0x00000000c2e00000, 0x00000000c2e00000| Untracked 
|  17|0x00000000c2f00000, 0x00000000c3000000, 0x00000000c3000000|100%| O|  |TAMS 0x00000000c3000000, 0x00000000c3000000| Untracked 
|  18|0x00000000c3000000, 0x00000000c3100000, 0x00000000c3100000|100%| O|  |TAMS 0x00000000c3100000, 0x00000000c3100000| Untracked 
|  19|0x00000000c3100000, 0x00000000c3200000, 0x00000000c3200000|100%| O|  |TAMS 0x00000000c3100000, 0x00000000c3200000| Untracked 
|  20|0x00000000c3200000, 0x00000000c3300000, 0x00000000c3300000|100%| O|  |TAMS 0x00000000c3200000, 0x00000000c3293800| Untracked 
|  21|0x00000000c3300000, 0x00000000c3400000, 0x00000000c3400000|100%|HS|  |TAMS 0x00000000c3300000, 0x00000000c3400000| Complete 
|  22|0x00000000c3400000, 0x00000000c3500000, 0x00000000c3500000|100%|HC|  |TAMS 0x00000000c3400000, 0x00000000c3500000| Complete 
|  23|0x00000000c3500000, 0x00000000c3600000, 0x00000000c3600000|100%| O|  |TAMS 0x00000000c3500000, 0x00000000c3500000| Untracked 
|  24|0x00000000c3600000, 0x00000000c3700000, 0x00000000c3700000|100%| O|  |TAMS 0x00000000c3600000, 0x00000000c3600000| Untracked 
|  25|0x00000000c3700000, 0x00000000c3700000, 0x00000000c3800000|  0%| F|  |TAMS 0x00000000c3700000, 0x00000000c3700000| Untracked 
|  26|0x00000000c3800000, 0x00000000c3900000, 0x00000000c3900000|100%| O|  |TAMS 0x00000000c3800000, 0x00000000c3800000| Untracked 
|  27|0x00000000c3900000, 0x00000000c3a00000, 0x00000000c3a00000|100%| O|  |TAMS 0x00000000c3900000, 0x00000000c3900000| Untracked 
|  28|0x00000000c3a00000, 0x00000000c3a52200, 0x00000000c3b00000| 32%| O|  |TAMS 0x00000000c3a00000, 0x00000000c3a00000| Untracked 
|  29|0x00000000c3b00000, 0x00000000c3b00000, 0x00000000c3c00000|  0%| F|  |TAMS 0x00000000c3b00000, 0x00000000c3b00000| Untracked 
|  30|0x00000000c3c00000, 0x00000000c3c00000, 0x00000000c3d00000|  0%| F|  |TAMS 0x00000000c3c00000, 0x00000000c3c00000| Untracked 
|  31|0x00000000c3d00000, 0x00000000c3d00000, 0x00000000c3e00000|  0%| F|  |TAMS 0x00000000c3d00000, 0x00000000c3d00000| Untracked 
|  32|0x00000000c3e00000, 0x00000000c3e00000, 0x00000000c3f00000|  0%| F|  |TAMS 0x00000000c3e00000, 0x00000000c3e00000| Untracked 
|  33|0x00000000c3f00000, 0x00000000c3f00000, 0x00000000c4000000|  0%| F|  |TAMS 0x00000000c3f00000, 0x00000000c3f00000| Untracked 
|  34|0x00000000c4000000, 0x00000000c4000000, 0x00000000c4100000|  0%| F|  |TAMS 0x00000000c4000000, 0x00000000c4000000| Untracked 
|  35|0x00000000c4100000, 0x00000000c4100000, 0x00000000c4200000|  0%| F|  |TAMS 0x00000000c4100000, 0x00000000c4100000| Untracked 
|  36|0x00000000c4200000, 0x00000000c4200000, 0x00000000c4300000|  0%| F|  |TAMS 0x00000000c4200000, 0x00000000c4200000| Untracked 
|  37|0x00000000c4300000, 0x00000000c4300000, 0x00000000c4400000|  0%| F|  |TAMS 0x00000000c4300000, 0x00000000c4300000| Untracked 
|  38|0x00000000c4400000, 0x00000000c4400000, 0x00000000c4500000|  0%| F|  |TAMS 0x00000000c4400000, 0x00000000c4400000| Untracked 
|  39|0x00000000c4500000, 0x00000000c4500000, 0x00000000c4600000|  0%| F|  |TAMS 0x00000000c4500000, 0x00000000c4500000| Untracked 
|  40|0x00000000c4600000, 0x00000000c4600000, 0x00000000c4700000|  0%| F|  |TAMS 0x00000000c4600000, 0x00000000c4600000| Untracked 
|  41|0x00000000c4700000, 0x00000000c4700000, 0x00000000c4800000|  0%| F|  |TAMS 0x00000000c4700000, 0x00000000c4700000| Untracked 
|  42|0x00000000c4800000, 0x00000000c4800000, 0x00000000c4900000|  0%| F|  |TAMS 0x00000000c4800000, 0x00000000c4800000| Untracked 
|  43|0x00000000c4900000, 0x00000000c4900000, 0x00000000c4a00000|  0%| F|  |TAMS 0x00000000c4900000, 0x00000000c4900000| Untracked 
|  44|0x00000000c4a00000, 0x00000000c4a00000, 0x00000000c4b00000|  0%| F|  |TAMS 0x00000000c4a00000, 0x00000000c4a00000| Untracked 
|  45|0x00000000c4b00000, 0x00000000c4b00000, 0x00000000c4c00000|  0%| F|  |TAMS 0x00000000c4b00000, 0x00000000c4b00000| Untracked 
|  46|0x00000000c4c00000, 0x00000000c4cf4720, 0x00000000c4d00000| 95%| S|CS|TAMS 0x00000000c4c00000, 0x00000000c4c00000| Complete 
|  47|0x00000000c4d00000, 0x00000000c4e00000, 0x00000000c4e00000|100%| S|CS|TAMS 0x00000000c4d00000, 0x00000000c4d00000| Complete 
|  48|0x00000000c4e00000, 0x00000000c4f00000, 0x00000000c4f00000|100%| S|CS|TAMS 0x00000000c4e00000, 0x00000000c4e00000| Complete 
|  49|0x00000000c4f00000, 0x00000000c4f00000, 0x00000000c5000000|  0%| F|  |TAMS 0x00000000c4f00000, 0x00000000c4f00000| Untracked 
|  50|0x00000000c5000000, 0x00000000c5000000, 0x00000000c5100000|  0%| F|  |TAMS 0x00000000c5000000, 0x00000000c5000000| Untracked 
|  51|0x00000000c5100000, 0x00000000c5100000, 0x00000000c5200000|  0%| F|  |TAMS 0x00000000c5100000, 0x00000000c5100000| Untracked 
|  52|0x00000000c5200000, 0x00000000c5200000, 0x00000000c5300000|  0%| F|  |TAMS 0x00000000c5200000, 0x00000000c5200000| Untracked 
|  53|0x00000000c5300000, 0x00000000c5300000, 0x00000000c5400000|  0%| F|  |TAMS 0x00000000c5300000, 0x00000000c5300000| Untracked 
|  54|0x00000000c5400000, 0x00000000c5400000, 0x00000000c5500000|  0%| F|  |TAMS 0x00000000c5400000, 0x00000000c5400000| Untracked 
|  55|0x00000000c5500000, 0x00000000c5500000, 0x00000000c5600000|  0%| F|  |TAMS 0x00000000c5500000, 0x00000000c5500000| Untracked 
|  56|0x00000000c5600000, 0x00000000c5600000, 0x00000000c5700000|  0%| F|  |TAMS 0x00000000c5600000, 0x00000000c5600000| Untracked 
|  57|0x00000000c5700000, 0x00000000c5700000, 0x00000000c5800000|  0%| F|  |TAMS 0x00000000c5700000, 0x00000000c5700000| Untracked 
|  58|0x00000000c5800000, 0x00000000c5800000, 0x00000000c5900000|  0%| F|  |TAMS 0x00000000c5800000, 0x00000000c5800000| Untracked 
|  59|0x00000000c5900000, 0x00000000c5900000, 0x00000000c5a00000|  0%| F|  |TAMS 0x00000000c5900000, 0x00000000c5900000| Untracked 
|  60|0x00000000c5a00000, 0x00000000c5a00000, 0x00000000c5b00000|  0%| F|  |TAMS 0x00000000c5a00000, 0x00000000c5a00000| Untracked 
|  61|0x00000000c5b00000, 0x00000000c5b00000, 0x00000000c5c00000|  0%| F|  |TAMS 0x00000000c5b00000, 0x00000000c5b00000| Untracked 
|  62|0x00000000c5c00000, 0x00000000c5c00000, 0x00000000c5d00000|  0%| F|  |TAMS 0x00000000c5c00000, 0x00000000c5c00000| Untracked 
|  63|0x00000000c5d00000, 0x00000000c5d00000, 0x00000000c5e00000|  0%| F|  |TAMS 0x00000000c5d00000, 0x00000000c5d00000| Untracked 
|  64|0x00000000c5e00000, 0x00000000c5e00000, 0x00000000c5f00000|  0%| F|  |TAMS 0x00000000c5e00000, 0x00000000c5e00000| Untracked 
|  65|0x00000000c5f00000, 0x00000000c5f00000, 0x00000000c6000000|  0%| F|  |TAMS 0x00000000c5f00000, 0x00000000c5f00000| Untracked 
|  66|0x00000000c6000000, 0x00000000c6000000, 0x00000000c6100000|  0%| F|  |TAMS 0x00000000c6000000, 0x00000000c6000000| Untracked 
|  67|0x00000000c6100000, 0x00000000c6100000, 0x00000000c6200000|  0%| F|  |TAMS 0x00000000c6100000, 0x00000000c6100000| Untracked 
|  68|0x00000000c6200000, 0x00000000c6200000, 0x00000000c6300000|  0%| F|  |TAMS 0x00000000c6200000, 0x00000000c6200000| Untracked 
|  69|0x00000000c6300000, 0x00000000c6300000, 0x00000000c6400000|  0%| F|  |TAMS 0x00000000c6300000, 0x00000000c6300000| Untracked 
|  70|0x00000000c6400000, 0x00000000c6400000, 0x00000000c6500000|  0%| F|  |TAMS 0x00000000c6400000, 0x00000000c6400000| Untracked 
|  71|0x00000000c6500000, 0x00000000c6500000, 0x00000000c6600000|  0%| F|  |TAMS 0x00000000c6500000, 0x00000000c6500000| Untracked 
|  72|0x00000000c6600000, 0x00000000c6600000, 0x00000000c6700000|  0%| F|  |TAMS 0x00000000c6600000, 0x00000000c6600000| Untracked 
|  73|0x00000000c6700000, 0x00000000c6700000, 0x00000000c6800000|  0%| F|  |TAMS 0x00000000c6700000, 0x00000000c6700000| Untracked 
|  74|0x00000000c6800000, 0x00000000c6800000, 0x00000000c6900000|  0%| F|  |TAMS 0x00000000c6800000, 0x00000000c6800000| Untracked 
|  75|0x00000000c6900000, 0x00000000c6900000, 0x00000000c6a00000|  0%| F|  |TAMS 0x00000000c6900000, 0x00000000c6900000| Untracked 
|  76|0x00000000c6a00000, 0x00000000c6b00000, 0x00000000c6b00000|100%| E|  |TAMS 0x00000000c6a00000, 0x00000000c6a00000| Complete 
|  77|0x00000000c6b00000, 0x00000000c6c00000, 0x00000000c6c00000|100%| E|CS|TAMS 0x00000000c6b00000, 0x00000000c6b00000| Complete 
|  78|0x00000000c6c00000, 0x00000000c6d00000, 0x00000000c6d00000|100%| E|CS|TAMS 0x00000000c6c00000, 0x00000000c6c00000| Complete 
|  79|0x00000000c6d00000, 0x00000000c6e00000, 0x00000000c6e00000|100%| E|CS|TAMS 0x00000000c6d00000, 0x00000000c6d00000| Complete 
|  80|0x00000000c6e00000, 0x00000000c6f00000, 0x00000000c6f00000|100%| E|CS|TAMS 0x00000000c6e00000, 0x00000000c6e00000| Complete 
|  81|0x00000000c6f00000, 0x00000000c7000000, 0x00000000c7000000|100%| E|CS|TAMS 0x00000000c6f00000, 0x00000000c6f00000| Complete 
|  82|0x00000000c7000000, 0x00000000c7100000, 0x00000000c7100000|100%| E|CS|TAMS 0x00000000c7000000, 0x00000000c7000000| Complete 
|  83|0x00000000c7100000, 0x00000000c7200000, 0x00000000c7200000|100%| E|CS|TAMS 0x00000000c7100000, 0x00000000c7100000| Complete 
|  84|0x00000000c7200000, 0x00000000c7300000, 0x00000000c7300000|100%| E|CS|TAMS 0x00000000c7200000, 0x00000000c7200000| Complete 
|  85|0x00000000c7300000, 0x00000000c7400000, 0x00000000c7400000|100%| E|CS|TAMS 0x00000000c7300000, 0x00000000c7300000| Complete 

Card table byte_map: [0x0000027f70ef0000,0x0000027f710f0000] _byte_map_base: 0x0000027f708e1000

Marking Bits (Prev, Next): (CMBitMap*) 0x0000027f5e866070, (CMBitMap*) 0x0000027f5e8660b0
 Prev Bits: [0x0000027f712f0000, 0x0000027f72278000)
 Next Bits: [0x0000027f72280000, 0x0000027f73208000)

Polling page: 0x0000027f5c780000

Metaspace:

Usage:
  Non-class:     43.85 MB used.
      Class:      6.06 MB used.
       Both:     49.91 MB used.

Virtual space:
  Non-class space:       48.00 MB reserved,      44.00 MB ( 92%) committed,  6 nodes.
      Class space:        1.00 GB reserved,       6.19 MB ( <1%) committed,  1 nodes.
             Both:        1.05 GB reserved,      50.19 MB (  5%) committed. 

Chunk freelists:
   Non-Class:  3.28 MB
       Class:  1.80 MB
        Both:  5.08 MB

MaxMetaspaceSize: unlimited
CompressedClassSpaceSize: 1.00 GB
Initial GC threshold: 21.00 MB
Current GC threshold: 59.00 MB
CDS: off
MetaspaceReclaimPolicy: balanced
 - commit_granule_bytes: 65536.
 - commit_granule_words: 8192.
 - virtual_space_node_default_size: 1048576.
 - enlarge_chunks_in_place: 1.
 - new_chunks_are_fully_committed: 0.
 - uncommit_free_chunks: 1.
 - use_allocation_guard: 0.
 - handle_deallocations: 1.


Internal statistics:

num_allocs_failed_limit: 6.
num_arena_births: 200.
num_arena_deaths: 0.
num_vsnodes_births: 7.
num_vsnodes_deaths: 0.
num_space_committed: 801.
num_space_uncommitted: 0.
num_chunks_returned_to_freelist: 6.
num_chunks_taken_from_freelist: 1703.
num_chunk_merges: 6.
num_chunk_splits: 1406.
num_chunks_enlarged: 1249.
num_purges: 0.
num_inconsistent_stats: 0.

CodeHeap 'non-profiled nmethods': size=120000Kb used=1458Kb max_used=1458Kb free=118541Kb
 bounds [0x0000027f697c0000, 0x0000027f69a30000, 0x0000027f70cf0000]
CodeHeap 'profiled nmethods': size=120000Kb used=8116Kb max_used=8116Kb free=111883Kb
 bounds [0x0000027f61cf0000, 0x0000027f624e0000, 0x0000027f69220000]
CodeHeap 'non-nmethods': size=5760Kb used=1263Kb max_used=1324Kb free=4497Kb
 bounds [0x0000027f69220000, 0x0000027f69490000, 0x0000027f697c0000]
 total_blobs=4657 nmethods=4078 adapters=492
 compilation: enabled
              stopped_count=0, restarted_count=0
 full_count=0

Compilation events (20 events):
Event: 8.275 Thread 0x0000027f75734220 4124       1       org.jetbrains.kotlin.types.FlexibleType::getLowerBound (5 bytes)
Event: 8.275 Thread 0x0000027f75734220 nmethod 4124 0x0000027f6992b490 code [0x0000027f6992b620, 0x0000027f6992b6f8]
Event: 8.275 Thread 0x0000027f75734220 4121       1       org.jetbrains.kotlin.load.java.lazy.types.JavaTypeAttributes::getFlexibility (5 bytes)
Event: 8.275 Thread 0x0000027f75734220 nmethod 4121 0x0000027f6992b790 code [0x0000027f6992b920, 0x0000027f6992b9f8]
Event: 8.275 Thread 0x0000027f75734220 4122       1       org.jetbrains.kotlin.load.java.typeEnhancement.AbstractSignatureParts$TypeAndDefaultQualifiers::getDefaultQualifiers (5 bytes)
Event: 8.275 Thread 0x0000027f75734220 nmethod 4122 0x0000027f6992ba90 code [0x0000027f6992bc20, 0x0000027f6992bcf8]
Event: 8.275 Thread 0x0000027f75734220 4119       2       org.jetbrains.kotlin.load.java.lazy.descriptors.LazyJavaScope$allDescriptors$1::<init> (11 bytes)
Event: 8.276 Thread 0x0000027f75734220 nmethod 4119 0x0000027f624dbb90 code [0x0000027f624dbd20, 0x0000027f624dbe78]
Event: 8.276 Thread 0x0000027f75734220 4125       1       org.jetbrains.kotlin.load.java.typeEnhancement.JavaTypeEnhancement$Result::getType (5 bytes)
Event: 8.276 Thread 0x0000027f75734220 nmethod 4125 0x0000027f6992bd90 code [0x0000027f6992bf20, 0x0000027f6992bff8]
Event: 8.288 Thread 0x0000027f75734220 4126       2       org.jetbrains.kotlin.load.java.lazy.LazyJavaAnnotations::<init> (17 bytes)
Event: 8.288 Thread 0x0000027f75734220 nmethod 4126 0x0000027f624dbf10 code [0x0000027f624dc0a0, 0x0000027f624dc1c8]
Event: 8.288 Thread 0x0000027f75734220 4127       2       org.jetbrains.kotlin.load.java.lazy.LazyJavaAnnotations$annotationDescriptors$1::<init> (11 bytes)
Event: 8.289 Thread 0x0000027f75734220 nmethod 4127 0x0000027f624dc290 code [0x0000027f624dc420, 0x0000027f624dc578]
Event: 8.289 Thread 0x0000027f75734220 4128       1       org.jetbrains.kotlin.load.java.structure.impl.classFiles.JavaPlainType::getAnnotations (5 bytes)
Event: 8.289 Thread 0x0000027f75734220 nmethod 4128 0x0000027f6992c090 code [0x0000027f6992c220, 0x0000027f6992c2f8]
Event: 8.289 Thread 0x0000027f75734220 4129       1       org.jetbrains.kotlin.load.java.structure.impl.classFiles.JavaPlainType::isDeprecatedInJavaDoc (5 bytes)
Event: 8.289 Thread 0x0000027f75734220 nmethod 4129 0x0000027f6992c390 code [0x0000027f6992c520, 0x0000027f6992c5f8]
Event: 8.292 Thread 0x0000027f75734220 4130       2       jdk.internal.jimage.ImageLocation::verify (218 bytes)
Event: 8.294 Thread 0x0000027f75734220 nmethod 4130 0x0000027f624dc610 code [0x0000027f624dc840, 0x0000027f624dcf18]

GC Heap History (20 events):
Event: 4.102 GC heap before
{Heap before GC invocations=5 (full 0):
 garbage-first heap   total 40960K, used 30973K [0x00000000c1e00000, 0x0000000100000000)
  region size 1024K, 21 young (21504K), 4 survivors (4096K)
 Metaspace       used 30411K, committed 30656K, reserved 1081344K
  class space    used 3931K, committed 4032K, reserved 1048576K
}
Event: 4.125 GC heap after
{Heap after GC invocations=6 (full 0):
 garbage-first heap   total 40960K, used 17651K [0x00000000c1e00000, 0x0000000100000000)
  region size 1024K, 3 young (3072K), 3 survivors (3072K)
 Metaspace       used 30411K, committed 30656K, reserved 1081344K
  class space    used 3931K, committed 4032K, reserved 1048576K
}
Event: 4.555 GC heap before
{Heap before GC invocations=6 (full 0):
 garbage-first heap   total 40960K, used 28915K [0x00000000c1e00000, 0x0000000100000000)
  region size 1024K, 15 young (15360K), 3 survivors (3072K)
 Metaspace       used 33755K, committed 33984K, reserved 1081344K
  class space    used 4306K, committed 4416K, reserved 1048576K
}
Event: 4.573 GC heap after
{Heap after GC invocations=7 (full 0):
 garbage-first heap   total 40960K, used 19386K [0x00000000c1e00000, 0x0000000100000000)
  region size 1024K, 2 young (2048K), 2 survivors (2048K)
 Metaspace       used 33755K, committed 33984K, reserved 1081344K
  class space    used 4306K, committed 4416K, reserved 1048576K
}
Event: 5.157 GC heap before
{Heap before GC invocations=7 (full 0):
 garbage-first heap   total 40960K, used 29626K [0x00000000c1e00000, 0x0000000100000000)
  region size 1024K, 13 young (13312K), 2 survivors (2048K)
 Metaspace       used 35818K, committed 36096K, reserved 1081344K
  class space    used 4541K, committed 4672K, reserved 1048576K
}
Event: 5.162 GC heap after
{Heap after GC invocations=8 (full 0):
 garbage-first heap   total 50176K, used 18316K [0x00000000c1e00000, 0x0000000100000000)
  region size 1024K, 2 young (2048K), 2 survivors (2048K)
 Metaspace       used 35818K, committed 36096K, reserved 1081344K
  class space    used 4541K, committed 4672K, reserved 1048576K
}
Event: 5.167 GC heap before
{Heap before GC invocations=8 (full 0):
 garbage-first heap   total 50176K, used 18316K [0x00000000c1e00000, 0x0000000100000000)
  region size 1024K, 3 young (3072K), 2 survivors (2048K)
 Metaspace       used 35856K, committed 36096K, reserved 1081344K
  class space    used 4543K, committed 4672K, reserved 1048576K
}
Event: 5.171 GC heap after
{Heap after GC invocations=9 (full 0):
 garbage-first heap   total 50176K, used 18263K [0x00000000c1e00000, 0x0000000100000000)
  region size 1024K, 2 young (2048K), 2 survivors (2048K)
 Metaspace       used 35856K, committed 36096K, reserved 1081344K
  class space    used 4543K, committed 4672K, reserved 1048576K
}
Event: 5.736 GC heap before
{Heap before GC invocations=10 (full 0):
 garbage-first heap   total 50176K, used 37719K [0x00000000c1e00000, 0x0000000100000000)
  region size 1024K, 21 young (21504K), 2 survivors (2048K)
 Metaspace       used 39893K, committed 40128K, reserved 1089536K
  class space    used 4900K, committed 4992K, reserved 1048576K
}
Event: 5.746 GC heap after
{Heap after GC invocations=11 (full 0):
 garbage-first heap   total 50176K, used 20206K [0x00000000c1e00000, 0x0000000100000000)
  region size 1024K, 3 young (3072K), 3 survivors (3072K)
 Metaspace       used 39893K, committed 40128K, reserved 1089536K
  class space    used 4900K, committed 4992K, reserved 1048576K
}
Event: 5.771 GC heap before
{Heap before GC invocations=11 (full 0):
 garbage-first heap   total 50176K, used 20206K [0x00000000c1e00000, 0x0000000100000000)
  region size 1024K, 4 young (4096K), 3 survivors (3072K)
 Metaspace       used 40117K, committed 40384K, reserved 1089536K
  class space    used 4924K, committed 5056K, reserved 1048576K
}
Event: 5.778 GC heap after
{Heap after GC invocations=12 (full 0):
 garbage-first heap   total 50176K, used 20135K [0x00000000c1e00000, 0x0000000100000000)
  region size 1024K, 1 young (1024K), 1 survivors (1024K)
 Metaspace       used 40117K, committed 40384K, reserved 1089536K
  class space    used 4924K, committed 5056K, reserved 1048576K
}
Event: 6.486 GC heap before
{Heap before GC invocations=12 (full 0):
 garbage-first heap   total 50176K, used 36519K [0x00000000c1e00000, 0x0000000100000000)
  region size 1024K, 18 young (18432K), 1 survivors (1024K)
 Metaspace       used 44481K, committed 44672K, reserved 1089536K
  class space    used 5408K, committed 5504K, reserved 1048576K
}
Event: 6.495 GC heap after
{Heap after GC invocations=13 (full 0):
 garbage-first heap   total 50176K, used 20932K [0x00000000c1e00000, 0x0000000100000000)
  region size 1024K, 2 young (2048K), 2 survivors (2048K)
 Metaspace       used 44481K, committed 44672K, reserved 1089536K
  class space    used 5408K, committed 5504K, reserved 1048576K
}
Event: 7.082 GC heap before
{Heap before GC invocations=13 (full 0):
 garbage-first heap   total 50176K, used 39364K [0x00000000c1e00000, 0x0000000100000000)
  region size 1024K, 19 young (19456K), 2 survivors (2048K)
 Metaspace       used 47743K, committed 48000K, reserved 1097728K
  class space    used 5793K, committed 5888K, reserved 1048576K
}
Event: 7.090 GC heap after
{Heap after GC invocations=14 (full 0):
 garbage-first heap   total 50176K, used 25126K [0x00000000c1e00000, 0x0000000100000000)
  region size 1024K, 3 young (3072K), 3 survivors (3072K)
 Metaspace       used 47743K, committed 48000K, reserved 1097728K
  class space    used 5793K, committed 5888K, reserved 1048576K
}
Event: 7.482 GC heap before
{Heap before GC invocations=14 (full 0):
 garbage-first heap   total 50176K, used 35366K [0x00000000c1e00000, 0x0000000100000000)
  region size 1024K, 15 young (15360K), 3 survivors (3072K)
 Metaspace       used 48800K, committed 49024K, reserved 1097728K
  class space    used 5913K, committed 6016K, reserved 1048576K
}
Event: 7.497 GC heap after
{Heap after GC invocations=15 (full 0):
 garbage-first heap   total 88064K, used 28077K [0x00000000c1e00000, 0x0000000100000000)
  region size 1024K, 3 young (3072K), 3 survivors (3072K)
 Metaspace       used 48800K, committed 49024K, reserved 1097728K
  class space    used 5913K, committed 6016K, reserved 1048576K
}
Event: 7.993 GC heap before
{Heap before GC invocations=15 (full 0):
 garbage-first heap   total 88064K, used 66989K [0x00000000c1e00000, 0x0000000100000000)
  region size 1024K, 40 young (40960K), 3 survivors (3072K)
 Metaspace       used 49921K, committed 50112K, reserved 1097728K
  class space    used 6043K, committed 6144K, reserved 1048576K
}
Event: 8.005 GC heap after
{Heap after GC invocations=16 (full 0):
 garbage-first heap   total 88064K, used 30962K [0x00000000c1e00000, 0x0000000100000000)
  region size 1024K, 3 young (3072K), 3 survivors (3072K)
 Metaspace       used 49921K, committed 50112K, reserved 1097728K
  class space    used 6043K, committed 6144K, reserved 1048576K
}

Dll operation events (2 events):
Event: 0.025 Loaded shared library C:\Program Files\Android\Android Studio\jbr\bin\java.dll
Event: 3.075 Loaded shared library C:\Program Files\Android\Android Studio\jbr\bin\verify.dll

Deoptimization events (20 events):
Event: 6.861 Thread 0x0000027f5e8287d0 DEOPT PACKING pc=0x0000027f61fb5d08 sp=0x000000cd051fe200
Event: 6.861 Thread 0x0000027f5e8287d0 DEOPT UNPACKING pc=0x0000027f69277124 sp=0x000000cd051fd708 mode 0
Event: 7.159 Thread 0x0000027f5e8287d0 Uncommon trap: trap_request=0xffffff45 fr.pc=0x0000027f698e69fc relative=0x00000000000000dc
Event: 7.159 Thread 0x0000027f5e8287d0 Uncommon trap: reason=unstable_if action=reinterpret pc=0x0000027f698e69fc method=java.text.StringCharacterIterator.current()C @ 19 c2
Event: 7.159 Thread 0x0000027f5e8287d0 DEOPT PACKING pc=0x0000027f698e69fc sp=0x000000cd051fad90
Event: 7.159 Thread 0x0000027f5e8287d0 DEOPT UNPACKING pc=0x0000027f6927699d sp=0x000000cd051fad28 mode 2
Event: 7.256 Thread 0x0000027f5e8287d0 DEOPT PACKING pc=0x0000027f621d24e5 sp=0x000000cd051f7cb0
Event: 7.256 Thread 0x0000027f5e8287d0 DEOPT UNPACKING pc=0x0000027f69277124 sp=0x000000cd051f7100 mode 0
Event: 8.229 Thread 0x0000027f5e8287d0 Uncommon trap: trap_request=0xffffffde fr.pc=0x0000027f6987eef0 relative=0x0000000000000070
Event: 8.229 Thread 0x0000027f5e8287d0 Uncommon trap: reason=class_check action=maybe_recompile pc=0x0000027f6987eef0 method=java.util.Collections$UnmodifiableCollection.size()I @ 4 c2
Event: 8.229 Thread 0x0000027f5e8287d0 DEOPT PACKING pc=0x0000027f6987eef0 sp=0x000000cd051faae0
Event: 8.229 Thread 0x0000027f5e8287d0 DEOPT UNPACKING pc=0x0000027f6927699d sp=0x000000cd051faa68 mode 2
Event: 8.230 Thread 0x0000027f5e8287d0 Uncommon trap: trap_request=0xffffff45 fr.pc=0x0000027f698e5a98 relative=0x0000000000000b98
Event: 8.230 Thread 0x0000027f5e8287d0 Uncommon trap: reason=unstable_if action=reinterpret pc=0x0000027f698e5a98 method=java.util.HashMap.putVal(ILjava/lang/Object;Ljava/lang/Object;ZZ)Ljava/lang/Object; @ 94 c2
Event: 8.230 Thread 0x0000027f5e8287d0 DEOPT PACKING pc=0x0000027f698e5a98 sp=0x000000cd051faa10
Event: 8.230 Thread 0x0000027f5e8287d0 DEOPT UNPACKING pc=0x0000027f6927699d sp=0x000000cd051fa9a8 mode 2
Event: 8.274 Thread 0x0000027f5e8287d0 Uncommon trap: trap_request=0xffffffde fr.pc=0x0000027f6987eef0 relative=0x0000000000000070
Event: 8.274 Thread 0x0000027f5e8287d0 Uncommon trap: reason=class_check action=maybe_recompile pc=0x0000027f6987eef0 method=java.util.Collections$UnmodifiableCollection.size()I @ 4 c2
Event: 8.274 Thread 0x0000027f5e8287d0 DEOPT PACKING pc=0x0000027f6987eef0 sp=0x000000cd051fa490
Event: 8.274 Thread 0x0000027f5e8287d0 DEOPT UNPACKING pc=0x0000027f6927699d sp=0x000000cd051fa418 mode 2

Classes unloaded (0 events):
No events

Classes redefined (0 events):
No events

Internal exceptions (20 events):
Event: 2.671 Thread 0x0000027f5e8287d0 Exception <a 'java/lang/NoSuchMethodError'{0x00000000c420b1d0}: 'int java.lang.invoke.DelegatingMethodHandle$Holder.reinvoke_L(java.lang.Object, java.lang.Object, java.lang.Object, long, int)'> (0x00000000c420b1d0) 
thrown [s\src\hotspot\share\interpreter\linkResolver.cpp, line 771]
Event: 2.703 Thread 0x0000027f5e8287d0 Exception <a 'java/lang/NoSuchMethodError'{0x00000000c42b3360}: 'int java.lang.invoke.DirectMethodHandle$Holder.invokeStaticInit(java.lang.Object, java.lang.Object, java.lang.Object)'> (0x00000000c42b3360) 
thrown [s\src\hotspot\share\interpreter\linkResolver.cpp, line 771]
Event: 2.710 Thread 0x0000027f5e8287d0 Exception <a 'java/lang/NoSuchMethodError'{0x00000000c42db228}: 'int java.lang.invoke.DirectMethodHandle$Holder.invokeStaticInit(java.lang.Object, java.lang.Object)'> (0x00000000c42db228) 
thrown [s\src\hotspot\share\interpreter\linkResolver.cpp, line 771]
Event: 2.742 Thread 0x0000027f5e8287d0 Exception <a 'java/lang/NoSuchMethodError'{0x00000000c3cbadf8}: 'void java.lang.invoke.DirectMethodHandle$Holder.invokeSpecial(java.lang.Object, java.lang.Object, java.lang.Object)'> (0x00000000c3cbadf8) 
thrown [s\src\hotspot\share\interpreter\linkResolver.cpp, line 771]
Event: 2.871 Thread 0x0000027f5e8287d0 Exception <a 'java/lang/NoSuchMethodError'{0x00000000c39e0d98}: 'void java.lang.invoke.DirectMethodHandle$Holder.invokeStatic(java.lang.Object, java.lang.Object, java.lang.Object, java.lang.Object)'> (0x00000000c39e0d98) 
thrown [s\src\hotspot\share\interpreter\linkResolver.cpp, line 771]
Event: 3.020 Thread 0x0000027f5e8287d0 Exception <a 'java/lang/NoSuchMethodError'{0x00000000c35a1610}: 'void java.lang.invoke.DirectMethodHandle$Holder.invokeStaticInit(java.lang.Object, java.lang.Object)'> (0x00000000c35a1610) 
thrown [s\src\hotspot\share\interpreter\linkResolver.cpp, line 771]
Event: 3.211 Thread 0x0000027f5e8287d0 Exception <a 'java/lang/NoSuchMethodError'{0x00000000c3089940}: 'void java.lang.invoke.DirectMethodHandle$Holder.invokeVirtual(java.lang.Object, java.lang.Object)'> (0x00000000c3089940) 
thrown [s\src\hotspot\share\interpreter\linkResolver.cpp, line 771]
Event: 3.221 Thread 0x0000027f5e8287d0 Exception <a 'java/lang/NoSuchMethodError'{0x00000000c30d4be0}: 'int java.lang.invoke.DirectMethodHandle$Holder.invokeVirtual(java.lang.Object, java.lang.Object)'> (0x00000000c30d4be0) 
thrown [s\src\hotspot\share\interpreter\linkResolver.cpp, line 771]
Event: 3.250 Thread 0x0000027f5e8287d0 Exception <a 'java/lang/NoSuchMethodError'{0x00000000c2f6da08}: 'java.lang.Object java.lang.invoke.Invokers$Holder.invokeExact_MT(java.lang.Object, java.lang.Object, java.lang.Object, java.lang.Object, java.lang.Object, java.lang.Object)'> (0x00000000c2f6da08) 
thrown [s\src\hotspot\share\interpreter\linkResolver.cpp, line 771]
Event: 4.243 Thread 0x0000027f5e8287d0 Implicit null exception at 0x0000027f697d7f72 to 0x0000027f697d84c0
Event: 4.461 Thread 0x0000027f5e8287d0 Implicit null exception at 0x0000027f697d9b72 to 0x0000027f697da0dc
Event: 4.789 Thread 0x0000027f5e8287d0 Exception <a 'java/lang/NoSuchMethodError'{0x00000000c4424048}: 'java.lang.Object java.lang.invoke.DirectMethodHandle$Holder.invokeVirtual(java.lang.Object, java.lang.Object, java.lang.Object)'> (0x00000000c4424048) 
thrown [s\src\hotspot\share\interpreter\linkResolver.cpp, line 771]
Event: 6.210 Thread 0x0000027f5e8287d0 Exception <a 'java/lang/NoSuchMethodError'{0x00000000c40aeec8}: 'java.lang.Object java.lang.invoke.DirectMethodHandle$Holder.newInvokeSpecial(java.lang.Object, java.lang.Object, int)'> (0x00000000c40aeec8) 
thrown [s\src\hotspot\share\interpreter\linkResolver.cpp, line 771]
Event: 6.977 Thread 0x0000027f5e8287d0 Exception <a 'java/lang/NoSuchMethodError'{0x00000000c417d2e0}: 'java.lang.Object java.lang.invoke.DirectMethodHandle$Holder.newInvokeSpecial(java.lang.Object, java.lang.Object, java.lang.Object, int)'> (0x00000000c417d2e0) 
thrown [s\src\hotspot\share\interpreter\linkResolver.cpp, line 771]
Event: 6.979 Thread 0x0000027f5e8287d0 Exception <a 'java/lang/NoSuchMethodError'{0x00000000c4181968}: 'java.lang.Object java.lang.invoke.DirectMethodHandle$Holder.invokeSpecial(java.lang.Object, java.lang.Object, java.lang.Object, java.lang.Object, int)'> (0x00000000c4181968) 
thrown [s\src\hotspot\share\interpreter\linkResolver.cpp, line 771]
Event: 6.980 Thread 0x0000027f5e8287d0 Exception <a 'java/lang/NoSuchMethodError'{0x00000000c41857d8}: 'java.lang.Object java.lang.invoke.Invokers$Holder.linkToTargetMethod(java.lang.Object, java.lang.Object, int, java.lang.Object)'> (0x00000000c41857d8) 
thrown [s\src\hotspot\share\interpreter\linkResolver.cpp, line 771]
Event: 7.763 Thread 0x0000027f5e8287d0 Exception <a 'java/lang/NoSuchMethodError'{0x00000000c5bc31a0}: 'java.lang.Object java.lang.invoke.DirectMethodHandle$Holder.newInvokeSpecial(java.lang.Object, java.lang.Object, java.lang.Object, java.lang.Object, java.lang.Object, java.lang.Object)'> (0x00000000c5bc31a0) 
thrown [s\src\hotspot\share\interpreter\linkResolver.cpp, line 771]
Event: 8.073 Thread 0x0000027f5e8287d0 Exception <a 'java/lang/NoSuchMethodError'{0x00000000c7159080}: 'java.lang.Object java.lang.invoke.DirectMethodHandle$Holder.newInvokeSpecial(java.lang.Object, java.lang.Object, java.lang.Object, java.lang.Object, java.lang.Object, java.lang.Object, java.lang.Object, java.lang.Object)'> (0x00000000c7159080) 
thrown [s\src\hotspot\share\interpreter\linkResolver.cpp, line 771]
Event: 8.074 Thread 0x0000027f5e8287d0 Exception <a 'java/lang/NoSuchMethodError'{0x00000000c715e940}: 'java.lang.Object java.lang.invoke.DirectMethodHandle$Holder.invokeSpecial(java.lang.Object, java.lang.Object, java.lang.Object, java.lang.Object, java.lang.Object, java.lang.Object, java.lang.Object, java.lang.Object, java.lang.Object)'> (0x00000000c715e940) 
thrown [s\src\hotspot\share\interpreter\linkResolver.cpp, line 771]
Event: 8.074 Thread 0x0000027f5e8287d0 Exception <a 'java/lang/NoSuchMethodError'{0x00000000c7163b18}: 'java.lang.Object java.lang.invoke.Invokers$Holder.linkToTargetMethod(java.lang.Object, java.lang.Object, java.lang.Object, java.lang.Object, java.lang.Object, java.lang.Object, java.lang.Object, java.lang.Object)'> (0x00000000c7163b18) 
thrown [s\src\hotspot\share\interpreter\linkResolver.cpp, line 771]

VM Operations (20 events):
Event: 6.685 Executing VM operation: HandshakeAllThreads
Event: 6.686 Executing VM operation: HandshakeAllThreads done
Event: 6.823 Executing VM operation: HandshakeAllThreads
Event: 6.823 Executing VM operation: HandshakeAllThreads done
Event: 6.954 Executing VM operation: HandshakeAllThreads
Event: 6.954 Executing VM operation: HandshakeAllThreads done
Event: 7.049 Executing VM operation: HandshakeAllThreads
Event: 7.049 Executing VM operation: HandshakeAllThreads done
Event: 7.082 Executing VM operation: G1CollectForAllocation
Event: 7.090 Executing VM operation: G1CollectForAllocation done
Event: 7.132 Executing VM operation: HandshakeAllThreads
Event: 7.132 Executing VM operation: HandshakeAllThreads done
Event: 7.263 Executing VM operation: HandshakeAllThreads
Event: 7.263 Executing VM operation: HandshakeAllThreads done
Event: 7.481 Executing VM operation: G1TryInitiateConcMark
Event: 7.497 Executing VM operation: G1TryInitiateConcMark done
Event: 7.823 Executing VM operation: HandshakeAllThreads
Event: 7.823 Executing VM operation: HandshakeAllThreads done
Event: 7.993 Executing VM operation: G1CollectForAllocation
Event: 8.005 Executing VM operation: G1CollectForAllocation done

Events (20 events):
Event: 7.742 loading class java/util/stream/IntPipeline done
Event: 7.742 loading class java/util/stream/IntPipeline$Head done
Event: 7.743 loading class java/util/stream/IntPipeline$1
Event: 7.743 loading class java/util/stream/IntPipeline$1 done
Event: 7.744 loading class java/util/stream/ReferencePipeline$2
Event: 7.744 loading class java/util/stream/ReferencePipeline$2 done
Event: 7.746 loading class java/util/stream/ReferencePipeline$2$1
Event: 7.746 loading class java/util/stream/ReferencePipeline$2$1 done
Event: 7.746 loading class java/util/stream/IntPipeline$1$1
Event: 7.746 loading class java/util/stream/Sink$ChainedInt
Event: 7.746 loading class java/util/stream/Sink$OfInt
Event: 7.746 loading class java/util/function/IntConsumer
Event: 7.746 loading class java/util/function/IntConsumer done
Event: 7.746 loading class java/util/stream/Sink$OfInt done
Event: 7.746 loading class java/util/stream/Sink$ChainedInt done
Event: 7.746 loading class java/util/stream/IntPipeline$1$1 done
Event: 7.775 loading class java/util/RegularEnumSet$EnumSetIterator
Event: 7.775 loading class java/util/RegularEnumSet$EnumSetIterator done
Event: 8.276 loading class java/util/Collections$SingletonMap
Event: 8.276 loading class java/util/Collections$SingletonMap done


Dynamic libraries:
0x00007ff6d2400000 - 0x00007ff6d240a000 	C:\Program Files\Android\Android Studio\jbr\bin\java.exe
0x00007fffb1cf0000 - 0x00007fffb1f07000 	C:\WINDOWS\SYSTEM32\ntdll.dll
0x00007fffb0b00000 - 0x00007fffb0bc4000 	C:\WINDOWS\System32\KERNEL32.DLL
0x00007fffaf690000 - 0x00007fffafa36000 	C:\WINDOWS\System32\KERNELBASE.dll
0x00007fffaf3e0000 - 0x00007fffaf4f1000 	C:\WINDOWS\System32\ucrtbase.dll
0x00007fff95c70000 - 0x00007fff95c8b000 	C:\Program Files\Android\Android Studio\jbr\bin\VCRUNTIME140.dll
0x00007fff96df0000 - 0x00007fff96e07000 	C:\Program Files\Android\Android Studio\jbr\bin\jli.dll
0x00007fffb0050000 - 0x00007fffb01fe000 	C:\WINDOWS\System32\USER32.dll
0x00007fffaf1c0000 - 0x00007fffaf1e6000 	C:\WINDOWS\System32\win32u.dll
0x00007fff9a6c0000 - 0x00007fff9a953000 	C:\WINDOWS\WinSxS\amd64_microsoft.windows.common-controls_6595b64144ccf1df_6.0.22621.2506_none_270c5ae97388e100\COMCTL32.dll
0x00007fffb05a0000 - 0x00007fffb05c9000 	C:\WINDOWS\System32\GDI32.dll
0x00007fffafa40000 - 0x00007fffafae7000 	C:\WINDOWS\System32\msvcrt.dll
0x00007fffaf500000 - 0x00007fffaf618000 	C:\WINDOWS\System32\gdi32full.dll
0x00007fffaf120000 - 0x00007fffaf1ba000 	C:\WINDOWS\System32\msvcp_win.dll
0x00007fffb1280000 - 0x00007fffb12b1000 	C:\WINDOWS\System32\IMM32.DLL
0x00007fff95af0000 - 0x00007fff95afc000 	C:\Program Files\Android\Android Studio\jbr\bin\vcruntime140_1.dll
0x00007fff73d60000 - 0x00007fff73ded000 	C:\Program Files\Android\Android Studio\jbr\bin\msvcp140.dll
0x00007fff2cbb0000 - 0x00007fff2d81e000 	C:\Program Files\Android\Android Studio\jbr\bin\server\jvm.dll
0x00007fffb0a20000 - 0x00007fffb0ad1000 	C:\WINDOWS\System32\ADVAPI32.dll
0x00007fffb11d0000 - 0x00007fffb1275000 	C:\WINDOWS\System32\sechost.dll
0x00007fffb0d10000 - 0x00007fffb0e27000 	C:\WINDOWS\System32\RPCRT4.dll
0x00007fff905f0000 - 0x00007fff905f9000 	C:\WINDOWS\SYSTEM32\WSOCK32.dll
0x00007fffb12d0000 - 0x00007fffb1341000 	C:\WINDOWS\System32\WS2_32.dll
0x00007fffa3a70000 - 0x00007fffa3aa4000 	C:\WINDOWS\SYSTEM32\WINMM.dll
0x00007fff9e170000 - 0x00007fff9e17a000 	C:\WINDOWS\SYSTEM32\VERSION.dll
0x00007fffae020000 - 0x00007fffae038000 	C:\WINDOWS\SYSTEM32\kernel.appcore.dll
0x00007fff70ca0000 - 0x00007fff70caa000 	C:\Program Files\Android\Android Studio\jbr\bin\jimage.dll
0x00007fffac860000 - 0x00007fffaca93000 	C:\WINDOWS\SYSTEM32\DBGHELP.DLL
0x00007fffb0690000 - 0x00007fffb0a19000 	C:\WINDOWS\System32\combase.dll
0x00007fffb0e30000 - 0x00007fffb0f07000 	C:\WINDOWS\System32\OLEAUT32.dll
0x00007fff91ec0000 - 0x00007fff91ef2000 	C:\WINDOWS\SYSTEM32\dbgcore.DLL
0x00007fffaf1f0000 - 0x00007fffaf26a000 	C:\WINDOWS\System32\bcryptPrimitives.dll
0x00007fff583b0000 - 0x00007fff583d5000 	C:\Program Files\Android\Android Studio\jbr\bin\java.dll
0x00007fff58390000 - 0x00007fff583a8000 	C:\Program Files\Android\Android Studio\jbr\bin\zip.dll
0x00007fffb1450000 - 0x00007fffb1caa000 	C:\WINDOWS\System32\SHELL32.dll
0x00007fffacf30000 - 0x00007fffad826000 	C:\WINDOWS\SYSTEM32\windows.storage.dll
0x00007fffacdf0000 - 0x00007fffacf2e000 	C:\WINDOWS\SYSTEM32\wintypes.dll
0x00007fffb0f10000 - 0x00007fffb1003000 	C:\WINDOWS\System32\SHCORE.dll
0x00007fffb05d0000 - 0x00007fffb062e000 	C:\WINDOWS\System32\shlwapi.dll
0x00007fffaef90000 - 0x00007fffaefb6000 	C:\WINDOWS\SYSTEM32\profapi.dll
0x00007fff9a240000 - 0x00007fff9a259000 	C:\Program Files\Android\Android Studio\jbr\bin\net.dll
0x00007fffa48f0000 - 0x00007fffa4a27000 	C:\WINDOWS\SYSTEM32\WINHTTP.dll
0x00007fffae4c0000 - 0x00007fffae529000 	C:\WINDOWS\system32\mswsock.dll
0x00007fff96e10000 - 0x00007fff96e26000 	C:\Program Files\Android\Android Studio\jbr\bin\nio.dll
0x00007fffa69b0000 - 0x00007fffa69c0000 	C:\Program Files\Android\Android Studio\jbr\bin\verify.dll

dbghelp: loaded successfully - version: 4.0.5 - missing functions: none
symbol engine: initialized successfully - sym options: 0x614 - pdb path: .;C:\Program Files\Android\Android Studio\jbr\bin;C:\WINDOWS\SYSTEM32;C:\WINDOWS\WinSxS\amd64_microsoft.windows.common-controls_6595b64144ccf1df_6.0.22621.2506_none_270c5ae97388e100;C:\Program Files\Android\Android Studio\jbr\bin\server

VM Arguments:
java_command: org.jetbrains.kotlin.cli.jvm.K2JVMCompiler @C:\Users\Dell\Desktop\Android Developement\Notes\app\build\20240113_16821691151789179816.compiler.options
java_class_path (initial): C:\Users\Dell\.gradle\caches\modules-2\files-2.1\org.jetbrains.kotlin\kotlin-compiler-embeddable\1.9.0\2c8c3a7402becca891f12739b3e9fd2dc2adbd7a\kotlin-compiler-embeddable-1.9.0.jar;C:\Users\Dell\.gradle\caches\modules-2\files-2.1\org.jetbrains.kotlin\kotlin-stdlib\1.9.0\8ee15ef0c67dc83d874f412d84378d7f0eb50b63\kotlin-stdlib-1.9.0.jar;C:\Users\Dell\.gradle\caches\modules-2\files-2.1\org.jetbrains.kotlin\kotlin-script-runtime\1.9.0\4b3102cbbb7e1b58d9d1adf89563f00069ffa7d1\kotlin-script-runtime-1.9.0.jar;C:\Users\Dell\.gradle\caches\modules-2\files-2.1\org.jetbrains.kotlin\kotlin-reflect\1.6.10\1cbe9c92c12a94eea200d23c2bbaedaf3daf5132\kotlin-reflect-1.6.10.jar;C:\Users\Dell\.gradle\caches\modules-2\files-2.1\org.jetbrains.kotlin\kotlin-daemon-embeddable\1.9.0\186543f5e28cf8d9a0290fecc2cf34301c40a65c\kotlin-daemon-embeddable-1.9.0.jar;C:\Users\Dell\.gradle\caches\modules-2\files-2.1\org.jetbrains.intellij.deps\trove4j\1.0.20200330\3afb14d5f9ceb459d724e907a21145e8ff394f02\trove4j-1.0.20200330.jar;C:\Users\Dell\.gradle\caches\modules-2\files-2.1\org.jetbrains.kotlin\kotlin-stdlib-common\1.9.0\cd65c21cfd1eec4d44ef09f9f52b6d9f8a720636\kotlin-stdlib-common-1.9.0.jar;C:\Users\Dell\.gradle\caches\modules-2\files-2.1\org.jetbrains\annotations\13.0\919f0dfe192fb4e063e7dacadee7f8bb9a2672a9\annotations-13.0.jar
Launcher Type: SUN_STANDARD

[Global flags]
     intx CICompilerCount                          = 3                                         {product} {ergonomic}
     uint ConcGCThreads                            = 1                                         {product} {ergonomic}
     uint G1ConcRefinementThreads                  = 4                                         {product} {ergonomic}
   size_t G1HeapRegionSize                         = 1048576                                   {product} {ergonomic}
    uintx GCDrainStackTargetSize                   = 64                                        {product} {ergonomic}
   size_t InitialHeapSize                          = 67108864                                  {product} {ergonomic}
   size_t MarkStackSize                            = 4194304                                   {product} {ergonomic}
   size_t MaxHeapSize                              = 1042284544                                {product} {ergonomic}
   size_t MaxNewSize                               = 624951296                                 {product} {ergonomic}
   size_t MinHeapDeltaBytes                        = 1048576                                   {product} {ergonomic}
   size_t MinHeapSize                              = 8388608                                   {product} {ergonomic}
    uintx NonNMethodCodeHeapSize                   = 5832780                                {pd product} {ergonomic}
    uintx NonProfiledCodeHeapSize                  = 122912730                              {pd product} {ergonomic}
    uintx ProfiledCodeHeapSize                     = 122912730                              {pd product} {ergonomic}
    uintx ReservedCodeCacheSize                    = 251658240                              {pd product} {ergonomic}
     bool SegmentedCodeCache                       = true                                      {product} {ergonomic}
   size_t SoftMaxHeapSize                          = 1042284544                             {manageable} {ergonomic}
     bool UseCompressedClassPointers               = true                           {product lp64_product} {ergonomic}
     bool UseCompressedOops                        = true                           {product lp64_product} {ergonomic}
     bool UseG1GC                                  = true                                      {product} {ergonomic}
     bool UseLargePagesIndividualAllocation        = false                                  {pd product} {ergonomic}

Logging:
Log output configuration:
 #0: stdout all=warning uptime,level,tags
 #1: stderr all=off uptime,level,tags

Environment Variables:
PATH=C:\oraclexe\app\oracle\product\11.2.0\server\bin;C:\Program Files\Common Files\Oracle\Java\javapath;C:\Program Files (x86)\Common Files\Intel\Shared Libraries\redist\intel64\compiler;C:\WINDOWS\system32;C:\WINDOWS;C:\WINDOWS\System32\Wbem;C:\WINDOWS\System32\WindowsPowerShell\v1.0\;C:\WINDOWS\System32\OpenSSH\;C:\Program Files\dotnet\;C:\Program Files\Git\cmd;C:\Program Files\nodejs\;C:\Program Files\MySQL\MySQL Shell 8.0\bin\;C:\Users\Dell\AppData\Local\Programs\Python\Python310\Scripts\;C:\Users\Dell\AppData\Local\Programs\Python\Python310\;C:\Users\Dell\AppData\Local\Microsoft\WindowsApps;C:\Users\Dell\AppData\Local\Programs\Python\Python310\Scripts;C:\Users\Dell\AppData\Local\Programs\Microsoft VS Code\bin;C:\MinGW\bin;;C:\Program Files\JetBrains\IntelliJ IDEA Community Edition 2021.3.3\bin;;C:\Users\Dell\AppData\Roaming\npm;C:\Program Files\sf\bin
USERNAME=Dell
OS=Windows_NT
PROCESSOR_IDENTIFIER=Intel64 Family 6 Model 142 Stepping 12, GenuineIntel
TMP=C:\Users\Dell\AppData\Local\Temp
TEMP=C:\Users\Dell\AppData\Local\Temp


JNI global refs:
JNI global refs: 8, weak refs: 13

JNI global refs memory usage: 843, weak refs: 841


---------------  S Y S T E M  ---------------

OS:
 Windows 11 , 64 bit Build 22621 (10.0.22621.2506)
OS uptime: 0 days 3:08 hours
Hyper-V role detected

CPU: total 4 (initial active 4) (2 cores per cpu, 2 threads per core) family 6 model 142 stepping 12 microcode 0xf8, cx8, cmov, fxsr, ht, mmx, 3dnowpref, sse, sse2, sse3, ssse3, sse4.1, sse4.2, popcnt, lzcnt, tsc, tscinvbit, aes, erms, clmul, clflush, clflushopt, hv

Memory: 4k page, system-wide physical 3971M (257M free)
TotalPageFile size 10115M (AvailPageFile size 4M)
current process WorkingSet (physical memory assigned to process): 218M, peak: 218M
current process commit charge ("private bytes"): 246M, peak: 247M

vm_info: OpenJDK 64-Bit Server VM (17.0.6+0-b2043.56-10027231) for windows-amd64 JRE (17.0.6+0-b2043.56-10027231), built on Apr 28 2023 00:43:19 by "androidbuild" with MS VC++ 16.10 / 16.11 (VS2019)

END.
