#
# There is insufficient memory for the Java Runtime Environment to continue.
# Native memory allocation (malloc) failed to allocate 1500416 bytes for Chunk::new
# Possible reasons:
#   The system is out of physical RAM or swap space
#   The process is running with CompressedOops enabled, and the Java Heap may be blocking the growth of the native heap
# Possible solutions:
#   Reduce memory load on the system
#   Increase physical memory or swap space
#   Check if swap backing store is full
#   Decrease Java heap size (-Xmx/-Xms)
#   Decrease number of Java threads
#   Decrease Java thread stack sizes (-Xss)
#   Set larger code cache with -XX:ReservedCodeCacheSize=
#   JVM is running with Unscaled Compressed Oops mode in which the Java heap is
#     placed in the first 4GB address space. The Java Heap base address is the
#     maximum limit for the native heap growth. Please use -XX:HeapBaseMinAddress
#     to set the Java Heap base and to place the Java Heap above 4GB virtual address.
# This output file may be truncated or incomplete.
#
#  Out of Memory Error (arena.cpp:189), pid=14296, tid=13960
#
# JRE version: OpenJDK Runtime Environment (17.0.6) (build 17.0.6+0-b2043.56-10027231)
# Java VM: OpenJDK 64-Bit Server VM (17.0.6+0-b2043.56-10027231, mixed mode, tiered, compressed oops, compressed class ptrs, g1 gc, windows-amd64)
# No core dump will be written. Minidumps are not enabled by default on client versions of Windows
#

---------------  S U M M A R Y ------------

Command Line: org.jetbrains.kotlin.cli.jvm.K2JVMCompiler @C:\Users\Dell\Desktop\Android Developement\Notes\app\build\20240113_8934338229267742430.compiler.options

Host: Intel(R) Pentium(R) CPU 5405U @ 2.30GHz, 4 cores, 3G,  Windows 11 , 64 bit Build 22621 (10.0.22621.2506)
Time: Sat Jan 13 05:28:00 2024 India Standard Time elapsed time: 8.532133 seconds (0d 0h 0m 8s)

---------------  T H R E A D  ---------------

Current thread (0x000001f4ff64e0f0):  JavaThread "C2 CompilerThread0" daemon [_thread_in_native, id=13960, stack(0x00000075fc900000,0x00000075fca00000)]


Current CompileTask:
C2:   8532 3626   !   4       org.jetbrains.kotlin.metadata.ProtoBuf$Type::<init> (875 bytes)

Stack: [0x00000075fc900000,0x00000075fca00000]
Native frames: (J=compiled Java code, j=interpreted, Vv=VM code, C=native code)
V  [jvm.dll+0x683c9a]
V  [jvm.dll+0x8427a4]
V  [jvm.dll+0x843f9e]
V  [jvm.dll+0x844603]
V  [jvm.dll+0x249b75]
V  [jvm.dll+0xabcac]
V  [jvm.dll+0xac27c]
V  [jvm.dll+0x368857]
V  [jvm.dll+0x332f31]
V  [jvm.dll+0x3323da]
V  [jvm.dll+0x21c201]
V  [jvm.dll+0x21b621]
V  [jvm.dll+0x1a4fdd]
V  [jvm.dll+0x22b098]
V  [jvm.dll+0x229159]
V  [jvm.dll+0x7f81ec]
V  [jvm.dll+0x7f274a]
V  [jvm.dll+0x682ad5]
C  [ucrtbase.dll+0x29363]
C  [KERNEL32.DLL+0x1257d]
C  [ntdll.dll+0x5aa58]


---------------  P R O C E S S  ---------------

Threads class SMR info:
_java_thread_list=0x000001f492a102a0, length=12, elements={
0x000001f4fa6e90b0, 0x000001f4ff5e3590, 0x000001f4ff5e4400, 0x000001f4ff635050,
0x000001f4ff637b10, 0x000001f4ff638c60, 0x000001f4ff64d410, 0x000001f4ff64e0f0,
0x000001f4ff64eb90, 0x000001f4ff66dd90, 0x000001f492a3b790, 0x000001f492a51f40
}

Java Threads: ( => current thread )
  0x000001f4fa6e90b0 JavaThread "main" [_thread_in_Java, id=12532, stack(0x00000075fbc00000,0x00000075fbd00000)]
  0x000001f4ff5e3590 JavaThread "Reference Handler" daemon [_thread_blocked, id=2204, stack(0x00000075fc300000,0x00000075fc400000)]
  0x000001f4ff5e4400 JavaThread "Finalizer" daemon [_thread_blocked, id=9928, stack(0x00000075fc400000,0x00000075fc500000)]
  0x000001f4ff635050 JavaThread "Signal Dispatcher" daemon [_thread_blocked, id=13556, stack(0x00000075fc500000,0x00000075fc600000)]
  0x000001f4ff637b10 JavaThread "Attach Listener" daemon [_thread_blocked, id=3672, stack(0x00000075fc600000,0x00000075fc700000)]
  0x000001f4ff638c60 JavaThread "Service Thread" daemon [_thread_blocked, id=12472, stack(0x00000075fc700000,0x00000075fc800000)]
  0x000001f4ff64d410 JavaThread "Monitor Deflation Thread" daemon [_thread_blocked, id=1136, stack(0x00000075fc800000,0x00000075fc900000)]
=>0x000001f4ff64e0f0 JavaThread "C2 CompilerThread0" daemon [_thread_in_native, id=13960, stack(0x00000075fc900000,0x00000075fca00000)]
  0x000001f4ff64eb90 JavaThread "C1 CompilerThread0" daemon [_thread_blocked, id=3532, stack(0x00000075fca00000,0x00000075fcb00000)]
  0x000001f4ff66dd90 JavaThread "Sweeper thread" daemon [_thread_blocked, id=6784, stack(0x00000075fcb00000,0x00000075fcc00000)]
  0x000001f492a3b790 JavaThread "Notification Thread" daemon [_thread_blocked, id=4812, stack(0x00000075fcc00000,0x00000075fcd00000)]
  0x000001f492a51f40 JavaThread "Common-Cleaner" daemon [_thread_blocked, id=7120, stack(0x00000075fce00000,0x00000075fcf00000)]

Other Threads:
  0x000001f4ff5e01d0 VMThread "VM Thread" [stack: 0x00000075fc200000,0x00000075fc300000] [id=14472]
  0x000001f492a3dc70 WatcherThread [stack: 0x00000075fcd00000,0x00000075fce00000] [id=1436]
  0x000001f4fa726160 GCTaskThread "GC Thread#0" [stack: 0x00000075fbd00000,0x00000075fbe00000] [id=11408]
  0x000001f492e46700 GCTaskThread "GC Thread#1" [stack: 0x00000075fcf00000,0x00000075fd000000] [id=14444]
  0x000001f492e8ef90 GCTaskThread "GC Thread#2" [stack: 0x00000075fd000000,0x00000075fd100000] [id=5272]
  0x000001f492e8f240 GCTaskThread "GC Thread#3" [stack: 0x00000075fd100000,0x00000075fd200000] [id=1036]
  0x000001f4fa72ece0 ConcurrentGCThread "G1 Main Marker" [stack: 0x00000075fbe00000,0x00000075fbf00000] [id=2128]
  0x000001f4fa72f6f0 ConcurrentGCThread "G1 Conc#0" [stack: 0x00000075fbf00000,0x00000075fc000000] [id=10468]
  0x000001f4fa77c070 ConcurrentGCThread "G1 Refine#0" [stack: 0x00000075fc000000,0x00000075fc100000] [id=3324]
  0x000001f4949e4460 ConcurrentGCThread "G1 Refine#1" [stack: 0x00000075fd200000,0x00000075fd300000] [id=8060]
  0x000001f494c32760 ConcurrentGCThread "G1 Refine#2" [stack: 0x00000075fd300000,0x00000075fd400000] [id=3504]
  0x000001f493056a90 ConcurrentGCThread "G1 Refine#3" [stack: 0x00000075fd400000,0x00000075fd500000] [id=10400]
  0x000001f4fa77ca90 ConcurrentGCThread "G1 Service" [stack: 0x00000075fc100000,0x00000075fc200000] [id=12580]

Threads with active compile tasks:
C2 CompilerThread0     8576 3626   !   4       org.jetbrains.kotlin.metadata.ProtoBuf$Type::<init> (875 bytes)

VM state: not at safepoint (normal execution)

VM Mutex/Monitor currently owned by a thread: None

Heap address: 0x00000000c1e00000, size: 994 MB, Compressed Oops mode: 32-bit

CDS archive(s) not mapped
Compressed class space mapped at: 0x0000000100000000-0x0000000140000000, reserved size: 1073741824
Narrow klass base: 0x0000000000000000, Narrow klass shift: 3, Narrow klass range: 0x140000000

GC Precious Log:
 CPUs: 4 total, 4 available
 Memory: 3971M
 Large Page Support: Disabled
 NUMA Support: Disabled
 Compressed Oops: Enabled (32-bit)
 Heap Region Size: 1M
 Heap Min Capacity: 8M
 Heap Initial Capacity: 64M
 Heap Max Capacity: 994M
 Pre-touch: Disabled
 Parallel Workers: 4
 Concurrent Workers: 1
 Concurrent Refinement Workers: 4
 Periodic GC: Disabled

Heap:
 garbage-first heap   total 59392K, used 37048K [0x00000000c1e00000, 0x0000000100000000)
  region size 1024K, 9 young (9216K), 3 survivors (3072K)
 Metaspace       used 48931K, committed 49216K, reserved 1097728K
  class space    used 5907K, committed 6016K, reserved 1048576K

Heap Regions: E=young(eden), S=young(survivor), O=old, HS=humongous(starts), HC=humongous(continues), CS=collection set, F=free, OA=open archive, CA=closed archive, TAMS=top-at-mark-start (previous, next)
|   0|0x00000000c1e00000, 0x00000000c1f00000, 0x00000000c1f00000|100%|HS|  |TAMS 0x00000000c1f00000, 0x00000000c1f00000| Complete 
|   1|0x00000000c1f00000, 0x00000000c2000000, 0x00000000c2000000|100%|HC|  |TAMS 0x00000000c2000000, 0x00000000c2000000| Complete 
|   2|0x00000000c2000000, 0x00000000c2100000, 0x00000000c2100000|100%|HC|  |TAMS 0x00000000c2100000, 0x00000000c2100000| Complete 
|   3|0x00000000c2100000, 0x00000000c2200000, 0x00000000c2200000|100%|HC|  |TAMS 0x00000000c2200000, 0x00000000c2200000| Complete 
|   4|0x00000000c2200000, 0x00000000c22fda00, 0x00000000c2300000| 99%| O|  |TAMS 0x00000000c22fda00, 0x00000000c22fda00| Untracked 
|   5|0x00000000c2300000, 0x00000000c2400000, 0x00000000c2400000|100%| O|  |TAMS 0x00000000c2400000, 0x00000000c2400000| Untracked 
|   6|0x00000000c2400000, 0x00000000c2500000, 0x00000000c2500000|100%| O|  |TAMS 0x00000000c2500000, 0x00000000c2500000| Untracked 
|   7|0x00000000c2500000, 0x00000000c2600000, 0x00000000c2600000|100%| O|  |TAMS 0x00000000c2600000, 0x00000000c2600000| Untracked 
|   8|0x00000000c2600000, 0x00000000c2700000, 0x00000000c2700000|100%| O|  |TAMS 0x00000000c2700000, 0x00000000c2700000| Untracked 
|   9|0x00000000c2700000, 0x00000000c2800000, 0x00000000c2800000|100%| O|  |TAMS 0x00000000c2800000, 0x00000000c2800000| Untracked 
|  10|0x00000000c2800000, 0x00000000c2900000, 0x00000000c2900000|100%| O|  |TAMS 0x00000000c2900000, 0x00000000c2900000| Untracked 
|  11|0x00000000c2900000, 0x00000000c2a00000, 0x00000000c2a00000|100%| O|  |TAMS 0x00000000c2a00000, 0x00000000c2a00000| Untracked 
|  12|0x00000000c2a00000, 0x00000000c2b00000, 0x00000000c2b00000|100%| O|  |TAMS 0x00000000c2ae9e00, 0x00000000c2b00000| Untracked 
|  13|0x00000000c2b00000, 0x00000000c2c00000, 0x00000000c2c00000|100%| O|  |TAMS 0x00000000c2b00000, 0x00000000c2c00000| Untracked 
|  14|0x00000000c2c00000, 0x00000000c2d00000, 0x00000000c2d00000|100%| O|  |TAMS 0x00000000c2c00000, 0x00000000c2d00000| Untracked 
|  15|0x00000000c2d00000, 0x00000000c2e00000, 0x00000000c2e00000|100%| O|  |TAMS 0x00000000c2e00000, 0x00000000c2e00000| Untracked 
|  16|0x00000000c2e00000, 0x00000000c2f00000, 0x00000000c2f00000|100%| O|  |TAMS 0x00000000c2f00000, 0x00000000c2f00000| Untracked 
|  17|0x00000000c2f00000, 0x00000000c3000000, 0x00000000c3000000|100%| O|  |TAMS 0x00000000c3000000, 0x00000000c3000000| Untracked 
|  18|0x00000000c3000000, 0x00000000c3100000, 0x00000000c3100000|100%| O|  |TAMS 0x00000000c3100000, 0x00000000c3100000| Untracked 
|  19|0x00000000c3100000, 0x00000000c3200000, 0x00000000c3200000|100%| O|  |TAMS 0x00000000c3100000, 0x00000000c3200000| Untracked 
|  20|0x00000000c3200000, 0x00000000c3300000, 0x00000000c3300000|100%| O|  |TAMS 0x00000000c3200000, 0x00000000c321a400| Untracked 
|  21|0x00000000c3300000, 0x00000000c3400000, 0x00000000c3400000|100%|HS|  |TAMS 0x00000000c3300000, 0x00000000c3300000| Complete 
|  22|0x00000000c3400000, 0x00000000c3500000, 0x00000000c3500000|100%|HC|  |TAMS 0x00000000c3400000, 0x00000000c3400000| Complete 
|  23|0x00000000c3500000, 0x00000000c3600000, 0x00000000c3600000|100%| O|  |TAMS 0x00000000c3500000, 0x00000000c3500000| Untracked 
|  24|0x00000000c3600000, 0x00000000c3600000, 0x00000000c3700000|  0%| F|  |TAMS 0x00000000c3600000, 0x00000000c3600000| Untracked 
|  25|0x00000000c3700000, 0x00000000c3800000, 0x00000000c3800000|100%| O|  |TAMS 0x00000000c3700000, 0x00000000c3700000| Untracked 
|  26|0x00000000c3800000, 0x00000000c3900000, 0x00000000c3900000|100%| O|  |TAMS 0x00000000c3800000, 0x00000000c3800000| Untracked 
|  27|0x00000000c3900000, 0x00000000c3a00000, 0x00000000c3a00000|100%| O|  |TAMS 0x00000000c3900000, 0x00000000c3900000| Untracked 
|  28|0x00000000c3a00000, 0x00000000c3a00000, 0x00000000c3b00000|  0%| F|  |TAMS 0x00000000c3a00000, 0x00000000c3a00000| Untracked 
|  29|0x00000000c3b00000, 0x00000000c3b00000, 0x00000000c3c00000|  0%| F|  |TAMS 0x00000000c3b00000, 0x00000000c3b00000| Untracked 
|  30|0x00000000c3c00000, 0x00000000c3c00000, 0x00000000c3d00000|  0%| F|  |TAMS 0x00000000c3c00000, 0x00000000c3c00000| Untracked 
|  31|0x00000000c3d00000, 0x00000000c3e00000, 0x00000000c3e00000|100%| O|  |TAMS 0x00000000c3d00000, 0x00000000c3d00000| Untracked 
|  32|0x00000000c3e00000, 0x00000000c3e30800, 0x00000000c3f00000| 18%| O|  |TAMS 0x00000000c3e00000, 0x00000000c3e00000| Untracked 
|  33|0x00000000c3f00000, 0x00000000c3f00000, 0x00000000c4000000|  0%| F|  |TAMS 0x00000000c3f00000, 0x00000000c3f00000| Untracked 
|  34|0x00000000c4000000, 0x00000000c4000000, 0x00000000c4100000|  0%| F|  |TAMS 0x00000000c4000000, 0x00000000c4000000| Untracked 
|  35|0x00000000c4100000, 0x00000000c4100000, 0x00000000c4200000|  0%| F|  |TAMS 0x00000000c4100000, 0x00000000c4100000| Untracked 
|  36|0x00000000c4200000, 0x00000000c4200000, 0x00000000c4300000|  0%| F|  |TAMS 0x00000000c4200000, 0x00000000c4200000| Untracked 
|  37|0x00000000c4300000, 0x00000000c4400000, 0x00000000c4400000|100%| S|CS|TAMS 0x00000000c4300000, 0x00000000c4300000| Complete 
|  38|0x00000000c4400000, 0x00000000c4500000, 0x00000000c4500000|100%| S|CS|TAMS 0x00000000c4400000, 0x00000000c4400000| Complete 
|  39|0x00000000c4500000, 0x00000000c4600000, 0x00000000c4600000|100%| S|CS|TAMS 0x00000000c4500000, 0x00000000c4500000| Complete 
|  40|0x00000000c4600000, 0x00000000c4600000, 0x00000000c4700000|  0%| F|  |TAMS 0x00000000c4600000, 0x00000000c4600000| Untracked 
|  41|0x00000000c4700000, 0x00000000c4700000, 0x00000000c4800000|  0%| F|  |TAMS 0x00000000c4700000, 0x00000000c4700000| Untracked 
|  42|0x00000000c4800000, 0x00000000c4800000, 0x00000000c4900000|  0%| F|  |TAMS 0x00000000c4800000, 0x00000000c4800000| Untracked 
|  43|0x00000000c4900000, 0x00000000c4900000, 0x00000000c4a00000|  0%| F|  |TAMS 0x00000000c4900000, 0x00000000c4900000| Untracked 
|  44|0x00000000c4a00000, 0x00000000c4a00000, 0x00000000c4b00000|  0%| F|  |TAMS 0x00000000c4a00000, 0x00000000c4a00000| Untracked 
|  45|0x00000000c4b00000, 0x00000000c4b00000, 0x00000000c4c00000|  0%| F|  |TAMS 0x00000000c4b00000, 0x00000000c4b00000| Untracked 
|  46|0x00000000c4c00000, 0x00000000c4c00000, 0x00000000c4d00000|  0%| F|  |TAMS 0x00000000c4c00000, 0x00000000c4c00000| Untracked 
|  47|0x00000000c4d00000, 0x00000000c4d00000, 0x00000000c4e00000|  0%| F|  |TAMS 0x00000000c4d00000, 0x00000000c4d00000| Untracked 
|  48|0x00000000c4e00000, 0x00000000c4e00000, 0x00000000c4f00000|  0%| F|  |TAMS 0x00000000c4e00000, 0x00000000c4e00000| Untracked 
|  49|0x00000000c4f00000, 0x00000000c4f00000, 0x00000000c5000000|  0%| F|  |TAMS 0x00000000c4f00000, 0x00000000c4f00000| Untracked 
|  50|0x00000000c5000000, 0x00000000c5000000, 0x00000000c5100000|  0%| F|  |TAMS 0x00000000c5000000, 0x00000000c5000000| Untracked 
|  51|0x00000000c5100000, 0x00000000c5100000, 0x00000000c5200000|  0%| F|  |TAMS 0x00000000c5100000, 0x00000000c5100000| Untracked 
|  52|0x00000000c5200000, 0x00000000c5300000, 0x00000000c5300000|100%| E|  |TAMS 0x00000000c5200000, 0x00000000c5200000| Complete 
|  53|0x00000000c5300000, 0x00000000c5400000, 0x00000000c5400000|100%| E|CS|TAMS 0x00000000c5300000, 0x00000000c5300000| Complete 
|  54|0x00000000c5400000, 0x00000000c5500000, 0x00000000c5500000|100%| E|CS|TAMS 0x00000000c5400000, 0x00000000c5400000| Complete 
|  55|0x00000000c5500000, 0x00000000c5600000, 0x00000000c5600000|100%| E|CS|TAMS 0x00000000c5500000, 0x00000000c5500000| Complete 
|  56|0x00000000c5600000, 0x00000000c5700000, 0x00000000c5700000|100%| E|CS|TAMS 0x00000000c5600000, 0x00000000c5600000| Complete 
|  63|0x00000000c5d00000, 0x00000000c5e00000, 0x00000000c5e00000|100%| E|CS|TAMS 0x00000000c5d00000, 0x00000000c5d00000| Complete 

Card table byte_map: [0x000001f4fddb0000,0x000001f4fdfb0000] _byte_map_base: 0x000001f4fd7a1000

Marking Bits (Prev, Next): (CMBitMap*) 0x000001f4fa726770, (CMBitMap*) 0x000001f4fa7267b0
 Prev Bits: [0x000001f4fe1b0000, 0x000001f4ff138000)
 Next Bits: [0x000001f48f000000, 0x000001f48ff88000)

Polling page: 0x000001f4f86c0000

Metaspace:

Usage:
  Non-class:     42.02 MB used.
      Class:      5.77 MB used.
       Both:     47.78 MB used.

Virtual space:
  Non-class space:       48.00 MB reserved,      42.19 MB ( 88%) committed,  6 nodes.
      Class space:        1.00 GB reserved,       5.88 MB ( <1%) committed,  1 nodes.
             Both:        1.05 GB reserved,      48.06 MB (  4%) committed. 

Chunk freelists:
   Non-Class:  1.47 MB
       Class:  2.09 MB
        Both:  3.56 MB

MaxMetaspaceSize: unlimited
CompressedClassSpaceSize: 1.00 GB
Initial GC threshold: 21.00 MB
Current GC threshold: 59.31 MB
CDS: off
MetaspaceReclaimPolicy: balanced
 - commit_granule_bytes: 65536.
 - commit_granule_words: 8192.
 - virtual_space_node_default_size: 1048576.
 - enlarge_chunks_in_place: 1.
 - new_chunks_are_fully_committed: 0.
 - uncommit_free_chunks: 1.
 - use_allocation_guard: 0.
 - handle_deallocations: 1.


Internal statistics:

num_allocs_failed_limit: 6.
num_arena_births: 182.
num_arena_deaths: 0.
num_vsnodes_births: 7.
num_vsnodes_deaths: 0.
num_space_committed: 767.
num_space_uncommitted: 0.
num_chunks_returned_to_freelist: 6.
num_chunks_taken_from_freelist: 1600.
num_chunk_merges: 6.
num_chunk_splits: 1332.
num_chunks_enlarged: 1189.
num_purges: 0.
num_inconsistent_stats: 0.

CodeHeap 'non-profiled nmethods': size=120000Kb used=1437Kb max_used=1437Kb free=118562Kb
 bounds [0x000001f487ad0000, 0x000001f487d40000, 0x000001f48f000000]
CodeHeap 'profiled nmethods': size=120000Kb used=7749Kb max_used=7749Kb free=112250Kb
 bounds [0x000001f480000000, 0x000001f4807a0000, 0x000001f487530000]
CodeHeap 'non-nmethods': size=5760Kb used=1261Kb max_used=1335Kb free=4498Kb
 bounds [0x000001f487530000, 0x000001f4877a0000, 0x000001f487ad0000]
 total_blobs=4204 nmethods=3628 adapters=489
 compilation: enabled
              stopped_count=0, restarted_count=0
 full_count=0

Compilation events (20 events):
Event: 8.400 Thread 0x000001f4ff64eb90 3649       2       org.jetbrains.kotlin.metadata.ProtoBuf$Annotation::writeTo (72 bytes)
Event: 8.401 Thread 0x000001f4ff64eb90 nmethod 3649 0x000001f48078dc10 code [0x000001f48078de40, 0x000001f48078e298]
Event: 8.412 Thread 0x000001f4ff64eb90 3650       2       org.jetbrains.kotlin.metadata.ProtoBuf$Annotation$Argument::writeTo (52 bytes)
Event: 8.413 Thread 0x000001f4ff64eb90 nmethod 3650 0x000001f48078e590 code [0x000001f48078e7a0, 0x000001f48078ead8]
Event: 8.436 Thread 0x000001f4ff64eb90 3652       2       org.jetbrains.kotlin.metadata.ProtoBuf$Annotation$Argument$Value::writeTo (272 bytes)
Event: 8.438 Thread 0x000001f4ff64eb90 nmethod 3652 0x000001f48078ed90 code [0x000001f48078f120, 0x000001f48078fb78]
Event: 8.439 Thread 0x000001f4ff64eb90 3653       1       org.jetbrains.kotlin.load.java.lazy.JavaResolverComponents::getDeserializedDescriptorResolver (5 bytes)
Event: 8.439 Thread 0x000001f4ff64eb90 nmethod 3653 0x000001f487c36b90 code [0x000001f487c36d20, 0x000001f487c36df8]
Event: 8.439 Thread 0x000001f4ff64eb90 3654       2       java.util.ArrayList::trimToSize (51 bytes)
Event: 8.440 Thread 0x000001f4ff64eb90 nmethod 3654 0x000001f480790390 code [0x000001f480790540, 0x000001f480790708]
Event: 8.440 Thread 0x000001f4ff64eb90 3655       1       org.jetbrains.kotlin.serialization.deserialization.DeserializationConfiguration::getBinaryVersion (2 bytes)
Event: 8.440 Thread 0x000001f4ff64eb90 nmethod 3655 0x000001f487c36e90 code [0x000001f487c37020, 0x000001f487c370f8]
Event: 8.441 Thread 0x000001f4ff64eb90 3656       2       kotlin.properties.ObservableProperty::getValue (11 bytes)
Event: 8.442 Thread 0x000001f4ff64eb90 nmethod 3656 0x000001f480790810 code [0x000001f4807909e0, 0x000001f480790c78]
Event: 8.455 Thread 0x000001f4ff64eb90 3657       1       org.jetbrains.kotlin.load.kotlin.JvmPackagePartSource::getClassName (5 bytes)
Event: 8.455 Thread 0x000001f4ff64eb90 nmethod 3657 0x000001f487c37190 code [0x000001f487c37320, 0x000001f487c373f8]
Event: 8.488 Thread 0x000001f4ff64eb90 3658       2       org.jetbrains.kotlin.protobuf.GeneratedMessageLite$ExtensionDescriptor::compareTo (9 bytes)
Event: 8.488 Thread 0x000001f4ff64eb90 nmethod 3658 0x000001f480790e90 code [0x000001f480791020, 0x000001f480791178]
Event: 8.488 Thread 0x000001f4ff64eb90 3659       2       org.jetbrains.kotlin.protobuf.GeneratedMessageLite$ExtensionDescriptor::compareTo (10 bytes)
Event: 8.488 Thread 0x000001f4ff64eb90 nmethod 3659 0x000001f480791290 code [0x000001f480791420, 0x000001f480791538]

GC Heap History (20 events):
Event: 3.093 GC heap before
{Heap before GC invocations=4 (full 0):
 garbage-first heap   total 40960K, used 31888K [0x00000000c1e00000, 0x0000000100000000)
  region size 1024K, 27 young (27648K), 5 survivors (5120K)
 Metaspace       used 28785K, committed 28992K, reserved 1081344K
  class space    used 3577K, committed 3648K, reserved 1048576K
}
Event: 3.106 GC heap after
{Heap after GC invocations=5 (full 0):
 garbage-first heap   total 40960K, used 11557K [0x00000000c1e00000, 0x0000000100000000)
  region size 1024K, 4 young (4096K), 4 survivors (4096K)
 Metaspace       used 28785K, committed 28992K, reserved 1081344K
  class space    used 3577K, committed 3648K, reserved 1048576K
}
Event: 3.768 GC heap before
{Heap before GC invocations=5 (full 0):
 garbage-first heap   total 40960K, used 31013K [0x00000000c1e00000, 0x0000000100000000)
  region size 1024K, 21 young (21504K), 4 survivors (4096K)
 Metaspace       used 30397K, committed 30656K, reserved 1081344K
  class space    used 3924K, committed 4032K, reserved 1048576K
}
Event: 3.783 GC heap after
{Heap after GC invocations=6 (full 0):
 garbage-first heap   total 40960K, used 17524K [0x00000000c1e00000, 0x0000000100000000)
  region size 1024K, 3 young (3072K), 3 survivors (3072K)
 Metaspace       used 30397K, committed 30656K, reserved 1081344K
  class space    used 3924K, committed 4032K, reserved 1048576K
}
Event: 4.080 GC heap before
{Heap before GC invocations=6 (full 0):
 garbage-first heap   total 40960K, used 28788K [0x00000000c1e00000, 0x0000000100000000)
  region size 1024K, 15 young (15360K), 3 survivors (3072K)
 Metaspace       used 33688K, committed 33920K, reserved 1081344K
  class space    used 4303K, committed 4416K, reserved 1048576K
}
Event: 4.091 GC heap after
{Heap after GC invocations=7 (full 0):
 garbage-first heap   total 40960K, used 19106K [0x00000000c1e00000, 0x0000000100000000)
  region size 1024K, 2 young (2048K), 2 survivors (2048K)
 Metaspace       used 33688K, committed 33920K, reserved 1081344K
  class space    used 4303K, committed 4416K, reserved 1048576K
}
Event: 4.415 GC heap before
{Heap before GC invocations=7 (full 0):
 garbage-first heap   total 40960K, used 30370K [0x00000000c1e00000, 0x0000000100000000)
  region size 1024K, 13 young (13312K), 2 survivors (2048K)
 Metaspace       used 35746K, committed 35968K, reserved 1081344K
  class space    used 4535K, committed 4672K, reserved 1048576K
}
Event: 4.421 GC heap after
{Heap after GC invocations=8 (full 0):
 garbage-first heap   total 49152K, used 18649K [0x00000000c1e00000, 0x0000000100000000)
  region size 1024K, 2 young (2048K), 2 survivors (2048K)
 Metaspace       used 35746K, committed 35968K, reserved 1081344K
  class space    used 4535K, committed 4672K, reserved 1048576K
}
Event: 4.452 GC heap before
{Heap before GC invocations=8 (full 0):
 garbage-first heap   total 49152K, used 19673K [0x00000000c1e00000, 0x0000000100000000)
  region size 1024K, 4 young (4096K), 2 survivors (2048K)
 Metaspace       used 35978K, committed 36160K, reserved 1081344K
  class space    used 4559K, committed 4672K, reserved 1048576K
}
Event: 4.457 GC heap after
{Heap after GC invocations=9 (full 0):
 garbage-first heap   total 49152K, used 18720K [0x00000000c1e00000, 0x0000000100000000)
  region size 1024K, 2 young (2048K), 2 survivors (2048K)
 Metaspace       used 35978K, committed 36160K, reserved 1081344K
  class space    used 4559K, committed 4672K, reserved 1048576K
}
Event: 4.988 GC heap before
{Heap before GC invocations=10 (full 0):
 garbage-first heap   total 49152K, used 36128K [0x00000000c1e00000, 0x0000000100000000)
  region size 1024K, 20 young (20480K), 2 survivors (2048K)
 Metaspace       used 39847K, committed 40064K, reserved 1089536K
  class space    used 4894K, committed 4992K, reserved 1048576K
}
Event: 4.997 GC heap after
{Heap after GC invocations=11 (full 0):
 garbage-first heap   total 49152K, used 20549K [0x00000000c1e00000, 0x0000000100000000)
  region size 1024K, 3 young (3072K), 3 survivors (3072K)
 Metaspace       used 39847K, committed 40064K, reserved 1089536K
  class space    used 4894K, committed 4992K, reserved 1048576K
}
Event: 5.740 GC heap before
{Heap before GC invocations=11 (full 0):
 garbage-first heap   total 49152K, used 35909K [0x00000000c1e00000, 0x0000000100000000)
  region size 1024K, 19 young (19456K), 3 survivors (3072K)
 Metaspace       used 43821K, committed 44032K, reserved 1089536K
  class space    used 5352K, committed 5440K, reserved 1048576K
}
Event: 5.747 GC heap after
{Heap after GC invocations=12 (full 0):
 garbage-first heap   total 49152K, used 21861K [0x00000000c1e00000, 0x0000000100000000)
  region size 1024K, 2 young (2048K), 2 survivors (2048K)
 Metaspace       used 43821K, committed 44032K, reserved 1089536K
  class space    used 5352K, committed 5440K, reserved 1048576K
}
Event: 6.055 GC heap before
{Heap before GC invocations=12 (full 0):
 garbage-first heap   total 49152K, used 31077K [0x00000000c1e00000, 0x0000000100000000)
  region size 1024K, 12 young (12288K), 2 survivors (2048K)
 Metaspace       used 45521K, committed 45760K, reserved 1089536K
  class space    used 5517K, committed 5632K, reserved 1048576K
}
Event: 6.063 GC heap after
{Heap after GC invocations=13 (full 0):
 garbage-first heap   total 49152K, used 22766K [0x00000000c1e00000, 0x0000000100000000)
  region size 1024K, 3 young (3072K), 3 survivors (3072K)
 Metaspace       used 45521K, committed 45760K, reserved 1089536K
  class space    used 5517K, committed 5632K, reserved 1048576K
}
Event: 6.995 GC heap before
{Heap before GC invocations=13 (full 0):
 garbage-first heap   total 49152K, used 38126K [0x00000000c1e00000, 0x0000000100000000)
  region size 1024K, 17 young (17408K), 3 survivors (3072K)
 Metaspace       used 48309K, committed 48512K, reserved 1097728K
  class space    used 5876K, committed 5952K, reserved 1048576K
}
Event: 7.008 GC heap after
{Heap after GC invocations=14 (full 0):
 garbage-first heap   total 59392K, used 27025K [0x00000000c1e00000, 0x0000000100000000)
  region size 1024K, 3 young (3072K), 3 survivors (3072K)
 Metaspace       used 48309K, committed 48512K, reserved 1097728K
  class space    used 5876K, committed 5952K, reserved 1048576K
}
Event: 8.317 GC heap before
{Heap before GC invocations=14 (full 0):
 garbage-first heap   total 59392K, used 46481K [0x00000000c1e00000, 0x0000000100000000)
  region size 1024K, 21 young (21504K), 3 survivors (3072K)
 Metaspace       used 48890K, committed 49152K, reserved 1097728K
  class space    used 5907K, committed 6016K, reserved 1048576K
}
Event: 8.334 GC heap after
{Heap after GC invocations=15 (full 0):
 garbage-first heap   total 59392K, used 31928K [0x00000000c1e00000, 0x0000000100000000)
  region size 1024K, 3 young (3072K), 3 survivors (3072K)
 Metaspace       used 48890K, committed 49152K, reserved 1097728K
  class space    used 5907K, committed 6016K, reserved 1048576K
}

Dll operation events (2 events):
Event: 0.027 Loaded shared library C:\Program Files\Android\Android Studio\jbr\bin\java.dll
Event: 2.754 Loaded shared library C:\Program Files\Android\Android Studio\jbr\bin\verify.dll

Deoptimization events (20 events):
Event: 6.073 Thread 0x000001f4fa6e90b0 Uncommon trap: trap_request=0xffffff45 fr.pc=0x000001f487b28658 relative=0x00000000000000d8
Event: 6.073 Thread 0x000001f4fa6e90b0 Uncommon trap: reason=unstable_if action=reinterpret pc=0x000001f487b28658 method=java.lang.String.getBytes([BIB)V @ 5 c2
Event: 6.073 Thread 0x000001f4fa6e90b0 DEOPT PACKING pc=0x000001f487b28658 sp=0x00000075fbcf7d30
Event: 6.073 Thread 0x000001f4fa6e90b0 DEOPT UNPACKING pc=0x000001f48758699d sp=0x00000075fbcf7cf8 mode 2
Event: 6.073 Thread 0x000001f4fa6e90b0 Uncommon trap: trap_request=0xffffff45 fr.pc=0x000001f487b8abd0 relative=0x00000000000000b0
Event: 6.073 Thread 0x000001f4fa6e90b0 Uncommon trap: reason=unstable_if action=reinterpret pc=0x000001f487b8abd0 method=java.lang.StringConcatHelper.newString([BJ)Ljava/lang/String; @ 3 c2
Event: 6.073 Thread 0x000001f4fa6e90b0 DEOPT PACKING pc=0x000001f487b8abd0 sp=0x00000075fbcf7e00
Event: 6.073 Thread 0x000001f4fa6e90b0 DEOPT UNPACKING pc=0x000001f48758699d sp=0x00000075fbcf7d88 mode 2
Event: 6.073 Thread 0x000001f4fa6e90b0 Uncommon trap: trap_request=0xffffff45 fr.pc=0x000001f487b47114 relative=0x0000000000000354
Event: 6.073 Thread 0x000001f4fa6e90b0 Uncommon trap: reason=unstable_if action=reinterpret pc=0x000001f487b47114 method=sun.net.www.ParseUtil.firstEncodeIndex(Ljava/lang/String;)I @ 27 c2
Event: 6.073 Thread 0x000001f4fa6e90b0 DEOPT PACKING pc=0x000001f487b47114 sp=0x00000075fbcf7d20
Event: 6.073 Thread 0x000001f4fa6e90b0 DEOPT UNPACKING pc=0x000001f48758699d sp=0x00000075fbcf7b98 mode 2
Event: 6.073 Thread 0x000001f4fa6e90b0 Uncommon trap: trap_request=0xffffff45 fr.pc=0x000001f487b49c8c relative=0x000000000000010c
Event: 6.073 Thread 0x000001f4fa6e90b0 Uncommon trap: reason=unstable_if action=reinterpret pc=0x000001f487b49c8c method=java.lang.String.indexOf(II)I @ 4 c2
Event: 6.073 Thread 0x000001f4fa6e90b0 DEOPT PACKING pc=0x000001f487b49c8c sp=0x00000075fbcf7a10
Event: 6.073 Thread 0x000001f4fa6e90b0 DEOPT UNPACKING pc=0x000001f48758699d sp=0x00000075fbcf7940 mode 2
Event: 6.073 Thread 0x000001f4fa6e90b0 Uncommon trap: trap_request=0xffffff45 fr.pc=0x000001f487b852b8 relative=0x0000000000000198
Event: 6.073 Thread 0x000001f4fa6e90b0 Uncommon trap: reason=unstable_if action=reinterpret pc=0x000001f487b852b8 method=java.lang.String.startsWith(Ljava/lang/String;I)Z @ 50 c2
Event: 6.073 Thread 0x000001f4fa6e90b0 DEOPT PACKING pc=0x000001f487b852b8 sp=0x00000075fbcf7a80
Event: 6.073 Thread 0x000001f4fa6e90b0 DEOPT UNPACKING pc=0x000001f48758699d sp=0x00000075fbcf79e0 mode 2

Classes unloaded (0 events):
No events

Classes redefined (0 events):
No events

Internal exceptions (20 events):
Event: 2.429 Thread 0x000001f4fa6e90b0 Exception <a 'java/lang/NoSuchMethodError'{0x00000000c3d00fa8}: 'java.lang.Object java.lang.invoke.DirectMethodHandle$Holder.invokeSpecial(java.lang.Object, java.lang.Object, java.lang.Object, java.lang.Object, long)'> (0x00000000c3d00fa8) 
thrown [s\src\hotspot\share\interpreter\linkResolver.cpp, line 771]
Event: 2.431 Thread 0x000001f4fa6e90b0 Exception <a 'java/lang/NoSuchMethodError'{0x00000000c3d10368}: 'int java.lang.invoke.DelegatingMethodHandle$Holder.reinvoke_L(java.lang.Object, java.lang.Object, java.lang.Object, long, java.lang.Object, java.lang.Object)'> (0x00000000c3d10368) 
thrown [s\src\hotspot\share\interpreter\linkResolver.cpp, line 771]
Event: 2.433 Thread 0x000001f4fa6e90b0 Exception <a 'java/lang/NoSuchMethodError'{0x00000000c3d1eef8}: 'int java.lang.invoke.DelegatingMethodHandle$Holder.reinvoke_L(java.lang.Object, java.lang.Object, java.lang.Object, long, int, int)'> (0x00000000c3d1eef8) 
thrown [s\src\hotspot\share\interpreter\linkResolver.cpp, line 771]
Event: 2.434 Thread 0x000001f4fa6e90b0 Exception <a 'java/lang/NoSuchMethodError'{0x00000000c3d2d830}: 'int java.lang.invoke.DelegatingMethodHandle$Holder.reinvoke_L(java.lang.Object, java.lang.Object, java.lang.Object, long, long, long)'> (0x00000000c3d2d830) 
thrown [s\src\hotspot\share\interpreter\linkResolver.cpp, line 771]
Event: 2.436 Thread 0x000001f4fa6e90b0 Exception <a 'java/lang/NoSuchMethodError'{0x00000000c3d3be48}: 'int java.lang.invoke.DelegatingMethodHandle$Holder.reinvoke_L(java.lang.Object, java.lang.Object, java.lang.Object, long, int)'> (0x00000000c3d3be48) 
thrown [s\src\hotspot\share\interpreter\linkResolver.cpp, line 771]
Event: 2.467 Thread 0x000001f4fa6e90b0 Exception <a 'java/lang/NoSuchMethodError'{0x00000000c3de3598}: 'int java.lang.invoke.DirectMethodHandle$Holder.invokeStaticInit(java.lang.Object, java.lang.Object, java.lang.Object)'> (0x00000000c3de3598) 
thrown [s\src\hotspot\share\interpreter\linkResolver.cpp, line 771]
Event: 2.473 Thread 0x000001f4fa6e90b0 Exception <a 'java/lang/NoSuchMethodError'{0x00000000c3c0b910}: 'int java.lang.invoke.DirectMethodHandle$Holder.invokeStaticInit(java.lang.Object, java.lang.Object)'> (0x00000000c3c0b910) 
thrown [s\src\hotspot\share\interpreter\linkResolver.cpp, line 771]
Event: 2.496 Thread 0x000001f4fa6e90b0 Exception <a 'java/lang/NoSuchMethodError'{0x00000000c3ce9d08}: 'void java.lang.invoke.DirectMethodHandle$Holder.invokeSpecial(java.lang.Object, java.lang.Object, java.lang.Object)'> (0x00000000c3ce9d08) 
thrown [s\src\hotspot\share\interpreter\linkResolver.cpp, line 771]
Event: 2.601 Thread 0x000001f4fa6e90b0 Exception <a 'java/lang/NoSuchMethodError'{0x00000000c380e5e8}: 'void java.lang.invoke.DirectMethodHandle$Holder.invokeStatic(java.lang.Object, java.lang.Object, java.lang.Object, java.lang.Object)'> (0x00000000c380e5e8) 
thrown [s\src\hotspot\share\interpreter\linkResolver.cpp, line 771]
Event: 2.707 Thread 0x000001f4fa6e90b0 Exception <a 'java/lang/NoSuchMethodError'{0x00000000c35cc278}: 'void java.lang.invoke.DirectMethodHandle$Holder.invokeStaticInit(java.lang.Object, java.lang.Object)'> (0x00000000c35cc278) 
thrown [s\src\hotspot\share\interpreter\linkResolver.cpp, line 771]
Event: 2.845 Thread 0x000001f4fa6e90b0 Exception <a 'java/lang/NoSuchMethodError'{0x00000000c30b8938}: 'void java.lang.invoke.DirectMethodHandle$Holder.invokeVirtual(java.lang.Object, java.lang.Object)'> (0x00000000c30b8938) 
thrown [s\src\hotspot\share\interpreter\linkResolver.cpp, line 771]
Event: 2.854 Thread 0x000001f4fa6e90b0 Exception <a 'java/lang/NoSuchMethodError'{0x00000000c2f04758}: 'int java.lang.invoke.DirectMethodHandle$Holder.invokeVirtual(java.lang.Object, java.lang.Object)'> (0x00000000c2f04758) 
thrown [s\src\hotspot\share\interpreter\linkResolver.cpp, line 771]
Event: 2.874 Thread 0x000001f4fa6e90b0 Exception <a 'java/lang/NoSuchMethodError'{0x00000000c2f9c258}: 'java.lang.Object java.lang.invoke.Invokers$Holder.invokeExact_MT(java.lang.Object, java.lang.Object, java.lang.Object, java.lang.Object, java.lang.Object, java.lang.Object)'> (0x00000000c2f9c258) 
thrown [s\src\hotspot\share\interpreter\linkResolver.cpp, line 771]
Event: 3.867 Thread 0x000001f4fa6e90b0 Implicit null exception at 0x000001f487ae8b72 to 0x000001f487ae90c0
Event: 4.039 Thread 0x000001f4fa6e90b0 Implicit null exception at 0x000001f487aea472 to 0x000001f487aea9dc
Event: 4.120 Thread 0x000001f4fa6e90b0 Exception <a 'java/lang/NoSuchMethodError'{0x00000000c4456268}: 'java.lang.Object java.lang.invoke.DirectMethodHandle$Holder.invokeVirtual(java.lang.Object, java.lang.Object, java.lang.Object)'> (0x00000000c4456268) 
thrown [s\src\hotspot\share\interpreter\linkResolver.cpp, line 771]
Event: 5.642 Thread 0x000001f4fa6e90b0 Exception <a 'java/lang/NoSuchMethodError'{0x00000000c3fb02b8}: 'java.lang.Object java.lang.invoke.DirectMethodHandle$Holder.newInvokeSpecial(java.lang.Object, java.lang.Object, int)'> (0x00000000c3fb02b8) 
thrown [s\src\hotspot\share\interpreter\linkResolver.cpp, line 771]
Event: 6.499 Thread 0x000001f4fa6e90b0 Exception <a 'java/lang/NoSuchMethodError'{0x00000000c477a970}: 'java.lang.Object java.lang.invoke.DirectMethodHandle$Holder.newInvokeSpecial(java.lang.Object, java.lang.Object, java.lang.Object, int)'> (0x00000000c477a970) 
thrown [s\src\hotspot\share\interpreter\linkResolver.cpp, line 771]
Event: 6.501 Thread 0x000001f4fa6e90b0 Exception <a 'java/lang/NoSuchMethodError'{0x00000000c477eff8}: 'java.lang.Object java.lang.invoke.DirectMethodHandle$Holder.invokeSpecial(java.lang.Object, java.lang.Object, java.lang.Object, java.lang.Object, int)'> (0x00000000c477eff8) 
thrown [s\src\hotspot\share\interpreter\linkResolver.cpp, line 771]
Event: 6.611 Thread 0x000001f4fa6e90b0 Exception <a 'java/lang/NoSuchMethodError'{0x00000000c4782e68}: 'java.lang.Object java.lang.invoke.Invokers$Holder.linkToTargetMethod(java.lang.Object, java.lang.Object, int, java.lang.Object)'> (0x00000000c4782e68) 
thrown [s\src\hotspot\share\interpreter\linkResolver.cpp, line 771]

VM Operations (20 events):
Event: 5.933 Executing VM operation: HandshakeAllThreads
Event: 5.933 Executing VM operation: HandshakeAllThreads done
Event: 6.055 Executing VM operation: G1TryInitiateConcMark
Event: 6.063 Executing VM operation: G1TryInitiateConcMark done
Event: 6.085 Executing VM operation: HandshakeAllThreads
Event: 6.085 Executing VM operation: HandshakeAllThreads done
Event: 6.374 Executing VM operation: HandshakeAllThreads
Event: 6.374 Executing VM operation: HandshakeAllThreads done
Event: 6.747 Executing VM operation: HandshakeAllThreads
Event: 6.747 Executing VM operation: HandshakeAllThreads done
Event: 6.862 Executing VM operation: HandshakeAllThreads
Event: 6.862 Executing VM operation: HandshakeAllThreads done
Event: 6.995 Executing VM operation: G1CollectForAllocation
Event: 7.008 Executing VM operation: G1CollectForAllocation done
Event: 7.118 Executing VM operation: HandshakeAllThreads
Event: 7.118 Executing VM operation: HandshakeAllThreads done
Event: 8.121 Executing VM operation: Cleanup
Event: 8.122 Executing VM operation: Cleanup done
Event: 8.317 Executing VM operation: G1CollectForAllocation
Event: 8.334 Executing VM operation: G1CollectForAllocation done

Events (20 events):
Event: 5.640 loading class java/util/function/IntUnaryOperator
Event: 5.641 loading class java/util/function/IntUnaryOperator done
Event: 5.898 loading class java/lang/Override
Event: 5.898 loading class java/lang/Override done
Event: 6.086 loading class java/security/CodeSigner
Event: 6.087 loading class java/security/CodeSigner done
Event: 6.343 loading class java/util/ConcurrentModificationException
Event: 6.343 loading class java/util/ConcurrentModificationException done
Event: 6.373 loading class java/util/ArrayList$ListItr
Event: 6.374 loading class java/util/ArrayList$ListItr done
Event: 6.724 loading class java/io/InvalidObjectException
Event: 6.724 loading class java/io/InvalidObjectException done
Event: 6.742 loading class java/util/AbstractList$SubList$1
Event: 6.742 loading class java/util/AbstractList$SubList$1 done
Event: 6.746 loading class java/util/AbstractList$ListItr
Event: 6.746 loading class java/util/AbstractList$ListItr done
Event: 6.767 loading class java/text/StringCharacterIterator
Event: 6.767 loading class java/text/CharacterIterator
Event: 6.767 loading class java/text/CharacterIterator done
Event: 6.767 loading class java/text/StringCharacterIterator done


Dynamic libraries:
0x00007ff6d2400000 - 0x00007ff6d240a000 	C:\Program Files\Android\Android Studio\jbr\bin\java.exe
0x00007fffb1cf0000 - 0x00007fffb1f07000 	C:\WINDOWS\SYSTEM32\ntdll.dll
0x00007fffb0b00000 - 0x00007fffb0bc4000 	C:\WINDOWS\System32\KERNEL32.DLL
0x00007fffaf690000 - 0x00007fffafa36000 	C:\WINDOWS\System32\KERNELBASE.dll
0x00007fffaf3e0000 - 0x00007fffaf4f1000 	C:\WINDOWS\System32\ucrtbase.dll
0x00007fff96df0000 - 0x00007fff96e07000 	C:\Program Files\Android\Android Studio\jbr\bin\jli.dll
0x00007fffb0050000 - 0x00007fffb01fe000 	C:\WINDOWS\System32\USER32.dll
0x00007fffaf1c0000 - 0x00007fffaf1e6000 	C:\WINDOWS\System32\win32u.dll
0x00007fffb05a0000 - 0x00007fffb05c9000 	C:\WINDOWS\System32\GDI32.dll
0x00007fffaf500000 - 0x00007fffaf618000 	C:\WINDOWS\System32\gdi32full.dll
0x00007fffaf120000 - 0x00007fffaf1ba000 	C:\WINDOWS\System32\msvcp_win.dll
0x00007fff95c70000 - 0x00007fff95c8b000 	C:\Program Files\Android\Android Studio\jbr\bin\VCRUNTIME140.dll
0x00007fff9a6c0000 - 0x00007fff9a953000 	C:\WINDOWS\WinSxS\amd64_microsoft.windows.common-controls_6595b64144ccf1df_6.0.22621.2506_none_270c5ae97388e100\COMCTL32.dll
0x00007fffafa40000 - 0x00007fffafae7000 	C:\WINDOWS\System32\msvcrt.dll
0x00007fffb1280000 - 0x00007fffb12b1000 	C:\WINDOWS\System32\IMM32.DLL
0x00007fff95af0000 - 0x00007fff95afc000 	C:\Program Files\Android\Android Studio\jbr\bin\vcruntime140_1.dll
0x00007fff73d60000 - 0x00007fff73ded000 	C:\Program Files\Android\Android Studio\jbr\bin\msvcp140.dll
0x00007fff2cbb0000 - 0x00007fff2d81e000 	C:\Program Files\Android\Android Studio\jbr\bin\server\jvm.dll
0x00007fffb0a20000 - 0x00007fffb0ad1000 	C:\WINDOWS\System32\ADVAPI32.dll
0x00007fffb11d0000 - 0x00007fffb1275000 	C:\WINDOWS\System32\sechost.dll
0x00007fffb0d10000 - 0x00007fffb0e27000 	C:\WINDOWS\System32\RPCRT4.dll
0x00007fff905f0000 - 0x00007fff905f9000 	C:\WINDOWS\SYSTEM32\WSOCK32.dll
0x00007fffb12d0000 - 0x00007fffb1341000 	C:\WINDOWS\System32\WS2_32.dll
0x00007fffa3a70000 - 0x00007fffa3aa4000 	C:\WINDOWS\SYSTEM32\WINMM.dll
0x00007fff9e170000 - 0x00007fff9e17a000 	C:\WINDOWS\SYSTEM32\VERSION.dll
0x00007fffae020000 - 0x00007fffae038000 	C:\WINDOWS\SYSTEM32\kernel.appcore.dll
0x00007fff70ca0000 - 0x00007fff70caa000 	C:\Program Files\Android\Android Studio\jbr\bin\jimage.dll
0x00007fffac860000 - 0x00007fffaca93000 	C:\WINDOWS\SYSTEM32\DBGHELP.DLL
0x00007fffb0690000 - 0x00007fffb0a19000 	C:\WINDOWS\System32\combase.dll
0x00007fffb0e30000 - 0x00007fffb0f07000 	C:\WINDOWS\System32\OLEAUT32.dll
0x00007fff91ec0000 - 0x00007fff91ef2000 	C:\WINDOWS\SYSTEM32\dbgcore.DLL
0x00007fffaf1f0000 - 0x00007fffaf26a000 	C:\WINDOWS\System32\bcryptPrimitives.dll
0x00007fff583b0000 - 0x00007fff583d5000 	C:\Program Files\Android\Android Studio\jbr\bin\java.dll
0x00007fff58390000 - 0x00007fff583a8000 	C:\Program Files\Android\Android Studio\jbr\bin\zip.dll
0x00007fffb1450000 - 0x00007fffb1caa000 	C:\WINDOWS\System32\SHELL32.dll
0x00007fffacf30000 - 0x00007fffad826000 	C:\WINDOWS\SYSTEM32\windows.storage.dll
0x00007fffacdf0000 - 0x00007fffacf2e000 	C:\WINDOWS\SYSTEM32\wintypes.dll
0x00007fffb0f10000 - 0x00007fffb1003000 	C:\WINDOWS\System32\SHCORE.dll
0x00007fffb05d0000 - 0x00007fffb062e000 	C:\WINDOWS\System32\shlwapi.dll
0x00007fffaef90000 - 0x00007fffaefb6000 	C:\WINDOWS\SYSTEM32\profapi.dll
0x00007fff9a240000 - 0x00007fff9a259000 	C:\Program Files\Android\Android Studio\jbr\bin\net.dll
0x00007fffa48f0000 - 0x00007fffa4a27000 	C:\WINDOWS\SYSTEM32\WINHTTP.dll
0x00007fffae4c0000 - 0x00007fffae529000 	C:\WINDOWS\system32\mswsock.dll
0x00007fff96e10000 - 0x00007fff96e26000 	C:\Program Files\Android\Android Studio\jbr\bin\nio.dll
0x00007fffa69b0000 - 0x00007fffa69c0000 	C:\Program Files\Android\Android Studio\jbr\bin\verify.dll

dbghelp: loaded successfully - version: 4.0.5 - missing functions: none
symbol engine: initialized successfully - sym options: 0x614 - pdb path: .;C:\Program Files\Android\Android Studio\jbr\bin;C:\WINDOWS\SYSTEM32;C:\WINDOWS\WinSxS\amd64_microsoft.windows.common-controls_6595b64144ccf1df_6.0.22621.2506_none_270c5ae97388e100;C:\Program Files\Android\Android Studio\jbr\bin\server

VM Arguments:
java_command: org.jetbrains.kotlin.cli.jvm.K2JVMCompiler @C:\Users\Dell\Desktop\Android Developement\Notes\app\build\20240113_8934338229267742430.compiler.options
java_class_path (initial): C:\Users\Dell\.gradle\caches\modules-2\files-2.1\org.jetbrains.kotlin\kotlin-compiler-embeddable\1.9.0\2c8c3a7402becca891f12739b3e9fd2dc2adbd7a\kotlin-compiler-embeddable-1.9.0.jar;C:\Users\Dell\.gradle\caches\modules-2\files-2.1\org.jetbrains.kotlin\kotlin-stdlib\1.9.0\8ee15ef0c67dc83d874f412d84378d7f0eb50b63\kotlin-stdlib-1.9.0.jar;C:\Users\Dell\.gradle\caches\modules-2\files-2.1\org.jetbrains.kotlin\kotlin-script-runtime\1.9.0\4b3102cbbb7e1b58d9d1adf89563f00069ffa7d1\kotlin-script-runtime-1.9.0.jar;C:\Users\Dell\.gradle\caches\modules-2\files-2.1\org.jetbrains.kotlin\kotlin-reflect\1.6.10\1cbe9c92c12a94eea200d23c2bbaedaf3daf5132\kotlin-reflect-1.6.10.jar;C:\Users\Dell\.gradle\caches\modules-2\files-2.1\org.jetbrains.kotlin\kotlin-daemon-embeddable\1.9.0\186543f5e28cf8d9a0290fecc2cf34301c40a65c\kotlin-daemon-embeddable-1.9.0.jar;C:\Users\Dell\.gradle\caches\modules-2\files-2.1\org.jetbrains.intellij.deps\trove4j\1.0.20200330\3afb14d5f9ceb459d724e907a21145e8ff394f02\trove4j-1.0.20200330.jar;C:\Users\Dell\.gradle\caches\modules-2\files-2.1\org.jetbrains.kotlin\kotlin-stdlib-common\1.9.0\cd65c21cfd1eec4d44ef09f9f52b6d9f8a720636\kotlin-stdlib-common-1.9.0.jar;C:\Users\Dell\.gradle\caches\modules-2\files-2.1\org.jetbrains\annotations\13.0\919f0dfe192fb4e063e7dacadee7f8bb9a2672a9\annotations-13.0.jar
Launcher Type: SUN_STANDARD

[Global flags]
     intx CICompilerCount                          = 3                                         {product} {ergonomic}
     uint ConcGCThreads                            = 1                                         {product} {ergonomic}
     uint G1ConcRefinementThreads                  = 4                                         {product} {ergonomic}
   size_t G1HeapRegionSize                         = 1048576                                   {product} {ergonomic}
    uintx GCDrainStackTargetSize                   = 64                                        {product} {ergonomic}
   size_t InitialHeapSize                          = 67108864                                  {product} {ergonomic}
   size_t MarkStackSize                            = 4194304                                   {product} {ergonomic}
   size_t MaxHeapSize                              = 1042284544                                {product} {ergonomic}
   size_t MaxNewSize                               = 624951296                                 {product} {ergonomic}
   size_t MinHeapDeltaBytes                        = 1048576                                   {product} {ergonomic}
   size_t MinHeapSize                              = 8388608                                   {product} {ergonomic}
    uintx NonNMethodCodeHeapSize                   = 5832780                                {pd product} {ergonomic}
    uintx NonProfiledCodeHeapSize                  = 122912730                              {pd product} {ergonomic}
    uintx ProfiledCodeHeapSize                     = 122912730                              {pd product} {ergonomic}
    uintx ReservedCodeCacheSize                    = 251658240                              {pd product} {ergonomic}
     bool SegmentedCodeCache                       = true                                      {product} {ergonomic}
   size_t SoftMaxHeapSize                          = 1042284544                             {manageable} {ergonomic}
     bool UseCompressedClassPointers               = true                           {product lp64_product} {ergonomic}
     bool UseCompressedOops                        = true                           {product lp64_product} {ergonomic}
     bool UseG1GC                                  = true                                      {product} {ergonomic}
     bool UseLargePagesIndividualAllocation        = false                                  {pd product} {ergonomic}

Logging:
Log output configuration:
 #0: stdout all=warning uptime,level,tags
 #1: stderr all=off uptime,level,tags

Environment Variables:
PATH=C:\oraclexe\app\oracle\product\11.2.0\server\bin;C:\Program Files\Common Files\Oracle\Java\javapath;C:\Program Files (x86)\Common Files\Intel\Shared Libraries\redist\intel64\compiler;C:\WINDOWS\system32;C:\WINDOWS;C:\WINDOWS\System32\Wbem;C:\WINDOWS\System32\WindowsPowerShell\v1.0\;C:\WINDOWS\System32\OpenSSH\;C:\Program Files\dotnet\;C:\Program Files\Git\cmd;C:\Program Files\nodejs\;C:\Program Files\MySQL\MySQL Shell 8.0\bin\;C:\Users\Dell\AppData\Local\Programs\Python\Python310\Scripts\;C:\Users\Dell\AppData\Local\Programs\Python\Python310\;C:\Users\Dell\AppData\Local\Microsoft\WindowsApps;C:\Users\Dell\AppData\Local\Programs\Python\Python310\Scripts;C:\Users\Dell\AppData\Local\Programs\Microsoft VS Code\bin;C:\MinGW\bin;;C:\Program Files\JetBrains\IntelliJ IDEA Community Edition 2021.3.3\bin;;C:\Users\Dell\AppData\Roaming\npm;C:\Program Files\sf\bin
USERNAME=Dell
OS=Windows_NT
PROCESSOR_IDENTIFIER=Intel64 Family 6 Model 142 Stepping 12, GenuineIntel
TMP=C:\Users\Dell\AppData\Local\Temp
TEMP=C:\Users\Dell\AppData\Local\Temp


JNI global refs:
JNI global refs: 8, weak refs: 15

JNI global refs memory usage: 843, weak refs: 841


---------------  S Y S T E M  ---------------

OS:
 Windows 11 , 64 bit Build 22621 (10.0.22621.2506)
OS uptime: 0 days 3:26 hours
Hyper-V role detected

CPU: total 4 (initial active 4) (2 cores per cpu, 2 threads per core) family 6 model 142 stepping 12 microcode 0xf8, cx8, cmov, fxsr, ht, mmx, 3dnowpref, sse, sse2, sse3, ssse3, sse4.1, sse4.2, popcnt, lzcnt, tsc, tscinvbit, aes, erms, clmul, clflush, clflushopt, hv

Memory: 4k page, system-wide physical 3971M (256M free)
TotalPageFile size 10115M (AvailPageFile size 5M)
current process WorkingSet (physical memory assigned to process): 185M, peak: 185M
current process commit charge ("private bytes"): 214M, peak: 216M

vm_info: OpenJDK 64-Bit Server VM (17.0.6+0-b2043.56-10027231) for windows-amd64 JRE (17.0.6+0-b2043.56-10027231), built on Apr 28 2023 00:43:19 by "androidbuild" with MS VC++ 16.10 / 16.11 (VS2019)

END.
