#
# There is insufficient memory for the Java Runtime Environment to continue.
# Native memory allocation (mmap) failed to map 2097152 bytes for G1 virtual space
# Possible reasons:
#   The system is out of physical RAM or swap space
#   The process is running with CompressedOops enabled, and the Java Heap may be blocking the growth of the native heap
# Possible solutions:
#   Reduce memory load on the system
#   Increase physical memory or swap space
#   Check if swap backing store is full
#   Decrease Java heap size (-Xmx/-Xms)
#   Decrease number of Java threads
#   Decrease Java thread stack sizes (-Xss)
#   Set larger code cache with -XX:ReservedCodeCacheSize=
#   JVM is running with Unscaled Compressed Oops mode in which the Java heap is
#     placed in the first 4GB address space. The Java Heap base address is the
#     maximum limit for the native heap growth. Please use -XX:HeapBaseMinAddress
#     to set the Java Heap base and to place the Java Heap above 4GB virtual address.
# This output file may be truncated or incomplete.
#
#  Out of Memory Error (os_windows.cpp:3769), pid=11200, tid=8784
#
# JRE version: OpenJDK Runtime Environment (17.0.6) (build 17.0.6+0-b2043.56-10027231)
# Java VM: OpenJDK 64-Bit Server VM (17.0.6+0-b2043.56-10027231, mixed mode, tiered, compressed oops, compressed class ptrs, g1 gc, windows-amd64)
# No core dump will be written. Minidumps are not enabled by default on client versions of Windows
#

---------------  S U M M A R Y ------------

Command Line: org.jetbrains.kotlin.cli.jvm.K2JVMCompiler @C:\Users\Dell\Desktop\Android Developement\Notes\app\build\20240114_7495638221838257408.compiler.options

Host: Intel(R) Pentium(R) CPU 5405U @ 2.30GHz, 4 cores, 3G,  Windows 11 , 64 bit Build 22621 (10.0.22621.2506)
Time: Sun Jan 14 01:43:57 2024 India Standard Time elapsed time: 36.102400 seconds (0d 0h 0m 36s)

---------------  T H R E A D  ---------------

Current thread (0x0000026796dcc340):  VMThread "VM Thread" [stack: 0x0000009ee1d00000,0x0000009ee1e00000] [id=8784]

Stack: [0x0000009ee1d00000,0x0000009ee1e00000]
Native frames: (J=compiled Java code, j=interpreted, Vv=VM code, C=native code)
V  [jvm.dll+0x683c9a]
V  [jvm.dll+0x8427a4]
V  [jvm.dll+0x843f9e]
V  [jvm.dll+0x844603]
V  [jvm.dll+0x249b75]
V  [jvm.dll+0x680b69]
V  [jvm.dll+0x67505a]
V  [jvm.dll+0x309acb]
V  [jvm.dll+0x310f86]
V  [jvm.dll+0x3608ee]
V  [jvm.dll+0x360b1f]
V  [jvm.dll+0x2dfbf8]
V  [jvm.dll+0x2e2ce6]
V  [jvm.dll+0x2ed478]
V  [jvm.dll+0x322150]
V  [jvm.dll+0x848ccb]
V  [jvm.dll+0x849a04]
V  [jvm.dll+0x849f1d]
V  [jvm.dll+0x84a2f4]
V  [jvm.dll+0x84a3c0]
V  [jvm.dll+0x7f274a]
V  [jvm.dll+0x682ad5]
C  [ucrtbase.dll+0x29363]
C  [KERNEL32.DLL+0x1257d]
C  [ntdll.dll+0x5aa58]

VM_Operation (0x0000009ee19ffa60): G1Concurrent, mode: safepoint, requested by thread 0x00000267ffeb3120


---------------  P R O C E S S  ---------------

Threads class SMR info:
_java_thread_list=0x000002679aa2b940, length=13, elements={
0x00000267ffe6d240, 0x0000026796db7030, 0x0000026796db7ea0, 0x0000026796e1ca10,
0x0000026796e1f3e0, 0x0000026796e1fd90, 0x0000026796e20740, 0x0000026796e34830,
0x0000026796e352d0, 0x00000267978514e0, 0x00000267979466b0, 0x0000026797962010,
0x000002679d6b8db0
}

Java Threads: ( => current thread )
  0x00000267ffe6d240 JavaThread "main" [_thread_blocked, id=11096, stack(0x0000009ee1700000,0x0000009ee1800000)]
  0x0000026796db7030 JavaThread "Reference Handler" daemon [_thread_blocked, id=3692, stack(0x0000009ee1e00000,0x0000009ee1f00000)]
  0x0000026796db7ea0 JavaThread "Finalizer" daemon [_thread_blocked, id=1872, stack(0x0000009ee1f00000,0x0000009ee2000000)]
  0x0000026796e1ca10 JavaThread "Signal Dispatcher" daemon [_thread_blocked, id=7688, stack(0x0000009ee2100000,0x0000009ee2200000)]
  0x0000026796e1f3e0 JavaThread "Attach Listener" daemon [_thread_blocked, id=264, stack(0x0000009ee2200000,0x0000009ee2300000)]
  0x0000026796e1fd90 JavaThread "Service Thread" daemon [_thread_blocked, id=4904, stack(0x0000009ee2300000,0x0000009ee2400000)]
  0x0000026796e20740 JavaThread "Monitor Deflation Thread" daemon [_thread_blocked, id=7108, stack(0x0000009ee2400000,0x0000009ee2500000)]
  0x0000026796e34830 JavaThread "C2 CompilerThread0" daemon [_thread_in_native, id=10956, stack(0x0000009ee2500000,0x0000009ee2600000)]
  0x0000026796e352d0 JavaThread "C1 CompilerThread0" daemon [_thread_blocked, id=1704, stack(0x0000009ee2600000,0x0000009ee2700000)]
  0x00000267978514e0 JavaThread "Sweeper thread" daemon [_thread_blocked, id=5244, stack(0x0000009ee2700000,0x0000009ee2800000)]
  0x00000267979466b0 JavaThread "Notification Thread" daemon [_thread_blocked, id=2972, stack(0x0000009ee2800000,0x0000009ee2900000)]
  0x0000026797962010 JavaThread "Common-Cleaner" daemon [_thread_blocked, id=10300, stack(0x0000009ee2a00000,0x0000009ee2b00000)]
  0x000002679d6b8db0 JavaThread "C2 CompilerThread1" daemon [_thread_blocked, id=7524, stack(0x0000009ee2e00000,0x0000009ee2f00000)]

Other Threads:
=>0x0000026796dcc340 VMThread "VM Thread" [stack: 0x0000009ee1d00000,0x0000009ee1e00000] [id=8784]
  0x000002679794cba0 WatcherThread [stack: 0x0000009ee2900000,0x0000009ee2a00000] [id=9948]
  0x00000267ffeaa5a0 GCTaskThread "GC Thread#0" [stack: 0x0000009ee1800000,0x0000009ee1900000] [id=7584]
  0x0000026797d50c40 GCTaskThread "GC Thread#1" [stack: 0x0000009ee2b00000,0x0000009ee2c00000] [id=8672]
  0x0000026797d4b8c0 GCTaskThread "GC Thread#2" [stack: 0x0000009ee2c00000,0x0000009ee2d00000] [id=9512]
  0x0000026797d44fb0 GCTaskThread "GC Thread#3" [stack: 0x0000009ee2d00000,0x0000009ee2e00000] [id=1076]
  0x00000267ffeb3120 ConcurrentGCThread "G1 Main Marker" [stack: 0x0000009ee1900000,0x0000009ee1a00000] [id=9524]
  0x00000267ffeb3b30 ConcurrentGCThread "G1 Conc#0" [stack: 0x0000009ee1a00000,0x0000009ee1b00000] [id=8788]
  0x00000267fff00580 ConcurrentGCThread "G1 Refine#0" [stack: 0x0000009ee1b00000,0x0000009ee1c00000] [id=7220]
  0x0000026799bb52e0 ConcurrentGCThread "G1 Refine#1" [stack: 0x0000009ee2f00000,0x0000009ee3000000] [id=10040]
  0x0000026799bb55c0 ConcurrentGCThread "G1 Refine#2" [stack: 0x0000009ee3000000,0x0000009ee3100000] [id=11308]
  0x00000267fff00fa0 ConcurrentGCThread "G1 Service" [stack: 0x0000009ee1c00000,0x0000009ee1d00000] [id=7744]

Threads with active compile tasks:
C2 CompilerThread0    36157 11675       4       org.jetbrains.kotlin.ir.util.IrFakeOverrideUtilsKt::collectAndFilterRealOverrides$collectRealOverrides (157 bytes)

VM state: at safepoint (normal execution)

VM Mutex/Monitor currently owned by a thread:  ([mutex/lock_event])
[0x00000267ffe69870] Threads_lock - owner thread: 0x0000026796dcc340
[0x00000267ffe69a20] Heap_lock - owner thread: 0x00000267ffeb3120

Heap address: 0x00000000c1e00000, size: 994 MB, Compressed Oops mode: 32-bit

CDS archive(s) not mapped
Compressed class space mapped at: 0x0000000100000000-0x0000000140000000, reserved size: 1073741824
Narrow klass base: 0x0000000000000000, Narrow klass shift: 3, Narrow klass range: 0x140000000

GC Precious Log:
 CPUs: 4 total, 4 available
 Memory: 3971M
 Large Page Support: Disabled
 NUMA Support: Disabled
 Compressed Oops: Enabled (32-bit)
 Heap Region Size: 1M
 Heap Min Capacity: 8M
 Heap Initial Capacity: 64M
 Heap Max Capacity: 994M
 Pre-touch: Disabled
 Parallel Workers: 4
 Concurrent Workers: 1
 Concurrent Refinement Workers: 4
 Periodic GC: Disabled

Heap:
 garbage-first heap   total 120832K, used 71182K [0x00000000c1e00000, 0x0000000100000000)
  region size 1024K, 6 young (6144K), 2 survivors (2048K)
 Metaspace       used 82407K, committed 82688K, reserved 1130496K
  class space    used 9456K, committed 9600K, reserved 1048576K

Heap Regions: E=young(eden), S=young(survivor), O=old, HS=humongous(starts), HC=humongous(continues), CS=collection set, F=free, OA=open archive, CA=closed archive, TAMS=top-at-mark-start (previous, next)
|   0|0x00000000c1e00000, 0x00000000c1f00000, 0x00000000c1f00000|100%|HS|  |TAMS 0x00000000c1f00000, 0x00000000c1e00000| Complete 
|   1|0x00000000c1f00000, 0x00000000c2000000, 0x00000000c2000000|100%|HC|  |TAMS 0x00000000c2000000, 0x00000000c1f00000| Complete 
|   2|0x00000000c2000000, 0x00000000c2100000, 0x00000000c2100000|100%|HC|  |TAMS 0x00000000c2100000, 0x00000000c2000000| Complete 
|   3|0x00000000c2100000, 0x00000000c2200000, 0x00000000c2200000|100%|HC|  |TAMS 0x00000000c2200000, 0x00000000c2100000| Complete 
|   4|0x00000000c2200000, 0x00000000c2300000, 0x00000000c2300000|100%| O|  |TAMS 0x00000000c2300000, 0x00000000c2200000| Untracked 
|   5|0x00000000c2300000, 0x00000000c2400000, 0x00000000c2400000|100%| O|  |TAMS 0x00000000c2400000, 0x00000000c2300000| Updating 
|   6|0x00000000c2400000, 0x00000000c2500000, 0x00000000c2500000|100%| O|  |TAMS 0x00000000c2500000, 0x00000000c2400000| Untracked 
|   7|0x00000000c2500000, 0x00000000c2600000, 0x00000000c2600000|100%| O|  |TAMS 0x00000000c2600000, 0x00000000c2500000| Untracked 
|   8|0x00000000c2600000, 0x00000000c2700000, 0x00000000c2700000|100%| O|  |TAMS 0x00000000c2700000, 0x00000000c2600000| Updating 
|   9|0x00000000c2700000, 0x00000000c2800000, 0x00000000c2800000|100%| O|  |TAMS 0x00000000c2800000, 0x00000000c2700000| Updating 
|  10|0x00000000c2800000, 0x00000000c2900000, 0x00000000c2900000|100%| O|  |TAMS 0x00000000c2900000, 0x00000000c2800000| Untracked 
|  11|0x00000000c2900000, 0x00000000c2a00000, 0x00000000c2a00000|100%| O|  |TAMS 0x00000000c2a00000, 0x00000000c2900000| Untracked 
|  12|0x00000000c2a00000, 0x00000000c2b00000, 0x00000000c2b00000|100%| O|  |TAMS 0x00000000c2b00000, 0x00000000c2a00000| Updating 
|  13|0x00000000c2b00000, 0x00000000c2c00000, 0x00000000c2c00000|100%| O|  |TAMS 0x00000000c2c00000, 0x00000000c2b00000| Untracked 
|  14|0x00000000c2c00000, 0x00000000c2d00000, 0x00000000c2d00000|100%| O|  |TAMS 0x00000000c2d00000, 0x00000000c2c00000| Untracked 
|  15|0x00000000c2d00000, 0x00000000c2e00000, 0x00000000c2e00000|100%| O|  |TAMS 0x00000000c2e00000, 0x00000000c2d00000| Updating 
|  16|0x00000000c2e00000, 0x00000000c2f00000, 0x00000000c2f00000|100%| O|  |TAMS 0x00000000c2f00000, 0x00000000c2e00000| Untracked 
|  17|0x00000000c2f00000, 0x00000000c3000000, 0x00000000c3000000|100%| O|  |TAMS 0x00000000c3000000, 0x00000000c2f00000| Updating 
|  18|0x00000000c3000000, 0x00000000c3100000, 0x00000000c3100000|100%| O|  |TAMS 0x00000000c3100000, 0x00000000c3000000| Updating 
|  19|0x00000000c3100000, 0x00000000c3200000, 0x00000000c3200000|100%| O|  |TAMS 0x00000000c3200000, 0x00000000c3100000| Updating 
|  20|0x00000000c3200000, 0x00000000c3300000, 0x00000000c3300000|100%| O|  |TAMS 0x00000000c3300000, 0x00000000c3200000| Untracked 
|  21|0x00000000c3300000, 0x00000000c3400000, 0x00000000c3400000|100%|HS|  |TAMS 0x00000000c3400000, 0x00000000c3300000| Complete 
|  22|0x00000000c3400000, 0x00000000c3500000, 0x00000000c3500000|100%|HC|  |TAMS 0x00000000c3500000, 0x00000000c3400000| Complete 
|  23|0x00000000c3500000, 0x00000000c3600000, 0x00000000c3600000|100%| O|  |TAMS 0x00000000c3600000, 0x00000000c3500000| Updating 
|  24|0x00000000c3600000, 0x00000000c3700000, 0x00000000c3700000|100%| O|  |TAMS 0x00000000c3700000, 0x00000000c3600000| Untracked 
|  25|0x00000000c3700000, 0x00000000c3800000, 0x00000000c3800000|100%| O|  |TAMS 0x00000000c3800000, 0x00000000c3700000| Untracked 
|  26|0x00000000c3800000, 0x00000000c3900000, 0x00000000c3900000|100%| O|  |TAMS 0x00000000c3900000, 0x00000000c3800000| Untracked 
|  27|0x00000000c3900000, 0x00000000c3a00000, 0x00000000c3a00000|100%| O|  |TAMS 0x00000000c3a00000, 0x00000000c3900000| Updating 
|  28|0x00000000c3a00000, 0x00000000c3b00000, 0x00000000c3b00000|100%| O|  |TAMS 0x00000000c3b00000, 0x00000000c3a00000| Updating 
|  29|0x00000000c3b00000, 0x00000000c3b68200, 0x00000000c3c00000| 40%| O|  |TAMS 0x00000000c3b68200, 0x00000000c3b00000| Updating 
|  30|0x00000000c3c00000, 0x00000000c3c00000, 0x00000000c3d00000|  0%| F|  |TAMS 0x00000000c3c00000, 0x00000000c3c00000| Untracked 
|  31|0x00000000c3d00000, 0x00000000c3e00000, 0x00000000c3e00000|100%| O|  |TAMS 0x00000000c3e00000, 0x00000000c3d00000| Updating 
|  32|0x00000000c3e00000, 0x00000000c3f00000, 0x00000000c3f00000|100%| O|  |TAMS 0x00000000c3f00000, 0x00000000c3e00000| Untracked 
|  33|0x00000000c3f00000, 0x00000000c4000000, 0x00000000c4000000|100%| O|  |TAMS 0x00000000c4000000, 0x00000000c3f00000| Untracked 
|  34|0x00000000c4000000, 0x00000000c4100000, 0x00000000c4100000|100%| O|  |TAMS 0x00000000c4100000, 0x00000000c4000000| Untracked 
|  35|0x00000000c4100000, 0x00000000c4200000, 0x00000000c4200000|100%| O|  |TAMS 0x00000000c4200000, 0x00000000c4100000| Untracked 
|  36|0x00000000c4200000, 0x00000000c4300000, 0x00000000c4300000|100%| O|  |TAMS 0x00000000c4300000, 0x00000000c4200000| Untracked 
|  37|0x00000000c4300000, 0x00000000c4400000, 0x00000000c4400000|100%| O|  |TAMS 0x00000000c4400000, 0x00000000c4300000| Untracked 
|  38|0x00000000c4400000, 0x00000000c4500000, 0x00000000c4500000|100%| O|  |TAMS 0x00000000c4500000, 0x00000000c4400000| Untracked 
|  39|0x00000000c4500000, 0x00000000c4600000, 0x00000000c4600000|100%| O|  |TAMS 0x00000000c4600000, 0x00000000c4500000| Untracked 
|  40|0x00000000c4600000, 0x00000000c4700000, 0x00000000c4700000|100%| O|  |TAMS 0x00000000c4700000, 0x00000000c4600000| Untracked 
|  41|0x00000000c4700000, 0x00000000c4800000, 0x00000000c4800000|100%| O|  |TAMS 0x00000000c4800000, 0x00000000c4700000| Untracked 
|  42|0x00000000c4800000, 0x00000000c4900000, 0x00000000c4900000|100%| O|  |TAMS 0x00000000c4900000, 0x00000000c4800000| Untracked 
|  43|0x00000000c4900000, 0x00000000c4a00000, 0x00000000c4a00000|100%| O|  |TAMS 0x00000000c4a00000, 0x00000000c4900000| Untracked 
|  44|0x00000000c4a00000, 0x00000000c4b00000, 0x00000000c4b00000|100%| O|  |TAMS 0x00000000c4b00000, 0x00000000c4a00000| Untracked 
|  45|0x00000000c4b00000, 0x00000000c4c00000, 0x00000000c4c00000|100%| O|  |TAMS 0x00000000c4c00000, 0x00000000c4b00000| Untracked 
|  46|0x00000000c4c00000, 0x00000000c4d00000, 0x00000000c4d00000|100%| O|  |TAMS 0x00000000c4d00000, 0x00000000c4c00000| Untracked 
|  47|0x00000000c4d00000, 0x00000000c4e00000, 0x00000000c4e00000|100%| O|  |TAMS 0x00000000c4e00000, 0x00000000c4d00000| Untracked 
|  48|0x00000000c4e00000, 0x00000000c4f00000, 0x00000000c4f00000|100%| O|  |TAMS 0x00000000c4f00000, 0x00000000c4e00000| Updating 
|  49|0x00000000c4f00000, 0x00000000c5000000, 0x00000000c5000000|100%| O|  |TAMS 0x00000000c5000000, 0x00000000c4f00000| Untracked 
|  50|0x00000000c5000000, 0x00000000c5000000, 0x00000000c5100000|  0%| F|  |TAMS 0x00000000c5000000, 0x00000000c5000000| Untracked 
|  51|0x00000000c5100000, 0x00000000c5200000, 0x00000000c5200000|100%| O|  |TAMS 0x00000000c5200000, 0x00000000c5100000| Untracked 
|  52|0x00000000c5200000, 0x00000000c5300000, 0x00000000c5300000|100%| O|  |TAMS 0x00000000c5300000, 0x00000000c5200000| Untracked 
|  53|0x00000000c5300000, 0x00000000c5400000, 0x00000000c5400000|100%| O|  |TAMS 0x00000000c5400000, 0x00000000c5300000| Untracked 
|  54|0x00000000c5400000, 0x00000000c5500000, 0x00000000c5500000|100%| O|  |TAMS 0x00000000c5500000, 0x00000000c5400000| Updating 
|  55|0x00000000c5500000, 0x00000000c5600000, 0x00000000c5600000|100%| O|  |TAMS 0x00000000c5600000, 0x00000000c5500000| Updating 
|  56|0x00000000c5600000, 0x00000000c5700000, 0x00000000c5700000|100%| O|  |TAMS 0x00000000c5700000, 0x00000000c5600000| Untracked 
|  57|0x00000000c5700000, 0x00000000c5800000, 0x00000000c5800000|100%| O|  |TAMS 0x00000000c5800000, 0x00000000c5700000| Untracked 
|  58|0x00000000c5800000, 0x00000000c5900000, 0x00000000c5900000|100%| O|  |TAMS 0x00000000c5900000, 0x00000000c5800000| Updating 
|  59|0x00000000c5900000, 0x00000000c5a00000, 0x00000000c5a00000|100%| O|  |TAMS 0x00000000c5a00000, 0x00000000c5900000| Updating 
|  60|0x00000000c5a00000, 0x00000000c5b00000, 0x00000000c5b00000|100%| O|  |TAMS 0x00000000c5b00000, 0x00000000c5a00000| Untracked 
|  61|0x00000000c5b00000, 0x00000000c5c00000, 0x00000000c5c00000|100%| O|  |TAMS 0x00000000c5c00000, 0x00000000c5b00000| Untracked 
|  62|0x00000000c5c00000, 0x00000000c5d00000, 0x00000000c5d00000|100%| O|  |TAMS 0x00000000c5d00000, 0x00000000c5c00000| Untracked 
|  63|0x00000000c5d00000, 0x00000000c5e00000, 0x00000000c5e00000|100%| O|  |TAMS 0x00000000c5e00000, 0x00000000c5d00000| Updating 
|  64|0x00000000c5e00000, 0x00000000c5f00000, 0x00000000c5f00000|100%| O|  |TAMS 0x00000000c5f00000, 0x00000000c5e00000| Untracked 
|  65|0x00000000c5f00000, 0x00000000c6000000, 0x00000000c6000000|100%| O|  |TAMS 0x00000000c6000000, 0x00000000c5f00000| Untracked 
|  66|0x00000000c6000000, 0x00000000c6100000, 0x00000000c6100000|100%| O|  |TAMS 0x00000000c6100000, 0x00000000c6000000| Untracked 
|  67|0x00000000c6100000, 0x00000000c6200000, 0x00000000c6200000|100%| O|  |TAMS 0x00000000c6200000, 0x00000000c6100000| Updating 
|  68|0x00000000c6200000, 0x00000000c6200000, 0x00000000c6300000|  0%| F|  |TAMS 0x00000000c6200000, 0x00000000c6200000| Untracked 
|  69|0x00000000c6300000, 0x00000000c6300000, 0x00000000c6400000|  0%| F|  |TAMS 0x00000000c6300000, 0x00000000c6300000| Untracked 
|  70|0x00000000c6400000, 0x00000000c6400000, 0x00000000c6500000|  0%| F|  |TAMS 0x00000000c6400000, 0x00000000c6400000| Untracked 
|  71|0x00000000c6500000, 0x00000000c6500000, 0x00000000c6600000|  0%| F|  |TAMS 0x00000000c6500000, 0x00000000c6500000| Untracked 
|  72|0x00000000c6600000, 0x00000000c6600000, 0x00000000c6700000|  0%| F|  |TAMS 0x00000000c6600000, 0x00000000c6600000| Untracked 
|  73|0x00000000c6700000, 0x00000000c6700000, 0x00000000c6800000|  0%| F|  |TAMS 0x00000000c6700000, 0x00000000c6700000| Untracked 
|  74|0x00000000c6800000, 0x00000000c6800000, 0x00000000c6900000|  0%| F|  |TAMS 0x00000000c6800000, 0x00000000c6800000| Untracked 
|  75|0x00000000c6900000, 0x00000000c6900000, 0x00000000c6a00000|  0%| F|  |TAMS 0x00000000c6900000, 0x00000000c6900000| Untracked 
|  76|0x00000000c6a00000, 0x00000000c6a00000, 0x00000000c6b00000|  0%| F|  |TAMS 0x00000000c6a00000, 0x00000000c6a00000| Untracked 
|  77|0x00000000c6b00000, 0x00000000c6b00000, 0x00000000c6c00000|  0%| F|  |TAMS 0x00000000c6b00000, 0x00000000c6b00000| Untracked 
|  78|0x00000000c6c00000, 0x00000000c6c00000, 0x00000000c6d00000|  0%| F|  |TAMS 0x00000000c6c00000, 0x00000000c6c00000| Untracked 
|  79|0x00000000c6d00000, 0x00000000c6d00000, 0x00000000c6e00000|  0%| F|  |TAMS 0x00000000c6d00000, 0x00000000c6d00000| Untracked 
|  80|0x00000000c6e00000, 0x00000000c6e00000, 0x00000000c6f00000|  0%| F|  |TAMS 0x00000000c6e00000, 0x00000000c6e00000| Untracked 
|  81|0x00000000c6f00000, 0x00000000c6f00000, 0x00000000c7000000|  0%| F|  |TAMS 0x00000000c6f00000, 0x00000000c6f00000| Untracked 
|  82|0x00000000c7000000, 0x00000000c7000000, 0x00000000c7100000|  0%| F|  |TAMS 0x00000000c7000000, 0x00000000c7000000| Untracked 
|  83|0x00000000c7100000, 0x00000000c7100000, 0x00000000c7200000|  0%| F|  |TAMS 0x00000000c7100000, 0x00000000c7100000| Untracked 
|  84|0x00000000c7200000, 0x00000000c7200000, 0x00000000c7300000|  0%| F|  |TAMS 0x00000000c7200000, 0x00000000c7200000| Untracked 
|  85|0x00000000c7300000, 0x00000000c7300000, 0x00000000c7400000|  0%| F|  |TAMS 0x00000000c7300000, 0x00000000c7300000| Untracked 
|  86|0x00000000c7400000, 0x00000000c7400000, 0x00000000c7500000|  0%| F|  |TAMS 0x00000000c7400000, 0x00000000c7400000| Untracked 
|  87|0x00000000c7500000, 0x00000000c751b8e8, 0x00000000c7600000| 10%| S|CS|TAMS 0x00000000c7500000, 0x00000000c7500000| Complete 
|  88|0x00000000c7600000, 0x00000000c7700000, 0x00000000c7700000|100%| S|CS|TAMS 0x00000000c7600000, 0x00000000c7600000| Complete 
|  89|0x00000000c7700000, 0x00000000c7700000, 0x00000000c7800000|  0%| F|  |TAMS 0x00000000c7700000, 0x00000000c7700000| Untracked 
|  90|0x00000000c7800000, 0x00000000c7800000, 0x00000000c7900000|  0%| F|  |TAMS 0x00000000c7800000, 0x00000000c7800000| Untracked 
|  91|0x00000000c7900000, 0x00000000c7900000, 0x00000000c7a00000|  0%| F|  |TAMS 0x00000000c7900000, 0x00000000c7900000| Untracked 
|  92|0x00000000c7a00000, 0x00000000c7a00000, 0x00000000c7b00000|  0%| F|  |TAMS 0x00000000c7a00000, 0x00000000c7a00000| Untracked 
|  93|0x00000000c7b00000, 0x00000000c7b00000, 0x00000000c7c00000|  0%| F|  |TAMS 0x00000000c7b00000, 0x00000000c7b00000| Untracked 
|  94|0x00000000c7c00000, 0x00000000c7c00000, 0x00000000c7d00000|  0%| F|  |TAMS 0x00000000c7c00000, 0x00000000c7c00000| Untracked 
|  95|0x00000000c7d00000, 0x00000000c7d00000, 0x00000000c7e00000|  0%| F|  |TAMS 0x00000000c7d00000, 0x00000000c7d00000| Untracked 
|  96|0x00000000c7e00000, 0x00000000c7e00000, 0x00000000c7f00000|  0%| F|  |TAMS 0x00000000c7e00000, 0x00000000c7e00000| Untracked 
|  97|0x00000000c7f00000, 0x00000000c7f00000, 0x00000000c8000000|  0%| F|  |TAMS 0x00000000c7f00000, 0x00000000c7f00000| Untracked 
|  98|0x00000000c8000000, 0x00000000c8000000, 0x00000000c8100000|  0%| F|  |TAMS 0x00000000c8000000, 0x00000000c8000000| Untracked 
|  99|0x00000000c8100000, 0x00000000c8100000, 0x00000000c8200000|  0%| F|  |TAMS 0x00000000c8100000, 0x00000000c8100000| Untracked 
| 100|0x00000000c8200000, 0x00000000c8200000, 0x00000000c8300000|  0%| F|  |TAMS 0x00000000c8200000, 0x00000000c8200000| Untracked 
| 101|0x00000000c8300000, 0x00000000c8300000, 0x00000000c8400000|  0%| F|  |TAMS 0x00000000c8300000, 0x00000000c8300000| Untracked 
| 102|0x00000000c8400000, 0x00000000c8400000, 0x00000000c8500000|  0%| F|  |TAMS 0x00000000c8400000, 0x00000000c8400000| Untracked 
| 103|0x00000000c8500000, 0x00000000c8500000, 0x00000000c8600000|  0%| F|  |TAMS 0x00000000c8500000, 0x00000000c8500000| Untracked 
| 104|0x00000000c8600000, 0x00000000c8600000, 0x00000000c8700000|  0%| F|  |TAMS 0x00000000c8600000, 0x00000000c8600000| Untracked 
| 105|0x00000000c8700000, 0x00000000c8700000, 0x00000000c8800000|  0%| F|  |TAMS 0x00000000c8700000, 0x00000000c8700000| Untracked 
| 106|0x00000000c8800000, 0x00000000c8800000, 0x00000000c8900000|  0%| F|  |TAMS 0x00000000c8800000, 0x00000000c8800000| Untracked 
| 107|0x00000000c8900000, 0x00000000c8900000, 0x00000000c8a00000|  0%| F|  |TAMS 0x00000000c8900000, 0x00000000c8900000| Untracked 
| 108|0x00000000c8a00000, 0x00000000c8a00000, 0x00000000c8b00000|  0%| F|  |TAMS 0x00000000c8a00000, 0x00000000c8a00000| Untracked 
| 109|0x00000000c8b00000, 0x00000000c8b00000, 0x00000000c8c00000|  0%| F|  |TAMS 0x00000000c8b00000, 0x00000000c8b00000| Untracked 
| 110|0x00000000c8c00000, 0x00000000c8c7f1b8, 0x00000000c8d00000| 49%| E|  |TAMS 0x00000000c8c00000, 0x00000000c8c00000| Complete 
| 111|0x00000000c8d00000, 0x00000000c8e00000, 0x00000000c8e00000|100%| E|CS|TAMS 0x00000000c8d00000, 0x00000000c8d00000| Complete 
| 112|0x00000000c8e00000, 0x00000000c8e00000, 0x00000000c8f00000|  0%| F|  |TAMS 0x00000000c8e00000, 0x00000000c8e00000| Untracked 
| 113|0x00000000c8f00000, 0x00000000c8f00000, 0x00000000c9000000|  0%| F|  |TAMS 0x00000000c8f00000, 0x00000000c8f00000| Untracked 
| 114|0x00000000c9000000, 0x00000000c9000000, 0x00000000c9100000|  0%| F|  |TAMS 0x00000000c9000000, 0x00000000c9000000| Untracked 
| 115|0x00000000c9100000, 0x00000000c9100000, 0x00000000c9200000|  0%| F|  |TAMS 0x00000000c9100000, 0x00000000c9100000| Untracked 
| 116|0x00000000c9200000, 0x00000000c9300000, 0x00000000c9300000|100%| E|CS|TAMS 0x00000000c9200000, 0x00000000c9200000| Complete 
| 117|0x00000000c9300000, 0x00000000c9400000, 0x00000000c9400000|100%| E|CS|TAMS 0x00000000c9300000, 0x00000000c9300000| Complete 

Card table byte_map: [0x0000026792600000,0x0000026792800000] _byte_map_base: 0x0000026791ff1000

Marking Bits (Prev, Next): (CMBitMap*) 0x00000267ffeaabb0, (CMBitMap*) 0x00000267ffeaabf0
 Prev Bits: [0x0000026792a00000, 0x0000026793988000)
 Next Bits: [0x0000026793990000, 0x0000026794918000)

Polling page: 0x00000267fddf0000

Metaspace:

Usage:
  Non-class:     71.24 MB used.
      Class:      9.24 MB used.
       Both:     80.48 MB used.

Virtual space:
  Non-class space:       80.00 MB reserved,      71.38 MB ( 89%) committed,  10 nodes.
      Class space:        1.00 GB reserved,       9.38 MB ( <1%) committed,  1 nodes.
             Both:        1.08 GB reserved,      80.75 MB (  7%) committed. 

Chunk freelists:
   Non-Class:  3.83 MB
       Class:  2.64 MB
        Both:  6.47 MB

MaxMetaspaceSize: unlimited
CompressedClassSpaceSize: 1.00 GB
Initial GC threshold: 21.00 MB
Current GC threshold: 125.12 MB
CDS: off
MetaspaceReclaimPolicy: balanced
 - commit_granule_bytes: 65536.
 - commit_granule_words: 8192.
 - virtual_space_node_default_size: 1048576.
 - enlarge_chunks_in_place: 1.
 - new_chunks_are_fully_committed: 0.
 - uncommit_free_chunks: 1.
 - use_allocation_guard: 0.
 - handle_deallocations: 1.


Internal statistics:

num_allocs_failed_limit: 6.
num_arena_births: 330.
num_arena_deaths: 0.
num_vsnodes_births: 11.
num_vsnodes_deaths: 0.
num_space_committed: 1290.
num_space_uncommitted: 0.
num_chunks_returned_to_freelist: 6.
num_chunks_taken_from_freelist: 2960.
num_chunk_merges: 3.
num_chunk_splits: 2451.
num_chunks_enlarged: 2209.
num_purges: 0.
num_inconsistent_stats: 0.

CodeHeap 'non-profiled nmethods': size=120000Kb used=4795Kb max_used=4795Kb free=115204Kb
 bounds [0x000002678aed0000, 0x000002678b380000, 0x0000026792400000]
CodeHeap 'profiled nmethods': size=120000Kb used=27411Kb max_used=28611Kb free=92588Kb
 bounds [0x0000026783400000, 0x0000026785000000, 0x000002678a930000]
CodeHeap 'non-nmethods': size=5760Kb used=1387Kb max_used=1468Kb free=4372Kb
 bounds [0x000002678a930000, 0x000002678aba0000, 0x000002678aed0000]
 total_blobs=10748 nmethods=10029 adapters=629
 compilation: enabled
              stopped_count=0, restarted_count=0
 full_count=0

Compilation events (20 events):
Event: 36.048 Thread 0x0000026796e352d0 11755       3       org.jetbrains.kotlin.backend.jvm.lower.JvmValueClassAbstractLowering::visitExpression (13 bytes)
Event: 36.049 Thread 0x0000026796e352d0 nmethod 11755 0x00000267839cfd90 code [0x00000267839d0040, 0x00000267839d0ba8]
Event: 36.049 Thread 0x0000026796e352d0 11756       1       org.jetbrains.kotlin.psi2ir.descriptors.IrBuiltInsOverDescriptors::getEqeqSymbol (5 bytes)
Event: 36.049 Thread 0x0000026796e352d0 nmethod 11756 0x000002678b37dc10 code [0x000002678b37dda0, 0x000002678b37de78]
Event: 36.049 Thread 0x0000026796e352d0 11757       3       org.jetbrains.kotlin.backend.jvm.lower.JvmInlineClassLowering::getReplacements (11 bytes)
Event: 36.049 Thread 0x0000026796e352d0 nmethod 11757 0x00000267837ed510 code [0x00000267837ed6a0, 0x00000267837ed7d8]
Event: 36.050 Thread 0x000002679d6b8db0 11758       4       org.jetbrains.kotlin.ir.declarations.lazy.IrLazyFunctionBase$DefaultImpls::toIrType (15 bytes)
Event: 36.052 Thread 0x000002679d6b8db0 nmethod 11758 0x000002678b37df10 code [0x000002678b37e0a0, 0x000002678b37e208]
Event: 36.053 Thread 0x0000026796e352d0 11759   !   3       org.jetbrains.kotlin.ir.util.SymbolTable::referenceTypeParameter (218 bytes)
Event: 36.056 Thread 0x0000026796e352d0 nmethod 11759 0x0000026784406510 code [0x0000026784406980, 0x0000026784408d18]
Event: 36.058 Thread 0x000002679d6b8db0 11760       4       org.jetbrains.kotlin.storage.DefaultSimpleLock::lock (10 bytes)
Event: 36.061 Thread 0x000002679d6b8db0 nmethod 11760 0x000002678b37e410 code [0x000002678b37e5a0, 0x000002678b37e7b8]
Event: 36.063 Thread 0x0000026796e352d0 11761       3       org.jetbrains.kotlin.ir.declarations.impl.IrConstructorImpl::setTypeParameters (12 bytes)
Event: 36.063 Thread 0x0000026796e352d0 nmethod 11761 0x00000267839cf310 code [0x00000267839cf520, 0x00000267839cfb18]
Event: 36.064 Thread 0x000002679d6b8db0 11762       4       org.jetbrains.kotlin.ir.visitors.IrElementTransformerVoid::visitDeclarationReference (16 bytes)
Event: 36.065 Thread 0x000002679d6b8db0 nmethod 11762 0x000002678b37e910 code [0x000002678b37ea80, 0x000002678b37eb38]
Event: 36.065 Thread 0x000002679d6b8db0 11763       4       org.jetbrains.kotlin.ir.IrElementBase::acceptChildren (7 bytes)
Event: 36.066 Thread 0x000002679d6b8db0 nmethod 11763 0x000002678b37ec10 code [0x000002678b37ed80, 0x000002678b37ee18]
Event: 36.066 Thread 0x0000026796e352d0 11764       3       org.jetbrains.kotlin.ir.expressions.impl.IrExpressionBodyImpl::getExpression (17 bytes)
Event: 36.067 Thread 0x0000026796e352d0 nmethod 11764 0x0000026784d1f810 code [0x0000026784d1fa80, 0x0000026784d202d8]

GC Heap History (20 events):
Event: 22.013 GC heap before
{Heap before GC invocations=19 (full 0):
 garbage-first heap   total 116736K, used 84161K [0x00000000c1e00000, 0x0000000100000000)
  region size 1024K, 52 young (53248K), 1 survivors (1024K)
 Metaspace       used 55802K, committed 56064K, reserved 1105920K
  class space    used 6615K, committed 6720K, reserved 1048576K
}
Event: 22.044 GC heap after
{Heap after GC invocations=20 (full 0):
 garbage-first heap   total 116736K, used 38964K [0x00000000c1e00000, 0x0000000100000000)
  region size 1024K, 7 young (7168K), 7 survivors (7168K)
 Metaspace       used 55802K, committed 56064K, reserved 1105920K
  class space    used 6615K, committed 6720K, reserved 1048576K
}
Event: 22.123 GC heap before
{Heap before GC invocations=20 (full 0):
 garbage-first heap   total 116736K, used 39988K [0x00000000c1e00000, 0x0000000100000000)
  region size 1024K, 8 young (8192K), 7 survivors (7168K)
 Metaspace       used 55839K, committed 56064K, reserved 1105920K
  class space    used 6615K, committed 6720K, reserved 1048576K
}
Event: 22.144 GC heap after
{Heap after GC invocations=21 (full 0):
 garbage-first heap   total 116736K, used 39064K [0x00000000c1e00000, 0x0000000100000000)
  region size 1024K, 1 young (1024K), 1 survivors (1024K)
 Metaspace       used 55839K, committed 56064K, reserved 1105920K
  class space    used 6615K, committed 6720K, reserved 1048576K
}
Event: 23.762 GC heap before
{Heap before GC invocations=21 (full 0):
 garbage-first heap   total 116736K, used 84120K [0x00000000c1e00000, 0x0000000100000000)
  region size 1024K, 45 young (46080K), 1 survivors (1024K)
 Metaspace       used 57255K, committed 57408K, reserved 1105920K
  class space    used 6781K, committed 6848K, reserved 1048576K
}
Event: 23.786 GC heap after
{Heap after GC invocations=22 (full 0):
 garbage-first heap   total 116736K, used 45472K [0x00000000c1e00000, 0x0000000100000000)
  region size 1024K, 6 young (6144K), 6 survivors (6144K)
 Metaspace       used 57255K, committed 57408K, reserved 1105920K
  class space    used 6781K, committed 6848K, reserved 1048576K
}
Event: 26.494 GC heap before
{Heap before GC invocations=22 (full 0):
 garbage-first heap   total 116736K, used 85408K [0x00000000c1e00000, 0x0000000100000000)
  region size 1024K, 45 young (46080K), 6 survivors (6144K)
 Metaspace       used 63729K, committed 64064K, reserved 1105920K
  class space    used 7648K, committed 7808K, reserved 1048576K
}
Event: 26.529 GC heap after
{Heap after GC invocations=23 (full 0):
 garbage-first heap   total 116736K, used 50564K [0x00000000c1e00000, 0x0000000100000000)
  region size 1024K, 5 young (5120K), 5 survivors (5120K)
 Metaspace       used 63729K, committed 64064K, reserved 1105920K
  class space    used 7648K, committed 7808K, reserved 1048576K
}
Event: 29.344 GC heap before
{Heap before GC invocations=23 (full 0):
 garbage-first heap   total 116736K, used 89476K [0x00000000c1e00000, 0x0000000100000000)
  region size 1024K, 42 young (43008K), 5 survivors (5120K)
 Metaspace       used 66330K, committed 66624K, reserved 1114112K
  class space    used 7850K, committed 8000K, reserved 1048576K
}
Event: 29.374 GC heap after
{Heap after GC invocations=24 (full 0):
 garbage-first heap   total 116736K, used 56725K [0x00000000c1e00000, 0x0000000100000000)
  region size 1024K, 6 young (6144K), 6 survivors (6144K)
 Metaspace       used 66330K, committed 66624K, reserved 1114112K
  class space    used 7850K, committed 8000K, reserved 1048576K
}
Event: 31.385 GC heap before
{Heap before GC invocations=24 (full 0):
 garbage-first heap   total 116736K, used 89493K [0x00000000c1e00000, 0x0000000100000000)
  region size 1024K, 38 young (38912K), 6 survivors (6144K)
 Metaspace       used 71690K, committed 72000K, reserved 1114112K
  class space    used 8386K, committed 8512K, reserved 1048576K
}
Event: 31.415 GC heap after
{Heap after GC invocations=25 (full 0):
 garbage-first heap   total 116736K, used 60188K [0x00000000c1e00000, 0x0000000100000000)
  region size 1024K, 4 young (4096K), 4 survivors (4096K)
 Metaspace       used 71690K, committed 72000K, reserved 1114112K
  class space    used 8386K, committed 8512K, reserved 1048576K
}
Event: 33.578 GC heap before
{Heap before GC invocations=25 (full 0):
 garbage-first heap   total 116736K, used 90908K [0x00000000c1e00000, 0x0000000100000000)
  region size 1024K, 34 young (34816K), 4 survivors (4096K)
 Metaspace       used 75946K, committed 76224K, reserved 1122304K
  class space    used 8821K, committed 8960K, reserved 1048576K
}
Event: 33.607 GC heap after
{Heap after GC invocations=26 (full 0):
 garbage-first heap   total 116736K, used 64108K [0x00000000c1e00000, 0x0000000100000000)
  region size 1024K, 4 young (4096K), 4 survivors (4096K)
 Metaspace       used 75946K, committed 76224K, reserved 1122304K
  class space    used 8821K, committed 8960K, reserved 1048576K
}
Event: 34.612 GC heap before
{Heap before GC invocations=27 (full 0):
 garbage-first heap   total 116736K, used 91756K [0x00000000c1e00000, 0x0000000100000000)
  region size 1024K, 31 young (31744K), 4 survivors (4096K)
 Metaspace       used 79060K, committed 79360K, reserved 1122304K
  class space    used 9119K, committed 9280K, reserved 1048576K
}
Event: 34.643 GC heap after
{Heap after GC invocations=28 (full 0):
 garbage-first heap   total 116736K, used 68348K [0x00000000c1e00000, 0x0000000100000000)
  region size 1024K, 4 young (4096K), 4 survivors (4096K)
 Metaspace       used 79060K, committed 79360K, reserved 1122304K
  class space    used 9119K, committed 9280K, reserved 1048576K
}
Event: 34.655 GC heap before
{Heap before GC invocations=28 (full 0):
 garbage-first heap   total 116736K, used 69372K [0x00000000c1e00000, 0x0000000100000000)
  region size 1024K, 5 young (5120K), 4 survivors (4096K)
 Metaspace       used 79062K, committed 79360K, reserved 1122304K
  class space    used 9119K, committed 9280K, reserved 1048576K
}
Event: 34.688 GC heap after
{Heap after GC invocations=29 (full 0):
 garbage-first heap   total 116736K, used 67768K [0x00000000c1e00000, 0x0000000100000000)
  region size 1024K, 1 young (1024K), 1 survivors (1024K)
 Metaspace       used 79062K, committed 79360K, reserved 1122304K
  class space    used 9119K, committed 9280K, reserved 1048576K
}
Event: 35.773 GC heap before
{Heap before GC invocations=29 (full 0):
 garbage-first heap   total 116736K, used 91320K [0x00000000c1e00000, 0x0000000100000000)
  region size 1024K, 25 young (25600K), 1 survivors (1024K)
 Metaspace       used 82266K, committed 82560K, reserved 1130496K
  class space    used 9447K, committed 9600K, reserved 1048576K
}
Event: 35.782 GC heap after
{Heap after GC invocations=30 (full 0):
 garbage-first heap   total 116736K, used 68110K [0x00000000c1e00000, 0x0000000100000000)
  region size 1024K, 2 young (2048K), 2 survivors (2048K)
 Metaspace       used 82266K, committed 82560K, reserved 1130496K
  class space    used 9447K, committed 9600K, reserved 1048576K
}

Dll operation events (2 events):
Event: 0.082 Loaded shared library C:\Program Files\Android\Android Studio\jbr\bin\java.dll
Event: 11.792 Loaded shared library C:\Program Files\Android\Android Studio\jbr\bin\verify.dll

Deoptimization events (20 events):
Event: 35.849 Thread 0x00000267ffe6d240 Uncommon trap: trap_request=0xffffffde fr.pc=0x000002678b239208 relative=0x00000000000008a8
Event: 35.849 Thread 0x00000267ffe6d240 Uncommon trap: reason=class_check action=maybe_recompile pc=0x000002678b239208 method=org.jetbrains.kotlin.ir.declarations.IrFunction.acceptChildren(Lorg/jetbrains/kotlin/ir/visitors/IrElementVisitor;Ljava/lang/Object;)V @ 143 c2
Event: 35.849 Thread 0x00000267ffe6d240 DEOPT PACKING pc=0x000002678b239208 sp=0x0000009ee17fc260
Event: 35.849 Thread 0x00000267ffe6d240 DEOPT UNPACKING pc=0x000002678a98699d sp=0x0000009ee17fc1e8 mode 2
Event: 35.849 Thread 0x00000267ffe6d240 Uncommon trap: trap_request=0xffffffde fr.pc=0x000002678b31e628 relative=0x0000000000000088
Event: 35.849 Thread 0x00000267ffe6d240 Uncommon trap: reason=class_check action=maybe_recompile pc=0x000002678b31e628 method=org.jetbrains.kotlin.ir.declarations.IrValueParameter.acceptChildren(Lorg/jetbrains/kotlin/ir/visitors/IrElementVisitor;Ljava/lang/Object;)V @ 7 c2
Event: 35.849 Thread 0x00000267ffe6d240 DEOPT PACKING pc=0x000002678b31e628 sp=0x0000009ee17fbf50
Event: 35.849 Thread 0x00000267ffe6d240 DEOPT UNPACKING pc=0x000002678a98699d sp=0x0000009ee17fbee8 mode 2
Event: 35.850 Thread 0x00000267ffe6d240 Uncommon trap: trap_request=0xffffffc6 fr.pc=0x000002678b23905c relative=0x00000000000006fc
Event: 35.850 Thread 0x00000267ffe6d240 Uncommon trap: reason=bimorphic_or_optimized_type_check action=maybe_recompile pc=0x000002678b23905c method=org.jetbrains.kotlin.ir.declarations.IrFunction.acceptChildren(Lorg/jetbrains/kotlin/ir/visitors/IrElementVisitor;Ljava/lang/Object;)V @ 115 c2
Event: 35.850 Thread 0x00000267ffe6d240 DEOPT PACKING pc=0x000002678b23905c sp=0x0000009ee17fc130
Event: 35.850 Thread 0x00000267ffe6d240 DEOPT UNPACKING pc=0x000002678a98699d sp=0x0000009ee17fc0b8 mode 2
Event: 35.985 Thread 0x00000267ffe6d240 Uncommon trap: trap_request=0xffffff45 fr.pc=0x000002678af911c4 relative=0x0000000000000124
Event: 35.985 Thread 0x00000267ffe6d240 Uncommon trap: reason=unstable_if action=reinterpret pc=0x000002678af911c4 method=org.jetbrains.kotlin.ir.util.IrFakeOverrideUtilsKt$resolveFakeOverrideOrNull$2.invoke(Lorg/jetbrains/kotlin/ir/declarations/IrOverridableDeclaration;)Ljava/lang/Boolean; @ 1
Event: 35.987 Thread 0x00000267ffe6d240 DEOPT PACKING pc=0x000002678af911c4 sp=0x0000009ee17fc3c0
Event: 35.987 Thread 0x00000267ffe6d240 DEOPT UNPACKING pc=0x000002678a98699d sp=0x0000009ee17fc2f0 mode 2
Event: 36.016 Thread 0x00000267ffe6d240 Uncommon trap: trap_request=0xffffff45 fr.pc=0x000002678b26d0f8 relative=0x00000000000004f8
Event: 36.016 Thread 0x00000267ffe6d240 Uncommon trap: reason=unstable_if action=reinterpret pc=0x000002678b26d0f8 method=org.jetbrains.kotlin.backend.jvm.MfvcNodeKt.needsMfvcFlattening(Lorg/jetbrains/kotlin/ir/types/IrType;)Z @ 31 c2
Event: 36.016 Thread 0x00000267ffe6d240 DEOPT PACKING pc=0x000002678b26d0f8 sp=0x0000009ee17fbce0
Event: 36.016 Thread 0x00000267ffe6d240 DEOPT UNPACKING pc=0x000002678a98699d sp=0x0000009ee17fbc78 mode 2

Classes unloaded (0 events):
No events

Classes redefined (0 events):
No events

Internal exceptions (20 events):
Event: 23.141 Thread 0x00000267ffe6d240 Implicit null exception at 0x000002678b1bfc40 to 0x000002678b1c0cfc
Event: 23.197 Thread 0x00000267ffe6d240 Exception <a 'java/lang/NoSuchMethodError'{0x00000000c76c1f40}: 'java.lang.Object java.lang.invoke.DirectMethodHandle$Holder.newInvokeSpecial(java.lang.Object, int, java.lang.Object, java.lang.Object)'> (0x00000000c76c1f40) 
thrown [s\src\hotspot\share\interpreter\linkResolver.cpp, line 771]
Event: 24.024 Thread 0x00000267ffe6d240 Exception <a 'java/lang/NoSuchMethodError'{0x00000000c8820f88}: 'java.lang.Object java.lang.invoke.DirectMethodHandle$Holder.invokeStatic(java.lang.Object, java.lang.Object, java.lang.Object, java.lang.Object, int)'> (0x00000000c8820f88) 
thrown [s\src\hotspot\share\interpreter\linkResolver.cpp, line 771]
Event: 24.026 Thread 0x00000267ffe6d240 Exception <a 'java/lang/NoSuchMethodError'{0x00000000c882ac70}: 'java.lang.Object java.lang.invoke.DirectMethodHandle$Holder.newInvokeSpecial(java.lang.Object, java.lang.Object, java.lang.Object, java.lang.Object, int)'> (0x00000000c882ac70) 
thrown [s\src\hotspot\share\interpreter\linkResolver.cpp, line 771]
Event: 24.027 Thread 0x00000267ffe6d240 Exception <a 'java/lang/NoSuchMethodError'{0x00000000c8832d40}: 'java.lang.Object java.lang.invoke.Invokers$Holder.linkToTargetMethod(java.lang.Object, java.lang.Object, java.lang.Object, int, java.lang.Object)'> (0x00000000c8832d40) 
thrown [s\src\hotspot\share\interpreter\linkResolver.cpp, line 771]
Event: 24.181 Thread 0x00000267ffe6d240 Exception <a 'java/lang/NoSuchMethodError'{0x00000000c85417a0}: 'void java.lang.invoke.DirectMethodHandle$Holder.invokeInterface(java.lang.Object, java.lang.Object)'> (0x00000000c85417a0) 
thrown [s\src\hotspot\share\interpreter\linkResolver.cpp, line 771]
Event: 25.079 Thread 0x00000267ffe6d240 Exception <a 'java/lang/NoSuchMethodError'{0x00000000c770f6a8}: 'java.lang.Object java.lang.invoke.DirectMethodHandle$Holder.newInvokeSpecial(java.lang.Object, java.lang.Object, java.lang.Object, java.lang.Object, java.lang.Object, java.lang.Object, java.lang.Object)'> (0x00000000c770f6a8) 
thrown [s\src\hotspot\share\interpreter\linkResolver.cpp, line 771]
Event: 25.079 Thread 0x00000267ffe6d240 Exception <a 'java/lang/NoSuchMethodError'{0x00000000c7713e28}: 'java.lang.Object java.lang.invoke.Invokers$Holder.linkToTargetMethod(java.lang.Object, java.lang.Object, java.lang.Object, java.lang.Object, java.lang.Object, java.lang.Object, java.lang.Object)'> (0x00000000c7713e28) 
thrown [s\src\hotspot\share\interpreter\linkResolver.cpp, line 771]
Event: 25.251 Thread 0x00000267ffe6d240 Exception <a 'java/lang/NoSuchMethodError'{0x00000000c76ebe90}: 'java.lang.Object java.lang.invoke.DirectMethodHandle$Holder.invokeInterface(java.lang.Object, java.lang.Object, java.lang.Object)'> (0x00000000c76ebe90) 
thrown [s\src\hotspot\share\interpreter\linkResolver.cpp, line 771]
Event: 25.252 Thread 0x00000267ffe6d240 Exception <a 'java/lang/IncompatibleClassChangeError'{0x00000000c76ef800}: Found class java.lang.Object, but interface was expected> (0x00000000c76ef800) 
thrown [s\src\hotspot\share\interpreter\linkResolver.cpp, line 838]
Event: 26.428 Thread 0x00000267ffe6d240 Exception <a 'java/lang/IncompatibleClassChangeError'{0x00000000c698d548}: Found class java.lang.Object, but interface was expected> (0x00000000c698d548) 
thrown [s\src\hotspot\share\interpreter\linkResolver.cpp, line 838]
Event: 26.579 Thread 0x00000267ffe6d240 Exception <a 'java/lang/NoSuchMethodError'{0x00000000c9399748}: 'java.lang.Object java.lang.invoke.DirectMethodHandle$Holder.invokeStatic(java.lang.Object, int, java.lang.Object)'> (0x00000000c9399748) 
thrown [s\src\hotspot\share\interpreter\linkResolver.cpp, line 771]
Event: 30.519 Thread 0x00000267ffe6d240 Exception <a 'java/lang/NoSuchMethodError'{0x00000000c821e0f8}: 'java.lang.Object java.lang.invoke.DirectMethodHandle$Holder.invokeStaticInit(java.lang.Object, java.lang.Object, java.lang.Object, java.lang.Object)'> (0x00000000c821e0f8) 
thrown [s\src\hotspot\share\interpreter\linkResolver.cpp, line 771]
Event: 30.986 Thread 0x00000267ffe6d240 Implicit null exception at 0x000002678af30de0 to 0x000002678af30e7a
Event: 31.062 Thread 0x00000267ffe6d240 Exception <a 'java/lang/NoSuchMethodError'{0x00000000c73f10a8}: 'java.lang.Object java.lang.invoke.DirectMethodHandle$Holder.newInvokeSpecial(java.lang.Object, java.lang.Object, java.lang.Object, int, int)'> (0x00000000c73f10a8) 
thrown [s\src\hotspot\share\interpreter\linkResolver.cpp, line 771]
Event: 31.063 Thread 0x00000267ffe6d240 Exception <a 'java/lang/NoSuchMethodError'{0x00000000c73f4ee8}: 'java.lang.Object java.lang.invoke.DirectMethodHandle$Holder.invokeSpecial(java.lang.Object, java.lang.Object, java.lang.Object, java.lang.Object, int, int)'> (0x00000000c73f4ee8) 
thrown [s\src\hotspot\share\interpreter\linkResolver.cpp, line 771]
Event: 31.135 Thread 0x00000267ffe6d240 Exception <a 'java/lang/NoSuchMethodError'{0x00000000c72fcf28}: 'java.lang.Object java.lang.invoke.DirectMethodHandle$Holder.newInvokeSpecial(java.lang.Object, java.lang.Object, int, int, java.lang.Object, java.lang.Object, java.lang.Object)'> (0x00000000c72fcf28) 
thrown [s\src\hotspot\share\interpreter\linkResolver.cpp, line 771]
Event: 31.144 Thread 0x00000267ffe6d240 Exception <a 'java/lang/NoSuchMethodError'{0x00000000c71019e0}: 'java.lang.Object java.lang.invoke.DirectMethodHandle$Holder.invokeSpecial(java.lang.Object, java.lang.Object, java.lang.Object, int, int, java.lang.Object, java.lang.Object, java.lang.Object)'> (0x00000000c71019e0) 
thrown [s\src\hotspot\share\interpreter\linkResolver.cpp, line 771]
Event: 31.176 Thread 0x00000267ffe6d240 Exception <a 'java/lang/NoSuchMethodError'{0x00000000c71462c0}: 'java.lang.Object java.lang.invoke.Invokers$Holder.linkToTargetMethod(java.lang.Object, java.lang.Object, int, int, java.lang.Object, java.lang.Object, java.lang.Object, java.lang.Object, java.lang.Object)'> (0x00000000c71462c0) 
thrown [s\src\hotspot\share\interpreter\linkResolver.cpp, line 771]
Event: 31.939 Thread 0x00000267ffe6d240 Implicit null exception at 0x000002678af39416 to 0x000002678af39680

VM Operations (20 events):
Event: 35.470 Executing VM operation: HandshakeAllThreads done
Event: 35.472 Executing VM operation: HandshakeAllThreads
Event: 35.472 Executing VM operation: HandshakeAllThreads done
Event: 35.486 Executing VM operation: HandshakeAllThreads
Event: 35.486 Executing VM operation: HandshakeAllThreads done
Event: 35.545 Executing VM operation: HandshakeAllThreads
Event: 35.545 Executing VM operation: HandshakeAllThreads done
Event: 35.614 Executing VM operation: HandshakeAllThreads
Event: 35.614 Executing VM operation: HandshakeAllThreads done
Event: 35.651 Executing VM operation: HandshakeAllThreads
Event: 35.651 Executing VM operation: HandshakeAllThreads done
Event: 35.666 Executing VM operation: ICBufferFull
Event: 35.667 Executing VM operation: ICBufferFull done
Event: 35.773 Executing VM operation: G1CollectForAllocation
Event: 35.786 Executing VM operation: G1CollectForAllocation done
Event: 35.830 Executing VM operation: HandshakeAllThreads
Event: 35.830 Executing VM operation: HandshakeAllThreads done
Event: 35.832 Executing VM operation: HandshakeAllThreads
Event: 35.832 Executing VM operation: HandshakeAllThreads done
Event: 36.077 Executing VM operation: G1Concurrent

Events (20 events):
Event: 35.571 Thread 0x00000267978514e0 flushing nmethod 0x0000026784845b10
Event: 35.572 Thread 0x00000267978514e0 flushing nmethod 0x000002678486e890
Event: 35.573 Thread 0x00000267978514e0 flushing nmethod 0x0000026784926810
Event: 35.573 Thread 0x00000267978514e0 flushing nmethod 0x000002678492ef90
Event: 35.574 Thread 0x00000267978514e0 flushing nmethod 0x000002678498f810
Event: 35.574 Thread 0x00000267978514e0 flushing nmethod 0x000002678499bc90
Event: 35.574 Thread 0x00000267978514e0 flushing nmethod 0x0000026784a38110
Event: 35.574 Thread 0x00000267978514e0 flushing nmethod 0x0000026784a61d10
Event: 35.575 Thread 0x00000267978514e0 flushing nmethod 0x0000026784aace90
Event: 35.575 Thread 0x00000267978514e0 flushing nmethod 0x0000026784afe090
Event: 35.575 Thread 0x00000267978514e0 flushing nmethod 0x0000026784b1b190
Event: 35.575 Thread 0x00000267978514e0 flushing nmethod 0x0000026784b54710
Event: 35.576 Thread 0x00000267978514e0 flushing nmethod 0x0000026784b8ca90
Event: 35.576 Thread 0x00000267978514e0 flushing nmethod 0x0000026784baf810
Event: 35.576 Thread 0x00000267978514e0 flushing nmethod 0x0000026784bf3a10
Event: 35.577 Thread 0x00000267978514e0 flushing nmethod 0x0000026784cbd490
Event: 35.577 Thread 0x00000267978514e0 flushing nmethod 0x0000026784cc6890
Event: 35.577 Thread 0x00000267978514e0 flushing nmethod 0x0000026784cd0b10
Event: 35.577 Thread 0x00000267978514e0 flushing nmethod 0x0000026784d0a090
Event: 35.577 Thread 0x00000267978514e0 flushing nmethod 0x0000026784d1e110


Dynamic libraries:
0x00007ff79b230000 - 0x00007ff79b23a000 	C:\Program Files\Android\Android Studio\jbr\bin\java.exe
0x00007ffad4950000 - 0x00007ffad4b67000 	C:\WINDOWS\SYSTEM32\ntdll.dll
0x00007ffad33b0000 - 0x00007ffad3474000 	C:\WINDOWS\System32\KERNEL32.DLL
0x00007ffad2040000 - 0x00007ffad23e6000 	C:\WINDOWS\System32\KERNELBASE.dll
0x00007ffad1d30000 - 0x00007ffad1e41000 	C:\WINDOWS\System32\ucrtbase.dll
0x00007ffabbe00000 - 0x00007ffabbe17000 	C:\Program Files\Android\Android Studio\jbr\bin\jli.dll
0x00007ffad28a0000 - 0x00007ffad2a4e000 	C:\WINDOWS\System32\USER32.dll
0x00007ffad23f0000 - 0x00007ffad2416000 	C:\WINDOWS\System32\win32u.dll
0x00007ffad3f50000 - 0x00007ffad3f79000 	C:\WINDOWS\System32\GDI32.dll
0x00007ffabbde0000 - 0x00007ffabbdfb000 	C:\Program Files\Android\Android Studio\jbr\bin\VCRUNTIME140.dll
0x00007ffabd1f0000 - 0x00007ffabd483000 	C:\WINDOWS\WinSxS\amd64_microsoft.windows.common-controls_6595b64144ccf1df_6.0.22621.2506_none_270c5ae97388e100\COMCTL32.dll
0x00007ffad26d0000 - 0x00007ffad2777000 	C:\WINDOWS\System32\msvcrt.dll
0x00007ffad2580000 - 0x00007ffad2698000 	C:\WINDOWS\System32\gdi32full.dll
0x00007ffad1c90000 - 0x00007ffad1d2a000 	C:\WINDOWS\System32\msvcp_win.dll
0x00007ffad35c0000 - 0x00007ffad35f1000 	C:\WINDOWS\System32\IMM32.DLL
0x00007ffabbb20000 - 0x00007ffabbb2c000 	C:\Program Files\Android\Android Studio\jbr\bin\vcruntime140_1.dll
0x00007ffaba8a0000 - 0x00007ffaba92d000 	C:\Program Files\Android\Android Studio\jbr\bin\msvcp140.dll
0x00007ffa891a0000 - 0x00007ffa89e0e000 	C:\Program Files\Android\Android Studio\jbr\bin\server\jvm.dll
0x00007ffad4850000 - 0x00007ffad4903000 	C:\WINDOWS\System32\ADVAPI32.dll
0x00007ffad30e0000 - 0x00007ffad3188000 	C:\WINDOWS\System32\sechost.dll
0x00007ffad24e0000 - 0x00007ffad2508000 	C:\WINDOWS\System32\bcrypt.dll
0x00007ffad2780000 - 0x00007ffad2897000 	C:\WINDOWS\System32\RPCRT4.dll
0x00007ffab1100000 - 0x00007ffab1109000 	C:\WINDOWS\SYSTEM32\WSOCK32.dll
0x00007ffad2b50000 - 0x00007ffad2bc1000 	C:\WINDOWS\System32\WS2_32.dll
0x00007ffac6780000 - 0x00007ffac67b4000 	C:\WINDOWS\SYSTEM32\WINMM.dll
0x00007ffac09a0000 - 0x00007ffac09aa000 	C:\WINDOWS\SYSTEM32\VERSION.dll
0x00007ffad0c80000 - 0x00007ffad0c98000 	C:\WINDOWS\SYSTEM32\kernel.appcore.dll
0x00007ffac9b20000 - 0x00007ffac9b2a000 	C:\Program Files\Android\Android Studio\jbr\bin\jimage.dll
0x00007ffacf4c0000 - 0x00007ffacf6f3000 	C:\WINDOWS\SYSTEM32\DBGHELP.DLL
0x00007ffad4320000 - 0x00007ffad46a9000 	C:\WINDOWS\System32\combase.dll
0x00007ffad4240000 - 0x00007ffad4317000 	C:\WINDOWS\System32\OLEAUT32.dll
0x00007ffab4490000 - 0x00007ffab44c2000 	C:\WINDOWS\SYSTEM32\dbgcore.DLL
0x00007ffad1fc0000 - 0x00007ffad203a000 	C:\WINDOWS\System32\bcryptPrimitives.dll
0x00007ffac9550000 - 0x00007ffac9575000 	C:\Program Files\Android\Android Studio\jbr\bin\java.dll
0x00007ffabcbf0000 - 0x00007ffabcc08000 	C:\Program Files\Android\Android Studio\jbr\bin\zip.dll
0x00007ffad3690000 - 0x00007ffad3eea000 	C:\WINDOWS\System32\SHELL32.dll
0x00007ffacfb90000 - 0x00007ffad0486000 	C:\WINDOWS\SYSTEM32\windows.storage.dll
0x00007ffacfa50000 - 0x00007ffacfb8e000 	C:\WINDOWS\SYSTEM32\wintypes.dll
0x00007ffad2a50000 - 0x00007ffad2b43000 	C:\WINDOWS\System32\SHCORE.dll
0x00007ffad3050000 - 0x00007ffad30ae000 	C:\WINDOWS\System32\shlwapi.dll
0x00007ffad1bc0000 - 0x00007ffad1be6000 	C:\WINDOWS\SYSTEM32\profapi.dll
0x00007ffabc130000 - 0x00007ffabc149000 	C:\Program Files\Android\Android Studio\jbr\bin\net.dll
0x00007ffac7740000 - 0x00007ffac7877000 	C:\WINDOWS\SYSTEM32\WINHTTP.dll
0x00007ffad1120000 - 0x00007ffad1189000 	C:\WINDOWS\system32\mswsock.dll
0x00007ffabc0e0000 - 0x00007ffabc0f6000 	C:\Program Files\Android\Android Studio\jbr\bin\nio.dll
0x00007ffac99e0000 - 0x00007ffac99f0000 	C:\Program Files\Android\Android Studio\jbr\bin\verify.dll

dbghelp: loaded successfully - version: 4.0.5 - missing functions: none
symbol engine: initialized successfully - sym options: 0x614 - pdb path: .;C:\Program Files\Android\Android Studio\jbr\bin;C:\WINDOWS\SYSTEM32;C:\WINDOWS\WinSxS\amd64_microsoft.windows.common-controls_6595b64144ccf1df_6.0.22621.2506_none_270c5ae97388e100;C:\Program Files\Android\Android Studio\jbr\bin\server

VM Arguments:
java_command: org.jetbrains.kotlin.cli.jvm.K2JVMCompiler @C:\Users\Dell\Desktop\Android Developement\Notes\app\build\20240114_7495638221838257408.compiler.options
java_class_path (initial): C:\Users\Dell\.gradle\caches\modules-2\files-2.1\org.jetbrains.kotlin\kotlin-compiler-embeddable\1.9.0\2c8c3a7402becca891f12739b3e9fd2dc2adbd7a\kotlin-compiler-embeddable-1.9.0.jar;C:\Users\Dell\.gradle\caches\modules-2\files-2.1\org.jetbrains.kotlin\kotlin-stdlib\1.9.0\8ee15ef0c67dc83d874f412d84378d7f0eb50b63\kotlin-stdlib-1.9.0.jar;C:\Users\Dell\.gradle\caches\modules-2\files-2.1\org.jetbrains.kotlin\kotlin-script-runtime\1.9.0\4b3102cbbb7e1b58d9d1adf89563f00069ffa7d1\kotlin-script-runtime-1.9.0.jar;C:\Users\Dell\.gradle\caches\modules-2\files-2.1\org.jetbrains.kotlin\kotlin-reflect\1.6.10\1cbe9c92c12a94eea200d23c2bbaedaf3daf5132\kotlin-reflect-1.6.10.jar;C:\Users\Dell\.gradle\caches\modules-2\files-2.1\org.jetbrains.kotlin\kotlin-daemon-embeddable\1.9.0\186543f5e28cf8d9a0290fecc2cf34301c40a65c\kotlin-daemon-embeddable-1.9.0.jar;C:\Users\Dell\.gradle\caches\modules-2\files-2.1\org.jetbrains.intellij.deps\trove4j\1.0.20200330\3afb14d5f9ceb459d724e907a21145e8ff394f02\trove4j-1.0.20200330.jar;C:\Users\Dell\.gradle\caches\modules-2\files-2.1\org.jetbrains.kotlin\kotlin-stdlib-common\1.9.0\cd65c21cfd1eec4d44ef09f9f52b6d9f8a720636\kotlin-stdlib-common-1.9.0.jar;C:\Users\Dell\.gradle\caches\modules-2\files-2.1\org.jetbrains\annotations\13.0\919f0dfe192fb4e063e7dacadee7f8bb9a2672a9\annotations-13.0.jar
Launcher Type: SUN_STANDARD

[Global flags]
     intx CICompilerCount                          = 3                                         {product} {ergonomic}
     uint ConcGCThreads                            = 1                                         {product} {ergonomic}
     uint G1ConcRefinementThreads                  = 4                                         {product} {ergonomic}
   size_t G1HeapRegionSize                         = 1048576                                   {product} {ergonomic}
    uintx GCDrainStackTargetSize                   = 64                                        {product} {ergonomic}
   size_t InitialHeapSize                          = 67108864                                  {product} {ergonomic}
   size_t MarkStackSize                            = 4194304                                   {product} {ergonomic}
   size_t MaxHeapSize                              = 1042284544                                {product} {ergonomic}
   size_t MaxNewSize                               = 624951296                                 {product} {ergonomic}
   size_t MinHeapDeltaBytes                        = 1048576                                   {product} {ergonomic}
   size_t MinHeapSize                              = 8388608                                   {product} {ergonomic}
    uintx NonNMethodCodeHeapSize                   = 5832780                                {pd product} {ergonomic}
    uintx NonProfiledCodeHeapSize                  = 122912730                              {pd product} {ergonomic}
    uintx ProfiledCodeHeapSize                     = 122912730                              {pd product} {ergonomic}
    uintx ReservedCodeCacheSize                    = 251658240                              {pd product} {ergonomic}
     bool SegmentedCodeCache                       = true                                      {product} {ergonomic}
   size_t SoftMaxHeapSize                          = 1042284544                             {manageable} {ergonomic}
     bool UseCompressedClassPointers               = true                           {product lp64_product} {ergonomic}
     bool UseCompressedOops                        = true                           {product lp64_product} {ergonomic}
     bool UseG1GC                                  = true                                      {product} {ergonomic}
     bool UseLargePagesIndividualAllocation        = false                                  {pd product} {ergonomic}

Logging:
Log output configuration:
 #0: stdout all=warning uptime,level,tags
 #1: stderr all=off uptime,level,tags

Environment Variables:
PATH=C:\oraclexe\app\oracle\product\11.2.0\server\bin;C:\Program Files\Common Files\Oracle\Java\javapath;C:\Program Files (x86)\Common Files\Intel\Shared Libraries\redist\intel64\compiler;C:\WINDOWS\system32;C:\WINDOWS;C:\WINDOWS\System32\Wbem;C:\WINDOWS\System32\WindowsPowerShell\v1.0\;C:\WINDOWS\System32\OpenSSH\;C:\Program Files\dotnet\;C:\Program Files\Git\cmd;C:\Program Files\nodejs\;C:\Program Files\MySQL\MySQL Shell 8.0\bin\;C:\Users\Dell\AppData\Local\Programs\Python\Python310\Scripts\;C:\Users\Dell\AppData\Local\Programs\Python\Python310\;C:\Users\Dell\AppData\Local\Microsoft\WindowsApps;C:\Users\Dell\AppData\Local\Programs\Python\Python310\Scripts;C:\Users\Dell\AppData\Local\Programs\Microsoft VS Code\bin;C:\MinGW\bin;;C:\Program Files\JetBrains\IntelliJ IDEA Community Edition 2021.3.3\bin;;C:\Users\Dell\AppData\Roaming\npm;C:\Program Files\sf\bin
USERNAME=Dell
OS=Windows_NT
PROCESSOR_IDENTIFIER=Intel64 Family 6 Model 142 Stepping 12, GenuineIntel
TMP=C:\Users\Dell\AppData\Local\Temp
TEMP=C:\Users\Dell\AppData\Local\Temp


JNI global refs:
JNI global refs: 9, weak refs: 0

JNI global refs memory usage: 843, weak refs: 841


---------------  S Y S T E M  ---------------

OS:
 Windows 11 , 64 bit Build 22621 (10.0.22621.2506)
OS uptime: 0 days 0:34 hours
Hyper-V role detected

CPU: total 4 (initial active 4) (2 cores per cpu, 2 threads per core) family 6 model 142 stepping 12 microcode 0xf8, cx8, cmov, fxsr, ht, mmx, 3dnowpref, sse, sse2, sse3, ssse3, sse4.1, sse4.2, popcnt, lzcnt, tsc, tscinvbit, aes, erms, clmul, clflush, clflushopt, hv

Memory: 4k page, system-wide physical 3971M (497M free)
TotalPageFile size 10115M (AvailPageFile size 5M)
current process WorkingSet (physical memory assigned to process): 321M, peak: 321M
current process commit charge ("private bytes"): 358M, peak: 360M

vm_info: OpenJDK 64-Bit Server VM (17.0.6+0-b2043.56-10027231) for windows-amd64 JRE (17.0.6+0-b2043.56-10027231), built on Apr 28 2023 00:43:19 by "androidbuild" with MS VC++ 16.10 / 16.11 (VS2019)

END.
