#
# There is insufficient memory for the Java Runtime Environment to continue.
# Native memory allocation (mmap) failed to map 122683392 bytes for G1 virtual space
# Possible reasons:
#   The system is out of physical RAM or swap space
#   The process is running with CompressedOops enabled, and the Java Heap may be blocking the growth of the native heap
# Possible solutions:
#   Reduce memory load on the system
#   Increase physical memory or swap space
#   Check if swap backing store is full
#   Decrease Java heap size (-Xmx/-Xms)
#   Decrease number of Java threads
#   Decrease Java thread stack sizes (-Xss)
#   Set larger code cache with -XX:ReservedCodeCacheSize=
#   JVM is running with Unscaled Compressed Oops mode in which the Java heap is
#     placed in the first 4GB address space. The Java Heap base address is the
#     maximum limit for the native heap growth. Please use -XX:HeapBaseMinAddress
#     to set the Java Heap base and to place the Java Heap above 4GB virtual address.
# This output file may be truncated or incomplete.
#
#  Out of Memory Error (os_windows.cpp:3769), pid=4776, tid=14652
#
# JRE version: OpenJDK Runtime Environment (17.0.6) (build 17.0.6+0-b2043.56-10027231)
# Java VM: OpenJDK 64-Bit Server VM (17.0.6+0-b2043.56-10027231, mixed mode, tiered, compressed oops, compressed class ptrs, g1 gc, windows-amd64)
# No core dump will be written. Minidumps are not enabled by default on client versions of Windows
#

---------------  S U M M A R Y ------------

Command Line: org.jetbrains.kotlin.cli.jvm.K2JVMCompiler @C:\Users\Dell\Desktop\Android Developement\Notes\app\build\20240113_14428962240783504775.compiler.options

Host: Intel(R) Pentium(R) CPU 5405U @ 2.30GHz, 4 cores, 3G,  Windows 11 , 64 bit Build 22621 (10.0.22621.2506)
Time: Sat Jan 13 05:09:24 2024 India Standard Time elapsed time: 11.084298 seconds (0d 0h 0m 11s)

---------------  T H R E A D  ---------------

Current thread (0x0000014f0f172510):  VMThread "VM Thread" [stack: 0x000000448e300000,0x000000448e400000] [id=14652]

Stack: [0x000000448e300000,0x000000448e400000]
Native frames: (J=compiled Java code, j=interpreted, Vv=VM code, C=native code)
V  [jvm.dll+0x683c9a]
V  [jvm.dll+0x8427a4]
V  [jvm.dll+0x843f9e]
V  [jvm.dll+0x844603]
V  [jvm.dll+0x249b75]
V  [jvm.dll+0x680b69]
V  [jvm.dll+0x67505a]
V  [jvm.dll+0x309acb]
V  [jvm.dll+0x310f86]
V  [jvm.dll+0x3608ee]
V  [jvm.dll+0x360b1f]
V  [jvm.dll+0x2dfbf8]
V  [jvm.dll+0x2ddec4]
V  [jvm.dll+0x2dd4cc]
V  [jvm.dll+0x321f3b]
V  [jvm.dll+0x848ccb]
V  [jvm.dll+0x849a04]
V  [jvm.dll+0x849f1d]
V  [jvm.dll+0x84a2f4]
V  [jvm.dll+0x84a3c0]
V  [jvm.dll+0x7f274a]
V  [jvm.dll+0x682ad5]
C  [ucrtbase.dll+0x29363]
C  [KERNEL32.DLL+0x1257d]
C  [ntdll.dll+0x5aa58]

VM_Operation (0x000000448ddfabe0): G1CollectForAllocation, mode: safepoint, requested by thread 0x0000014f782e7600


---------------  P R O C E S S  ---------------

Threads class SMR info:
_java_thread_list=0x0000014f12ee39e0, length=12, elements={
0x0000014f782e7600, 0x0000014f0f195260, 0x0000014f0f196870, 0x0000014f0f1d2690,
0x0000014f0f1d9260, 0x0000014f0f1d9c10, 0x0000014f0f1ee7c0, 0x0000014f0fc21300,
0x0000014f0f1f41d0, 0x0000014f0f1f8700, 0x0000014f0fd65780, 0x0000014f0fd79010
}

Java Threads: ( => current thread )
  0x0000014f782e7600 JavaThread "main" [_thread_blocked, id=2988, stack(0x000000448dd00000,0x000000448de00000)]
  0x0000014f0f195260 JavaThread "Reference Handler" daemon [_thread_blocked, id=3420, stack(0x000000448e400000,0x000000448e500000)]
  0x0000014f0f196870 JavaThread "Finalizer" daemon [_thread_blocked, id=540, stack(0x000000448e500000,0x000000448e600000)]
  0x0000014f0f1d2690 JavaThread "Signal Dispatcher" daemon [_thread_blocked, id=12320, stack(0x000000448e600000,0x000000448e700000)]
  0x0000014f0f1d9260 JavaThread "Attach Listener" daemon [_thread_blocked, id=14580, stack(0x000000448e700000,0x000000448e800000)]
  0x0000014f0f1d9c10 JavaThread "Service Thread" daemon [_thread_blocked, id=6484, stack(0x000000448e800000,0x000000448e900000)]
  0x0000014f0f1ee7c0 JavaThread "Monitor Deflation Thread" daemon [_thread_blocked, id=15184, stack(0x000000448e900000,0x000000448ea00000)]
  0x0000014f0fc21300 JavaThread "C2 CompilerThread0" daemon [_thread_blocked, id=7976, stack(0x000000448ea00000,0x000000448eb00000)]
  0x0000014f0f1f41d0 JavaThread "C1 CompilerThread0" daemon [_thread_blocked, id=14116, stack(0x000000448eb00000,0x000000448ec00000)]
  0x0000014f0f1f8700 JavaThread "Sweeper thread" daemon [_thread_blocked, id=3976, stack(0x000000448ec00000,0x000000448ed00000)]
  0x0000014f0fd65780 JavaThread "Notification Thread" daemon [_thread_blocked, id=9892, stack(0x000000448ed00000,0x000000448ee00000)]
  0x0000014f0fd79010 JavaThread "Common-Cleaner" daemon [_thread_blocked, id=1488, stack(0x000000448ef00000,0x000000448f000000)]

Other Threads:
=>0x0000014f0f172510 VMThread "VM Thread" [stack: 0x000000448e300000,0x000000448e400000] [id=14652]
  0x0000014f78335140 WatcherThread [stack: 0x000000448ee00000,0x000000448ef00000] [id=6256]
  0x0000014f78324970 GCTaskThread "GC Thread#0" [stack: 0x000000448de00000,0x000000448df00000] [id=11680]
  0x0000014f1018dcd0 GCTaskThread "GC Thread#1" [stack: 0x000000448f100000,0x000000448f200000] [id=14240]
  0x0000014f1018b0a0 GCTaskThread "GC Thread#2" [stack: 0x000000448f200000,0x000000448f300000] [id=11180]
  0x0000014f101c3cd0 GCTaskThread "GC Thread#3" [stack: 0x000000448f300000,0x000000448f400000] [id=3916]
  0x0000014f7832d4f0 ConcurrentGCThread "G1 Main Marker" [stack: 0x000000448df00000,0x000000448e000000] [id=14000]
  0x0000014f7832df00 ConcurrentGCThread "G1 Conc#0" [stack: 0x000000448e000000,0x000000448e100000] [id=13092]
  0x0000014f7837d890 ConcurrentGCThread "G1 Refine#0" [stack: 0x000000448e100000,0x000000448e200000] [id=13116]
  0x0000014f12ebb9a0 ConcurrentGCThread "G1 Refine#1" [stack: 0x000000448f400000,0x000000448f500000] [id=14672]
  0x0000014f7837e2b0 ConcurrentGCThread "G1 Service" [stack: 0x000000448e200000,0x000000448e300000] [id=2620]

Threads with active compile tasks:
C2 CompilerThread0    11117 4171       4       java.net.URLStreamHandler::toExternalForm (156 bytes)

VM state: at safepoint (normal execution)

VM Mutex/Monitor currently owned by a thread:  ([mutex/lock_event])
[0x0000014f782e4ad0] Threads_lock - owner thread: 0x0000014f0f172510
[0x0000014f782e2f40] Heap_lock - owner thread: 0x0000014f782e7600

Heap address: 0x00000000c1e00000, size: 994 MB, Compressed Oops mode: 32-bit

CDS archive(s) not mapped
Compressed class space mapped at: 0x0000000100000000-0x0000000140000000, reserved size: 1073741824
Narrow klass base: 0x0000000000000000, Narrow klass shift: 3, Narrow klass range: 0x140000000

GC Precious Log:
 CPUs: 4 total, 4 available
 Memory: 3971M
 Large Page Support: Disabled
 NUMA Support: Disabled
 Compressed Oops: Enabled (32-bit)
 Heap Region Size: 1M
 Heap Min Capacity: 8M
 Heap Initial Capacity: 64M
 Heap Max Capacity: 994M
 Pre-touch: Disabled
 Parallel Workers: 4
 Concurrent Workers: 1
 Concurrent Refinement Workers: 4
 Periodic GC: Disabled

Heap:
 garbage-first heap   total 65536K, used 35068K [0x00000000c1e00000, 0x0000000100000000)
  region size 1024K, 1 young (1024K), 1 survivors (1024K)
 Metaspace       used 55420K, committed 55744K, reserved 1105920K
  class space    used 6762K, committed 6912K, reserved 1048576K

Heap Regions: E=young(eden), S=young(survivor), O=old, HS=humongous(starts), HC=humongous(continues), CS=collection set, F=free, OA=open archive, CA=closed archive, TAMS=top-at-mark-start (previous, next)
|   0|0x00000000c1e00000, 0x00000000c1f00000, 0x00000000c1f00000|100%|HS|  |TAMS 0x00000000c1f00000, 0x00000000c1e00000| Complete 
|   1|0x00000000c1f00000, 0x00000000c2000000, 0x00000000c2000000|100%|HC|  |TAMS 0x00000000c2000000, 0x00000000c1f00000| Complete 
|   2|0x00000000c2000000, 0x00000000c2100000, 0x00000000c2100000|100%|HC|  |TAMS 0x00000000c2100000, 0x00000000c2000000| Complete 
|   3|0x00000000c2100000, 0x00000000c2200000, 0x00000000c2200000|100%|HC|  |TAMS 0x00000000c2200000, 0x00000000c2100000| Complete 
|   4|0x00000000c2200000, 0x00000000c22fb200, 0x00000000c2300000| 98%| O|  |TAMS 0x00000000c22fb200, 0x00000000c2200000| Untracked 
|   5|0x00000000c2300000, 0x00000000c2400000, 0x00000000c2400000|100%| O|  |TAMS 0x00000000c2400000, 0x00000000c2300000| Untracked 
|   6|0x00000000c2400000, 0x00000000c2500000, 0x00000000c2500000|100%| O|  |TAMS 0x00000000c2400000, 0x00000000c2400000| Untracked 
|   7|0x00000000c2500000, 0x00000000c2600000, 0x00000000c2600000|100%| O|  |TAMS 0x00000000c2600000, 0x00000000c2500000| Untracked 
|   8|0x00000000c2600000, 0x00000000c2700000, 0x00000000c2700000|100%| O|  |TAMS 0x00000000c2700000, 0x00000000c2600000| Untracked 
|   9|0x00000000c2700000, 0x00000000c2800000, 0x00000000c2800000|100%| O|  |TAMS 0x00000000c2800000, 0x00000000c2700000| Untracked 
|  10|0x00000000c2800000, 0x00000000c2900000, 0x00000000c2900000|100%| O|  |TAMS 0x00000000c2900000, 0x00000000c2800000| Untracked 
|  11|0x00000000c2900000, 0x00000000c2a00000, 0x00000000c2a00000|100%| O|  |TAMS 0x00000000c2a00000, 0x00000000c2900000| Untracked 
|  12|0x00000000c2a00000, 0x00000000c2b00000, 0x00000000c2b00000|100%| O|  |TAMS 0x00000000c2b00000, 0x00000000c2a00000| Untracked 
|  13|0x00000000c2b00000, 0x00000000c2c00000, 0x00000000c2c00000|100%| O|  |TAMS 0x00000000c2c00000, 0x00000000c2b00000| Untracked 
|  14|0x00000000c2c00000, 0x00000000c2d00000, 0x00000000c2d00000|100%| O|  |TAMS 0x00000000c2d00000, 0x00000000c2c00000| Untracked 
|  15|0x00000000c2d00000, 0x00000000c2e00000, 0x00000000c2e00000|100%| O|  |TAMS 0x00000000c2e00000, 0x00000000c2d00000| Untracked 
|  16|0x00000000c2e00000, 0x00000000c2f00000, 0x00000000c2f00000|100%| O|  |TAMS 0x00000000c2f00000, 0x00000000c2e00000| Untracked 
|  17|0x00000000c2f00000, 0x00000000c3000000, 0x00000000c3000000|100%| O|  |TAMS 0x00000000c3000000, 0x00000000c2f00000| Untracked 
|  18|0x00000000c3000000, 0x00000000c3100000, 0x00000000c3100000|100%| O|  |TAMS 0x00000000c3100000, 0x00000000c3000000| Untracked 
|  19|0x00000000c3100000, 0x00000000c3200000, 0x00000000c3200000|100%| O|  |TAMS 0x00000000c3200000, 0x00000000c3100000| Untracked 
|  20|0x00000000c3200000, 0x00000000c3300000, 0x00000000c3300000|100%|HS|  |TAMS 0x00000000c3300000, 0x00000000c3200000| Complete 
|  21|0x00000000c3300000, 0x00000000c3400000, 0x00000000c3400000|100%|HC|  |TAMS 0x00000000c3400000, 0x00000000c3300000| Complete 
|  22|0x00000000c3400000, 0x00000000c3500000, 0x00000000c3500000|100%| O|  |TAMS 0x00000000c3500000, 0x00000000c3400000| Untracked 
|  23|0x00000000c3500000, 0x00000000c3600000, 0x00000000c3600000|100%| O|  |TAMS 0x00000000c3600000, 0x00000000c3500000| Untracked 
|  24|0x00000000c3600000, 0x00000000c3700000, 0x00000000c3700000|100%| O|  |TAMS 0x00000000c3700000, 0x00000000c3600000| Untracked 
|  25|0x00000000c3700000, 0x00000000c3800000, 0x00000000c3800000|100%| O|  |TAMS 0x00000000c3800000, 0x00000000c3700000| Untracked 
|  26|0x00000000c3800000, 0x00000000c3900000, 0x00000000c3900000|100%| O|  |TAMS 0x00000000c3900000, 0x00000000c3800000| Untracked 
|  27|0x00000000c3900000, 0x00000000c3a00000, 0x00000000c3a00000|100%| O|  |TAMS 0x00000000c3a00000, 0x00000000c3900000| Untracked 
|  28|0x00000000c3a00000, 0x00000000c3a00000, 0x00000000c3b00000|  0%| F|  |TAMS 0x00000000c3a00000, 0x00000000c3a00000| Untracked 
|  29|0x00000000c3b00000, 0x00000000c3c00000, 0x00000000c3c00000|100%| O|  |TAMS 0x00000000c3c00000, 0x00000000c3b00000| Untracked 
|  30|0x00000000c3c00000, 0x00000000c3d00000, 0x00000000c3d00000|100%| O|  |TAMS 0x00000000c3c00000, 0x00000000c3c00000| Untracked 
|  31|0x00000000c3d00000, 0x00000000c3d00000, 0x00000000c3e00000|  0%| F|  |TAMS 0x00000000c3d00000, 0x00000000c3d00000| Untracked 
|  32|0x00000000c3e00000, 0x00000000c3f00000, 0x00000000c3f00000|100%| O|  |TAMS 0x00000000c3f00000, 0x00000000c3e00000| Untracked 
|  33|0x00000000c3f00000, 0x00000000c4000000, 0x00000000c4000000|100%| O|  |TAMS 0x00000000c4000000, 0x00000000c3f00000| Untracked 
|  34|0x00000000c4000000, 0x00000000c4100000, 0x00000000c4100000|100%| O|  |TAMS 0x00000000c402b000, 0x00000000c4000000| Untracked 
|  35|0x00000000c4100000, 0x00000000c41f7c00, 0x00000000c4200000| 96%| O|  |TAMS 0x00000000c4100000, 0x00000000c4100000| Untracked 
|  36|0x00000000c4200000, 0x00000000c4200000, 0x00000000c4300000|  0%| F|  |TAMS 0x00000000c4200000, 0x00000000c4200000| Untracked 
|  37|0x00000000c4300000, 0x00000000c4300000, 0x00000000c4400000|  0%| F|  |TAMS 0x00000000c4300000, 0x00000000c4300000| Untracked 
|  38|0x00000000c4400000, 0x00000000c4400000, 0x00000000c4500000|  0%| F|  |TAMS 0x00000000c4400000, 0x00000000c4400000| Untracked 
|  39|0x00000000c4500000, 0x00000000c4500000, 0x00000000c4600000|  0%| F|  |TAMS 0x00000000c4500000, 0x00000000c4500000| Untracked 
|  40|0x00000000c4600000, 0x00000000c4600000, 0x00000000c4700000|  0%| F|  |TAMS 0x00000000c4600000, 0x00000000c4600000| Untracked 
|  41|0x00000000c4700000, 0x00000000c4700000, 0x00000000c4800000|  0%| F|  |TAMS 0x00000000c4700000, 0x00000000c4700000| Untracked 
|  42|0x00000000c4800000, 0x00000000c4800000, 0x00000000c4900000|  0%| F|  |TAMS 0x00000000c4800000, 0x00000000c4800000| Untracked 
|  43|0x00000000c4900000, 0x00000000c4900000, 0x00000000c4a00000|  0%| F|  |TAMS 0x00000000c4900000, 0x00000000c4900000| Untracked 
|  44|0x00000000c4a00000, 0x00000000c4a00000, 0x00000000c4b00000|  0%| F|  |TAMS 0x00000000c4a00000, 0x00000000c4a00000| Untracked 
|  45|0x00000000c4b00000, 0x00000000c4b00000, 0x00000000c4c00000|  0%| F|  |TAMS 0x00000000c4b00000, 0x00000000c4b00000| Untracked 
|  46|0x00000000c4c00000, 0x00000000c4c00000, 0x00000000c4d00000|  0%| F|  |TAMS 0x00000000c4c00000, 0x00000000c4c00000| Untracked 
|  47|0x00000000c4d00000, 0x00000000c4d00000, 0x00000000c4e00000|  0%| F|  |TAMS 0x00000000c4d00000, 0x00000000c4d00000| Untracked 
|  48|0x00000000c4e00000, 0x00000000c4e00000, 0x00000000c4f00000|  0%| F|  |TAMS 0x00000000c4e00000, 0x00000000c4e00000| Untracked 
|  49|0x00000000c4f00000, 0x00000000c4f00000, 0x00000000c5000000|  0%| F|  |TAMS 0x00000000c4f00000, 0x00000000c4f00000| Untracked 
|  50|0x00000000c5000000, 0x00000000c5000000, 0x00000000c5100000|  0%| F|  |TAMS 0x00000000c5000000, 0x00000000c5000000| Untracked 
|  51|0x00000000c5100000, 0x00000000c5100000, 0x00000000c5200000|  0%| F|  |TAMS 0x00000000c5100000, 0x00000000c5100000| Untracked 
|  52|0x00000000c5200000, 0x00000000c5200000, 0x00000000c5300000|  0%| F|  |TAMS 0x00000000c5200000, 0x00000000c5200000| Untracked 
|  53|0x00000000c5300000, 0x00000000c5300000, 0x00000000c5400000|  0%| F|  |TAMS 0x00000000c5300000, 0x00000000c5300000| Untracked 
|  54|0x00000000c5400000, 0x00000000c5400000, 0x00000000c5500000|  0%| F|  |TAMS 0x00000000c5400000, 0x00000000c5400000| Untracked 
|  55|0x00000000c5500000, 0x00000000c5500000, 0x00000000c5600000|  0%| F|  |TAMS 0x00000000c5500000, 0x00000000c5500000| Untracked 
|  56|0x00000000c5600000, 0x00000000c5600000, 0x00000000c5700000|  0%| F|  |TAMS 0x00000000c5600000, 0x00000000c5600000| Untracked 
|  57|0x00000000c5700000, 0x00000000c5700000, 0x00000000c5800000|  0%| F|  |TAMS 0x00000000c5700000, 0x00000000c5700000| Untracked 
|  58|0x00000000c5800000, 0x00000000c5800000, 0x00000000c5900000|  0%| F|  |TAMS 0x00000000c5800000, 0x00000000c5800000| Untracked 
|  59|0x00000000c5900000, 0x00000000c594c470, 0x00000000c5a00000| 29%| S|CS|TAMS 0x00000000c5900000, 0x00000000c5900000| Complete 
|  60|0x00000000c5a00000, 0x00000000c5a00000, 0x00000000c5b00000|  0%| F|  |TAMS 0x00000000c5a00000, 0x00000000c5a00000| Untracked 
|  61|0x00000000c5b00000, 0x00000000c5b00000, 0x00000000c5c00000|  0%| F|  |TAMS 0x00000000c5b00000, 0x00000000c5b00000| Untracked 
|  62|0x00000000c5c00000, 0x00000000c5c00000, 0x00000000c5d00000|  0%| F|  |TAMS 0x00000000c5c00000, 0x00000000c5c00000| Untracked 
|  63|0x00000000c5d00000, 0x00000000c5d00000, 0x00000000c5e00000|  0%| F|  |TAMS 0x00000000c5d00000, 0x00000000c5d00000| Untracked 

Card table byte_map: [0x0000014f7b9b0000,0x0000014f7bbb0000] _byte_map_base: 0x0000014f7b3a1000

Marking Bits (Prev, Next): (CMBitMap*) 0x0000014f78324fc0, (CMBitMap*) 0x0000014f78324f80
 Prev Bits: [0x0000014f7cd40000, 0x0000014f7dcc8000)
 Next Bits: [0x0000014f7bdb0000, 0x0000014f7cd38000)

Polling page: 0x0000014f77ab0000

Metaspace:

Usage:
  Non-class:     47.52 MB used.
      Class:      6.60 MB used.
       Both:     54.12 MB used.

Virtual space:
  Non-class space:       56.00 MB reserved,      47.69 MB ( 85%) committed,  7 nodes.
      Class space:        1.00 GB reserved,       6.75 MB ( <1%) committed,  1 nodes.
             Both:        1.05 GB reserved,      54.44 MB (  5%) committed. 

Chunk freelists:
   Non-Class:  3.58 MB
       Class:  1.27 MB
        Both:  4.84 MB

MaxMetaspaceSize: unlimited
CompressedClassSpaceSize: 1.00 GB
Initial GC threshold: 21.00 MB
Current GC threshold: 85.44 MB
CDS: off
MetaspaceReclaimPolicy: balanced
 - commit_granule_bytes: 65536.
 - commit_granule_words: 8192.
 - virtual_space_node_default_size: 1048576.
 - enlarge_chunks_in_place: 1.
 - new_chunks_are_fully_committed: 0.
 - uncommit_free_chunks: 1.
 - use_allocation_guard: 0.
 - handle_deallocations: 1.


Internal statistics:

num_allocs_failed_limit: 6.
num_arena_births: 224.
num_arena_deaths: 0.
num_vsnodes_births: 8.
num_vsnodes_deaths: 0.
num_space_committed: 869.
num_space_uncommitted: 0.
num_chunks_returned_to_freelist: 6.
num_chunks_taken_from_freelist: 1908.
num_chunk_merges: 6.
num_chunk_splits: 1557.
num_chunks_enlarged: 1376.
num_purges: 0.
num_inconsistent_stats: 0.

CodeHeap 'non-profiled nmethods': size=120000Kb used=1851Kb max_used=1851Kb free=118148Kb
 bounds [0x0000014f07ad0000, 0x0000014f07d40000, 0x0000014f0f000000]
CodeHeap 'profiled nmethods': size=120000Kb used=9041Kb max_used=9041Kb free=110959Kb
 bounds [0x0000014f00000000, 0x0000014f008e0000, 0x0000014f07530000]
CodeHeap 'non-nmethods': size=5760Kb used=1280Kb max_used=1354Kb free=4479Kb
 bounds [0x0000014f07530000, 0x0000014f077a0000, 0x0000014f07ad0000]
 total_blobs=5042 nmethods=4444 adapters=511
 compilation: enabled
              stopped_count=0, restarted_count=0
 full_count=0

Compilation events (20 events):
Event: 10.989 Thread 0x0000014f0fc21300 nmethod 4174 0x0000014f07c9e010 code [0x0000014f07c9e1a0, 0x0000014f07c9e448]
Event: 10.989 Thread 0x0000014f0fc21300 4227       4       gnu.trove.TObjectHash::equals (22 bytes)
Event: 10.989 Thread 0x0000014f0fc21300 nmethod 4227 0x0000014f07c9e610 code [0x0000014f07c9e780, 0x0000014f07c9e838]
Event: 10.989 Thread 0x0000014f0fc21300 4171       4       java.net.URLStreamHandler::toExternalForm (156 bytes)
Event: 11.024 Thread 0x0000014f0f1f41d0 4476       1       org.jetbrains.kotlin.descriptors.ScopesHolderForClass::access$getScopeFactory$p (5 bytes)
Event: 11.024 Thread 0x0000014f0f1f41d0 nmethod 4476 0x0000014f07c9e910 code [0x0000014f07c9eaa0, 0x0000014f07c9eb58]
Event: 11.024 Thread 0x0000014f0f1f41d0 4477       1       org.jetbrains.kotlin.descriptors.ScopesHolderForClass::access$getKotlinTypeRefinerForOwnerModule$p (5 bytes)
Event: 11.025 Thread 0x0000014f0f1f41d0 nmethod 4477 0x0000014f07c9ec10 code [0x0000014f07c9eda0, 0x0000014f07c9ee58]
Event: 11.026 Thread 0x0000014f0f1f41d0 4478       3       org.jetbrains.kotlin.metadata.ProtoBuf$Function::getSerializedSize (512 bytes)
Event: 11.032 Thread 0x0000014f0f1f41d0 nmethod 4478 0x0000014f008ca590 code [0x0000014f008cac60, 0x0000014f008ce4f8]
Event: 11.054 Thread 0x0000014f0f1f41d0 4479       3       org.jetbrains.kotlin.com.intellij.util.containers.hash.LinkedHashMap::moveToTop (80 bytes)
Event: 11.055 Thread 0x0000014f0f1f41d0 nmethod 4479 0x0000014f008cf890 code [0x0000014f008cfa80, 0x0000014f008d00f8]
Event: 11.057 Thread 0x0000014f0f1f41d0 4481       3       org.jetbrains.kotlin.serialization.deserialization.descriptors.DeserializedClassDescriptor::getTypeConstructor (8 bytes)
Event: 11.058 Thread 0x0000014f0f1f41d0 nmethod 4481 0x0000014f008d0390 code [0x0000014f008d0520, 0x0000014f008d0638]
Event: 11.058 Thread 0x0000014f0f1f41d0 4482       3       org.jetbrains.kotlin.builtins.jvm.JavaToKotlinClassMap::isKotlinFunctionWithBigArity (81 bytes)
Event: 11.059 Thread 0x0000014f0f1f41d0 nmethod 4482 0x0000014f008d0710 code [0x0000014f008d09c0, 0x0000014f008d14c8]
Event: 11.059 Thread 0x0000014f0f1f41d0 4483       3       kotlin.sequences.SequencesKt___SequencesKt::toList (89 bytes)
Event: 11.062 Thread 0x0000014f0f1f41d0 nmethod 4483 0x0000014f008d1910 code [0x0000014f008d1ca0, 0x0000014f008d35e8]
Event: 11.066 Thread 0x0000014f0f1f41d0 4486       3       org.jetbrains.kotlin.protobuf.CodedInputStream::<init> (69 bytes)
Event: 11.066 Thread 0x0000014f0f1f41d0 nmethod 4486 0x0000014f008d3e10 code [0x0000014f008d3fc0, 0x0000014f008d42f8]

GC Heap History (20 events):
Event: 7.270 GC heap after
{Heap after GC invocations=11 (full 0):
 garbage-first heap   total 49152K, used 21491K [0x00000000c1e00000, 0x0000000100000000)
  region size 1024K, 2 young (2048K), 2 survivors (2048K)
 Metaspace       used 43880K, committed 44096K, reserved 1089536K
  class space    used 5353K, committed 5440K, reserved 1048576K
}
Event: 7.895 GC heap before
{Heap before GC invocations=11 (full 0):
 garbage-first heap   total 49152K, used 37875K [0x00000000c1e00000, 0x0000000100000000)
  region size 1024K, 17 young (17408K), 2 survivors (2048K)
 Metaspace       used 46572K, committed 46720K, reserved 1097728K
  class space    used 5621K, committed 5696K, reserved 1048576K
}
Event: 7.905 GC heap after
{Heap after GC invocations=12 (full 0):
 garbage-first heap   total 49152K, used 25560K [0x00000000c1e00000, 0x0000000100000000)
  region size 1024K, 3 young (3072K), 3 survivors (3072K)
 Metaspace       used 46572K, committed 46720K, reserved 1097728K
  class space    used 5621K, committed 5696K, reserved 1048576K
}
Event: 8.635 GC heap before
{Heap before GC invocations=12 (full 0):
 garbage-first heap   total 49152K, used 38872K [0x00000000c1e00000, 0x0000000100000000)
  region size 1024K, 16 young (16384K), 3 survivors (3072K)
 Metaspace       used 48746K, committed 48960K, reserved 1097728K
  class space    used 5910K, committed 6016K, reserved 1048576K
}
Event: 8.648 GC heap after
{Heap after GC invocations=13 (full 0):
 garbage-first heap   total 49152K, used 27986K [0x00000000c1e00000, 0x0000000100000000)
  region size 1024K, 2 young (2048K), 2 survivors (2048K)
 Metaspace       used 48746K, committed 48960K, reserved 1097728K
  class space    used 5910K, committed 6016K, reserved 1048576K
}
Event: 9.283 GC heap before
{Heap before GC invocations=14 (full 0):
 garbage-first heap   total 51200K, used 39250K [0x00000000c1e00000, 0x0000000100000000)
  region size 1024K, 12 young (12288K), 2 survivors (2048K)
 Metaspace       used 48860K, committed 49088K, reserved 1097728K
  class space    used 5913K, committed 6016K, reserved 1048576K
}
Event: 9.296 GC heap after
{Heap after GC invocations=15 (full 0):
 garbage-first heap   total 51200K, used 30681K [0x00000000c1e00000, 0x0000000100000000)
  region size 1024K, 2 young (2048K), 2 survivors (2048K)
 Metaspace       used 48860K, committed 49088K, reserved 1097728K
  class space    used 5913K, committed 6016K, reserved 1048576K
}
Event: 9.301 GC heap before
{Heap before GC invocations=15 (full 0):
 garbage-first heap   total 51200K, used 31705K [0x00000000c1e00000, 0x0000000100000000)
  region size 1024K, 3 young (3072K), 2 survivors (2048K)
 Metaspace       used 48863K, committed 49088K, reserved 1097728K
  class space    used 5913K, committed 6016K, reserved 1048576K
}
Event: 9.310 GC heap after
{Heap after GC invocations=16 (full 0):
 garbage-first heap   total 61440K, used 30735K [0x00000000c1e00000, 0x0000000100000000)
  region size 1024K, 1 young (1024K), 1 survivors (1024K)
 Metaspace       used 48863K, committed 49088K, reserved 1097728K
  class space    used 5913K, committed 6016K, reserved 1048576K
}
Event: 9.468 GC heap before
{Heap before GC invocations=16 (full 0):
 garbage-first heap   total 61440K, used 46095K [0x00000000c1e00000, 0x0000000100000000)
  region size 1024K, 16 young (16384K), 1 survivors (1024K)
 Metaspace       used 48964K, committed 49152K, reserved 1097728K
  class space    used 5921K, committed 6016K, reserved 1048576K
}
Event: 9.474 GC heap after
{Heap after GC invocations=17 (full 0):
 garbage-first heap   total 61440K, used 32748K [0x00000000c1e00000, 0x0000000100000000)
  region size 1024K, 2 young (2048K), 2 survivors (2048K)
 Metaspace       used 48964K, committed 49152K, reserved 1097728K
  class space    used 5921K, committed 6016K, reserved 1048576K
}
Event: 9.806 GC heap before
{Heap before GC invocations=18 (full 0):
 garbage-first heap   total 61440K, used 47084K [0x00000000c1e00000, 0x0000000100000000)
  region size 1024K, 16 young (16384K), 2 survivors (2048K)
 Metaspace       used 49855K, committed 50048K, reserved 1097728K
  class space    used 6043K, committed 6144K, reserved 1048576K
}
Event: 9.818 GC heap after
{Heap after GC invocations=19 (full 0):
 garbage-first heap   total 61440K, used 34679K [0x00000000c1e00000, 0x0000000100000000)
  region size 1024K, 2 young (2048K), 2 survivors (2048K)
 Metaspace       used 49855K, committed 50048K, reserved 1097728K
  class space    used 6043K, committed 6144K, reserved 1048576K
}
Event: 9.842 GC heap before
{Heap before GC invocations=19 (full 0):
 garbage-first heap   total 61440K, used 35703K [0x00000000c1e00000, 0x0000000100000000)
  region size 1024K, 3 young (3072K), 2 survivors (2048K)
 Metaspace       used 49928K, committed 50112K, reserved 1097728K
  class space    used 6051K, committed 6144K, reserved 1048576K
}
Event: 9.852 GC heap after
{Heap after GC invocations=20 (full 0):
 garbage-first heap   total 61440K, used 34288K [0x00000000c1e00000, 0x0000000100000000)
  region size 1024K, 1 young (1024K), 1 survivors (1024K)
 Metaspace       used 49928K, committed 50112K, reserved 1097728K
  class space    used 6051K, committed 6144K, reserved 1048576K
}
Event: 10.427 GC heap before
{Heap before GC invocations=20 (full 0):
 garbage-first heap   total 61440K, used 47600K [0x00000000c1e00000, 0x0000000100000000)
  region size 1024K, 14 young (14336K), 1 survivors (1024K)
 Metaspace       used 51986K, committed 52224K, reserved 1097728K
  class space    used 6327K, committed 6400K, reserved 1048576K
}
Event: 10.438 GC heap after
{Heap after GC invocations=21 (full 0):
 garbage-first heap   total 61440K, used 36399K [0x00000000c1e00000, 0x0000000100000000)
  region size 1024K, 2 young (2048K), 2 survivors (2048K)
 Metaspace       used 51986K, committed 52224K, reserved 1097728K
  class space    used 6327K, committed 6400K, reserved 1048576K
}
Event: 10.906 GC heap before
{Heap before GC invocations=22 (full 0):
 garbage-first heap   total 63488K, used 46639K [0x00000000c1e00000, 0x0000000100000000)
  region size 1024K, 14 young (14336K), 2 survivors (2048K)
 Metaspace       used 54930K, committed 55168K, reserved 1105920K
  class space    used 6690K, committed 6784K, reserved 1048576K
}
Event: 10.916 GC heap after
{Heap after GC invocations=23 (full 0):
 garbage-first heap   total 63488K, used 36400K [0x00000000c1e00000, 0x0000000100000000)
  region size 1024K, 1 young (1024K), 1 survivors (1024K)
 Metaspace       used 54930K, committed 55168K, reserved 1105920K
  class space    used 6690K, committed 6784K, reserved 1048576K
}
Event: 11.069 GC heap before
{Heap before GC invocations=23 (full 0):
 garbage-first heap   total 63488K, used 38448K [0x00000000c1e00000, 0x0000000100000000)
  region size 1024K, 3 young (3072K), 1 survivors (1024K)
 Metaspace       used 55420K, committed 55744K, reserved 1105920K
  class space    used 6762K, committed 6912K, reserved 1048576K
}

Dll operation events (2 events):
Event: 0.025 Loaded shared library C:\Program Files\Android\Android Studio\jbr\bin\java.dll
Event: 2.910 Loaded shared library C:\Program Files\Android\Android Studio\jbr\bin\verify.dll

Deoptimization events (20 events):
Event: 10.859 Thread 0x0000014f782e7600 DEOPT PACKING pc=0x0000014f07b6d4a8 sp=0x000000448ddfa6c0
Event: 10.859 Thread 0x0000014f782e7600 DEOPT UNPACKING pc=0x0000014f0758699d sp=0x000000448ddfa5d0 mode 2
Event: 10.954 Thread 0x0000014f782e7600 DEOPT PACKING pc=0x0000014f008875c4 sp=0x000000448ddfcde0
Event: 10.954 Thread 0x0000014f782e7600 DEOPT UNPACKING pc=0x0000014f07587124 sp=0x000000448ddfc390 mode 0
Event: 10.987 Thread 0x0000014f782e7600 Uncommon trap: trap_request=0xffffffde fr.pc=0x0000014f07c72250 relative=0x0000000000000430
Event: 10.987 Thread 0x0000014f782e7600 Uncommon trap: reason=class_check action=maybe_recompile pc=0x0000014f07c72250 method=java.util.regex.Pattern$Start.match(Ljava/util/regex/Matcher;ILjava/lang/CharSequence;)Z @ 44 c2
Event: 10.987 Thread 0x0000014f782e7600 DEOPT PACKING pc=0x0000014f07c72250 sp=0x000000448ddfc190
Event: 10.987 Thread 0x0000014f782e7600 DEOPT UNPACKING pc=0x0000014f0758699d sp=0x000000448ddfc0d0 mode 2
Event: 10.987 Thread 0x0000014f782e7600 Uncommon trap: trap_request=0xffffffde fr.pc=0x0000014f07c72250 relative=0x0000000000000430
Event: 10.987 Thread 0x0000014f782e7600 Uncommon trap: reason=class_check action=maybe_recompile pc=0x0000014f07c72250 method=java.util.regex.Pattern$Start.match(Ljava/util/regex/Matcher;ILjava/lang/CharSequence;)Z @ 44 c2
Event: 10.987 Thread 0x0000014f782e7600 DEOPT PACKING pc=0x0000014f07c72250 sp=0x000000448ddfc190
Event: 10.987 Thread 0x0000014f782e7600 DEOPT UNPACKING pc=0x0000014f0758699d sp=0x000000448ddfc0d0 mode 2
Event: 10.987 Thread 0x0000014f782e7600 Uncommon trap: trap_request=0xffffffde fr.pc=0x0000014f07c72250 relative=0x0000000000000430
Event: 10.987 Thread 0x0000014f782e7600 Uncommon trap: reason=class_check action=maybe_recompile pc=0x0000014f07c72250 method=java.util.regex.Pattern$Start.match(Ljava/util/regex/Matcher;ILjava/lang/CharSequence;)Z @ 44 c2
Event: 10.987 Thread 0x0000014f782e7600 DEOPT PACKING pc=0x0000014f07c72250 sp=0x000000448ddfc190
Event: 10.987 Thread 0x0000014f782e7600 DEOPT UNPACKING pc=0x0000014f0758699d sp=0x000000448ddfc0d0 mode 2
Event: 10.987 Thread 0x0000014f782e7600 Uncommon trap: trap_request=0xffffffde fr.pc=0x0000014f07c72250 relative=0x0000000000000430
Event: 10.987 Thread 0x0000014f782e7600 Uncommon trap: reason=class_check action=maybe_recompile pc=0x0000014f07c72250 method=java.util.regex.Pattern$Start.match(Ljava/util/regex/Matcher;ILjava/lang/CharSequence;)Z @ 44 c2
Event: 10.987 Thread 0x0000014f782e7600 DEOPT PACKING pc=0x0000014f07c72250 sp=0x000000448ddfc190
Event: 10.987 Thread 0x0000014f782e7600 DEOPT UNPACKING pc=0x0000014f0758699d sp=0x000000448ddfc0d0 mode 2

Classes unloaded (0 events):
No events

Classes redefined (0 events):
No events

Internal exceptions (20 events):
Event: 3.123 Thread 0x0000014f782e7600 Exception <a 'java/lang/NoSuchMethodError'{0x00000000c2f95998}: 'java.lang.Object java.lang.invoke.Invokers$Holder.invokeExact_MT(java.lang.Object, java.lang.Object, java.lang.Object, java.lang.Object, java.lang.Object, java.lang.Object)'> (0x00000000c2f95998) 
thrown [s\src\hotspot\share\interpreter\linkResolver.cpp, line 771]
Event: 4.582 Thread 0x0000014f782e7600 Implicit null exception at 0x0000014f07ae9f72 to 0x0000014f07aea4c0
Event: 4.874 Thread 0x0000014f782e7600 Implicit null exception at 0x0000014f07aeaf72 to 0x0000014f07aeb4dc
Event: 4.988 Thread 0x0000014f782e7600 Exception <a 'java/lang/NoSuchMethodError'{0x00000000c5d47988}: 'java.lang.Object java.lang.invoke.DirectMethodHandle$Holder.invokeVirtual(java.lang.Object, java.lang.Object, java.lang.Object)'> (0x00000000c5d47988) 
thrown [s\src\hotspot\share\interpreter\linkResolver.cpp, line 771]
Event: 7.147 Thread 0x0000014f782e7600 Exception <a 'java/lang/NoSuchMethodError'{0x00000000c3d310c0}: 'java.lang.Object java.lang.invoke.DirectMethodHandle$Holder.newInvokeSpecial(java.lang.Object, java.lang.Object, int)'> (0x00000000c3d310c0) 
thrown [s\src\hotspot\share\interpreter\linkResolver.cpp, line 771]
Event: 7.942 Thread 0x0000014f782e7600 Exception <a 'java/lang/NoSuchMethodError'{0x00000000c5df77f0}: 'java.lang.Object java.lang.invoke.DirectMethodHandle$Holder.newInvokeSpecial(java.lang.Object, java.lang.Object, java.lang.Object, int)'> (0x00000000c5df77f0) 
thrown [s\src\hotspot\share\interpreter\linkResolver.cpp, line 771]
Event: 7.943 Thread 0x0000014f782e7600 Exception <a 'java/lang/NoSuchMethodError'{0x00000000c5dfbe78}: 'java.lang.Object java.lang.invoke.DirectMethodHandle$Holder.invokeSpecial(java.lang.Object, java.lang.Object, java.lang.Object, java.lang.Object, int)'> (0x00000000c5dfbe78) 
thrown [s\src\hotspot\share\interpreter\linkResolver.cpp, line 771]
Event: 7.944 Thread 0x0000014f782e7600 Exception <a 'java/lang/NoSuchMethodError'{0x00000000c5dffce8}: 'java.lang.Object java.lang.invoke.Invokers$Holder.linkToTargetMethod(java.lang.Object, java.lang.Object, int, java.lang.Object)'> (0x00000000c5dffce8) 
thrown [s\src\hotspot\share\interpreter\linkResolver.cpp, line 771]
Event: 9.591 Thread 0x0000014f782e7600 Exception <a 'java/lang/NoSuchMethodError'{0x00000000c58afde0}: 'java.lang.Object java.lang.invoke.DirectMethodHandle$Holder.newInvokeSpecial(java.lang.Object, java.lang.Object, java.lang.Object, java.lang.Object, java.lang.Object, java.lang.Object)'> (0x00000000c58afde0) 
thrown [s\src\hotspot\share\interpreter\linkResolver.cpp, line 771]
Event: 9.896 Thread 0x0000014f782e7600 Exception <a 'java/lang/NoSuchMethodError'{0x00000000c574b9c0}: 'java.lang.Object java.lang.invoke.DirectMethodHandle$Holder.newInvokeSpecial(java.lang.Object, java.lang.Object, java.lang.Object, java.lang.Object, java.lang.Object, java.lang.Object, java.lang.Object, java.lang.Object)'> (0x00000000c574b9c0) 
thrown [s\src\hotspot\share\interpreter\linkResolver.cpp, line 771]
Event: 9.897 Thread 0x0000014f782e7600 Exception <a 'java/lang/NoSuchMethodError'{0x00000000c5751280}: 'java.lang.Object java.lang.invoke.DirectMethodHandle$Holder.invokeSpecial(java.lang.Object, java.lang.Object, java.lang.Object, java.lang.Object, java.lang.Object, java.lang.Object, java.lang.Object, java.lang.Object, java.lang.Object)'> (0x00000000c5751280) 
thrown [s\src\hotspot\share\interpreter\linkResolver.cpp, line 771]
Event: 9.897 Thread 0x0000014f782e7600 Exception <a 'java/lang/NoSuchMethodError'{0x00000000c5756458}: 'java.lang.Object java.lang.invoke.Invokers$Holder.linkToTargetMethod(java.lang.Object, java.lang.Object, java.lang.Object, java.lang.Object, java.lang.Object, java.lang.Object, java.lang.Object, java.lang.Object)'> (0x00000000c5756458) 
thrown [s\src\hotspot\share\interpreter\linkResolver.cpp, line 771]
Event: 10.265 Thread 0x0000014f782e7600 Exception <a 'java/lang/NoSuchMethodError'{0x00000000c4fa5b18}: 'int java.lang.invoke.DirectMethodHandle$Holder.invokeInterface(java.lang.Object, java.lang.Object)'> (0x00000000c4fa5b18) 
thrown [s\src\hotspot\share\interpreter\linkResolver.cpp, line 771]
Event: 10.340 Thread 0x0000014f782e7600 Exception <a 'java/lang/NoSuchMethodError'{0x00000000c4d4a758}: 'java.lang.Object java.lang.invoke.DirectMethodHandle$Holder.invokeStaticInit(java.lang.Object, java.lang.Object, java.lang.Object)'> (0x00000000c4d4a758) 
thrown [s\src\hotspot\share\interpreter\linkResolver.cpp, line 771]
Event: 10.344 Thread 0x0000014f782e7600 Exception <a 'java/lang/NoSuchMethodError'{0x00000000c4d67df0}: 'java.lang.Object java.lang.invoke.DirectMethodHandle$Holder.newInvokeSpecial(java.lang.Object, int, java.lang.Object)'> (0x00000000c4d67df0) 
thrown [s\src\hotspot\share\interpreter\linkResolver.cpp, line 771]
Event: 10.350 Thread 0x0000014f782e7600 Implicit null exception at 0x0000014f07b1ac8c to 0x0000014f07b1aec8
Event: 10.350 Thread 0x0000014f782e7600 Implicit null exception at 0x0000014f07b2b50f to 0x0000014f07b2b589
Event: 10.392 Thread 0x0000014f782e7600 Exception <a 'java/lang/NoSuchMethodError'{0x00000000c4c33570}: 'java.lang.Object java.lang.invoke.DirectMethodHandle$Holder.invokeStatic(java.lang.Object, int, java.lang.Object)'> (0x00000000c4c33570) 
thrown [s\src\hotspot\share\interpreter\linkResolver.cpp, line 771]
Event: 10.594 Thread 0x0000014f782e7600 Exception <a 'java/lang/NoSuchMethodError'{0x00000000c59ac448}: 'int java.lang.invoke.DirectMethodHandle$Holder.invokeStaticInit(java.lang.Object, int)'> (0x00000000c59ac448) 
thrown [s\src\hotspot\share\interpreter\linkResolver.cpp, line 771]
Event: 10.850 Thread 0x0000014f782e7600 Exception <a 'java/lang/NoSuchMethodError'{0x00000000c504f8f0}: 'java.lang.Object java.lang.invoke.DirectMethodHandle$Holder.newInvokeSpecial(java.lang.Object, int, java.lang.Object, java.lang.Object)'> (0x00000000c504f8f0) 
thrown [s\src\hotspot\share\interpreter\linkResolver.cpp, line 771]

VM Operations (20 events):
Event: 10.073 Executing VM operation: HandshakeAllThreads done
Event: 10.325 Executing VM operation: HandshakeAllThreads
Event: 10.325 Executing VM operation: HandshakeAllThreads done
Event: 10.394 Executing VM operation: HandshakeAllThreads
Event: 10.394 Executing VM operation: HandshakeAllThreads done
Event: 10.427 Executing VM operation: G1CollectForAllocation
Event: 10.438 Executing VM operation: G1CollectForAllocation done
Event: 10.519 Executing VM operation: G1Concurrent
Event: 10.527 Executing VM operation: G1Concurrent done
Event: 10.557 Executing VM operation: G1Concurrent
Event: 10.557 Executing VM operation: G1Concurrent done
Event: 10.619 Executing VM operation: HandshakeAllThreads
Event: 10.619 Executing VM operation: HandshakeAllThreads done
Event: 10.890 Executing VM operation: HandshakeAllThreads
Event: 10.890 Executing VM operation: HandshakeAllThreads done
Event: 10.906 Executing VM operation: G1CollectForAllocation
Event: 10.916 Executing VM operation: G1CollectForAllocation done
Event: 10.954 Executing VM operation: HandshakeAllThreads
Event: 10.954 Executing VM operation: HandshakeAllThreads done
Event: 11.069 Executing VM operation: G1CollectForAllocation

Events (20 events):
Event: 10.975 loading class jdk/internal/jimage/decompressor/ResourceDecompressor$StringsProvider
Event: 10.975 loading class jdk/internal/jimage/decompressor/ResourceDecompressor$StringsProvider done
Event: 10.976 loading class jdk/internal/jimage/decompressor/CompressedResourceHeader
Event: 10.976 loading class jdk/internal/jimage/decompressor/CompressedResourceHeader done
Event: 10.976 loading class jdk/internal/jimage/decompressor/ResourceDecompressorRepository
Event: 10.976 loading class jdk/internal/jimage/decompressor/ResourceDecompressorRepository done
Event: 10.976 loading class jdk/internal/jimage/decompressor/ZipDecompressorFactory
Event: 10.976 loading class jdk/internal/jimage/decompressor/ResourceDecompressorFactory
Event: 10.976 loading class jdk/internal/jimage/decompressor/ResourceDecompressorFactory done
Event: 10.976 loading class jdk/internal/jimage/decompressor/ZipDecompressorFactory done
Event: 10.976 loading class jdk/internal/jimage/decompressor/StringSharingDecompressorFactory
Event: 10.976 loading class jdk/internal/jimage/decompressor/StringSharingDecompressorFactory done
Event: 10.976 loading class jdk/internal/jimage/decompressor/ZipDecompressor
Event: 10.976 loading class jdk/internal/jimage/decompressor/ResourceDecompressor
Event: 10.976 loading class jdk/internal/jimage/decompressor/ResourceDecompressor done
Event: 10.976 loading class jdk/internal/jimage/decompressor/ZipDecompressor done
Event: 10.977 loading class sun/net/www/protocol/jrt/Handler
Event: 10.977 loading class sun/net/www/protocol/jrt/Handler done
Event: 10.987 loading class java/util/regex/Pattern$LineEnding
Event: 10.987 loading class java/util/regex/Pattern$LineEnding done


Dynamic libraries:
0x00007ff6d2400000 - 0x00007ff6d240a000 	C:\Program Files\Android\Android Studio\jbr\bin\java.exe
0x00007fffb1cf0000 - 0x00007fffb1f07000 	C:\WINDOWS\SYSTEM32\ntdll.dll
0x00007fffb0b00000 - 0x00007fffb0bc4000 	C:\WINDOWS\System32\KERNEL32.DLL
0x00007fffaf690000 - 0x00007fffafa36000 	C:\WINDOWS\System32\KERNELBASE.dll
0x00007fffaf3e0000 - 0x00007fffaf4f1000 	C:\WINDOWS\System32\ucrtbase.dll
0x00007fff96df0000 - 0x00007fff96e07000 	C:\Program Files\Android\Android Studio\jbr\bin\jli.dll
0x00007fff95c70000 - 0x00007fff95c8b000 	C:\Program Files\Android\Android Studio\jbr\bin\VCRUNTIME140.dll
0x00007fffb0050000 - 0x00007fffb01fe000 	C:\WINDOWS\System32\USER32.dll
0x00007fffaf1c0000 - 0x00007fffaf1e6000 	C:\WINDOWS\System32\win32u.dll
0x00007fffb05a0000 - 0x00007fffb05c9000 	C:\WINDOWS\System32\GDI32.dll
0x00007fffaf500000 - 0x00007fffaf618000 	C:\WINDOWS\System32\gdi32full.dll
0x00007fffaf120000 - 0x00007fffaf1ba000 	C:\WINDOWS\System32\msvcp_win.dll
0x00007fff9a6c0000 - 0x00007fff9a953000 	C:\WINDOWS\WinSxS\amd64_microsoft.windows.common-controls_6595b64144ccf1df_6.0.22621.2506_none_270c5ae97388e100\COMCTL32.dll
0x00007fffafa40000 - 0x00007fffafae7000 	C:\WINDOWS\System32\msvcrt.dll
0x00007fffb1280000 - 0x00007fffb12b1000 	C:\WINDOWS\System32\IMM32.DLL
0x00007fff95af0000 - 0x00007fff95afc000 	C:\Program Files\Android\Android Studio\jbr\bin\vcruntime140_1.dll
0x00007fff73d60000 - 0x00007fff73ded000 	C:\Program Files\Android\Android Studio\jbr\bin\msvcp140.dll
0x00007fff2cbb0000 - 0x00007fff2d81e000 	C:\Program Files\Android\Android Studio\jbr\bin\server\jvm.dll
0x00007fffb0a20000 - 0x00007fffb0ad1000 	C:\WINDOWS\System32\ADVAPI32.dll
0x00007fffb11d0000 - 0x00007fffb1275000 	C:\WINDOWS\System32\sechost.dll
0x00007fffb0d10000 - 0x00007fffb0e27000 	C:\WINDOWS\System32\RPCRT4.dll
0x00007fff905f0000 - 0x00007fff905f9000 	C:\WINDOWS\SYSTEM32\WSOCK32.dll
0x00007fffb12d0000 - 0x00007fffb1341000 	C:\WINDOWS\System32\WS2_32.dll
0x00007fff9e170000 - 0x00007fff9e17a000 	C:\WINDOWS\SYSTEM32\VERSION.dll
0x00007fffa3a70000 - 0x00007fffa3aa4000 	C:\WINDOWS\SYSTEM32\WINMM.dll
0x00007fffae020000 - 0x00007fffae038000 	C:\WINDOWS\SYSTEM32\kernel.appcore.dll
0x00007fff70ca0000 - 0x00007fff70caa000 	C:\Program Files\Android\Android Studio\jbr\bin\jimage.dll
0x00007fffac860000 - 0x00007fffaca93000 	C:\WINDOWS\SYSTEM32\DBGHELP.DLL
0x00007fffb0690000 - 0x00007fffb0a19000 	C:\WINDOWS\System32\combase.dll
0x00007fffb0e30000 - 0x00007fffb0f07000 	C:\WINDOWS\System32\OLEAUT32.dll
0x00007fff91ec0000 - 0x00007fff91ef2000 	C:\WINDOWS\SYSTEM32\dbgcore.DLL
0x00007fffaf1f0000 - 0x00007fffaf26a000 	C:\WINDOWS\System32\bcryptPrimitives.dll
0x00007fff583b0000 - 0x00007fff583d5000 	C:\Program Files\Android\Android Studio\jbr\bin\java.dll
0x00007fff58390000 - 0x00007fff583a8000 	C:\Program Files\Android\Android Studio\jbr\bin\zip.dll
0x00007fffb1450000 - 0x00007fffb1caa000 	C:\WINDOWS\System32\SHELL32.dll
0x00007fffacf30000 - 0x00007fffad826000 	C:\WINDOWS\SYSTEM32\windows.storage.dll
0x00007fffacdf0000 - 0x00007fffacf2e000 	C:\WINDOWS\SYSTEM32\wintypes.dll
0x00007fffb0f10000 - 0x00007fffb1003000 	C:\WINDOWS\System32\SHCORE.dll
0x00007fffb05d0000 - 0x00007fffb062e000 	C:\WINDOWS\System32\shlwapi.dll
0x00007fffaef90000 - 0x00007fffaefb6000 	C:\WINDOWS\SYSTEM32\profapi.dll
0x00007fff9a240000 - 0x00007fff9a259000 	C:\Program Files\Android\Android Studio\jbr\bin\net.dll
0x00007fffa48f0000 - 0x00007fffa4a27000 	C:\WINDOWS\SYSTEM32\WINHTTP.dll
0x00007fffae4c0000 - 0x00007fffae529000 	C:\WINDOWS\system32\mswsock.dll
0x00007fff96e10000 - 0x00007fff96e26000 	C:\Program Files\Android\Android Studio\jbr\bin\nio.dll
0x00007fffa69b0000 - 0x00007fffa69c0000 	C:\Program Files\Android\Android Studio\jbr\bin\verify.dll

dbghelp: loaded successfully - version: 4.0.5 - missing functions: none
symbol engine: initialized successfully - sym options: 0x614 - pdb path: .;C:\Program Files\Android\Android Studio\jbr\bin;C:\WINDOWS\SYSTEM32;C:\WINDOWS\WinSxS\amd64_microsoft.windows.common-controls_6595b64144ccf1df_6.0.22621.2506_none_270c5ae97388e100;C:\Program Files\Android\Android Studio\jbr\bin\server

VM Arguments:
java_command: org.jetbrains.kotlin.cli.jvm.K2JVMCompiler @C:\Users\Dell\Desktop\Android Developement\Notes\app\build\20240113_14428962240783504775.compiler.options
java_class_path (initial): C:\Users\Dell\.gradle\caches\modules-2\files-2.1\org.jetbrains.kotlin\kotlin-compiler-embeddable\1.9.0\2c8c3a7402becca891f12739b3e9fd2dc2adbd7a\kotlin-compiler-embeddable-1.9.0.jar;C:\Users\Dell\.gradle\caches\modules-2\files-2.1\org.jetbrains.kotlin\kotlin-stdlib\1.9.0\8ee15ef0c67dc83d874f412d84378d7f0eb50b63\kotlin-stdlib-1.9.0.jar;C:\Users\Dell\.gradle\caches\modules-2\files-2.1\org.jetbrains.kotlin\kotlin-script-runtime\1.9.0\4b3102cbbb7e1b58d9d1adf89563f00069ffa7d1\kotlin-script-runtime-1.9.0.jar;C:\Users\Dell\.gradle\caches\modules-2\files-2.1\org.jetbrains.kotlin\kotlin-reflect\1.6.10\1cbe9c92c12a94eea200d23c2bbaedaf3daf5132\kotlin-reflect-1.6.10.jar;C:\Users\Dell\.gradle\caches\modules-2\files-2.1\org.jetbrains.kotlin\kotlin-daemon-embeddable\1.9.0\186543f5e28cf8d9a0290fecc2cf34301c40a65c\kotlin-daemon-embeddable-1.9.0.jar;C:\Users\Dell\.gradle\caches\modules-2\files-2.1\org.jetbrains.intellij.deps\trove4j\1.0.20200330\3afb14d5f9ceb459d724e907a21145e8ff394f02\trove4j-1.0.20200330.jar;C:\Users\Dell\.gradle\caches\modules-2\files-2.1\org.jetbrains.kotlin\kotlin-stdlib-common\1.9.0\cd65c21cfd1eec4d44ef09f9f52b6d9f8a720636\kotlin-stdlib-common-1.9.0.jar;C:\Users\Dell\.gradle\caches\modules-2\files-2.1\org.jetbrains\annotations\13.0\919f0dfe192fb4e063e7dacadee7f8bb9a2672a9\annotations-13.0.jar
Launcher Type: SUN_STANDARD

[Global flags]
     intx CICompilerCount                          = 3                                         {product} {ergonomic}
     uint ConcGCThreads                            = 1                                         {product} {ergonomic}
     uint G1ConcRefinementThreads                  = 4                                         {product} {ergonomic}
   size_t G1HeapRegionSize                         = 1048576                                   {product} {ergonomic}
    uintx GCDrainStackTargetSize                   = 64                                        {product} {ergonomic}
   size_t InitialHeapSize                          = 67108864                                  {product} {ergonomic}
   size_t MarkStackSize                            = 4194304                                   {product} {ergonomic}
   size_t MaxHeapSize                              = 1042284544                                {product} {ergonomic}
   size_t MaxNewSize                               = 624951296                                 {product} {ergonomic}
   size_t MinHeapDeltaBytes                        = 1048576                                   {product} {ergonomic}
   size_t MinHeapSize                              = 8388608                                   {product} {ergonomic}
    uintx NonNMethodCodeHeapSize                   = 5832780                                {pd product} {ergonomic}
    uintx NonProfiledCodeHeapSize                  = 122912730                              {pd product} {ergonomic}
    uintx ProfiledCodeHeapSize                     = 122912730                              {pd product} {ergonomic}
    uintx ReservedCodeCacheSize                    = 251658240                              {pd product} {ergonomic}
     bool SegmentedCodeCache                       = true                                      {product} {ergonomic}
   size_t SoftMaxHeapSize                          = 1042284544                             {manageable} {ergonomic}
     bool UseCompressedClassPointers               = true                           {product lp64_product} {ergonomic}
     bool UseCompressedOops                        = true                           {product lp64_product} {ergonomic}
     bool UseG1GC                                  = true                                      {product} {ergonomic}
     bool UseLargePagesIndividualAllocation        = false                                  {pd product} {ergonomic}

Logging:
Log output configuration:
 #0: stdout all=warning uptime,level,tags
 #1: stderr all=off uptime,level,tags

Environment Variables:
PATH=C:\oraclexe\app\oracle\product\11.2.0\server\bin;C:\Program Files\Common Files\Oracle\Java\javapath;C:\Program Files (x86)\Common Files\Intel\Shared Libraries\redist\intel64\compiler;C:\WINDOWS\system32;C:\WINDOWS;C:\WINDOWS\System32\Wbem;C:\WINDOWS\System32\WindowsPowerShell\v1.0\;C:\WINDOWS\System32\OpenSSH\;C:\Program Files\dotnet\;C:\Program Files\Git\cmd;C:\Program Files\nodejs\;C:\Program Files\MySQL\MySQL Shell 8.0\bin\;C:\Users\Dell\AppData\Local\Programs\Python\Python310\Scripts\;C:\Users\Dell\AppData\Local\Programs\Python\Python310\;C:\Users\Dell\AppData\Local\Microsoft\WindowsApps;C:\Users\Dell\AppData\Local\Programs\Python\Python310\Scripts;C:\Users\Dell\AppData\Local\Programs\Microsoft VS Code\bin;C:\MinGW\bin;;C:\Program Files\JetBrains\IntelliJ IDEA Community Edition 2021.3.3\bin;;C:\Users\Dell\AppData\Roaming\npm;C:\Program Files\sf\bin
USERNAME=Dell
OS=Windows_NT
PROCESSOR_IDENTIFIER=Intel64 Family 6 Model 142 Stepping 12, GenuineIntel
TMP=C:\Users\Dell\AppData\Local\Temp
TEMP=C:\Users\Dell\AppData\Local\Temp


JNI global refs:
JNI global refs: 7, weak refs: 3

JNI global refs memory usage: 843, weak refs: 841


---------------  S Y S T E M  ---------------

OS:
 Windows 11 , 64 bit Build 22621 (10.0.22621.2506)
OS uptime: 0 days 3:08 hours
Hyper-V role detected

CPU: total 4 (initial active 4) (2 cores per cpu, 2 threads per core) family 6 model 142 stepping 12 microcode 0xf8, cx8, cmov, fxsr, ht, mmx, 3dnowpref, sse, sse2, sse3, ssse3, sse4.1, sse4.2, popcnt, lzcnt, tsc, tscinvbit, aes, erms, clmul, clflush, clflushopt, hv

Memory: 4k page, system-wide physical 3971M (305M free)
TotalPageFile size 10115M (AvailPageFile size 19M)
current process WorkingSet (physical memory assigned to process): 200M, peak: 200M
current process commit charge ("private bytes"): 230M, peak: 347M

vm_info: OpenJDK 64-Bit Server VM (17.0.6+0-b2043.56-10027231) for windows-amd64 JRE (17.0.6+0-b2043.56-10027231), built on Apr 28 2023 00:43:19 by "androidbuild" with MS VC++ 16.10 / 16.11 (VS2019)

END.
