#
# There is insufficient memory for the Java Runtime Environment to continue.
# Native memory allocation (mmap) failed to map 81788928 bytes for G1 virtual space
# Possible reasons:
#   The system is out of physical RAM or swap space
#   The process is running with CompressedOops enabled, and the Java Heap may be blocking the growth of the native heap
# Possible solutions:
#   Reduce memory load on the system
#   Increase physical memory or swap space
#   Check if swap backing store is full
#   Decrease Java heap size (-Xmx/-Xms)
#   Decrease number of Java threads
#   Decrease Java thread stack sizes (-Xss)
#   Set larger code cache with -XX:ReservedCodeCacheSize=
#   JVM is running with Unscaled Compressed Oops mode in which the Java heap is
#     placed in the first 4GB address space. The Java Heap base address is the
#     maximum limit for the native heap growth. Please use -XX:HeapBaseMinAddress
#     to set the Java Heap base and to place the Java Heap above 4GB virtual address.
# This output file may be truncated or incomplete.
#
#  Out of Memory Error (os_windows.cpp:3769), pid=11972, tid=252
#
# JRE version: OpenJDK Runtime Environment (17.0.6) (build 17.0.6+0-b2043.56-10027231)
# Java VM: OpenJDK 64-Bit Server VM (17.0.6+0-b2043.56-10027231, mixed mode, tiered, compressed oops, compressed class ptrs, g1 gc, windows-amd64)
# No core dump will be written. Minidumps are not enabled by default on client versions of Windows
#

---------------  S U M M A R Y ------------

Command Line: --add-opens=java.base/java.util=ALL-UNNAMED --add-opens=java.base/java.lang=ALL-UNNAMED --add-opens=java.base/java.lang.invoke=ALL-UNNAMED --add-opens=java.prefs/java.util.prefs=ALL-UNNAMED --add-opens=java.base/java.nio.charset=ALL-UNNAMED --add-opens=java.base/java.net=ALL-UNNAMED --add-opens=java.base/java.util.concurrent.atomic=ALL-UNNAMED -Xmx2048m -Dfile.encoding=UTF-8 -Duser.country=IN -Duser.language=en -Duser.variant org.gradle.launcher.daemon.bootstrap.GradleDaemon 8.0

Host: Intel(R) Pentium(R) CPU 5405U @ 2.30GHz, 4 cores, 3G,  Windows 11 , 64 bit Build 22621 (10.0.22621.2506)
Time: Sat Jan 13 05:29:14 2024 India Standard Time elapsed time: 29.346215 seconds (0d 0h 0m 29s)

---------------  T H R E A D  ---------------

Current thread (0x0000022ef9938680):  VMThread "VM Thread" [stack: 0x0000008337300000,0x0000008337400000] [id=252]

Stack: [0x0000008337300000,0x0000008337400000]
Native frames: (J=compiled Java code, j=interpreted, Vv=VM code, C=native code)
V  [jvm.dll+0x683c9a]
V  [jvm.dll+0x8427a4]
V  [jvm.dll+0x843f9e]
V  [jvm.dll+0x844603]
V  [jvm.dll+0x249b75]
V  [jvm.dll+0x680b69]
V  [jvm.dll+0x67505a]
V  [jvm.dll+0x309acb]
V  [jvm.dll+0x310f86]
V  [jvm.dll+0x3608ee]
V  [jvm.dll+0x360b1f]
V  [jvm.dll+0x2dfbf8]
V  [jvm.dll+0x2ddec4]
V  [jvm.dll+0x2dd4cc]
V  [jvm.dll+0x321f3b]
V  [jvm.dll+0x848ccb]
V  [jvm.dll+0x849a04]
V  [jvm.dll+0x849f1d]
V  [jvm.dll+0x84a2f4]
V  [jvm.dll+0x84a3c0]
V  [jvm.dll+0x7f274a]
V  [jvm.dll+0x682ad5]
C  [ucrtbase.dll+0x29363]
C  [KERNEL32.DLL+0x1257d]
C  [ntdll.dll+0x5aa58]

VM_Operation (0x00000083389f25b0): G1CollectForAllocation, mode: safepoint, requested by thread 0x0000022efaad53a0


---------------  P R O C E S S  ---------------

Threads class SMR info:
_java_thread_list=0x0000022efebef1a0, length=82, elements={
0x0000022ede459420, 0x0000022ef993ea50, 0x0000022ef99421c0, 0x0000022ef99604d0,
0x0000022ef9961250, 0x0000022ef9997010, 0x0000022ef99979c0, 0x0000022ef999c760,
0x0000022ef99ae160, 0x0000022efa4547e0, 0x0000022efa584340, 0x0000022efa588c20,
0x0000022efbd50f00, 0x0000022efb8110a0, 0x0000022efbe07820, 0x0000022efa86f060,
0x0000022efbd05760, 0x0000022efb3842f0, 0x0000022efaad53a0, 0x0000022efb45a570,
0x0000022efb45bd80, 0x0000022efb459700, 0x0000022efb4583c0, 0x0000022efb45b8b0,
0x0000022efb45aa40, 0x0000022efb45a0a0, 0x0000022efb458d60, 0x0000022efb459230,
0x0000022efd043d60, 0x0000022efd040d40, 0x0000022efd0433c0, 0x0000022efd044700,
0x0000022efd042080, 0x0000022efd0450a0, 0x0000022efd0463e0, 0x0000022efd042550,
0x0000022efd041210, 0x0000022efd045a40, 0x0000022efd042ef0, 0x0000022efd040870,
0x0000022efd03f060, 0x0000022efd4a9070, 0x0000022efd4ae710, 0x0000022efd4af580,
0x0000022efd4aa3b0, 0x0000022efd4ac560, 0x0000022efd4aca30, 0x0000022efd4ab220,
0x0000022efd4ad3d0, 0x0000022efd4ad8a0, 0x0000022efd4aebe0, 0x0000022efd4aad50,
0x0000022efd4ab6f0, 0x0000022efd4aff20, 0x0000022efd4af0b0, 0x0000022efd4add70,
0x0000022efd4ae240, 0x0000022efd4afa50, 0x0000022efd4b03f0, 0x0000022efd4a8ba0,
0x0000022efd4a9540, 0x0000022efd4a9a10, 0x0000022efd4a9ee0, 0x0000022eff3792f0,
0x0000022eff37b970, 0x0000022eff37c7e0, 0x0000022eff377ae0, 0x0000022eff378e20,
0x0000022eff37afd0, 0x0000022eff379c90, 0x0000022eff37ccb0, 0x0000022eff3762d0,
0x0000022eff3797c0, 0x0000022eff37a630, 0x0000022eff377610, 0x0000022eff3767a0,
0x0000022eff37c310, 0x0000022eff376c70, 0x0000022eff377fb0, 0x0000022eff378480,
0x0000022eff37a160, 0x0000022eff37ab00
}

Java Threads: ( => current thread )
  0x0000022ede459420 JavaThread "main" [_thread_blocked, id=3180, stack(0x0000008336d00000,0x0000008336e00000)]
  0x0000022ef993ea50 JavaThread "Reference Handler" daemon [_thread_blocked, id=3048, stack(0x0000008337400000,0x0000008337500000)]
  0x0000022ef99421c0 JavaThread "Finalizer" daemon [_thread_blocked, id=15056, stack(0x0000008337500000,0x0000008337600000)]
  0x0000022ef99604d0 JavaThread "Signal Dispatcher" daemon [_thread_blocked, id=6944, stack(0x0000008337600000,0x0000008337700000)]
  0x0000022ef9961250 JavaThread "Attach Listener" daemon [_thread_blocked, id=1700, stack(0x0000008337700000,0x0000008337800000)]
  0x0000022ef9997010 JavaThread "Service Thread" daemon [_thread_blocked, id=2896, stack(0x0000008337800000,0x0000008337900000)]
  0x0000022ef99979c0 JavaThread "Monitor Deflation Thread" daemon [_thread_blocked, id=11776, stack(0x0000008337900000,0x0000008337a00000)]
  0x0000022ef999c760 JavaThread "C2 CompilerThread0" daemon [_thread_blocked, id=3916, stack(0x0000008337a00000,0x0000008337b00000)]
  0x0000022ef99ae160 JavaThread "C1 CompilerThread0" daemon [_thread_blocked, id=1624, stack(0x0000008337b00000,0x0000008337c00000)]
  0x0000022efa4547e0 JavaThread "Sweeper thread" daemon [_thread_blocked, id=10024, stack(0x0000008337c00000,0x0000008337d00000)]
  0x0000022efa584340 JavaThread "Common-Cleaner" daemon [_thread_blocked, id=4776, stack(0x0000008337d00000,0x0000008337e00000)]
  0x0000022efa588c20 JavaThread "Notification Thread" daemon [_thread_blocked, id=15040, stack(0x0000008337e00000,0x0000008337f00000)]
  0x0000022efbd50f00 JavaThread "Daemon health stats" [_thread_blocked, id=2056, stack(0x0000008338300000,0x0000008338400000)]
  0x0000022efb8110a0 JavaThread "Incoming local TCP Connector on port 51227" [_thread_in_native, id=12024, stack(0x0000008338400000,0x0000008338500000)]
  0x0000022efbe07820 JavaThread "Daemon periodic checks" [_thread_blocked, id=5184, stack(0x0000008338500000,0x0000008338600000)]
  0x0000022efa86f060 JavaThread "Daemon" [_thread_blocked, id=10420, stack(0x0000008338600000,0x0000008338700000)]
  0x0000022efbd05760 JavaThread "Handler for socket connection from /127.0.0.1:51227 to /127.0.0.1:51228" [_thread_in_native, id=11624, stack(0x0000008338700000,0x0000008338800000)]
  0x0000022efb3842f0 JavaThread "Cancel handler" [_thread_blocked, id=3312, stack(0x0000008338800000,0x0000008338900000)]
  0x0000022efaad53a0 JavaThread "Daemon worker" [_thread_blocked, id=5636, stack(0x0000008338900000,0x0000008338a00000)]
  0x0000022efb45a570 JavaThread "Asynchronous log dispatcher for DefaultDaemonConnection: socket connection from /127.0.0.1:51227 to /127.0.0.1:51228" [_thread_blocked, id=11708, stack(0x0000008338a00000,0x0000008338b00000)]
  0x0000022efb45bd80 JavaThread "Stdin handler" [_thread_blocked, id=13328, stack(0x0000008338b00000,0x0000008338c00000)]
  0x0000022efb459700 JavaThread "Daemon client event forwarder" [_thread_blocked, id=10308, stack(0x0000008338c00000,0x0000008338d00000)]
  0x0000022efb4583c0 JavaThread "Cache worker for journal cache (C:\Users\Dell\.gradle\caches\journal-1)" [_thread_blocked, id=12324, stack(0x0000008338d00000,0x0000008338e00000)]
  0x0000022efb45b8b0 JavaThread "File lock request listener" [_thread_in_native, id=13928, stack(0x0000008338e00000,0x0000008338f00000)]
  0x0000022efb45aa40 JavaThread "File lock release action executor" [_thread_blocked, id=13656, stack(0x0000008338f00000,0x0000008339000000)]
  0x0000022efb45a0a0 JavaThread "Cache worker for file hash cache (C:\Users\Dell\.gradle\caches\8.0\fileHashes)" [_thread_blocked, id=6804, stack(0x0000008339000000,0x0000008339100000)]
  0x0000022efb458d60 JavaThread "File watcher server" daemon [_thread_in_native, id=3568, stack(0x0000008339100000,0x0000008339200000)]
  0x0000022efb459230 JavaThread "File watcher consumer" daemon [_thread_blocked, id=12804, stack(0x0000008339200000,0x0000008339300000)]
  0x0000022efd043d60 JavaThread "Cache worker for checksums cache (C:\Users\Dell\Desktop\Android Developement\Notes\.gradle\8.0\checksums)" [_thread_blocked, id=13284, stack(0x0000008339300000,0x0000008339400000)]
  0x0000022efd040d40 JavaThread "Cache worker for cache directory md-rule (C:\Users\Dell\.gradle\caches\8.0\md-rule)" [_thread_blocked, id=12440, stack(0x0000008339400000,0x0000008339500000)]
  0x0000022efd0433c0 JavaThread "Cache worker for file content cache (C:\Users\Dell\.gradle\caches\8.0\fileContent)" [_thread_blocked, id=8496, stack(0x0000008339500000,0x0000008339600000)]
  0x0000022efd044700 JavaThread "Cache worker for file hash cache (C:\Users\Dell\Desktop\Android Developement\Notes\.gradle\8.0\fileHashes)" [_thread_blocked, id=11584, stack(0x0000008339600000,0x0000008339700000)]
  0x0000022efd042080 JavaThread "Cache worker for cache directory md-supplier (C:\Users\Dell\.gradle\caches\8.0\md-supplier)" [_thread_blocked, id=9624, stack(0x0000008339700000,0x0000008339800000)]
  0x0000022efd0450a0 JavaThread "Cache worker for execution history cache (C:\Users\Dell\.gradle\caches\8.0\executionHistory)" [_thread_blocked, id=15076, stack(0x0000008339800000,0x0000008339900000)]
  0x0000022efd0463e0 JavaThread "jar transforms" [_thread_blocked, id=10700, stack(0x0000008339a00000,0x0000008339b00000)]
  0x0000022efd042550 JavaThread "jar transforms Thread 2" [_thread_blocked, id=13732, stack(0x0000008339b00000,0x0000008339c00000)]
  0x0000022efd041210 JavaThread "File lock release action executor Thread 2" [_thread_blocked, id=10100, stack(0x0000008339c00000,0x0000008339d00000)]
  0x0000022efd045a40 JavaThread "Cache worker for kotlin-dsl (C:\Users\Dell\.gradle\caches\8.0\kotlin-dsl)" [_thread_blocked, id=5656, stack(0x0000008339d00000,0x0000008339e00000)]
  0x0000022efd042ef0 JavaThread "jar transforms Thread 3" [_thread_blocked, id=13076, stack(0x0000008339e00000,0x0000008339f00000)]
  0x0000022efd040870 JavaThread "jar transforms Thread 4" [_thread_blocked, id=6152, stack(0x0000008339f00000,0x000000833a000000)]
  0x0000022efd03f060 JavaThread "Cache worker for dependencies-accessors (C:\Users\Dell\Desktop\Android Developement\Notes\.gradle\8.0\dependencies-accessors)" [_thread_blocked, id=15140, stack(0x000000833a000000,0x000000833a100000)]
  0x0000022efd4a9070 JavaThread "Cache worker for Build Output Cleanup Cache (C:\Users\Dell\Desktop\Android Developement\Notes\.gradle\buildOutputCleanup)" [_thread_blocked, id=3764, stack(0x000000833a100000,0x000000833a200000)]
  0x0000022efd4ae710 JavaThread "Unconstrained build operations" [_thread_blocked, id=6148, stack(0x000000833a200000,0x000000833a300000)]
  0x0000022efd4af580 JavaThread "Unconstrained build operations Thread 2" [_thread_blocked, id=12312, stack(0x000000833a300000,0x000000833a400000)]
  0x0000022efd4aa3b0 JavaThread "Unconstrained build operations Thread 3" [_thread_blocked, id=5704, stack(0x000000833a400000,0x000000833a500000)]
  0x0000022efd4ac560 JavaThread "Unconstrained build operations Thread 4" [_thread_blocked, id=13064, stack(0x000000833a500000,0x000000833a600000)]
  0x0000022efd4aca30 JavaThread "Unconstrained build operations Thread 5" [_thread_blocked, id=6032, stack(0x000000833a600000,0x000000833a700000)]
  0x0000022efd4ab220 JavaThread "Unconstrained build operations Thread 6" [_thread_blocked, id=10040, stack(0x000000833a700000,0x000000833a800000)]
  0x0000022efd4ad3d0 JavaThread "Unconstrained build operations Thread 7" [_thread_blocked, id=3308, stack(0x000000833a800000,0x000000833a900000)]
  0x0000022efd4ad8a0 JavaThread "Unconstrained build operations Thread 8" [_thread_blocked, id=14592, stack(0x000000833a900000,0x000000833aa00000)]
  0x0000022efd4aebe0 JavaThread "Unconstrained build operations Thread 9" [_thread_blocked, id=1100, stack(0x000000833aa00000,0x000000833ab00000)]
  0x0000022efd4aad50 JavaThread "Unconstrained build operations Thread 10" [_thread_blocked, id=8896, stack(0x000000833ab00000,0x000000833ac00000)]
  0x0000022efd4ab6f0 JavaThread "Unconstrained build operations Thread 11" [_thread_blocked, id=7632, stack(0x000000833ac00000,0x000000833ad00000)]
  0x0000022efd4aff20 JavaThread "Unconstrained build operations Thread 12" [_thread_blocked, id=6328, stack(0x000000833ad00000,0x000000833ae00000)]
  0x0000022efd4af0b0 JavaThread "Unconstrained build operations Thread 13" [_thread_blocked, id=3420, stack(0x000000833ae00000,0x000000833af00000)]
  0x0000022efd4add70 JavaThread "Unconstrained build operations Thread 14" [_thread_blocked, id=15228, stack(0x000000833af00000,0x000000833b000000)]
  0x0000022efd4ae240 JavaThread "Unconstrained build operations Thread 15" [_thread_blocked, id=5996, stack(0x000000833b000000,0x000000833b100000)]
  0x0000022efd4afa50 JavaThread "Unconstrained build operations Thread 16" [_thread_blocked, id=13956, stack(0x000000833b100000,0x000000833b200000)]
  0x0000022efd4b03f0 JavaThread "Unconstrained build operations Thread 17" [_thread_blocked, id=80, stack(0x000000833b200000,0x000000833b300000)]
  0x0000022efd4a8ba0 JavaThread "Unconstrained build operations Thread 18" [_thread_blocked, id=11176, stack(0x000000833b300000,0x000000833b400000)]
  0x0000022efd4a9540 JavaThread "Unconstrained build operations Thread 19" [_thread_blocked, id=10872, stack(0x000000833b400000,0x000000833b500000)]
  0x0000022efd4a9a10 JavaThread "Unconstrained build operations Thread 20" [_thread_blocked, id=13760, stack(0x000000833b500000,0x000000833b600000)]
  0x0000022efd4a9ee0 JavaThread "Unconstrained build operations Thread 21" [_thread_blocked, id=9448, stack(0x000000833b600000,0x000000833b700000)]
  0x0000022eff3792f0 JavaThread "Unconstrained build operations Thread 22" [_thread_blocked, id=14332, stack(0x000000833b700000,0x000000833b800000)]
  0x0000022eff37b970 JavaThread "Unconstrained build operations Thread 23" [_thread_blocked, id=15292, stack(0x000000833b800000,0x000000833b900000)]
  0x0000022eff37c7e0 JavaThread "Unconstrained build operations Thread 24" [_thread_blocked, id=13848, stack(0x000000833b900000,0x000000833ba00000)]
  0x0000022eff377ae0 JavaThread "Unconstrained build operations Thread 25" [_thread_blocked, id=14772, stack(0x000000833ba00000,0x000000833bb00000)]
  0x0000022eff378e20 JavaThread "Unconstrained build operations Thread 26" [_thread_blocked, id=2008, stack(0x000000833bb00000,0x000000833bc00000)]
  0x0000022eff37afd0 JavaThread "Unconstrained build operations Thread 27" [_thread_blocked, id=14968, stack(0x000000833bc00000,0x000000833bd00000)]
  0x0000022eff379c90 JavaThread "Unconstrained build operations Thread 28" [_thread_blocked, id=11764, stack(0x000000833bd00000,0x000000833be00000)]
  0x0000022eff37ccb0 JavaThread "Unconstrained build operations Thread 29" [_thread_blocked, id=14264, stack(0x000000833be00000,0x000000833bf00000)]
  0x0000022eff3762d0 JavaThread "Unconstrained build operations Thread 30" [_thread_blocked, id=2500, stack(0x000000833bf00000,0x000000833c000000)]
  0x0000022eff3797c0 JavaThread "Unconstrained build operations Thread 31" [_thread_blocked, id=10648, stack(0x000000833c000000,0x000000833c100000)]
  0x0000022eff37a630 JavaThread "Unconstrained build operations Thread 32" [_thread_blocked, id=7820, stack(0x000000833c100000,0x000000833c200000)]
  0x0000022eff377610 JavaThread "Unconstrained build operations Thread 33" [_thread_blocked, id=992, stack(0x000000833c200000,0x000000833c300000)]
  0x0000022eff3767a0 JavaThread "Unconstrained build operations Thread 34" [_thread_blocked, id=14704, stack(0x000000833c300000,0x000000833c400000)]
  0x0000022eff37c310 JavaThread "Unconstrained build operations Thread 35" [_thread_blocked, id=1808, stack(0x000000833c400000,0x000000833c500000)]
  0x0000022eff376c70 JavaThread "Unconstrained build operations Thread 36" [_thread_blocked, id=13912, stack(0x000000833c500000,0x000000833c600000)]
  0x0000022eff377fb0 JavaThread "Unconstrained build operations Thread 37" [_thread_blocked, id=12432, stack(0x000000833c600000,0x000000833c700000)]
  0x0000022eff378480 JavaThread "Unconstrained build operations Thread 38" [_thread_blocked, id=2124, stack(0x000000833c700000,0x000000833c800000)]
  0x0000022eff37a160 JavaThread "Unconstrained build operations Thread 39" [_thread_blocked, id=8080, stack(0x000000833c800000,0x000000833c900000)]
  0x0000022eff37ab00 JavaThread "Unconstrained build operations Thread 40" [_thread_blocked, id=15156, stack(0x000000833c900000,0x000000833ca00000)]

Other Threads:
=>0x0000022ef9938680 VMThread "VM Thread" [stack: 0x0000008337300000,0x0000008337400000] [id=252]
  0x0000022efa582010 WatcherThread [stack: 0x0000008337f00000,0x0000008338000000] [id=14536]
  0x0000022ede4b28c0 GCTaskThread "GC Thread#0" [stack: 0x0000008336e00000,0x0000008336f00000] [id=14580]
  0x0000022efada5c70 GCTaskThread "GC Thread#1" [stack: 0x0000008338100000,0x0000008338200000] [id=12928]
  0x0000022efa96b110 GCTaskThread "GC Thread#2" [stack: 0x0000008338200000,0x0000008338300000] [id=6964]
  0x0000022efb313a30 GCTaskThread "GC Thread#3" [stack: 0x0000008338000000,0x0000008338100000] [id=1676]
  0x0000022ede4c3800 ConcurrentGCThread "G1 Main Marker" [stack: 0x0000008336f00000,0x0000008337000000] [id=2232]
  0x0000022ede4c4210 ConcurrentGCThread "G1 Conc#0" [stack: 0x0000008337000000,0x0000008337100000] [id=6484]
  0x0000022ede512460 ConcurrentGCThread "G1 Refine#0" [stack: 0x0000008337100000,0x0000008337200000] [id=15184]
  0x0000022efb6cc0c0 ConcurrentGCThread "G1 Refine#1" [stack: 0x0000008339900000,0x0000008339a00000] [id=1832]
  0x0000022ede513e90 ConcurrentGCThread "G1 Service" [stack: 0x0000008337200000,0x0000008337300000] [id=272]

Threads with active compile tasks:

VM state: at safepoint (normal execution)

VM Mutex/Monitor currently owned by a thread:  ([mutex/lock_event])
[0x0000022ede454bf0] Threads_lock - owner thread: 0x0000022ef9938680
[0x0000022ede4553d0] Heap_lock - owner thread: 0x0000022efaad53a0

Heap address: 0x0000000080000000, size: 2048 MB, Compressed Oops mode: 32-bit

CDS archive(s) not mapped
Compressed class space mapped at: 0x0000000100000000-0x0000000140000000, reserved size: 1073741824
Narrow klass base: 0x0000000000000000, Narrow klass shift: 3, Narrow klass range: 0x140000000

GC Precious Log:
 CPUs: 4 total, 4 available
 Memory: 3971M
 Large Page Support: Disabled
 NUMA Support: Disabled
 Compressed Oops: Enabled (32-bit)
 Heap Region Size: 1M
 Heap Min Capacity: 8M
 Heap Initial Capacity: 64M
 Heap Max Capacity: 2G
 Pre-touch: Disabled
 Parallel Workers: 4
 Concurrent Workers: 1
 Concurrent Refinement Workers: 4
 Periodic GC: Disabled

Heap:
 garbage-first heap   total 71680K, used 55636K [0x0000000080000000, 0x0000000100000000)
  region size 1024K, 1 young (1024K), 1 survivors (1024K)
 Metaspace       used 54141K, committed 54592K, reserved 1097728K
  class space    used 7214K, committed 7424K, reserved 1048576K

Heap Regions: E=young(eden), S=young(survivor), O=old, HS=humongous(starts), HC=humongous(continues), CS=collection set, F=free, OA=open archive, CA=closed archive, TAMS=top-at-mark-start (previous, next)
|   0|0x0000000080000000, 0x0000000080100000, 0x0000000080100000|100%| O|  |TAMS 0x0000000080100000, 0x0000000080100000| Untracked 
|   1|0x0000000080100000, 0x0000000080200000, 0x0000000080200000|100%| O|  |TAMS 0x0000000080200000, 0x0000000080200000| Untracked 
|   2|0x0000000080200000, 0x0000000080300000, 0x0000000080300000|100%|HS|  |TAMS 0x0000000080300000, 0x0000000080300000| Complete 
|   3|0x0000000080300000, 0x0000000080400000, 0x0000000080400000|100%|HC|  |TAMS 0x0000000080400000, 0x0000000080400000| Complete 
|   4|0x0000000080400000, 0x0000000080500000, 0x0000000080500000|100%|HC|  |TAMS 0x0000000080500000, 0x0000000080500000| Complete 
|   5|0x0000000080500000, 0x0000000080600000, 0x0000000080600000|100%|HC|  |TAMS 0x0000000080600000, 0x0000000080600000| Complete 
|   6|0x0000000080600000, 0x0000000080700000, 0x0000000080700000|100%| O|  |TAMS 0x0000000080700000, 0x0000000080700000| Untracked 
|   7|0x0000000080700000, 0x0000000080800000, 0x0000000080800000|100%| O|  |TAMS 0x0000000080800000, 0x0000000080800000| Untracked 
|   8|0x0000000080800000, 0x0000000080900000, 0x0000000080900000|100%| O|  |TAMS 0x0000000080900000, 0x0000000080900000| Untracked 
|   9|0x0000000080900000, 0x0000000080a00000, 0x0000000080a00000|100%| O|  |TAMS 0x0000000080a00000, 0x0000000080a00000| Untracked 
|  10|0x0000000080a00000, 0x0000000080b00000, 0x0000000080b00000|100%| O|  |TAMS 0x0000000080b00000, 0x0000000080b00000| Untracked 
|  11|0x0000000080b00000, 0x0000000080c00000, 0x0000000080c00000|100%| O|  |TAMS 0x0000000080c00000, 0x0000000080c00000| Untracked 
|  12|0x0000000080c00000, 0x0000000080d00000, 0x0000000080d00000|100%| O|  |TAMS 0x0000000080d00000, 0x0000000080d00000| Untracked 
|  13|0x0000000080d00000, 0x0000000080e00000, 0x0000000080e00000|100%| O|  |TAMS 0x0000000080e00000, 0x0000000080e00000| Untracked 
|  14|0x0000000080e00000, 0x0000000080f00000, 0x0000000080f00000|100%| O|  |TAMS 0x0000000080f00000, 0x0000000080f00000| Untracked 
|  15|0x0000000080f00000, 0x0000000081000000, 0x0000000081000000|100%| O|  |TAMS 0x0000000081000000, 0x0000000081000000| Untracked 
|  16|0x0000000081000000, 0x0000000081100000, 0x0000000081100000|100%| O|  |TAMS 0x0000000081100000, 0x0000000081100000| Untracked 
|  17|0x0000000081100000, 0x0000000081200000, 0x0000000081200000|100%| O|  |TAMS 0x0000000081200000, 0x0000000081200000| Untracked 
|  18|0x0000000081200000, 0x0000000081300000, 0x0000000081300000|100%| O|  |TAMS 0x0000000081300000, 0x0000000081300000| Untracked 
|  19|0x0000000081300000, 0x0000000081400000, 0x0000000081400000|100%| O|  |TAMS 0x0000000081400000, 0x0000000081400000| Untracked 
|  20|0x0000000081400000, 0x0000000081500000, 0x0000000081500000|100%| O|  |TAMS 0x0000000081500000, 0x0000000081500000| Untracked 
|  21|0x0000000081500000, 0x0000000081600000, 0x0000000081600000|100%| O|  |TAMS 0x0000000081600000, 0x0000000081600000| Untracked 
|  22|0x0000000081600000, 0x0000000081700000, 0x0000000081700000|100%|HS|  |TAMS 0x0000000081600000, 0x0000000081700000| Complete 
|  23|0x0000000081700000, 0x0000000081700000, 0x0000000081800000|  0%| F|  |TAMS 0x0000000081700000, 0x0000000081700000| Untracked 
|  24|0x0000000081800000, 0x0000000081900000, 0x0000000081900000|100%| O|  |TAMS 0x0000000081900000, 0x0000000081900000| Untracked 
|  25|0x0000000081900000, 0x0000000081a00000, 0x0000000081a00000|100%| O|  |TAMS 0x0000000081a00000, 0x0000000081a00000| Untracked 
|  26|0x0000000081a00000, 0x0000000081b00000, 0x0000000081b00000|100%| O|  |TAMS 0x0000000081b00000, 0x0000000081b00000| Untracked 
|  27|0x0000000081b00000, 0x0000000081c00000, 0x0000000081c00000|100%| O|  |TAMS 0x0000000081c00000, 0x0000000081c00000| Untracked 
|  28|0x0000000081c00000, 0x0000000081d00000, 0x0000000081d00000|100%| O|  |TAMS 0x0000000081d00000, 0x0000000081d00000| Untracked 
|  29|0x0000000081d00000, 0x0000000081e00000, 0x0000000081e00000|100%| O|  |TAMS 0x0000000081e00000, 0x0000000081e00000| Untracked 
|  30|0x0000000081e00000, 0x0000000081f00000, 0x0000000081f00000|100%| O|  |TAMS 0x0000000081f00000, 0x0000000081f00000| Untracked 
|  31|0x0000000081f00000, 0x0000000082000000, 0x0000000082000000|100%| O|  |TAMS 0x0000000082000000, 0x0000000082000000| Untracked 
|  32|0x0000000082000000, 0x0000000082100000, 0x0000000082100000|100%| O|  |TAMS 0x0000000082100000, 0x0000000082100000| Untracked 
|  33|0x0000000082100000, 0x0000000082200000, 0x0000000082200000|100%| O|  |TAMS 0x0000000082200000, 0x0000000082200000| Untracked 
|  34|0x0000000082200000, 0x0000000082300000, 0x0000000082300000|100%| O|  |TAMS 0x0000000082300000, 0x0000000082300000| Untracked 
|  35|0x0000000082300000, 0x0000000082400000, 0x0000000082400000|100%| O|  |TAMS 0x0000000082397800, 0x0000000082400000| Untracked 
|  36|0x0000000082400000, 0x0000000082500000, 0x0000000082500000|100%|HS|  |TAMS 0x0000000082400000, 0x0000000082500000| Complete 
|  37|0x0000000082500000, 0x0000000082600000, 0x0000000082600000|100%|HS|  |TAMS 0x0000000082500000, 0x0000000082600000| Complete 
|  38|0x0000000082600000, 0x0000000082700000, 0x0000000082700000|100%|HC|  |TAMS 0x0000000082600000, 0x0000000082700000| Complete 
|  39|0x0000000082700000, 0x0000000082800000, 0x0000000082800000|100%|HS|  |TAMS 0x0000000082700000, 0x0000000082800000| Complete 
|  40|0x0000000082800000, 0x0000000082900000, 0x0000000082900000|100%|HC|  |TAMS 0x0000000082800000, 0x0000000082900000| Complete 
|  41|0x0000000082900000, 0x0000000082a00000, 0x0000000082a00000|100%|HC|  |TAMS 0x0000000082900000, 0x0000000082a00000| Complete 
|  42|0x0000000082a00000, 0x0000000082b00000, 0x0000000082b00000|100%|HC|  |TAMS 0x0000000082a00000, 0x0000000082b00000| Complete 
|  43|0x0000000082b00000, 0x0000000082c00000, 0x0000000082c00000|100%|HS|  |TAMS 0x0000000082b00000, 0x0000000082c00000| Complete 
|  44|0x0000000082c00000, 0x0000000082d00000, 0x0000000082d00000|100%|HC|  |TAMS 0x0000000082c00000, 0x0000000082d00000| Complete 
|  45|0x0000000082d00000, 0x0000000082e00000, 0x0000000082e00000|100%| O|  |TAMS 0x0000000082d00000, 0x0000000082e00000| Untracked 
|  46|0x0000000082e00000, 0x0000000082f00000, 0x0000000082f00000|100%| O|  |TAMS 0x0000000082e00000, 0x0000000082f00000| Untracked 
|  47|0x0000000082f00000, 0x0000000083000000, 0x0000000083000000|100%| O|  |TAMS 0x0000000082f00000, 0x0000000083000000| Untracked 
|  48|0x0000000083000000, 0x0000000083100000, 0x0000000083100000|100%| O|  |TAMS 0x0000000083000000, 0x0000000083100000| Untracked 
|  49|0x0000000083100000, 0x0000000083200000, 0x0000000083200000|100%| O|  |TAMS 0x0000000083100000, 0x0000000083200000| Untracked 
|  50|0x0000000083200000, 0x0000000083200000, 0x0000000083300000|  0%| F|  |TAMS 0x0000000083200000, 0x0000000083200000| Untracked 
|  51|0x0000000083300000, 0x0000000083300000, 0x0000000083400000|  0%| F|  |TAMS 0x0000000083300000, 0x0000000083300000| Untracked 
|  52|0x0000000083400000, 0x0000000083400000, 0x0000000083500000|  0%| F|  |TAMS 0x0000000083400000, 0x0000000083400000| Untracked 
|  53|0x0000000083500000, 0x0000000083600000, 0x0000000083600000|100%| O|  |TAMS 0x0000000083500000, 0x0000000083600000| Untracked 
|  54|0x0000000083600000, 0x00000000836e1000, 0x0000000083700000| 87%| O|  |TAMS 0x0000000083600000, 0x000000008361d600| Untracked 
|  55|0x0000000083700000, 0x0000000083700000, 0x0000000083800000|  0%| F|  |TAMS 0x0000000083700000, 0x0000000083700000| Untracked 
|  56|0x0000000083800000, 0x0000000083800000, 0x0000000083900000|  0%| F|  |TAMS 0x0000000083800000, 0x0000000083800000| Untracked 
|  57|0x0000000083900000, 0x0000000083900000, 0x0000000083a00000|  0%| F|  |TAMS 0x0000000083900000, 0x0000000083900000| Untracked 
|  58|0x0000000083a00000, 0x0000000083a00000, 0x0000000083b00000|  0%| F|  |TAMS 0x0000000083a00000, 0x0000000083a00000| Untracked 
|  59|0x0000000083b00000, 0x0000000083b00000, 0x0000000083c00000|  0%| F|  |TAMS 0x0000000083b00000, 0x0000000083b00000| Untracked 
|  60|0x0000000083c00000, 0x0000000083c00000, 0x0000000083d00000|  0%| F|  |TAMS 0x0000000083c00000, 0x0000000083c00000| Untracked 
|  61|0x0000000083d00000, 0x0000000083d00000, 0x0000000083e00000|  0%| F|  |TAMS 0x0000000083d00000, 0x0000000083d00000| Untracked 
|  62|0x0000000083e00000, 0x0000000083e74018, 0x0000000083f00000| 45%| S|CS|TAMS 0x0000000083e00000, 0x0000000083e00000| Complete 
|  63|0x0000000083f00000, 0x0000000083f00000, 0x0000000084000000|  0%| F|  |TAMS 0x0000000083f00000, 0x0000000083f00000| Untracked 
|  64|0x0000000084000000, 0x0000000084000000, 0x0000000084100000|  0%| F|  |TAMS 0x0000000084000000, 0x0000000084000000| Untracked 
|  65|0x0000000084100000, 0x0000000084100000, 0x0000000084200000|  0%| F|  |TAMS 0x0000000084100000, 0x0000000084100000| Untracked 
|  66|0x0000000084200000, 0x0000000084200000, 0x0000000084300000|  0%| F|  |TAMS 0x0000000084200000, 0x0000000084200000| Untracked 
|2045|0x00000000ffd00000, 0x00000000ffe00000, 0x00000000ffe00000|100%| O|  |TAMS 0x00000000ffd00000, 0x00000000ffe00000| Untracked 
|2046|0x00000000ffe00000, 0x00000000fff00000, 0x00000000fff00000|100%| O|  |TAMS 0x00000000ffe00000, 0x00000000fff00000| Untracked 
|2047|0x00000000fff00000, 0x0000000100000000, 0x0000000100000000|100%| O|  |TAMS 0x00000000fff00000, 0x0000000100000000| Untracked 

Card table byte_map: [0x0000022ef2b20000,0x0000022ef2f20000] _byte_map_base: 0x0000022ef2720000

Marking Bits (Prev, Next): (CMBitMap*) 0x0000022ede4b2f10, (CMBitMap*) 0x0000022ede4b2ed0
 Prev Bits: [0x0000022ef5320000, 0x0000022ef7320000)
 Next Bits: [0x0000022ef3320000, 0x0000022ef5320000)

Polling page: 0x0000022ede520000

Metaspace:

Usage:
  Non-class:     45.83 MB used.
      Class:      7.05 MB used.
       Both:     52.87 MB used.

Virtual space:
  Non-class space:       48.00 MB reserved,      46.06 MB ( 96%) committed,  6 nodes.
      Class space:        1.00 GB reserved,       7.25 MB ( <1%) committed,  1 nodes.
             Both:        1.05 GB reserved,      53.31 MB (  5%) committed. 

Chunk freelists:
   Non-Class:  1.77 MB
       Class:  720.00 KB
        Both:  2.47 MB

MaxMetaspaceSize: unlimited
CompressedClassSpaceSize: 1.00 GB
Initial GC threshold: 21.00 MB
Current GC threshold: 88.25 MB
CDS: off
MetaspaceReclaimPolicy: balanced
 - commit_granule_bytes: 65536.
 - commit_granule_words: 8192.
 - virtual_space_node_default_size: 1048576.
 - enlarge_chunks_in_place: 1.
 - new_chunks_are_fully_committed: 0.
 - uncommit_free_chunks: 1.
 - use_allocation_guard: 0.
 - handle_deallocations: 1.


Internal statistics:

num_allocs_failed_limit: 6.
num_arena_births: 594.
num_arena_deaths: 0.
num_vsnodes_births: 7.
num_vsnodes_deaths: 0.
num_space_committed: 853.
num_space_uncommitted: 0.
num_chunks_returned_to_freelist: 6.
num_chunks_taken_from_freelist: 2338.
num_chunk_merges: 6.
num_chunk_splits: 1560.
num_chunks_enlarged: 1072.
num_purges: 0.
num_inconsistent_stats: 0.

CodeHeap 'non-profiled nmethods': size=120000Kb used=3055Kb max_used=3055Kb free=116944Kb
 bounds [0x0000022eeabc0000, 0x0000022eeaec0000, 0x0000022ef20f0000]
CodeHeap 'profiled nmethods': size=120000Kb used=11466Kb max_used=11466Kb free=108533Kb
 bounds [0x0000022ee30f0000, 0x0000022ee3c30000, 0x0000022eea620000]
CodeHeap 'non-nmethods': size=5760Kb used=2312Kb max_used=2416Kb free=3447Kb
 bounds [0x0000022eea620000, 0x0000022eea890000, 0x0000022eeabc0000]
 total_blobs=6828 nmethods=5993 adapters=748
 compilation: enabled
              stopped_count=0, restarted_count=0
 full_count=0

Compilation events (20 events):
Event: 29.229 Thread 0x0000022ef999c760 6035       4       java.util.LinkedHashMap::get (29 bytes)
Event: 29.230 Thread 0x0000022ef99ae160 6036       3       java.beans.MethodDescriptor::<init> (48 bytes)
Event: 29.230 Thread 0x0000022ef99ae160 nmethod 6036 0x0000022ee3c1dd90 code [0x0000022ee3c1df80, 0x0000022ee3c1e618]
Event: 29.234 Thread 0x0000022ef99ae160 6037       1       java.util.stream.Node::getChildCount (2 bytes)
Event: 29.234 Thread 0x0000022ef99ae160 nmethod 6037 0x0000022eeaebaf10 code [0x0000022eeaebb0a0, 0x0000022eeaebb178]
Event: 29.234 Thread 0x0000022ef99ae160 6038       3       groovy.lang.MetaClassImpl::establishStaticMetaProperty (262 bytes)
Event: 29.235 Thread 0x0000022ef999c760 nmethod 6035 0x0000022eeaebb210 code [0x0000022eeaebb3a0, 0x0000022eeaebb6f8]
Event: 29.237 Thread 0x0000022ef99ae160 nmethod 6038 0x0000022ee3c1e810 code [0x0000022ee3c1eac0, 0x0000022ee3c202b8]
Event: 29.289 Thread 0x0000022ef99ae160 6039       1       com.google.common.collect.MapMakerInternalMap$StrongKeyWeakValueSegment::access$100 (5 bytes)
Event: 29.289 Thread 0x0000022ef99ae160 nmethod 6039 0x0000022eeaebb990 code [0x0000022eeaebbb20, 0x0000022eeaebbbd8]
Event: 29.294 Thread 0x0000022ef99ae160 6040       3       com.google.common.collect.RegularImmutableSet::size (6 bytes)
Event: 29.294 Thread 0x0000022ef99ae160 nmethod 6040 0x0000022ee3c20810 code [0x0000022ee3c209a0, 0x0000022ee3c20ab8]
Event: 29.299 Thread 0x0000022ef99ae160 6041       3       com.google.common.collect.MapMakerInternalMap$StrongKeyWeakValueSegment::self (5 bytes)
Event: 29.299 Thread 0x0000022ef99ae160 nmethod 6041 0x0000022ee3c20b90 code [0x0000022ee3c20d20, 0x0000022ee3c20e98]
Event: 29.299 Thread 0x0000022ef99ae160 6042       3       com.google.common.collect.MapMakerInternalMap$StrongKeyWeakValueSegment::self (2 bytes)
Event: 29.299 Thread 0x0000022ef99ae160 nmethod 6042 0x0000022ee3c20f90 code [0x0000022ee3c21120, 0x0000022ee3c21238]
Event: 29.299 Thread 0x0000022ef99ae160 6043       3       java.util.regex.Pattern::compile (10 bytes)
Event: 29.299 Thread 0x0000022ef99ae160 nmethod 6043 0x0000022ee3c21310 code [0x0000022ee3c214c0, 0x0000022ee3c21648]
Event: 29.330 Thread 0x0000022ef99ae160 6044       3       com.google.common.collect.MapMakerInternalMap$Segment::getFirst (21 bytes)
Event: 29.331 Thread 0x0000022ef99ae160 nmethod 6044 0x0000022ee3c21710 code [0x0000022ee3c219a0, 0x0000022ee3c22608]

GC Heap History (20 events):
Event: 19.798 GC heap after
{Heap after GC invocations=13 (full 0):
 garbage-first heap   total 65536K, used 30984K [0x0000000080000000, 0x0000000100000000)
  region size 1024K, 3 young (3072K), 3 survivors (3072K)
 Metaspace       used 43041K, committed 43456K, reserved 1089536K
  class space    used 5642K, committed 5824K, reserved 1048576K
}
Event: 20.822 GC heap before
{Heap before GC invocations=13 (full 0):
 garbage-first heap   total 65536K, used 50440K [0x0000000080000000, 0x0000000100000000)
  region size 1024K, 22 young (22528K), 3 survivors (3072K)
 Metaspace       used 44750K, committed 45184K, reserved 1089536K
  class space    used 5794K, committed 6016K, reserved 1048576K
}
Event: 20.831 GC heap after
{Heap after GC invocations=14 (full 0):
 garbage-first heap   total 65536K, used 32210K [0x0000000080000000, 0x0000000100000000)
  region size 1024K, 2 young (2048K), 2 survivors (2048K)
 Metaspace       used 44750K, committed 45184K, reserved 1089536K
  class space    used 5794K, committed 6016K, reserved 1048576K
}
Event: 22.903 GC heap before
{Heap before GC invocations=14 (full 0):
 garbage-first heap   total 65536K, used 51666K [0x0000000080000000, 0x0000000100000000)
  region size 1024K, 21 young (21504K), 2 survivors (2048K)
 Metaspace       used 47120K, committed 47552K, reserved 1097728K
  class space    used 6200K, committed 6400K, reserved 1048576K
}
Event: 22.910 GC heap after
{Heap after GC invocations=15 (full 0):
 garbage-first heap   total 65536K, used 32798K [0x0000000080000000, 0x0000000100000000)
  region size 1024K, 3 young (3072K), 3 survivors (3072K)
 Metaspace       used 47120K, committed 47552K, reserved 1097728K
  class space    used 6200K, committed 6400K, reserved 1048576K
}
Event: 24.114 GC heap before
{Heap before GC invocations=16 (full 0):
 garbage-first heap   total 65536K, used 50206K [0x0000000080000000, 0x0000000100000000)
  region size 1024K, 21 young (21504K), 3 survivors (3072K)
 Metaspace       used 49649K, committed 50112K, reserved 1097728K
  class space    used 6627K, committed 6848K, reserved 1048576K
}
Event: 24.124 GC heap after
{Heap after GC invocations=17 (full 0):
 garbage-first heap   total 65536K, used 33759K [0x0000000080000000, 0x0000000100000000)
  region size 1024K, 3 young (3072K), 3 survivors (3072K)
 Metaspace       used 49649K, committed 50112K, reserved 1097728K
  class space    used 6627K, committed 6848K, reserved 1048576K
}
Event: 25.564 GC heap before
{Heap before GC invocations=17 (full 0):
 garbage-first heap   total 65536K, used 52191K [0x0000000080000000, 0x0000000100000000)
  region size 1024K, 21 young (21504K), 3 survivors (3072K)
 Metaspace       used 52128K, committed 52544K, reserved 1097728K
  class space    used 6986K, committed 7168K, reserved 1048576K
}
Event: 25.573 GC heap after
{Heap after GC invocations=18 (full 0):
 garbage-first heap   total 65536K, used 33959K [0x0000000080000000, 0x0000000100000000)
  region size 1024K, 2 young (2048K), 2 survivors (2048K)
 Metaspace       used 52128K, committed 52544K, reserved 1097728K
  class space    used 6986K, committed 7168K, reserved 1048576K
}
Event: 27.664 GC heap before
{Heap before GC invocations=19 (full 0):
 garbage-first heap   total 65536K, used 52391K [0x0000000080000000, 0x0000000100000000)
  region size 1024K, 20 young (20480K), 2 survivors (2048K)
 Metaspace       used 53303K, committed 53696K, reserved 1097728K
  class space    used 7127K, committed 7296K, reserved 1048576K
}
Event: 27.674 GC heap after
{Heap after GC invocations=20 (full 0):
 garbage-first heap   total 65536K, used 36255K [0x0000000080000000, 0x0000000100000000)
  region size 1024K, 3 young (3072K), 3 survivors (3072K)
 Metaspace       used 53303K, committed 53696K, reserved 1097728K
  class space    used 7127K, committed 7296K, reserved 1048576K
}
Event: 27.692 GC heap before
{Heap before GC invocations=20 (full 0):
 garbage-first heap   total 65536K, used 37279K [0x0000000080000000, 0x0000000100000000)
  region size 1024K, 4 young (4096K), 3 survivors (3072K)
 Metaspace       used 53309K, committed 53696K, reserved 1097728K
  class space    used 7127K, committed 7296K, reserved 1048576K
}
Event: 27.703 GC heap after
{Heap after GC invocations=21 (full 0):
 garbage-first heap   total 65536K, used 35938K [0x0000000080000000, 0x0000000100000000)
  region size 1024K, 1 young (1024K), 1 survivors (1024K)
 Metaspace       used 53309K, committed 53696K, reserved 1097728K
  class space    used 7127K, committed 7296K, reserved 1048576K
}
Event: 28.382 GC heap before
{Heap before GC invocations=21 (full 0):
 garbage-first heap   total 65536K, used 52322K [0x0000000080000000, 0x0000000100000000)
  region size 1024K, 17 young (17408K), 1 survivors (1024K)
 Metaspace       used 53693K, committed 54144K, reserved 1097728K
  class space    used 7168K, committed 7360K, reserved 1048576K
}
Event: 28.389 GC heap after
{Heap after GC invocations=22 (full 0):
 garbage-first heap   total 65536K, used 38136K [0x0000000080000000, 0x0000000100000000)
  region size 1024K, 3 young (3072K), 3 survivors (3072K)
 Metaspace       used 53693K, committed 54144K, reserved 1097728K
  class space    used 7168K, committed 7360K, reserved 1048576K
}
Event: 28.920 GC heap before
{Heap before GC invocations=23 (full 0):
 garbage-first heap   total 68608K, used 60664K [0x0000000080000000, 0x0000000100000000)
  region size 1024K, 17 young (17408K), 3 survivors (3072K)
 Metaspace       used 53804K, committed 54272K, reserved 1097728K
  class space    used 7175K, committed 7360K, reserved 1048576K
}
Event: 28.930 GC heap after
{Heap after GC invocations=24 (full 0):
 garbage-first heap   total 71680K, used 52907K [0x0000000080000000, 0x0000000100000000)
  region size 1024K, 3 young (3072K), 3 survivors (3072K)
 Metaspace       used 53804K, committed 54272K, reserved 1097728K
  class space    used 7175K, committed 7360K, reserved 1048576K
}
Event: 28.964 GC heap before
{Heap before GC invocations=24 (full 0):
 garbage-first heap   total 71680K, used 54955K [0x0000000080000000, 0x0000000100000000)
  region size 1024K, 4 young (4096K), 3 survivors (3072K)
 Metaspace       used 53804K, committed 54272K, reserved 1097728K
  class space    used 7175K, committed 7360K, reserved 1048576K
}
Event: 28.971 GC heap after
{Heap after GC invocations=25 (full 0):
 garbage-first heap   total 71680K, used 55175K [0x0000000080000000, 0x0000000100000000)
  region size 1024K, 1 young (1024K), 1 survivors (1024K)
 Metaspace       used 53804K, committed 54272K, reserved 1097728K
  class space    used 7175K, committed 7360K, reserved 1048576K
}
Event: 29.337 GC heap before
{Heap before GC invocations=25 (full 0):
 garbage-first heap   total 71680K, used 57223K [0x0000000080000000, 0x0000000100000000)
  region size 1024K, 4 young (4096K), 1 survivors (1024K)
 Metaspace       used 54141K, committed 54592K, reserved 1097728K
  class space    used 7214K, committed 7424K, reserved 1048576K
}

Dll operation events (2 events):
Event: 0.392 Loaded shared library C:\Program Files\Android\Android Studio\jbr\bin\java.dll
Event: 3.554 Loaded shared library C:\Program Files\Android\Android Studio\jbr\bin\verify.dll

Deoptimization events (20 events):
Event: 28.218 Thread 0x0000022efaad53a0 DEOPT PACKING pc=0x0000022eead54ea4 sp=0x00000083389f8470
Event: 28.218 Thread 0x0000022efaad53a0 DEOPT UNPACKING pc=0x0000022eea67699d sp=0x00000083389f83f8 mode 2
Event: 28.774 Thread 0x0000022efaad53a0 DEOPT PACKING pc=0x0000022ee374cbd9 sp=0x00000083389f8ab0
Event: 28.774 Thread 0x0000022efaad53a0 DEOPT UNPACKING pc=0x0000022eea677124 sp=0x00000083389f7fa0 mode 0
Event: 28.785 Thread 0x0000022efaad53a0 Uncommon trap: trap_request=0xffffff45 fr.pc=0x0000022eeac1bedc relative=0x000000000000069c
Event: 28.785 Thread 0x0000022efaad53a0 Uncommon trap: reason=unstable_if action=reinterpret pc=0x0000022eeac1bedc method=java.util.jar.Manifest$FastInputStream.readLine([BII)I @ 130 c2
Event: 28.785 Thread 0x0000022efaad53a0 DEOPT PACKING pc=0x0000022eeac1bedc sp=0x00000083389f8590
Event: 28.785 Thread 0x0000022efaad53a0 DEOPT UNPACKING pc=0x0000022eea67699d sp=0x00000083389f8520 mode 2
Event: 28.852 Thread 0x0000022efaad53a0 DEOPT PACKING pc=0x0000022ee3c174e8 sp=0x00000083389f82b0
Event: 28.852 Thread 0x0000022efaad53a0 DEOPT UNPACKING pc=0x0000022eea677124 sp=0x00000083389f7740 mode 0
Event: 28.914 Thread 0x0000022efaad53a0 DEOPT PACKING pc=0x0000022ee3c174e8 sp=0x00000083389f82b0
Event: 28.914 Thread 0x0000022efaad53a0 DEOPT UNPACKING pc=0x0000022eea677124 sp=0x00000083389f7740 mode 0
Event: 28.914 Thread 0x0000022efaad53a0 DEOPT PACKING pc=0x0000022ee3c174e8 sp=0x00000083389f82b0
Event: 28.914 Thread 0x0000022efaad53a0 DEOPT UNPACKING pc=0x0000022eea677124 sp=0x00000083389f7740 mode 0
Event: 28.914 Thread 0x0000022efaad53a0 DEOPT PACKING pc=0x0000022ee3c174e8 sp=0x00000083389f82b0
Event: 28.914 Thread 0x0000022efaad53a0 DEOPT UNPACKING pc=0x0000022eea677124 sp=0x00000083389f7740 mode 0
Event: 29.296 Thread 0x0000022efaad53a0 Uncommon trap: trap_request=0xffffffde fr.pc=0x0000022eeaddca28 relative=0x0000000000002aa8
Event: 29.296 Thread 0x0000022efaad53a0 Uncommon trap: reason=class_check action=maybe_recompile pc=0x0000022eeaddca28 method=java.util.jar.JarFile.getManifestFromReference()Ljava/util/jar/Manifest; @ 152 c2
Event: 29.296 Thread 0x0000022efaad53a0 DEOPT PACKING pc=0x0000022eeaddca28 sp=0x00000083389f6520
Event: 29.296 Thread 0x0000022efaad53a0 DEOPT UNPACKING pc=0x0000022eea67699d sp=0x00000083389f6490 mode 2

Classes unloaded (0 events):
No events

Classes redefined (0 events):
No events

Internal exceptions (20 events):
Event: 23.384 Thread 0x0000022efb459700 Exception <a 'java/lang/NoSuchMethodError'{0x00000000839ce800}: static Lorg/gradle/internal/build/event/types/DefaultProjectConfigurationDescriptor;.<clinit>()V> (0x00000000839ce800) 
thrown [s\src\hotspot\share\prims\jni.cpp, line 1108]
Event: 23.384 Thread 0x0000022efb459700 Exception <a 'java/lang/NoSuchMethodError'{0x00000000839d0fb8}: static Lorg/gradle/internal/build/event/types/DefaultOperationDescriptor;.<clinit>()V> (0x00000000839d0fb8) 
thrown [s\src\hotspot\share\prims\jni.cpp, line 1108]
Event: 23.388 Thread 0x0000022efb459700 Exception <a 'java/lang/NoSuchMethodError'{0x00000000839e7db0}: static Lorg/gradle/internal/operations/OperationIdentifier;.<clinit>()V> (0x00000000839e7db0) 
thrown [s\src\hotspot\share\prims\jni.cpp, line 1108]
Event: 25.532 Thread 0x0000022efaad53a0 Exception <a 'java/lang/NoSuchMethodError'{0x0000000082e87620}: 'int java.lang.invoke.DirectMethodHandle$Holder.invokeStatic(java.lang.Object)'> (0x0000000082e87620) 
thrown [s\src\hotspot\share\interpreter\linkResolver.cpp, line 771]
Event: 25.533 Thread 0x0000022efaad53a0 Exception <a 'java/lang/NoSuchMethodError'{0x0000000082e8bcb8}: 'int java.lang.invoke.DirectMethodHandle$Holder.invokeStaticInit(java.lang.Object)'> (0x0000000082e8bcb8) 
thrown [s\src\hotspot\share\interpreter\linkResolver.cpp, line 771]
Event: 25.575 Thread 0x0000022efaad53a0 Exception <a 'java/lang/NoSuchMethodError'{0x0000000083f00a58}: 'java.lang.Object java.lang.invoke.DirectMethodHandle$Holder.newInvokeSpecial(java.lang.Object, java.lang.Object, java.lang.Object, java.lang.Object, java.lang.Object, int)'> (0x0000000083f00a58) 
thrown [s\src\hotspot\share\interpreter\linkResolver.cpp, line 771]
Event: 25.577 Thread 0x0000022efaad53a0 Exception <a 'java/lang/NoSuchMethodError'{0x0000000083f060b0}: 'java.lang.Object java.lang.invoke.DirectMethodHandle$Holder.invokeSpecial(java.lang.Object, java.lang.Object, java.lang.Object, java.lang.Object, java.lang.Object, java.lang.Object, int)'> (0x0000000083f060b0) 
thrown [s\src\hotspot\share\interpreter\linkResolver.cpp, line 771]
Event: 25.642 Thread 0x0000022efaad53a0 Exception <a 'java/lang/NoSuchMethodError'{0x0000000083fd8fb0}: 'void java.lang.invoke.DirectMethodHandle$Holder.invokeStatic(java.lang.Object, java.lang.Object, java.lang.Object, int, java.lang.Object)'> (0x0000000083fd8fb0) 
thrown [s\src\hotspot\share\interpreter\linkResolver.cpp, line 771]
Event: 26.483 Thread 0x0000022efaad53a0 Exception <a 'java/lang/NoSuchMethodError'{0x0000000083bcc0d0}: 'java.lang.Object java.lang.invoke.DirectMethodHandle$Holder.newInvokeSpecial(java.lang.Object, java.lang.Object, int)'> (0x0000000083bcc0d0) 
thrown [s\src\hotspot\share\interpreter\linkResolver.cpp, line 771]
Event: 28.203 Thread 0x0000022efaad53a0 Exception <a 'java/lang/NoSuchMethodError'{0x00000000832ec000}: 'long java.lang.invoke.DirectMethodHandle$Holder.invokeVirtual(java.lang.Object, java.lang.Object)'> (0x00000000832ec000) 
thrown [s\src\hotspot\share\interpreter\linkResolver.cpp, line 771]
Event: 28.216 Thread 0x0000022efb459700 Exception <a 'java/lang/NoSuchMethodError'{0x00000000831455f8}: static Lorg/gradle/internal/build/event/types/DefaultOperationFinishedProgressEvent;.<clinit>()V> (0x00000000831455f8) 
thrown [s\src\hotspot\share\prims\jni.cpp, line 1108]
Event: 28.221 Thread 0x0000022efb459700 Exception <a 'java/lang/NoSuchMethodError'{0x000000008316e0c8}: static Lorg/gradle/internal/build/event/types/DefaultProjectConfigurationSuccessResult;.<clinit>()V> (0x000000008316e0c8) 
thrown [s\src\hotspot\share\prims\jni.cpp, line 1108]
Event: 28.222 Thread 0x0000022efb459700 Exception <a 'java/lang/NoSuchMethodError'{0x000000008316f648}: static Lorg/gradle/internal/build/event/types/AbstractProjectConfigurationResult;.<clinit>()V> (0x000000008316f648) 
thrown [s\src\hotspot\share\prims\jni.cpp, line 1108]
Event: 28.222 Thread 0x0000022efb459700 Exception <a 'java/lang/NoSuchMethodError'{0x0000000083170da0}: static Lorg/gradle/internal/build/event/types/AbstractOperationResult;.<clinit>()V> (0x0000000083170da0) 
thrown [s\src\hotspot\share\prims\jni.cpp, line 1108]
Event: 28.222 Thread 0x0000022efb459700 Exception <a 'java/lang/NoSuchMethodError'{0x0000000083172218}: static Lorg/gradle/internal/build/event/types/AbstractResult;.<clinit>()V> (0x0000000083172218) 
thrown [s\src\hotspot\share\prims\jni.cpp, line 1108]
Event: 28.226 Thread 0x0000022efb459700 Exception <a 'java/lang/NoSuchMethodError'{0x0000000083189fe8}: static Lorg/gradle/internal/build/event/types/DefaultPluginApplicationResult;.<clinit>()V> (0x0000000083189fe8) 
thrown [s\src\hotspot\share\prims\jni.cpp, line 1108]
Event: 28.228 Thread 0x0000022efb459700 Exception <a 'java/lang/NoSuchMethodError'{0x0000000083196350}: static Lorg/gradle/internal/build/event/types/DefaultBinaryPluginIdentifier;.<clinit>()V> (0x0000000083196350) 
thrown [s\src\hotspot\share\prims\jni.cpp, line 1108]
Event: 28.232 Thread 0x0000022efb459700 Exception <a 'java/lang/NoSuchMethodError'{0x00000000831ae470}: static Lorg/gradle/internal/build/event/types/DefaultScriptPluginIdentifier;.<clinit>()V> (0x00000000831ae470) 
thrown [s\src\hotspot\share\prims\jni.cpp, line 1108]
Event: 29.226 Thread 0x0000022efaad53a0 Exception <a 'java/lang/ClassNotFoundException'{0x0000000083f06088}: org/gradle/api/internal/plugins/DefaultObjectConfigurationActionBeanInfo> (0x0000000083f06088) 
thrown [s\src\hotspot\share\classfile\systemDictionary.cpp, line 256]
Event: 29.229 Thread 0x0000022efaad53a0 Exception <a 'java/lang/ClassNotFoundException'{0x0000000083f1a070}: org/gradle/api/internal/plugins/DefaultObjectConfigurationActionCustomizer> (0x0000000083f1a070) 
thrown [s\src\hotspot\share\classfile\systemDictionary.cpp, line 256]

VM Operations (20 events):
Event: 26.727 Executing VM operation: Cleanup done
Event: 27.397 Executing VM operation: ICBufferFull
Event: 27.397 Executing VM operation: ICBufferFull done
Event: 27.663 Executing VM operation: G1CollectForAllocation
Event: 27.675 Executing VM operation: G1CollectForAllocation done
Event: 27.692 Executing VM operation: G1CollectForAllocation
Event: 27.704 Executing VM operation: G1CollectForAllocation done
Event: 28.209 Executing VM operation: HandshakeAllThreads
Event: 28.209 Executing VM operation: HandshakeAllThreads done
Event: 28.382 Executing VM operation: G1CollectForAllocation
Event: 28.389 Executing VM operation: G1CollectForAllocation done
Event: 28.490 Executing VM operation: G1Concurrent
Event: 28.496 Executing VM operation: G1Concurrent done
Event: 28.544 Executing VM operation: G1Concurrent
Event: 28.545 Executing VM operation: G1Concurrent done
Event: 28.920 Executing VM operation: G1CollectForAllocation
Event: 28.930 Executing VM operation: G1CollectForAllocation done
Event: 28.964 Executing VM operation: G1CollectForAllocation
Event: 28.971 Executing VM operation: G1CollectForAllocation done
Event: 29.337 Executing VM operation: G1CollectForAllocation

Events (20 events):
Event: 27.618 Thread 0x0000022eff37c310 Thread added: 0x0000022eff37c310
Event: 27.620 Thread 0x0000022eff376c70 Thread added: 0x0000022eff376c70
Event: 27.621 Thread 0x0000022eff377fb0 Thread added: 0x0000022eff377fb0
Event: 27.622 Thread 0x0000022eff378480 Thread added: 0x0000022eff378480
Event: 27.622 Thread 0x0000022eff37a160 Thread added: 0x0000022eff37a160
Event: 27.622 Thread 0x0000022eff37ab00 Thread added: 0x0000022eff37ab00
Event: 28.204 loading class java/util/stream/SortedOps
Event: 28.205 loading class java/util/stream/SortedOps done
Event: 28.205 loading class java/util/stream/SortedOps$OfRef
Event: 28.207 loading class java/util/stream/ReferencePipeline$StatefulOp
Event: 28.207 loading class java/util/stream/ReferencePipeline$StatefulOp done
Event: 28.208 loading class java/util/stream/SortedOps$OfRef done
Event: 28.211 loading class java/util/stream/SortedOps$RefSortingSink
Event: 28.211 loading class java/util/stream/SortedOps$AbstractRefSortingSink
Event: 28.211 loading class java/util/stream/SortedOps$AbstractRefSortingSink done
Event: 28.211 loading class java/util/stream/SortedOps$RefSortingSink done
Event: 28.230 loading class java/time/Ser
Event: 28.230 loading class java/time/Ser done
Event: 29.235 loading class jdk/internal/reflect/UnsafeObjectFieldAccessorImpl
Event: 29.236 loading class jdk/internal/reflect/UnsafeObjectFieldAccessorImpl done


Dynamic libraries:
0x00007ff6d2400000 - 0x00007ff6d240a000 	C:\Program Files\Android\Android Studio\jbr\bin\java.exe
0x00007fffb1cf0000 - 0x00007fffb1f07000 	C:\WINDOWS\SYSTEM32\ntdll.dll
0x00007fffb0b00000 - 0x00007fffb0bc4000 	C:\WINDOWS\System32\KERNEL32.DLL
0x00007fffaf690000 - 0x00007fffafa36000 	C:\WINDOWS\System32\KERNELBASE.dll
0x00007fffaf3e0000 - 0x00007fffaf4f1000 	C:\WINDOWS\System32\ucrtbase.dll
0x00007fff96df0000 - 0x00007fff96e07000 	C:\Program Files\Android\Android Studio\jbr\bin\jli.dll
0x00007fffb0050000 - 0x00007fffb01fe000 	C:\WINDOWS\System32\USER32.dll
0x00007fffaf1c0000 - 0x00007fffaf1e6000 	C:\WINDOWS\System32\win32u.dll
0x00007fffb05a0000 - 0x00007fffb05c9000 	C:\WINDOWS\System32\GDI32.dll
0x00007fffaf500000 - 0x00007fffaf618000 	C:\WINDOWS\System32\gdi32full.dll
0x00007fffaf120000 - 0x00007fffaf1ba000 	C:\WINDOWS\System32\msvcp_win.dll
0x00007fff95c70000 - 0x00007fff95c8b000 	C:\Program Files\Android\Android Studio\jbr\bin\VCRUNTIME140.dll
0x00007fff9a6c0000 - 0x00007fff9a953000 	C:\WINDOWS\WinSxS\amd64_microsoft.windows.common-controls_6595b64144ccf1df_6.0.22621.2506_none_270c5ae97388e100\COMCTL32.dll
0x00007fffafa40000 - 0x00007fffafae7000 	C:\WINDOWS\System32\msvcrt.dll
0x00007fffb1280000 - 0x00007fffb12b1000 	C:\WINDOWS\System32\IMM32.DLL
0x00007fff95af0000 - 0x00007fff95afc000 	C:\Program Files\Android\Android Studio\jbr\bin\vcruntime140_1.dll
0x00007fff73d60000 - 0x00007fff73ded000 	C:\Program Files\Android\Android Studio\jbr\bin\msvcp140.dll
0x00007fff2cbb0000 - 0x00007fff2d81e000 	C:\Program Files\Android\Android Studio\jbr\bin\server\jvm.dll
0x00007fffb0a20000 - 0x00007fffb0ad1000 	C:\WINDOWS\System32\ADVAPI32.dll
0x00007fffb11d0000 - 0x00007fffb1275000 	C:\WINDOWS\System32\sechost.dll
0x00007fffb0d10000 - 0x00007fffb0e27000 	C:\WINDOWS\System32\RPCRT4.dll
0x00007fff905f0000 - 0x00007fff905f9000 	C:\WINDOWS\SYSTEM32\WSOCK32.dll
0x00007fffb12d0000 - 0x00007fffb1341000 	C:\WINDOWS\System32\WS2_32.dll
0x00007fffa3a70000 - 0x00007fffa3aa4000 	C:\WINDOWS\SYSTEM32\WINMM.dll
0x00007fff9e170000 - 0x00007fff9e17a000 	C:\WINDOWS\SYSTEM32\VERSION.dll
0x00007fffae020000 - 0x00007fffae038000 	C:\WINDOWS\SYSTEM32\kernel.appcore.dll
0x00007fff70ca0000 - 0x00007fff70caa000 	C:\Program Files\Android\Android Studio\jbr\bin\jimage.dll
0x00007fffac860000 - 0x00007fffaca93000 	C:\WINDOWS\SYSTEM32\DBGHELP.DLL
0x00007fffb0690000 - 0x00007fffb0a19000 	C:\WINDOWS\System32\combase.dll
0x00007fffb0e30000 - 0x00007fffb0f07000 	C:\WINDOWS\System32\OLEAUT32.dll
0x00007fff91ec0000 - 0x00007fff91ef2000 	C:\WINDOWS\SYSTEM32\dbgcore.DLL
0x00007fffaf1f0000 - 0x00007fffaf26a000 	C:\WINDOWS\System32\bcryptPrimitives.dll
0x00007fff583b0000 - 0x00007fff583d5000 	C:\Program Files\Android\Android Studio\jbr\bin\java.dll
0x00007fff58390000 - 0x00007fff583a8000 	C:\Program Files\Android\Android Studio\jbr\bin\zip.dll
0x00007fffb1450000 - 0x00007fffb1caa000 	C:\WINDOWS\System32\SHELL32.dll
0x00007fffacf30000 - 0x00007fffad826000 	C:\WINDOWS\SYSTEM32\windows.storage.dll
0x00007fffacdf0000 - 0x00007fffacf2e000 	C:\WINDOWS\SYSTEM32\wintypes.dll
0x00007fffb0f10000 - 0x00007fffb1003000 	C:\WINDOWS\System32\SHCORE.dll
0x00007fffb05d0000 - 0x00007fffb062e000 	C:\WINDOWS\System32\shlwapi.dll
0x00007fffaef90000 - 0x00007fffaefb6000 	C:\WINDOWS\SYSTEM32\profapi.dll
0x00007fff9a240000 - 0x00007fff9a259000 	C:\Program Files\Android\Android Studio\jbr\bin\net.dll
0x00007fffa48f0000 - 0x00007fffa4a27000 	C:\WINDOWS\SYSTEM32\WINHTTP.dll
0x00007fffae4c0000 - 0x00007fffae529000 	C:\WINDOWS\system32\mswsock.dll
0x00007fff96e10000 - 0x00007fff96e26000 	C:\Program Files\Android\Android Studio\jbr\bin\nio.dll
0x00007fffa69b0000 - 0x00007fffa69c0000 	C:\Program Files\Android\Android Studio\jbr\bin\verify.dll
0x00007fff8ffd0000 - 0x00007fff8fff7000 	C:\Users\Dell\.gradle\native\68d5fa5c4cc2d200863cafc0d521ce42e7d3e7ee720ec0a83991735586a16f82\windows-amd64\native-platform.dll
0x00007fff50010000 - 0x00007fff50154000 	C:\Users\Dell\.gradle\native\e376f236ea51e6404a007f0833ffe2c6e607c4080706a723a18a27aeea778392\windows-amd64\native-platform-file-events.dll
0x00007fffa3b30000 - 0x00007fffa3b39000 	C:\Program Files\Android\Android Studio\jbr\bin\management.dll
0x00007fffa3ae0000 - 0x00007fffa3aeb000 	C:\Program Files\Android\Android Studio\jbr\bin\management_ext.dll
0x00007fffb0590000 - 0x00007fffb0598000 	C:\WINDOWS\System32\PSAPI.DLL
0x00007fffae730000 - 0x00007fffae74b000 	C:\WINDOWS\SYSTEM32\CRYPTSP.dll
0x00007fffadf80000 - 0x00007fffadfb5000 	C:\WINDOWS\system32\rsaenh.dll
0x00007fffae5d0000 - 0x00007fffae5fc000 	C:\WINDOWS\SYSTEM32\USERENV.dll
0x00007fffae900000 - 0x00007fffae928000 	C:\WINDOWS\SYSTEM32\bcrypt.dll
0x00007fffae750000 - 0x00007fffae75c000 	C:\WINDOWS\SYSTEM32\CRYPTBASE.dll
0x00007fffada90000 - 0x00007fffadabd000 	C:\WINDOWS\SYSTEM32\IPHLPAPI.DLL
0x00007fffb0510000 - 0x00007fffb0519000 	C:\WINDOWS\System32\NSI.dll
0x00007fffa51b0000 - 0x00007fffa51c9000 	C:\WINDOWS\SYSTEM32\dhcpcsvc6.DLL
0x00007fffa50b0000 - 0x00007fffa50cf000 	C:\WINDOWS\SYSTEM32\dhcpcsvc.DLL
0x00007fffadb00000 - 0x00007fffadbf9000 	C:\WINDOWS\SYSTEM32\DNSAPI.dll
0x00007fff9e430000 - 0x00007fff9e438000 	C:\WINDOWS\system32\wshunix.dll

dbghelp: loaded successfully - version: 4.0.5 - missing functions: none
symbol engine: initialized successfully - sym options: 0x614 - pdb path: .;C:\Program Files\Android\Android Studio\jbr\bin;C:\WINDOWS\SYSTEM32;C:\WINDOWS\WinSxS\amd64_microsoft.windows.common-controls_6595b64144ccf1df_6.0.22621.2506_none_270c5ae97388e100;C:\Program Files\Android\Android Studio\jbr\bin\server;C:\Users\Dell\.gradle\native\68d5fa5c4cc2d200863cafc0d521ce42e7d3e7ee720ec0a83991735586a16f82\windows-amd64;C:\Users\Dell\.gradle\native\e376f236ea51e6404a007f0833ffe2c6e607c4080706a723a18a27aeea778392\windows-amd64

VM Arguments:
jvm_args: --add-opens=java.base/java.util=ALL-UNNAMED --add-opens=java.base/java.lang=ALL-UNNAMED --add-opens=java.base/java.lang.invoke=ALL-UNNAMED --add-opens=java.prefs/java.util.prefs=ALL-UNNAMED --add-opens=java.base/java.nio.charset=ALL-UNNAMED --add-opens=java.base/java.net=ALL-UNNAMED --add-opens=java.base/java.util.concurrent.atomic=ALL-UNNAMED -Xmx2048m -Dfile.encoding=UTF-8 -Duser.country=IN -Duser.language=en -Duser.variant 
java_command: org.gradle.launcher.daemon.bootstrap.GradleDaemon 8.0
java_class_path (initial): C:\Users\Dell\.gradle\wrapper\dists\gradle-8.0-bin\ca5e32bp14vu59qr306oxotwh\gradle-8.0\lib\gradle-launcher-8.0.jar
Launcher Type: SUN_STANDARD

[Global flags]
     intx CICompilerCount                          = 3                                         {product} {ergonomic}
     uint ConcGCThreads                            = 1                                         {product} {ergonomic}
     uint G1ConcRefinementThreads                  = 4                                         {product} {ergonomic}
   size_t G1HeapRegionSize                         = 1048576                                   {product} {ergonomic}
    uintx GCDrainStackTargetSize                   = 64                                        {product} {ergonomic}
   size_t InitialHeapSize                          = 67108864                                  {product} {ergonomic}
   size_t MarkStackSize                            = 4194304                                   {product} {ergonomic}
   size_t MaxHeapSize                              = 2147483648                                {product} {command line}
   size_t MaxNewSize                               = 1287651328                                {product} {ergonomic}
   size_t MinHeapDeltaBytes                        = 1048576                                   {product} {ergonomic}
   size_t MinHeapSize                              = 8388608                                   {product} {ergonomic}
    uintx NonNMethodCodeHeapSize                   = 5832780                                {pd product} {ergonomic}
    uintx NonProfiledCodeHeapSize                  = 122912730                              {pd product} {ergonomic}
    uintx ProfiledCodeHeapSize                     = 122912730                              {pd product} {ergonomic}
    uintx ReservedCodeCacheSize                    = 251658240                              {pd product} {ergonomic}
     bool SegmentedCodeCache                       = true                                      {product} {ergonomic}
   size_t SoftMaxHeapSize                          = 2147483648                             {manageable} {ergonomic}
     bool UseCompressedClassPointers               = true                           {product lp64_product} {ergonomic}
     bool UseCompressedOops                        = true                           {product lp64_product} {ergonomic}
     bool UseG1GC                                  = true                                      {product} {ergonomic}
     bool UseLargePagesIndividualAllocation        = false                                  {pd product} {ergonomic}

Logging:
Log output configuration:
 #0: stdout all=warning uptime,level,tags
 #1: stderr all=off uptime,level,tags

Environment Variables:
PATH=C:\oraclexe\app\oracle\product\11.2.0\server\bin;C:\Program Files\Common Files\Oracle\Java\javapath;C:\Program Files (x86)\Common Files\Intel\Shared Libraries\redist\intel64\compiler;C:\WINDOWS\system32;C:\WINDOWS;C:\WINDOWS\System32\Wbem;C:\WINDOWS\System32\WindowsPowerShell\v1.0\;C:\WINDOWS\System32\OpenSSH\;C:\Program Files\dotnet\;C:\Program Files\Git\cmd;C:\Program Files\nodejs\;C:\Program Files\MySQL\MySQL Shell 8.0\bin\;C:\Users\Dell\AppData\Local\Programs\Python\Python310\Scripts\;C:\Users\Dell\AppData\Local\Programs\Python\Python310\;C:\Users\Dell\AppData\Local\Microsoft\WindowsApps;C:\Users\Dell\AppData\Local\Programs\Python\Python310\Scripts;C:\Users\Dell\AppData\Local\Programs\Microsoft VS Code\bin;C:\MinGW\bin;;C:\Program Files\JetBrains\IntelliJ IDEA Community Edition 2021.3.3\bin;;C:\Users\Dell\AppData\Roaming\npm;C:\Program Files\sf\bin
USERNAME=Dell
OS=Windows_NT
PROCESSOR_IDENTIFIER=Intel64 Family 6 Model 142 Stepping 12, GenuineIntel
TMP=C:\Users\Dell\AppData\Local\Temp
TEMP=C:\Users\Dell\AppData\Local\Temp


JNI global refs:
JNI global refs: 23, weak refs: 0

JNI global refs memory usage: 843, weak refs: 841


---------------  S Y S T E M  ---------------

OS:
 Windows 11 , 64 bit Build 22621 (10.0.22621.2506)
OS uptime: 0 days 3:27 hours
Hyper-V role detected

CPU: total 4 (initial active 4) (2 cores per cpu, 2 threads per core) family 6 model 142 stepping 12 microcode 0xf8, cx8, cmov, fxsr, ht, mmx, 3dnowpref, sse, sse2, sse3, ssse3, sse4.1, sse4.2, popcnt, lzcnt, tsc, tscinvbit, aes, erms, clmul, clflush, clflushopt, hv

Memory: 4k page, system-wide physical 3971M (250M free)
TotalPageFile size 10115M (AvailPageFile size 80M)
current process WorkingSet (physical memory assigned to process): 219M, peak: 223M
current process commit charge ("private bytes"): 276M, peak: 354M

vm_info: OpenJDK 64-Bit Server VM (17.0.6+0-b2043.56-10027231) for windows-amd64 JRE (17.0.6+0-b2043.56-10027231), built on Apr 28 2023 00:43:19 by "androidbuild" with MS VC++ 16.10 / 16.11 (VS2019)

END.
