#
# There is insufficient memory for the Java Runtime Environment to continue.
# Native memory allocation (mmap) failed to map 538968064 bytes for G1 virtual space
# Possible reasons:
#   The system is out of physical RAM or swap space
#   The process is running with CompressedOops enabled, and the Java Heap may be blocking the growth of the native heap
# Possible solutions:
#   Reduce memory load on the system
#   Increase physical memory or swap space
#   Check if swap backing store is full
#   Decrease Java heap size (-Xmx/-Xms)
#   Decrease number of Java threads
#   Decrease Java thread stack sizes (-Xss)
#   Set larger code cache with -XX:ReservedCodeCacheSize=
#   JVM is running with Unscaled Compressed Oops mode in which the Java heap is
#     placed in the first 4GB address space. The Java Heap base address is the
#     maximum limit for the native heap growth. Please use -XX:HeapBaseMinAddress
#     to set the Java Heap base and to place the Java Heap above 4GB virtual address.
# This output file may be truncated or incomplete.
#
#  Out of Memory Error (os_windows.cpp:3769), pid=12748, tid=1704
#
# JRE version: OpenJDK Runtime Environment (17.0.6) (build 17.0.6+0-b2043.56-10027231)
# Java VM: OpenJDK 64-Bit Server VM (17.0.6+0-b2043.56-10027231, mixed mode, tiered, compressed oops, compressed class ptrs, g1 gc, windows-amd64)
# No core dump will be written. Minidumps are not enabled by default on client versions of Windows
#

---------------  S U M M A R Y ------------

Command Line: --add-opens=java.base/java.util=ALL-UNNAMED --add-opens=java.base/java.lang=ALL-UNNAMED --add-opens=java.base/java.lang.invoke=ALL-UNNAMED --add-opens=java.prefs/java.util.prefs=ALL-UNNAMED --add-opens=java.base/java.nio.charset=ALL-UNNAMED --add-opens=java.base/java.net=ALL-UNNAMED --add-opens=java.base/java.util.concurrent.atomic=ALL-UNNAMED -Xmx2048m -Dfile.encoding=windows-1252 -Duser.country=IN -Duser.language=en -Duser.variant org.gradle.launcher.daemon.bootstrap.GradleDaemon 8.0

Host: Intel(R) Pentium(R) CPU 5405U @ 2.30GHz, 4 cores, 3G,  Windows 11 , 64 bit Build 22621 (10.0.22621.2506)
Time: Sat Jan 13 05:31:40 2024 India Standard Time elapsed time: 33.565746 seconds (0d 0h 0m 33s)

---------------  T H R E A D  ---------------

Current thread (0x0000026ed8de8750):  VMThread "VM Thread" [stack: 0x000000fb41700000,0x000000fb41800000] [id=1704]

Stack: [0x000000fb41700000,0x000000fb41800000]
Native frames: (J=compiled Java code, j=interpreted, Vv=VM code, C=native code)
V  [jvm.dll+0x683c9a]
V  [jvm.dll+0x8427a4]
V  [jvm.dll+0x843f9e]
V  [jvm.dll+0x844603]
V  [jvm.dll+0x249b75]
V  [jvm.dll+0x680b69]
V  [jvm.dll+0x67505a]
V  [jvm.dll+0x309acb]
V  [jvm.dll+0x310f86]
V  [jvm.dll+0x3608ee]
V  [jvm.dll+0x360b1f]
V  [jvm.dll+0x2dfbf8]
V  [jvm.dll+0x2ddec4]
V  [jvm.dll+0x2dd4cc]
V  [jvm.dll+0x321f3b]
V  [jvm.dll+0x848ccb]
V  [jvm.dll+0x849a04]
V  [jvm.dll+0x849f1d]
V  [jvm.dll+0x84a2f4]
V  [jvm.dll+0x84a3c0]
V  [jvm.dll+0x7f274a]
V  [jvm.dll+0x682ad5]
C  [ucrtbase.dll+0x29363]
C  [KERNEL32.DLL+0x1257d]
C  [ntdll.dll+0x5aa58]

VM_Operation (0x000000fb435fe690): G1CollectForAllocation, mode: safepoint, requested by thread 0x0000026edafd0540


---------------  P R O C E S S  ---------------

Threads class SMR info:
_java_thread_list=0x0000026ee1d7c9a0, length=89, elements={
0x0000026ebf869720, 0x0000026ed8e26260, 0x0000026ed8decb20, 0x0000026ed980e5d0,
0x0000026ed980f350, 0x0000026ed9812d20, 0x0000026ed9813e70, 0x0000026ed98153a0,
0x0000026ed8e532e0, 0x0000026ed8e56870, 0x0000026ed9993340, 0x0000026ed99af830,
0x0000026edaca4c50, 0x0000026edab2a160, 0x0000026edab2a630, 0x0000026edb12d020,
0x0000026edb08eef0, 0x0000026edbeede40, 0x0000026edbe8da60, 0x0000026edafd1880,
0x0000026edafd0a10, 0x0000026edafd2bc0, 0x0000026edafd3a30, 0x0000026edafd13b0,
0x0000026edafd0540, 0x0000026edafd1d50, 0x0000026edafd0ee0, 0x0000026edafd2220,
0x0000026edafd3560, 0x0000026edafd0070, 0x0000026edafd26f0, 0x0000026edafd3090,
0x0000026edeabb990, 0x0000026edeab5e20, 0x0000026edeabbe60, 0x0000026edeab7160,
0x0000026edeab62f0, 0x0000026edeab67c0, 0x0000026edeabb4c0, 0x0000026edeaba650,
0x0000026edeab7b00, 0x0000026edeabab20, 0x0000026edeab84a0, 0x0000026edeabc330,
0x0000026edeab8970, 0x0000026edeab8e40, 0x0000026edeabccd0, 0x0000026edeab9310,
0x0000026edeab97e0, 0x0000026edeab9cb0, 0x0000026edeabd1a0, 0x0000026edeab5950,
0x0000026ede4de030, 0x0000026ede4da1a0, 0x0000026ede4dfd10, 0x0000026ede4dc350,
0x0000026ede4dd1c0, 0x0000026ede4db9b0, 0x0000026ede4da670, 0x0000026ede4db4e0,
0x0000026ede4dab40, 0x0000026ede4de9d0, 0x0000026ede4e06b0, 0x0000026ede4db010,
0x0000026ede4df370, 0x0000026ede4dbe80, 0x0000026ede4dc820, 0x0000026ede4e01e0,
0x0000026ede4e0b80, 0x0000026ede4e1050, 0x0000026ede4d9cd0, 0x0000026ede4dccf0,
0x0000026ede4dd690, 0x0000026ede4de500, 0x0000026ede4ddb60, 0x0000026ede4deea0,
0x0000026ede4df840, 0x0000026ede4e1520, 0x0000026ed9b83120, 0x0000026ed9b8a4a0,
0x0000026ed9b87950, 0x0000026ed9b86140, 0x0000026ed9b82c50, 0x0000026ed9b857a0,
0x0000026ed9b86610, 0x0000026ed9b84930, 0x0000026ed9b89fd0, 0x0000026ed9b86ae0,
0x0000026ed9b89b00
}

Java Threads: ( => current thread )
  0x0000026ebf869720 JavaThread "main" [_thread_blocked, id=11116, stack(0x000000fb41100000,0x000000fb41200000)]
  0x0000026ed8e26260 JavaThread "Reference Handler" daemon [_thread_blocked, id=12228, stack(0x000000fb41800000,0x000000fb41900000)]
  0x0000026ed8decb20 JavaThread "Finalizer" daemon [_thread_blocked, id=6744, stack(0x000000fb41900000,0x000000fb41a00000)]
  0x0000026ed980e5d0 JavaThread "Signal Dispatcher" daemon [_thread_blocked, id=13660, stack(0x000000fb41a00000,0x000000fb41b00000)]
  0x0000026ed980f350 JavaThread "Attach Listener" daemon [_thread_blocked, id=11580, stack(0x000000fb41b00000,0x000000fb41c00000)]
  0x0000026ed9812d20 JavaThread "Service Thread" daemon [_thread_blocked, id=14960, stack(0x000000fb41c00000,0x000000fb41d00000)]
  0x0000026ed9813e70 JavaThread "Monitor Deflation Thread" daemon [_thread_blocked, id=12936, stack(0x000000fb41d00000,0x000000fb41e00000)]
  0x0000026ed98153a0 JavaThread "C2 CompilerThread0" daemon [_thread_blocked, id=13448, stack(0x000000fb41e00000,0x000000fb41f00000)]
  0x0000026ed8e532e0 JavaThread "C1 CompilerThread0" daemon [_thread_blocked, id=13972, stack(0x000000fb41f00000,0x000000fb42000000)]
  0x0000026ed8e56870 JavaThread "Sweeper thread" daemon [_thread_blocked, id=10096, stack(0x000000fb42000000,0x000000fb42100000)]
  0x0000026ed9993340 JavaThread "Common-Cleaner" daemon [_thread_blocked, id=9164, stack(0x000000fb42100000,0x000000fb42200000)]
  0x0000026ed99af830 JavaThread "Notification Thread" daemon [_thread_blocked, id=2888, stack(0x000000fb42200000,0x000000fb42300000)]
  0x0000026edaca4c50 JavaThread "Daemon health stats" [_thread_blocked, id=11544, stack(0x000000fb42900000,0x000000fb42a00000)]
  0x0000026edab2a160 JavaThread "Incoming local TCP Connector on port 51241" [_thread_in_native, id=14904, stack(0x000000fb42800000,0x000000fb42900000)]
  0x0000026edab2a630 JavaThread "Daemon periodic checks" [_thread_blocked, id=10212, stack(0x000000fb42a00000,0x000000fb42b00000)]
  0x0000026edb12d020 JavaThread "Daemon" [_thread_blocked, id=10364, stack(0x000000fb42b00000,0x000000fb42c00000)]
  0x0000026edb08eef0 JavaThread "Handler for socket connection from /127.0.0.1:51241 to /127.0.0.1:51242" [_thread_in_native, id=9148, stack(0x000000fb42c00000,0x000000fb42d00000)]
  0x0000026edbeede40 JavaThread "Cancel handler" [_thread_blocked, id=1772, stack(0x000000fb42d00000,0x000000fb42e00000)]
  0x0000026edbe8da60 JavaThread "Daemon worker" [_thread_blocked, id=9916, stack(0x000000fb42e00000,0x000000fb42f00000)]
  0x0000026edafd1880 JavaThread "Asynchronous log dispatcher for DefaultDaemonConnection: socket connection from /127.0.0.1:51241 to /127.0.0.1:51242" [_thread_blocked, id=2248, stack(0x000000fb42f00000,0x000000fb43000000)]
  0x0000026edafd0a10 JavaThread "Stdin handler" [_thread_blocked, id=11356, stack(0x000000fb43000000,0x000000fb43100000)]
  0x0000026edafd2bc0 JavaThread "Daemon client event forwarder" [_thread_blocked, id=10296, stack(0x000000fb43100000,0x000000fb43200000)]
  0x0000026edafd3a30 JavaThread "Cache worker for journal cache (C:\Users\Dell\.gradle\caches\journal-1)" [_thread_blocked, id=10776, stack(0x000000fb43300000,0x000000fb43400000)]
  0x0000026edafd13b0 JavaThread "File lock request listener" [_thread_in_native, id=1012, stack(0x000000fb43400000,0x000000fb43500000)]
  0x0000026edafd0540 JavaThread "Cache worker for file hash cache (C:\Users\Dell\.gradle\caches\8.0\fileHashes)" [_thread_blocked, id=9416, stack(0x000000fb43500000,0x000000fb43600000)]
  0x0000026edafd1d50 JavaThread "File watcher server" daemon [_thread_in_native, id=12704, stack(0x000000fb43600000,0x000000fb43700000)]
  0x0000026edafd0ee0 JavaThread "File watcher consumer" daemon [_thread_blocked, id=15272, stack(0x000000fb43700000,0x000000fb43800000)]
  0x0000026edafd2220 JavaThread "jar transforms" [_thread_blocked, id=14312, stack(0x000000fb43800000,0x000000fb43900000)]
  0x0000026edafd3560 JavaThread "jar transforms Thread 2" [_thread_blocked, id=13608, stack(0x000000fb43900000,0x000000fb43a00000)]
  0x0000026edafd0070 JavaThread "jar transforms Thread 3" [_thread_blocked, id=5936, stack(0x000000fb43a00000,0x000000fb43b00000)]
  0x0000026edafd26f0 JavaThread "jar transforms Thread 4" [_thread_blocked, id=1708, stack(0x000000fb43b00000,0x000000fb43c00000)]
  0x0000026edafd3090 JavaThread "Cache worker for checksums cache (C:\Users\Dell\Desktop\Android Developement\Notes\.gradle\8.0\checksums)" [_thread_blocked, id=6844, stack(0x000000fb43200000,0x000000fb43300000)]
  0x0000026edeabb990 JavaThread "Cache worker for cache directory md-rule (C:\Users\Dell\.gradle\caches\8.0\md-rule)" [_thread_blocked, id=8396, stack(0x000000fb43c00000,0x000000fb43d00000)]
  0x0000026edeab5e20 JavaThread "Cache worker for file content cache (C:\Users\Dell\.gradle\caches\8.0\fileContent)" [_thread_blocked, id=15012, stack(0x000000fb43d00000,0x000000fb43e00000)]
  0x0000026edeabbe60 JavaThread "Cache worker for file hash cache (C:\Users\Dell\Desktop\Android Developement\Notes\.gradle\8.0\fileHashes)" [_thread_blocked, id=14516, stack(0x000000fb43f00000,0x000000fb44000000)]
  0x0000026edeab7160 JavaThread "Cache worker for cache directory md-supplier (C:\Users\Dell\.gradle\caches\8.0\md-supplier)" [_thread_blocked, id=13724, stack(0x000000fb44000000,0x000000fb44100000)]
  0x0000026edeab62f0 JavaThread "Cache worker for execution history cache (C:\Users\Dell\.gradle\caches\8.0\executionHistory)" [_thread_blocked, id=4012, stack(0x000000fb44100000,0x000000fb44200000)]
  0x0000026edeab67c0 JavaThread "Cache worker for kotlin-dsl (C:\Users\Dell\.gradle\caches\8.0\kotlin-dsl)" [_thread_blocked, id=2804, stack(0x000000fb44200000,0x000000fb44300000)]
  0x0000026edeabb4c0 JavaThread "Cache worker for dependencies-accessors (C:\Users\Dell\Desktop\Android Developement\Notes\.gradle\8.0\dependencies-accessors)" [_thread_blocked, id=5232, stack(0x000000fb44300000,0x000000fb44400000)]
  0x0000026edeaba650 JavaThread "Cache worker for Build Output Cleanup Cache (C:\Users\Dell\Desktop\Android Developement\Notes\.gradle\buildOutputCleanup)" [_thread_blocked, id=12768, stack(0x000000fb44400000,0x000000fb44500000)]
  0x0000026edeab7b00 JavaThread "Unconstrained build operations" [_thread_blocked, id=10324, stack(0x000000fb44500000,0x000000fb44600000)]
  0x0000026edeabab20 JavaThread "Unconstrained build operations Thread 2" [_thread_blocked, id=12716, stack(0x000000fb44600000,0x000000fb44700000)]
  0x0000026edeab84a0 JavaThread "Unconstrained build operations Thread 3" [_thread_blocked, id=14316, stack(0x000000fb44700000,0x000000fb44800000)]
  0x0000026edeabc330 JavaThread "Unconstrained build operations Thread 4" [_thread_blocked, id=7208, stack(0x000000fb44800000,0x000000fb44900000)]
  0x0000026edeab8970 JavaThread "Unconstrained build operations Thread 5" [_thread_blocked, id=9024, stack(0x000000fb44900000,0x000000fb44a00000)]
  0x0000026edeab8e40 JavaThread "Unconstrained build operations Thread 6" [_thread_blocked, id=11704, stack(0x000000fb44a00000,0x000000fb44b00000)]
  0x0000026edeabccd0 JavaThread "Unconstrained build operations Thread 7" [_thread_blocked, id=1932, stack(0x000000fb44b00000,0x000000fb44c00000)]
  0x0000026edeab9310 JavaThread "Unconstrained build operations Thread 8" [_thread_blocked, id=14044, stack(0x000000fb44c00000,0x000000fb44d00000)]
  0x0000026edeab97e0 JavaThread "Unconstrained build operations Thread 9" [_thread_blocked, id=13492, stack(0x000000fb44d00000,0x000000fb44e00000)]
  0x0000026edeab9cb0 JavaThread "Unconstrained build operations Thread 10" [_thread_blocked, id=15112, stack(0x000000fb44e00000,0x000000fb44f00000)]
  0x0000026edeabd1a0 JavaThread "Unconstrained build operations Thread 11" [_thread_blocked, id=13100, stack(0x000000fb44f00000,0x000000fb45000000)]
  0x0000026edeab5950 JavaThread "Unconstrained build operations Thread 12" [_thread_blocked, id=10244, stack(0x000000fb45000000,0x000000fb45100000)]
  0x0000026ede4de030 JavaThread "Unconstrained build operations Thread 13" [_thread_blocked, id=11188, stack(0x000000fb45100000,0x000000fb45200000)]
  0x0000026ede4da1a0 JavaThread "Unconstrained build operations Thread 14" [_thread_blocked, id=8968, stack(0x000000fb45200000,0x000000fb45300000)]
  0x0000026ede4dfd10 JavaThread "Unconstrained build operations Thread 15" [_thread_blocked, id=9144, stack(0x000000fb45300000,0x000000fb45400000)]
  0x0000026ede4dc350 JavaThread "Unconstrained build operations Thread 16" [_thread_blocked, id=11660, stack(0x000000fb45400000,0x000000fb45500000)]
  0x0000026ede4dd1c0 JavaThread "Unconstrained build operations Thread 17" [_thread_blocked, id=12976, stack(0x000000fb45500000,0x000000fb45600000)]
  0x0000026ede4db9b0 JavaThread "Unconstrained build operations Thread 18" [_thread_blocked, id=2828, stack(0x000000fb45600000,0x000000fb45700000)]
  0x0000026ede4da670 JavaThread "Unconstrained build operations Thread 19" [_thread_blocked, id=12008, stack(0x000000fb45700000,0x000000fb45800000)]
  0x0000026ede4db4e0 JavaThread "Unconstrained build operations Thread 20" [_thread_blocked, id=13524, stack(0x000000fb45800000,0x000000fb45900000)]
  0x0000026ede4dab40 JavaThread "Unconstrained build operations Thread 21" [_thread_blocked, id=2028, stack(0x000000fb45900000,0x000000fb45a00000)]
  0x0000026ede4de9d0 JavaThread "Unconstrained build operations Thread 22" [_thread_blocked, id=13952, stack(0x000000fb45a00000,0x000000fb45b00000)]
  0x0000026ede4e06b0 JavaThread "Unconstrained build operations Thread 23" [_thread_blocked, id=14792, stack(0x000000fb45b00000,0x000000fb45c00000)]
  0x0000026ede4db010 JavaThread "Unconstrained build operations Thread 24" [_thread_blocked, id=15312, stack(0x000000fb45c00000,0x000000fb45d00000)]
  0x0000026ede4df370 JavaThread "Unconstrained build operations Thread 25" [_thread_blocked, id=15048, stack(0x000000fb45d00000,0x000000fb45e00000)]
  0x0000026ede4dbe80 JavaThread "Unconstrained build operations Thread 26" [_thread_blocked, id=15336, stack(0x000000fb45e00000,0x000000fb45f00000)]
  0x0000026ede4dc820 JavaThread "Unconstrained build operations Thread 27" [_thread_blocked, id=12028, stack(0x000000fb45f00000,0x000000fb46000000)]
  0x0000026ede4e01e0 JavaThread "Unconstrained build operations Thread 28" [_thread_blocked, id=15180, stack(0x000000fb46000000,0x000000fb46100000)]
  0x0000026ede4e0b80 JavaThread "Unconstrained build operations Thread 29" [_thread_blocked, id=9196, stack(0x000000fb46100000,0x000000fb46200000)]
  0x0000026ede4e1050 JavaThread "Unconstrained build operations Thread 30" [_thread_blocked, id=12996, stack(0x000000fb46200000,0x000000fb46300000)]
  0x0000026ede4d9cd0 JavaThread "Unconstrained build operations Thread 31" [_thread_blocked, id=10528, stack(0x000000fb46300000,0x000000fb46400000)]
  0x0000026ede4dccf0 JavaThread "Unconstrained build operations Thread 32" [_thread_blocked, id=14760, stack(0x000000fb46400000,0x000000fb46500000)]
  0x0000026ede4dd690 JavaThread "Unconstrained build operations Thread 33" [_thread_blocked, id=7640, stack(0x000000fb46500000,0x000000fb46600000)]
  0x0000026ede4de500 JavaThread "Unconstrained build operations Thread 34" [_thread_blocked, id=13868, stack(0x000000fb46600000,0x000000fb46700000)]
  0x0000026ede4ddb60 JavaThread "Unconstrained build operations Thread 35" [_thread_blocked, id=2904, stack(0x000000fb46700000,0x000000fb46800000)]
  0x0000026ede4deea0 JavaThread "Unconstrained build operations Thread 36" [_thread_blocked, id=7332, stack(0x000000fb46800000,0x000000fb46900000)]
  0x0000026ede4df840 JavaThread "Unconstrained build operations Thread 37" [_thread_blocked, id=4172, stack(0x000000fb46900000,0x000000fb46a00000)]
  0x0000026ede4e1520 JavaThread "Unconstrained build operations Thread 38" [_thread_blocked, id=15216, stack(0x000000fb46a00000,0x000000fb46b00000)]
  0x0000026ed9b83120 JavaThread "Unconstrained build operations Thread 39" [_thread_blocked, id=14496, stack(0x000000fb46b00000,0x000000fb46c00000)]
  0x0000026ed9b8a4a0 JavaThread "Unconstrained build operations Thread 40" [_thread_blocked, id=7112, stack(0x000000fb46c00000,0x000000fb46d00000)]
  0x0000026ed9b87950 JavaThread "Memory manager" [_thread_blocked, id=15268, stack(0x000000fb43e00000,0x000000fb43f00000)]
  0x0000026ed9b86140 JavaThread "build event listener" [_thread_blocked, id=3804, stack(0x000000fb46d00000,0x000000fb46e00000)]
  0x0000026ed9b82c50 JavaThread "build event listener" [_thread_blocked, id=10224, stack(0x000000fb46e00000,0x000000fb46f00000)]
  0x0000026ed9b857a0 JavaThread "included builds" [_thread_blocked, id=11104, stack(0x000000fb46f00000,0x000000fb47000000)]
  0x0000026ed9b86610 JavaThread "Execution worker" [_thread_blocked, id=14656, stack(0x000000fb47000000,0x000000fb47100000)]
  0x0000026ed9b84930 JavaThread "Execution worker Thread 2" [_thread_blocked, id=12108, stack(0x000000fb47100000,0x000000fb47200000)]
  0x0000026ed9b89fd0 JavaThread "Execution worker Thread 3" [_thread_blocked, id=11364, stack(0x000000fb47200000,0x000000fb47300000)]
  0x0000026ed9b86ae0 JavaThread "Cache worker for execution history cache (C:\Users\Dell\Desktop\Android Developement\Notes\.gradle\8.0\executionHistory)" [_thread_blocked, id=14612, stack(0x000000fb47300000,0x000000fb47400000)]
  0x0000026ed9b89b00 JavaThread "idea-tooling-model-converter" [_thread_blocked, id=6972, stack(0x000000fb47400000,0x000000fb47500000)]

Other Threads:
=>0x0000026ed8de8750 VMThread "VM Thread" [stack: 0x000000fb41700000,0x000000fb41800000] [id=1704]
  0x0000026ed9991010 WatcherThread [stack: 0x000000fb42300000,0x000000fb42400000] [id=4380]
  0x0000026ebf8c2bc0 GCTaskThread "GC Thread#0" [stack: 0x000000fb41200000,0x000000fb41300000] [id=12200]
  0x0000026ed9d9e490 GCTaskThread "GC Thread#1" [stack: 0x000000fb42500000,0x000000fb42600000] [id=3720]
  0x0000026ed9eee7f0 GCTaskThread "GC Thread#2" [stack: 0x000000fb42600000,0x000000fb42700000] [id=8876]
  0x0000026ed9f4e8b0 GCTaskThread "GC Thread#3" [stack: 0x000000fb42700000,0x000000fb42800000] [id=8388]
  0x0000026ebf8d3b00 ConcurrentGCThread "G1 Main Marker" [stack: 0x000000fb41300000,0x000000fb41400000] [id=12968]
  0x0000026ebf8d4510 ConcurrentGCThread "G1 Conc#0" [stack: 0x000000fb41400000,0x000000fb41500000] [id=5948]
  0x0000026ebf922760 ConcurrentGCThread "G1 Refine#0" [stack: 0x000000fb41500000,0x000000fb41600000] [id=13208]
  0x0000026ebf924190 ConcurrentGCThread "G1 Service" [stack: 0x000000fb41600000,0x000000fb41700000] [id=5588]

Threads with active compile tasks:
C2 CompilerThread0    33617 10266   !   4       sun.nio.fs.WindowsDirectoryStream::<init> (175 bytes)

VM state: at safepoint (normal execution)

VM Mutex/Monitor currently owned by a thread:  ([mutex/lock_event])
[0x0000026ebf863700] Threads_lock - owner thread: 0x0000026ed8de8750
[0x0000026ebf864ab0] Heap_lock - owner thread: 0x0000026edafd0540

Heap address: 0x0000000080000000, size: 2048 MB, Compressed Oops mode: 32-bit

CDS archive(s) not mapped
Compressed class space mapped at: 0x0000000100000000-0x0000000140000000, reserved size: 1073741824
Narrow klass base: 0x0000000000000000, Narrow klass shift: 3, Narrow klass range: 0x140000000

GC Precious Log:
 CPUs: 4 total, 4 available
 Memory: 3971M
 Large Page Support: Disabled
 NUMA Support: Disabled
 Compressed Oops: Enabled (32-bit)
 Heap Region Size: 1M
 Heap Min Capacity: 8M
 Heap Initial Capacity: 64M
 Heap Max Capacity: 2G
 Pre-touch: Disabled
 Parallel Workers: 4
 Concurrent Workers: 1
 Concurrent Refinement Workers: 4
 Periodic GC: Disabled

Heap:
 garbage-first heap   total 316416K, used 170266K [0x0000000080000000, 0x0000000100000000)
  region size 1024K, 5 young (5120K), 5 survivors (5120K)
 Metaspace       used 94462K, committed 95296K, reserved 1138688K
  class space    used 12954K, committed 13376K, reserved 1048576K

Heap Regions: E=young(eden), S=young(survivor), O=old, HS=humongous(starts), HC=humongous(continues), CS=collection set, F=free, OA=open archive, CA=closed archive, TAMS=top-at-mark-start (previous, next)
|   0|0x0000000080000000, 0x0000000080100000, 0x0000000080100000|100%| O|  |TAMS 0x0000000080100000, 0x0000000080000000| Untracked 
|   1|0x0000000080100000, 0x0000000080200000, 0x0000000080200000|100%| O|  |TAMS 0x0000000080200000, 0x0000000080100000| Untracked 
|   2|0x0000000080200000, 0x0000000080300000, 0x0000000080300000|100%|HS|  |TAMS 0x0000000080300000, 0x0000000080200000| Complete 
|   3|0x0000000080300000, 0x0000000080400000, 0x0000000080400000|100%|HC|  |TAMS 0x0000000080400000, 0x0000000080300000| Complete 
|   4|0x0000000080400000, 0x0000000080500000, 0x0000000080500000|100%|HC|  |TAMS 0x0000000080500000, 0x0000000080400000| Complete 
|   5|0x0000000080500000, 0x0000000080600000, 0x0000000080600000|100%|HC|  |TAMS 0x0000000080600000, 0x0000000080500000| Complete 
|   6|0x0000000080600000, 0x0000000080700000, 0x0000000080700000|100%| O|  |TAMS 0x0000000080700000, 0x0000000080600000| Untracked 
|   7|0x0000000080700000, 0x0000000080800000, 0x0000000080800000|100%| O|  |TAMS 0x0000000080800000, 0x0000000080700000| Untracked 
|   8|0x0000000080800000, 0x0000000080900000, 0x0000000080900000|100%| O|  |TAMS 0x0000000080900000, 0x0000000080800000| Untracked 
|   9|0x0000000080900000, 0x0000000080a00000, 0x0000000080a00000|100%| O|  |TAMS 0x0000000080a00000, 0x0000000080900000| Untracked 
|  10|0x0000000080a00000, 0x0000000080b00000, 0x0000000080b00000|100%| O|  |TAMS 0x0000000080b00000, 0x0000000080a00000| Untracked 
|  11|0x0000000080b00000, 0x0000000080c00000, 0x0000000080c00000|100%| O|  |TAMS 0x0000000080c00000, 0x0000000080b00000| Untracked 
|  12|0x0000000080c00000, 0x0000000080d00000, 0x0000000080d00000|100%| O|  |TAMS 0x0000000080d00000, 0x0000000080c00000| Untracked 
|  13|0x0000000080d00000, 0x0000000080e00000, 0x0000000080e00000|100%| O|  |TAMS 0x0000000080e00000, 0x0000000080d00000| Untracked 
|  14|0x0000000080e00000, 0x0000000080f00000, 0x0000000080f00000|100%| O|  |TAMS 0x0000000080f00000, 0x0000000080e00000| Untracked 
|  15|0x0000000080f00000, 0x0000000081000000, 0x0000000081000000|100%| O|  |TAMS 0x0000000081000000, 0x0000000080f00000| Untracked 
|  16|0x0000000081000000, 0x0000000081100000, 0x0000000081100000|100%| O|  |TAMS 0x0000000081100000, 0x0000000081000000| Untracked 
|  17|0x0000000081100000, 0x0000000081200000, 0x0000000081200000|100%| O|  |TAMS 0x0000000081200000, 0x0000000081100000| Untracked 
|  18|0x0000000081200000, 0x0000000081300000, 0x0000000081300000|100%| O|  |TAMS 0x0000000081300000, 0x0000000081200000| Untracked 
|  19|0x0000000081300000, 0x0000000081400000, 0x0000000081400000|100%| O|  |TAMS 0x0000000081400000, 0x0000000081300000| Untracked 
|  20|0x0000000081400000, 0x0000000081500000, 0x0000000081500000|100%| O|  |TAMS 0x0000000081500000, 0x0000000081400000| Untracked 
|  21|0x0000000081500000, 0x0000000081600000, 0x0000000081600000|100%|HS|  |TAMS 0x0000000081600000, 0x0000000081500000| Complete 
|  22|0x0000000081600000, 0x0000000081700000, 0x0000000081700000|100%|HC|  |TAMS 0x0000000081700000, 0x0000000081600000| Complete 
|  23|0x0000000081700000, 0x0000000081800000, 0x0000000081800000|100%|HS|  |TAMS 0x0000000081800000, 0x0000000081700000| Complete 
|  24|0x0000000081800000, 0x0000000081900000, 0x0000000081900000|100%|HC|  |TAMS 0x0000000081900000, 0x0000000081800000| Complete 
|  25|0x0000000081900000, 0x0000000081a00000, 0x0000000081a00000|100%|HC|  |TAMS 0x0000000081a00000, 0x0000000081900000| Complete 
|  26|0x0000000081a00000, 0x0000000081b00000, 0x0000000081b00000|100%|HS|  |TAMS 0x0000000081b00000, 0x0000000081a00000| Complete 
|  27|0x0000000081b00000, 0x0000000081c00000, 0x0000000081c00000|100%|HC|  |TAMS 0x0000000081c00000, 0x0000000081b00000| Complete 
|  28|0x0000000081c00000, 0x0000000081d00000, 0x0000000081d00000|100%|HC|  |TAMS 0x0000000081d00000, 0x0000000081c00000| Complete 
|  29|0x0000000081d00000, 0x0000000081e00000, 0x0000000081e00000|100%| O|  |TAMS 0x0000000081e00000, 0x0000000081d00000| Untracked 
|  30|0x0000000081e00000, 0x0000000081f00000, 0x0000000081f00000|100%| O|  |TAMS 0x0000000081f00000, 0x0000000081e00000| Untracked 
|  31|0x0000000081f00000, 0x0000000082000000, 0x0000000082000000|100%| O|  |TAMS 0x0000000082000000, 0x0000000081f00000| Untracked 
|  32|0x0000000082000000, 0x0000000082100000, 0x0000000082100000|100%|HS|  |TAMS 0x0000000082100000, 0x0000000082000000| Complete 
|  33|0x0000000082100000, 0x0000000082200000, 0x0000000082200000|100%|HC|  |TAMS 0x0000000082200000, 0x0000000082100000| Complete 
|  34|0x0000000082200000, 0x0000000082300000, 0x0000000082300000|100%| O|  |TAMS 0x0000000082300000, 0x0000000082200000| Untracked 
|  35|0x0000000082300000, 0x0000000082400000, 0x0000000082400000|100%| O|  |TAMS 0x0000000082400000, 0x0000000082300000| Untracked 
|  36|0x0000000082400000, 0x0000000082500000, 0x0000000082500000|100%| O|  |TAMS 0x0000000082500000, 0x0000000082400000| Untracked 
|  37|0x0000000082500000, 0x0000000082600000, 0x0000000082600000|100%|HS|  |TAMS 0x0000000082600000, 0x0000000082500000| Complete 
|  38|0x0000000082600000, 0x0000000082700000, 0x0000000082700000|100%|HC|  |TAMS 0x0000000082700000, 0x0000000082600000| Complete 
|  39|0x0000000082700000, 0x0000000082800000, 0x0000000082800000|100%|HC|  |TAMS 0x0000000082800000, 0x0000000082700000| Complete 
|  40|0x0000000082800000, 0x0000000082900000, 0x0000000082900000|100%|HC|  |TAMS 0x0000000082900000, 0x0000000082800000| Complete 
|  41|0x0000000082900000, 0x0000000082a00000, 0x0000000082a00000|100%|HC|  |TAMS 0x0000000082a00000, 0x0000000082900000| Complete 
|  42|0x0000000082a00000, 0x0000000082b00000, 0x0000000082b00000|100%|HC|  |TAMS 0x0000000082b00000, 0x0000000082a00000| Complete 
|  43|0x0000000082b00000, 0x0000000082c00000, 0x0000000082c00000|100%|HC|  |TAMS 0x0000000082c00000, 0x0000000082b00000| Complete 
|  44|0x0000000082c00000, 0x0000000082d00000, 0x0000000082d00000|100%|HC|  |TAMS 0x0000000082d00000, 0x0000000082c00000| Complete 
|  45|0x0000000082d00000, 0x0000000082e00000, 0x0000000082e00000|100%|HC|  |TAMS 0x0000000082e00000, 0x0000000082d00000| Complete 
|  46|0x0000000082e00000, 0x0000000082f00000, 0x0000000082f00000|100%|HC|  |TAMS 0x0000000082f00000, 0x0000000082e00000| Complete 
|  47|0x0000000082f00000, 0x0000000083000000, 0x0000000083000000|100%|HC|  |TAMS 0x0000000083000000, 0x0000000082f00000| Complete 
|  48|0x0000000083000000, 0x0000000083100000, 0x0000000083100000|100%|HC|  |TAMS 0x0000000083100000, 0x0000000083000000| Complete 
|  49|0x0000000083100000, 0x0000000083200000, 0x0000000083200000|100%| O|  |TAMS 0x0000000083200000, 0x0000000083100000| Untracked 
|  50|0x0000000083200000, 0x0000000083300000, 0x0000000083300000|100%| O|  |TAMS 0x0000000083300000, 0x0000000083200000| Untracked 
|  51|0x0000000083300000, 0x0000000083400000, 0x0000000083400000|100%| O|  |TAMS 0x0000000083400000, 0x0000000083300000| Untracked 
|  52|0x0000000083400000, 0x0000000083500000, 0x0000000083500000|100%| O|  |TAMS 0x0000000083500000, 0x0000000083400000| Untracked 
|  53|0x0000000083500000, 0x0000000083600000, 0x0000000083600000|100%| O|  |TAMS 0x0000000083600000, 0x0000000083500000| Untracked 
|  54|0x0000000083600000, 0x0000000083700000, 0x0000000083700000|100%| O|  |TAMS 0x0000000083700000, 0x0000000083600000| Untracked 
|  55|0x0000000083700000, 0x0000000083800000, 0x0000000083800000|100%| O|  |TAMS 0x0000000083800000, 0x0000000083700000| Untracked 
|  56|0x0000000083800000, 0x0000000083900000, 0x0000000083900000|100%|HS|  |TAMS 0x0000000083900000, 0x0000000083800000| Complete 
|  57|0x0000000083900000, 0x0000000083a00000, 0x0000000083a00000|100%|HC|  |TAMS 0x0000000083a00000, 0x0000000083900000| Complete 
|  58|0x0000000083a00000, 0x0000000083b00000, 0x0000000083b00000|100%|HC|  |TAMS 0x0000000083b00000, 0x0000000083a00000| Complete 
|  59|0x0000000083b00000, 0x0000000083c00000, 0x0000000083c00000|100%|HS|  |TAMS 0x0000000083c00000, 0x0000000083b00000| Complete 
|  60|0x0000000083c00000, 0x0000000083d00000, 0x0000000083d00000|100%|HC|  |TAMS 0x0000000083d00000, 0x0000000083c00000| Complete 
|  61|0x0000000083d00000, 0x0000000083e00000, 0x0000000083e00000|100%|HC|  |TAMS 0x0000000083e00000, 0x0000000083d00000| Complete 
|  62|0x0000000083e00000, 0x0000000083f00000, 0x0000000083f00000|100%| O|  |TAMS 0x0000000083f00000, 0x0000000083e00000| Untracked 
|  63|0x0000000083f00000, 0x0000000084000000, 0x0000000084000000|100%| O|  |TAMS 0x0000000084000000, 0x0000000083f00000| Untracked 
|  64|0x0000000084000000, 0x0000000084100000, 0x0000000084100000|100%| O|  |TAMS 0x0000000084100000, 0x0000000084000000| Untracked 
|  65|0x0000000084100000, 0x0000000084200000, 0x0000000084200000|100%| O|  |TAMS 0x0000000084200000, 0x0000000084100000| Untracked 
|  66|0x0000000084200000, 0x0000000084300000, 0x0000000084300000|100%| O|  |TAMS 0x0000000084300000, 0x0000000084200000| Untracked 
|  67|0x0000000084300000, 0x0000000084400000, 0x0000000084400000|100%|HS|  |TAMS 0x0000000084400000, 0x0000000084300000| Complete 
|  68|0x0000000084400000, 0x0000000084500000, 0x0000000084500000|100%|HS|  |TAMS 0x0000000084500000, 0x0000000084400000| Complete 
|  69|0x0000000084500000, 0x0000000084600000, 0x0000000084600000|100%|HS|  |TAMS 0x0000000084600000, 0x0000000084500000| Complete 
|  70|0x0000000084600000, 0x0000000084700000, 0x0000000084700000|100%|HC|  |TAMS 0x0000000084700000, 0x0000000084600000| Complete 
|  71|0x0000000084700000, 0x0000000084800000, 0x0000000084800000|100%| O|  |TAMS 0x0000000084800000, 0x0000000084700000| Untracked 
|  72|0x0000000084800000, 0x0000000084900000, 0x0000000084900000|100%| O|  |TAMS 0x0000000084900000, 0x0000000084800000| Untracked 
|  73|0x0000000084900000, 0x0000000084a00000, 0x0000000084a00000|100%| O|  |TAMS 0x0000000084a00000, 0x0000000084900000| Untracked 
|  74|0x0000000084a00000, 0x0000000084b00000, 0x0000000084b00000|100%| O|  |TAMS 0x0000000084b00000, 0x0000000084a00000| Untracked 
|  75|0x0000000084b00000, 0x0000000084c00000, 0x0000000084c00000|100%|HS|  |TAMS 0x0000000084c00000, 0x0000000084b00000| Complete 
|  76|0x0000000084c00000, 0x0000000084d00000, 0x0000000084d00000|100%|HC|  |TAMS 0x0000000084d00000, 0x0000000084c00000| Complete 
|  77|0x0000000084d00000, 0x0000000084e00000, 0x0000000084e00000|100%|HC|  |TAMS 0x0000000084e00000, 0x0000000084d00000| Complete 
|  78|0x0000000084e00000, 0x0000000084f00000, 0x0000000084f00000|100%|HC|  |TAMS 0x0000000084f00000, 0x0000000084e00000| Complete 
|  79|0x0000000084f00000, 0x0000000085000000, 0x0000000085000000|100%| O|  |TAMS 0x0000000085000000, 0x0000000084f00000| Untracked 
|  80|0x0000000085000000, 0x0000000085100000, 0x0000000085100000|100%| O|  |TAMS 0x0000000085100000, 0x0000000085000000| Untracked 
|  81|0x0000000085100000, 0x0000000085200000, 0x0000000085200000|100%| O|  |TAMS 0x0000000085200000, 0x0000000085100000| Untracked 
|  82|0x0000000085200000, 0x0000000085300000, 0x0000000085300000|100%| O|  |TAMS 0x0000000085300000, 0x0000000085200000| Untracked 
|  83|0x0000000085300000, 0x0000000085400000, 0x0000000085400000|100%| O|  |TAMS 0x0000000085400000, 0x0000000085300000| Untracked 
|  84|0x0000000085400000, 0x0000000085500000, 0x0000000085500000|100%| O|  |TAMS 0x0000000085500000, 0x0000000085400000| Untracked 
|  85|0x0000000085500000, 0x0000000085600000, 0x0000000085600000|100%| O|  |TAMS 0x0000000085600000, 0x0000000085500000| Untracked 
|  86|0x0000000085600000, 0x0000000085700000, 0x0000000085700000|100%|HS|  |TAMS 0x0000000085700000, 0x0000000085600000| Complete 
|  87|0x0000000085700000, 0x0000000085800000, 0x0000000085800000|100%|HC|  |TAMS 0x0000000085800000, 0x0000000085700000| Complete 
|  88|0x0000000085800000, 0x0000000085900000, 0x0000000085900000|100%| O|  |TAMS 0x0000000085900000, 0x0000000085800000| Untracked 
|  89|0x0000000085900000, 0x0000000085a00000, 0x0000000085a00000|100%| O|  |TAMS 0x0000000085a00000, 0x0000000085900000| Untracked 
|  90|0x0000000085a00000, 0x0000000085b00000, 0x0000000085b00000|100%| O|  |TAMS 0x0000000085b00000, 0x0000000085a00000| Untracked 
|  91|0x0000000085b00000, 0x0000000085c00000, 0x0000000085c00000|100%| O|  |TAMS 0x0000000085c00000, 0x0000000085b00000| Untracked 
|  92|0x0000000085c00000, 0x0000000085d00000, 0x0000000085d00000|100%| O|  |TAMS 0x0000000085d00000, 0x0000000085c00000| Untracked 
|  93|0x0000000085d00000, 0x0000000085e00000, 0x0000000085e00000|100%| O|  |TAMS 0x0000000085e00000, 0x0000000085d00000| Untracked 
|  94|0x0000000085e00000, 0x0000000085f00000, 0x0000000085f00000|100%| O|  |TAMS 0x0000000085f00000, 0x0000000085e00000| Untracked 
|  95|0x0000000085f00000, 0x0000000086000000, 0x0000000086000000|100%| O|  |TAMS 0x0000000086000000, 0x0000000085f00000| Untracked 
|  96|0x0000000086000000, 0x0000000086100000, 0x0000000086100000|100%| O|  |TAMS 0x0000000086100000, 0x0000000086000000| Untracked 
|  97|0x0000000086100000, 0x0000000086200000, 0x0000000086200000|100%| O|  |TAMS 0x0000000086200000, 0x0000000086100000| Untracked 
|  98|0x0000000086200000, 0x0000000086300000, 0x0000000086300000|100%| O|  |TAMS 0x0000000086300000, 0x0000000086200000| Untracked 
|  99|0x0000000086300000, 0x0000000086400000, 0x0000000086400000|100%| O|  |TAMS 0x0000000086400000, 0x0000000086300000| Untracked 
| 100|0x0000000086400000, 0x0000000086500000, 0x0000000086500000|100%| O|  |TAMS 0x0000000086500000, 0x0000000086400000| Untracked 
| 101|0x0000000086500000, 0x0000000086600000, 0x0000000086600000|100%| O|  |TAMS 0x0000000086600000, 0x0000000086500000| Untracked 
| 102|0x0000000086600000, 0x0000000086700000, 0x0000000086700000|100%| O|  |TAMS 0x0000000086700000, 0x0000000086600000| Untracked 
| 103|0x0000000086700000, 0x0000000086800000, 0x0000000086800000|100%| O|  |TAMS 0x0000000086800000, 0x0000000086700000| Untracked 
| 104|0x0000000086800000, 0x0000000086900000, 0x0000000086900000|100%|HS|  |TAMS 0x0000000086900000, 0x0000000086800000| Complete 
| 105|0x0000000086900000, 0x0000000086a00000, 0x0000000086a00000|100%|HC|  |TAMS 0x0000000086a00000, 0x0000000086900000| Complete 
| 106|0x0000000086a00000, 0x0000000086b00000, 0x0000000086b00000|100%|HS|  |TAMS 0x0000000086b00000, 0x0000000086a00000| Complete 
| 107|0x0000000086b00000, 0x0000000086c00000, 0x0000000086c00000|100%|HC|  |TAMS 0x0000000086c00000, 0x0000000086b00000| Complete 
| 108|0x0000000086c00000, 0x0000000086d00000, 0x0000000086d00000|100%|HC|  |TAMS 0x0000000086d00000, 0x0000000086c00000| Complete 
| 109|0x0000000086d00000, 0x0000000086e00000, 0x0000000086e00000|100%|HS|  |TAMS 0x0000000086e00000, 0x0000000086d00000| Complete 
| 110|0x0000000086e00000, 0x0000000086f00000, 0x0000000086f00000|100%|HC|  |TAMS 0x0000000086f00000, 0x0000000086e00000| Complete 
| 111|0x0000000086f00000, 0x0000000087000000, 0x0000000087000000|100%|HC|  |TAMS 0x0000000087000000, 0x0000000086f00000| Complete 
| 112|0x0000000087000000, 0x0000000087100000, 0x0000000087100000|100%|HS|  |TAMS 0x0000000087100000, 0x0000000087000000| Complete 
| 113|0x0000000087100000, 0x0000000087200000, 0x0000000087200000|100%|HC|  |TAMS 0x0000000087200000, 0x0000000087100000| Complete 
| 114|0x0000000087200000, 0x0000000087300000, 0x0000000087300000|100%|HC|  |TAMS 0x0000000087300000, 0x0000000087200000| Complete 
| 115|0x0000000087300000, 0x0000000087400000, 0x0000000087400000|100%|HC|  |TAMS 0x0000000087400000, 0x0000000087300000| Complete 
| 116|0x0000000087400000, 0x0000000087500000, 0x0000000087500000|100%|HC|  |TAMS 0x0000000087500000, 0x0000000087400000| Complete 
| 117|0x0000000087500000, 0x0000000087600000, 0x0000000087600000|100%|HC|  |TAMS 0x0000000087600000, 0x0000000087500000| Complete 
| 118|0x0000000087600000, 0x0000000087700000, 0x0000000087700000|100%|HC|  |TAMS 0x0000000087700000, 0x0000000087600000| Complete 
| 119|0x0000000087700000, 0x0000000087800000, 0x0000000087800000|100%|HC|  |TAMS 0x0000000087800000, 0x0000000087700000| Complete 
| 120|0x0000000087800000, 0x0000000087900000, 0x0000000087900000|100%|HC|  |TAMS 0x0000000087900000, 0x0000000087800000| Complete 
| 121|0x0000000087900000, 0x0000000087a00000, 0x0000000087a00000|100%|HC|  |TAMS 0x0000000087a00000, 0x0000000087900000| Complete 
| 122|0x0000000087a00000, 0x0000000087b00000, 0x0000000087b00000|100%|HC|  |TAMS 0x0000000087b00000, 0x0000000087a00000| Complete 
| 123|0x0000000087b00000, 0x0000000087c00000, 0x0000000087c00000|100%|HC|  |TAMS 0x0000000087c00000, 0x0000000087b00000| Complete 
| 124|0x0000000087c00000, 0x0000000087d00000, 0x0000000087d00000|100%|HS|  |TAMS 0x0000000087d00000, 0x0000000087c00000| Complete 
| 125|0x0000000087d00000, 0x0000000087e00000, 0x0000000087e00000|100%|HC|  |TAMS 0x0000000087e00000, 0x0000000087d00000| Complete 
| 126|0x0000000087e00000, 0x0000000087f00000, 0x0000000087f00000|100%| O|  |TAMS 0x0000000087e00000, 0x0000000087e00000| Untracked 
| 127|0x0000000087f00000, 0x0000000088000000, 0x0000000088000000|100%| O|  |TAMS 0x0000000087f00000, 0x0000000087f00000| Untracked 
| 128|0x0000000088000000, 0x0000000088100000, 0x0000000088100000|100%| O|  |TAMS 0x0000000088000000, 0x0000000088000000| Untracked 
| 129|0x0000000088100000, 0x0000000088200000, 0x0000000088200000|100%| O|  |TAMS 0x0000000088100000, 0x0000000088100000| Untracked 
| 130|0x0000000088200000, 0x0000000088300000, 0x0000000088300000|100%| O|  |TAMS 0x0000000088300000, 0x0000000088200000| Untracked 
| 131|0x0000000088300000, 0x0000000088400000, 0x0000000088400000|100%| O|  |TAMS 0x0000000088400000, 0x0000000088300000| Untracked 
| 132|0x0000000088400000, 0x0000000088500000, 0x0000000088500000|100%| O|  |TAMS 0x0000000088500000, 0x0000000088400000| Untracked 
| 133|0x0000000088500000, 0x0000000088500000, 0x0000000088600000|  0%| F|  |TAMS 0x0000000088500000, 0x0000000088500000| Untracked 
| 134|0x0000000088600000, 0x0000000088700000, 0x0000000088700000|100%| O|  |TAMS 0x0000000088700000, 0x0000000088600000| Untracked 
| 135|0x0000000088700000, 0x0000000088800000, 0x0000000088800000|100%| O|  |TAMS 0x0000000088800000, 0x0000000088700000| Untracked 
| 136|0x0000000088800000, 0x0000000088900000, 0x0000000088900000|100%| O|  |TAMS 0x0000000088900000, 0x0000000088800000| Untracked 
| 137|0x0000000088900000, 0x0000000088a00000, 0x0000000088a00000|100%| O|  |TAMS 0x0000000088a00000, 0x0000000088900000| Untracked 
| 138|0x0000000088a00000, 0x0000000088a00000, 0x0000000088b00000|  0%| F|  |TAMS 0x0000000088a00000, 0x0000000088a00000| Untracked 
| 139|0x0000000088b00000, 0x0000000088c00000, 0x0000000088c00000|100%| O|  |TAMS 0x0000000088c00000, 0x0000000088b00000| Untracked 
| 140|0x0000000088c00000, 0x0000000088d00000, 0x0000000088d00000|100%| O|  |TAMS 0x0000000088d00000, 0x0000000088c00000| Untracked 
| 141|0x0000000088d00000, 0x0000000088e00000, 0x0000000088e00000|100%| O|  |TAMS 0x0000000088e00000, 0x0000000088d00000| Untracked 
| 142|0x0000000088e00000, 0x0000000088f00000, 0x0000000088f00000|100%| O|  |TAMS 0x0000000088f00000, 0x0000000088e00000| Untracked 
| 143|0x0000000088f00000, 0x0000000089000000, 0x0000000089000000|100%| O|  |TAMS 0x0000000089000000, 0x0000000088f00000| Untracked 
| 144|0x0000000089000000, 0x0000000089100000, 0x0000000089100000|100%| O|  |TAMS 0x0000000089100000, 0x0000000089000000| Untracked 
| 145|0x0000000089100000, 0x0000000089200000, 0x0000000089200000|100%| O|  |TAMS 0x0000000089200000, 0x0000000089100000| Untracked 
| 146|0x0000000089200000, 0x0000000089300000, 0x0000000089300000|100%| O|  |TAMS 0x0000000089300000, 0x0000000089200000| Untracked 
| 147|0x0000000089300000, 0x0000000089400000, 0x0000000089400000|100%| O|  |TAMS 0x0000000089400000, 0x0000000089300000| Untracked 
| 148|0x0000000089400000, 0x0000000089500000, 0x0000000089500000|100%| O|  |TAMS 0x0000000089500000, 0x0000000089400000| Untracked 
| 149|0x0000000089500000, 0x0000000089600000, 0x0000000089600000|100%| O|  |TAMS 0x0000000089600000, 0x0000000089500000| Untracked 
| 150|0x0000000089600000, 0x0000000089700000, 0x0000000089700000|100%| O|  |TAMS 0x0000000089700000, 0x0000000089600000| Untracked 
| 151|0x0000000089700000, 0x0000000089700000, 0x0000000089800000|  0%| F|  |TAMS 0x0000000089700000, 0x0000000089700000| Untracked 
| 152|0x0000000089800000, 0x0000000089900000, 0x0000000089900000|100%| O|  |TAMS 0x0000000089900000, 0x0000000089800000| Untracked 
| 153|0x0000000089900000, 0x0000000089a00000, 0x0000000089a00000|100%| O|  |TAMS 0x0000000089a00000, 0x0000000089900000| Untracked 
| 154|0x0000000089a00000, 0x0000000089b00000, 0x0000000089b00000|100%| O|  |TAMS 0x0000000089b00000, 0x0000000089a00000| Untracked 
| 155|0x0000000089b00000, 0x0000000089c00000, 0x0000000089c00000|100%| O|  |TAMS 0x0000000089c00000, 0x0000000089b00000| Untracked 
| 156|0x0000000089c00000, 0x0000000089d00000, 0x0000000089d00000|100%| O|  |TAMS 0x0000000089d00000, 0x0000000089c00000| Untracked 
| 157|0x0000000089d00000, 0x0000000089e00000, 0x0000000089e00000|100%| O|  |TAMS 0x0000000089e00000, 0x0000000089d00000| Untracked 
| 158|0x0000000089e00000, 0x0000000089f00000, 0x0000000089f00000|100%| O|  |TAMS 0x0000000089f00000, 0x0000000089e00000| Untracked 
| 159|0x0000000089f00000, 0x000000008a000000, 0x000000008a000000|100%| O|  |TAMS 0x000000008a000000, 0x0000000089f00000| Untracked 
| 160|0x000000008a000000, 0x000000008a100000, 0x000000008a100000|100%| O|  |TAMS 0x000000008a100000, 0x000000008a000000| Untracked 
| 161|0x000000008a100000, 0x000000008a200000, 0x000000008a200000|100%| O|  |TAMS 0x000000008a200000, 0x000000008a100000| Untracked 
| 162|0x000000008a200000, 0x000000008a300000, 0x000000008a300000|100%| O|  |TAMS 0x000000008a300000, 0x000000008a200000| Untracked 
| 163|0x000000008a300000, 0x000000008a400000, 0x000000008a400000|100%| O|  |TAMS 0x000000008a400000, 0x000000008a300000| Untracked 
| 164|0x000000008a400000, 0x000000008a500000, 0x000000008a500000|100%| O|  |TAMS 0x000000008a4c6000, 0x000000008a400000| Untracked 
| 165|0x000000008a500000, 0x000000008a529800, 0x000000008a600000| 16%| O|  |TAMS 0x000000008a500000, 0x000000008a500000| Untracked 
| 166|0x000000008a600000, 0x000000008a600000, 0x000000008a700000|  0%| F|  |TAMS 0x000000008a600000, 0x000000008a600000| Untracked 
| 167|0x000000008a700000, 0x000000008a700000, 0x000000008a800000|  0%| F|  |TAMS 0x000000008a700000, 0x000000008a700000| Untracked 
| 168|0x000000008a800000, 0x000000008a800000, 0x000000008a900000|  0%| F|  |TAMS 0x000000008a800000, 0x000000008a800000| Untracked 
| 169|0x000000008a900000, 0x000000008a900000, 0x000000008aa00000|  0%| F|  |TAMS 0x000000008a900000, 0x000000008a900000| Untracked 
| 170|0x000000008aa00000, 0x000000008aa00000, 0x000000008ab00000|  0%| F|  |TAMS 0x000000008aa00000, 0x000000008aa00000| Untracked 
| 171|0x000000008ab00000, 0x000000008ab00000, 0x000000008ac00000|  0%| F|  |TAMS 0x000000008ab00000, 0x000000008ab00000| Untracked 
| 172|0x000000008ac00000, 0x000000008ac00000, 0x000000008ad00000|  0%| F|  |TAMS 0x000000008ac00000, 0x000000008ac00000| Untracked 
| 173|0x000000008ad00000, 0x000000008ad00000, 0x000000008ae00000|  0%| F|  |TAMS 0x000000008ad00000, 0x000000008ad00000| Untracked 
| 174|0x000000008ae00000, 0x000000008ae00000, 0x000000008af00000|  0%| F|  |TAMS 0x000000008ae00000, 0x000000008ae00000| Untracked 
| 175|0x000000008af00000, 0x000000008af00000, 0x000000008b000000|  0%| F|  |TAMS 0x000000008af00000, 0x000000008af00000| Untracked 
| 176|0x000000008b000000, 0x000000008b000000, 0x000000008b100000|  0%| F|  |TAMS 0x000000008b000000, 0x000000008b000000| Untracked 
| 177|0x000000008b100000, 0x000000008b100000, 0x000000008b200000|  0%| F|  |TAMS 0x000000008b100000, 0x000000008b100000| Untracked 
| 178|0x000000008b200000, 0x000000008b200000, 0x000000008b300000|  0%| F|  |TAMS 0x000000008b200000, 0x000000008b200000| Untracked 
| 179|0x000000008b300000, 0x000000008b300000, 0x000000008b400000|  0%| F|  |TAMS 0x000000008b300000, 0x000000008b300000| Untracked 
| 180|0x000000008b400000, 0x000000008b400000, 0x000000008b500000|  0%| F|  |TAMS 0x000000008b400000, 0x000000008b400000| Untracked 
| 181|0x000000008b500000, 0x000000008b500000, 0x000000008b600000|  0%| F|  |TAMS 0x000000008b500000, 0x000000008b500000| Untracked 
| 182|0x000000008b600000, 0x000000008b600000, 0x000000008b700000|  0%| F|  |TAMS 0x000000008b600000, 0x000000008b600000| Untracked 
| 183|0x000000008b700000, 0x000000008b700000, 0x000000008b800000|  0%| F|  |TAMS 0x000000008b700000, 0x000000008b700000| Untracked 
| 184|0x000000008b800000, 0x000000008b800000, 0x000000008b900000|  0%| F|  |TAMS 0x000000008b800000, 0x000000008b800000| Untracked 
| 185|0x000000008b900000, 0x000000008b900000, 0x000000008ba00000|  0%| F|  |TAMS 0x000000008b900000, 0x000000008b900000| Untracked 
| 186|0x000000008ba00000, 0x000000008ba00000, 0x000000008bb00000|  0%| F|  |TAMS 0x000000008ba00000, 0x000000008ba00000| Untracked 
| 187|0x000000008bb00000, 0x000000008bb00000, 0x000000008bc00000|  0%| F|  |TAMS 0x000000008bb00000, 0x000000008bb00000| Untracked 
| 188|0x000000008bc00000, 0x000000008bc00000, 0x000000008bd00000|  0%| F|  |TAMS 0x000000008bc00000, 0x000000008bc00000| Untracked 
| 189|0x000000008bd00000, 0x000000008bd00000, 0x000000008be00000|  0%| F|  |TAMS 0x000000008bd00000, 0x000000008bd00000| Untracked 
| 190|0x000000008be00000, 0x000000008be00000, 0x000000008bf00000|  0%| F|  |TAMS 0x000000008be00000, 0x000000008be00000| Untracked 
| 191|0x000000008bf00000, 0x000000008bf00000, 0x000000008c000000|  0%| F|  |TAMS 0x000000008bf00000, 0x000000008bf00000| Untracked 
| 192|0x000000008c000000, 0x000000008c000000, 0x000000008c100000|  0%| F|  |TAMS 0x000000008c000000, 0x000000008c000000| Untracked 
| 193|0x000000008c100000, 0x000000008c100000, 0x000000008c200000|  0%| F|  |TAMS 0x000000008c100000, 0x000000008c100000| Untracked 
| 194|0x000000008c200000, 0x000000008c200000, 0x000000008c300000|  0%| F|  |TAMS 0x000000008c200000, 0x000000008c200000| Untracked 
| 195|0x000000008c300000, 0x000000008c300000, 0x000000008c400000|  0%| F|  |TAMS 0x000000008c300000, 0x000000008c300000| Untracked 
| 196|0x000000008c400000, 0x000000008c400000, 0x000000008c500000|  0%| F|  |TAMS 0x000000008c400000, 0x000000008c400000| Untracked 
| 197|0x000000008c500000, 0x000000008c500000, 0x000000008c600000|  0%| F|  |TAMS 0x000000008c500000, 0x000000008c500000| Untracked 
| 198|0x000000008c600000, 0x000000008c600000, 0x000000008c700000|  0%| F|  |TAMS 0x000000008c600000, 0x000000008c600000| Untracked 
| 199|0x000000008c700000, 0x000000008c700000, 0x000000008c800000|  0%| F|  |TAMS 0x000000008c700000, 0x000000008c700000| Untracked 
| 200|0x000000008c800000, 0x000000008c800000, 0x000000008c900000|  0%| F|  |TAMS 0x000000008c800000, 0x000000008c800000| Untracked 
| 201|0x000000008c900000, 0x000000008c900000, 0x000000008ca00000|  0%| F|  |TAMS 0x000000008c900000, 0x000000008c900000| Untracked 
| 202|0x000000008ca00000, 0x000000008ca00000, 0x000000008cb00000|  0%| F|  |TAMS 0x000000008ca00000, 0x000000008ca00000| Untracked 
| 203|0x000000008cb00000, 0x000000008cb00000, 0x000000008cc00000|  0%| F|  |TAMS 0x000000008cb00000, 0x000000008cb00000| Untracked 
| 204|0x000000008cc00000, 0x000000008cc00000, 0x000000008cd00000|  0%| F|  |TAMS 0x000000008cc00000, 0x000000008cc00000| Untracked 
| 205|0x000000008cd00000, 0x000000008cd00000, 0x000000008ce00000|  0%| F|  |TAMS 0x000000008cd00000, 0x000000008cd00000| Untracked 
| 206|0x000000008ce00000, 0x000000008ce00000, 0x000000008cf00000|  0%| F|  |TAMS 0x000000008ce00000, 0x000000008ce00000| Untracked 
| 207|0x000000008cf00000, 0x000000008cf00000, 0x000000008d000000|  0%| F|  |TAMS 0x000000008cf00000, 0x000000008cf00000| Untracked 
| 208|0x000000008d000000, 0x000000008d000000, 0x000000008d100000|  0%| F|  |TAMS 0x000000008d000000, 0x000000008d000000| Untracked 
| 209|0x000000008d100000, 0x000000008d100000, 0x000000008d200000|  0%| F|  |TAMS 0x000000008d100000, 0x000000008d100000| Untracked 
| 210|0x000000008d200000, 0x000000008d200000, 0x000000008d300000|  0%| F|  |TAMS 0x000000008d200000, 0x000000008d200000| Untracked 
| 211|0x000000008d300000, 0x000000008d300000, 0x000000008d400000|  0%| F|  |TAMS 0x000000008d300000, 0x000000008d300000| Untracked 
| 212|0x000000008d400000, 0x000000008d400000, 0x000000008d500000|  0%| F|  |TAMS 0x000000008d400000, 0x000000008d400000| Untracked 
| 213|0x000000008d500000, 0x000000008d500000, 0x000000008d600000|  0%| F|  |TAMS 0x000000008d500000, 0x000000008d500000| Untracked 
| 214|0x000000008d600000, 0x000000008d600000, 0x000000008d700000|  0%| F|  |TAMS 0x000000008d600000, 0x000000008d600000| Untracked 
| 215|0x000000008d700000, 0x000000008d700000, 0x000000008d800000|  0%| F|  |TAMS 0x000000008d700000, 0x000000008d700000| Untracked 
| 216|0x000000008d800000, 0x000000008d800000, 0x000000008d900000|  0%| F|  |TAMS 0x000000008d800000, 0x000000008d800000| Untracked 
| 217|0x000000008d900000, 0x000000008d91d178, 0x000000008da00000| 11%| S|CS|TAMS 0x000000008d900000, 0x000000008d900000| Complete 
| 218|0x000000008da00000, 0x000000008db00000, 0x000000008db00000|100%| S|CS|TAMS 0x000000008da00000, 0x000000008da00000| Complete 
| 219|0x000000008db00000, 0x000000008dc00000, 0x000000008dc00000|100%| S|CS|TAMS 0x000000008db00000, 0x000000008db00000| Complete 
| 220|0x000000008dc00000, 0x000000008dd00000, 0x000000008dd00000|100%| S|CS|TAMS 0x000000008dc00000, 0x000000008dc00000| Complete 
| 221|0x000000008dd00000, 0x000000008de00000, 0x000000008de00000|100%| S|CS|TAMS 0x000000008dd00000, 0x000000008dd00000| Complete 
| 222|0x000000008de00000, 0x000000008de00000, 0x000000008df00000|  0%| F|  |TAMS 0x000000008de00000, 0x000000008de00000| Untracked 
| 223|0x000000008df00000, 0x000000008df00000, 0x000000008e000000|  0%| F|  |TAMS 0x000000008df00000, 0x000000008df00000| Untracked 
| 224|0x000000008e000000, 0x000000008e000000, 0x000000008e100000|  0%| F|  |TAMS 0x000000008e000000, 0x000000008e000000| Untracked 
| 225|0x000000008e100000, 0x000000008e100000, 0x000000008e200000|  0%| F|  |TAMS 0x000000008e100000, 0x000000008e100000| Untracked 
| 226|0x000000008e200000, 0x000000008e200000, 0x000000008e300000|  0%| F|  |TAMS 0x000000008e200000, 0x000000008e200000| Untracked 
| 227|0x000000008e300000, 0x000000008e300000, 0x000000008e400000|  0%| F|  |TAMS 0x000000008e300000, 0x000000008e300000| Untracked 
| 228|0x000000008e400000, 0x000000008e400000, 0x000000008e500000|  0%| F|  |TAMS 0x000000008e400000, 0x000000008e400000| Untracked 
| 229|0x000000008e500000, 0x000000008e500000, 0x000000008e600000|  0%| F|  |TAMS 0x000000008e500000, 0x000000008e500000| Untracked 
| 230|0x000000008e600000, 0x000000008e600000, 0x000000008e700000|  0%| F|  |TAMS 0x000000008e600000, 0x000000008e600000| Untracked 
| 231|0x000000008e700000, 0x000000008e700000, 0x000000008e800000|  0%| F|  |TAMS 0x000000008e700000, 0x000000008e700000| Untracked 
| 232|0x000000008e800000, 0x000000008e800000, 0x000000008e900000|  0%| F|  |TAMS 0x000000008e800000, 0x000000008e800000| Untracked 
| 233|0x000000008e900000, 0x000000008e900000, 0x000000008ea00000|  0%| F|  |TAMS 0x000000008e900000, 0x000000008e900000| Untracked 
| 234|0x000000008ea00000, 0x000000008ea00000, 0x000000008eb00000|  0%| F|  |TAMS 0x000000008ea00000, 0x000000008ea00000| Untracked 
| 235|0x000000008eb00000, 0x000000008eb00000, 0x000000008ec00000|  0%| F|  |TAMS 0x000000008eb00000, 0x000000008eb00000| Untracked 
| 236|0x000000008ec00000, 0x000000008ec00000, 0x000000008ed00000|  0%| F|  |TAMS 0x000000008ec00000, 0x000000008ec00000| Untracked 
| 237|0x000000008ed00000, 0x000000008ed00000, 0x000000008ee00000|  0%| F|  |TAMS 0x000000008ed00000, 0x000000008ed00000| Untracked 
| 238|0x000000008ee00000, 0x000000008ee00000, 0x000000008ef00000|  0%| F|  |TAMS 0x000000008ee00000, 0x000000008ee00000| Untracked 
| 239|0x000000008ef00000, 0x000000008ef00000, 0x000000008f000000|  0%| F|  |TAMS 0x000000008ef00000, 0x000000008ef00000| Untracked 
| 240|0x000000008f000000, 0x000000008f000000, 0x000000008f100000|  0%| F|  |TAMS 0x000000008f000000, 0x000000008f000000| Untracked 
| 241|0x000000008f100000, 0x000000008f100000, 0x000000008f200000|  0%| F|  |TAMS 0x000000008f100000, 0x000000008f100000| Untracked 
| 242|0x000000008f200000, 0x000000008f200000, 0x000000008f300000|  0%| F|  |TAMS 0x000000008f200000, 0x000000008f200000| Untracked 
| 243|0x000000008f300000, 0x000000008f300000, 0x000000008f400000|  0%| F|  |TAMS 0x000000008f300000, 0x000000008f300000| Untracked 
| 244|0x000000008f400000, 0x000000008f400000, 0x000000008f500000|  0%| F|  |TAMS 0x000000008f400000, 0x000000008f400000| Untracked 
| 245|0x000000008f500000, 0x000000008f500000, 0x000000008f600000|  0%| F|  |TAMS 0x000000008f500000, 0x000000008f500000| Untracked 
| 246|0x000000008f600000, 0x000000008f600000, 0x000000008f700000|  0%| F|  |TAMS 0x000000008f600000, 0x000000008f600000| Untracked 
| 247|0x000000008f700000, 0x000000008f700000, 0x000000008f800000|  0%| F|  |TAMS 0x000000008f700000, 0x000000008f700000| Untracked 
| 248|0x000000008f800000, 0x000000008f800000, 0x000000008f900000|  0%| F|  |TAMS 0x000000008f800000, 0x000000008f800000| Untracked 
| 249|0x000000008f900000, 0x000000008f900000, 0x000000008fa00000|  0%| F|  |TAMS 0x000000008f900000, 0x000000008f900000| Untracked 
| 250|0x000000008fa00000, 0x000000008fa00000, 0x000000008fb00000|  0%| F|  |TAMS 0x000000008fa00000, 0x000000008fa00000| Untracked 
| 251|0x000000008fb00000, 0x000000008fb00000, 0x000000008fc00000|  0%| F|  |TAMS 0x000000008fb00000, 0x000000008fb00000| Untracked 
| 252|0x000000008fc00000, 0x000000008fc00000, 0x000000008fd00000|  0%| F|  |TAMS 0x000000008fc00000, 0x000000008fc00000| Untracked 
| 253|0x000000008fd00000, 0x000000008fd00000, 0x000000008fe00000|  0%| F|  |TAMS 0x000000008fd00000, 0x000000008fd00000| Untracked 
| 254|0x000000008fe00000, 0x000000008fe00000, 0x000000008ff00000|  0%| F|  |TAMS 0x000000008fe00000, 0x000000008fe00000| Untracked 
| 255|0x000000008ff00000, 0x000000008ff00000, 0x0000000090000000|  0%| F|  |TAMS 0x000000008ff00000, 0x000000008ff00000| Untracked 
| 256|0x0000000090000000, 0x0000000090000000, 0x0000000090100000|  0%| F|  |TAMS 0x0000000090000000, 0x0000000090000000| Untracked 
| 257|0x0000000090100000, 0x0000000090100000, 0x0000000090200000|  0%| F|  |TAMS 0x0000000090100000, 0x0000000090100000| Untracked 
| 258|0x0000000090200000, 0x0000000090200000, 0x0000000090300000|  0%| F|  |TAMS 0x0000000090200000, 0x0000000090200000| Untracked 
| 259|0x0000000090300000, 0x0000000090300000, 0x0000000090400000|  0%| F|  |TAMS 0x0000000090300000, 0x0000000090300000| Untracked 
| 260|0x0000000090400000, 0x0000000090400000, 0x0000000090500000|  0%| F|  |TAMS 0x0000000090400000, 0x0000000090400000| Untracked 
| 261|0x0000000090500000, 0x0000000090500000, 0x0000000090600000|  0%| F|  |TAMS 0x0000000090500000, 0x0000000090500000| Untracked 
| 262|0x0000000090600000, 0x0000000090600000, 0x0000000090700000|  0%| F|  |TAMS 0x0000000090600000, 0x0000000090600000| Untracked 
| 263|0x0000000090700000, 0x0000000090700000, 0x0000000090800000|  0%| F|  |TAMS 0x0000000090700000, 0x0000000090700000| Untracked 
| 264|0x0000000090800000, 0x0000000090800000, 0x0000000090900000|  0%| F|  |TAMS 0x0000000090800000, 0x0000000090800000| Untracked 
| 265|0x0000000090900000, 0x0000000090900000, 0x0000000090a00000|  0%| F|  |TAMS 0x0000000090900000, 0x0000000090900000| Untracked 
| 266|0x0000000090a00000, 0x0000000090a00000, 0x0000000090b00000|  0%| F|  |TAMS 0x0000000090a00000, 0x0000000090a00000| Untracked 
| 267|0x0000000090b00000, 0x0000000090b00000, 0x0000000090c00000|  0%| F|  |TAMS 0x0000000090b00000, 0x0000000090b00000| Untracked 
| 268|0x0000000090c00000, 0x0000000090c00000, 0x0000000090d00000|  0%| F|  |TAMS 0x0000000090c00000, 0x0000000090c00000| Untracked 
| 269|0x0000000090d00000, 0x0000000090d00000, 0x0000000090e00000|  0%| F|  |TAMS 0x0000000090d00000, 0x0000000090d00000| Untracked 
| 270|0x0000000090e00000, 0x0000000090e00000, 0x0000000090f00000|  0%| F|  |TAMS 0x0000000090e00000, 0x0000000090e00000| Untracked 
| 271|0x0000000090f00000, 0x0000000090f00000, 0x0000000091000000|  0%| F|  |TAMS 0x0000000090f00000, 0x0000000090f00000| Untracked 
| 272|0x0000000091000000, 0x0000000091000000, 0x0000000091100000|  0%| F|  |TAMS 0x0000000091000000, 0x0000000091000000| Untracked 
| 273|0x0000000091100000, 0x0000000091100000, 0x0000000091200000|  0%| F|  |TAMS 0x0000000091100000, 0x0000000091100000| Untracked 
| 274|0x0000000091200000, 0x0000000091200000, 0x0000000091300000|  0%| F|  |TAMS 0x0000000091200000, 0x0000000091200000| Untracked 
| 275|0x0000000091300000, 0x0000000091300000, 0x0000000091400000|  0%| F|  |TAMS 0x0000000091300000, 0x0000000091300000| Untracked 
| 276|0x0000000091400000, 0x0000000091400000, 0x0000000091500000|  0%| F|  |TAMS 0x0000000091400000, 0x0000000091400000| Untracked 
| 277|0x0000000091500000, 0x0000000091500000, 0x0000000091600000|  0%| F|  |TAMS 0x0000000091500000, 0x0000000091500000| Untracked 
| 278|0x0000000091600000, 0x0000000091600000, 0x0000000091700000|  0%| F|  |TAMS 0x0000000091600000, 0x0000000091600000| Untracked 
| 279|0x0000000091700000, 0x0000000091700000, 0x0000000091800000|  0%| F|  |TAMS 0x0000000091700000, 0x0000000091700000| Untracked 
| 280|0x0000000091800000, 0x0000000091800000, 0x0000000091900000|  0%| F|  |TAMS 0x0000000091800000, 0x0000000091800000| Untracked 
| 281|0x0000000091900000, 0x0000000091900000, 0x0000000091a00000|  0%| F|  |TAMS 0x0000000091900000, 0x0000000091900000| Untracked 
| 282|0x0000000091a00000, 0x0000000091a00000, 0x0000000091b00000|  0%| F|  |TAMS 0x0000000091a00000, 0x0000000091a00000| Untracked 
| 283|0x0000000091b00000, 0x0000000091b00000, 0x0000000091c00000|  0%| F|  |TAMS 0x0000000091b00000, 0x0000000091b00000| Untracked 
| 284|0x0000000091c00000, 0x0000000091c00000, 0x0000000091d00000|  0%| F|  |TAMS 0x0000000091c00000, 0x0000000091c00000| Untracked 
| 285|0x0000000091d00000, 0x0000000091d00000, 0x0000000091e00000|  0%| F|  |TAMS 0x0000000091d00000, 0x0000000091d00000| Untracked 
| 286|0x0000000091e00000, 0x0000000091e00000, 0x0000000091f00000|  0%| F|  |TAMS 0x0000000091e00000, 0x0000000091e00000| Untracked 
| 287|0x0000000091f00000, 0x0000000091f00000, 0x0000000092000000|  0%| F|  |TAMS 0x0000000091f00000, 0x0000000091f00000| Untracked 
| 288|0x0000000092000000, 0x0000000092000000, 0x0000000092100000|  0%| F|  |TAMS 0x0000000092000000, 0x0000000092000000| Untracked 
| 289|0x0000000092100000, 0x0000000092100000, 0x0000000092200000|  0%| F|  |TAMS 0x0000000092100000, 0x0000000092100000| Untracked 
| 290|0x0000000092200000, 0x0000000092200000, 0x0000000092300000|  0%| F|  |TAMS 0x0000000092200000, 0x0000000092200000| Untracked 
| 291|0x0000000092300000, 0x0000000092300000, 0x0000000092400000|  0%| F|  |TAMS 0x0000000092300000, 0x0000000092300000| Untracked 
| 292|0x0000000092400000, 0x0000000092400000, 0x0000000092500000|  0%| F|  |TAMS 0x0000000092400000, 0x0000000092400000| Untracked 
| 293|0x0000000092500000, 0x0000000092500000, 0x0000000092600000|  0%| F|  |TAMS 0x0000000092500000, 0x0000000092500000| Untracked 
| 294|0x0000000092600000, 0x0000000092600000, 0x0000000092700000|  0%| F|  |TAMS 0x0000000092600000, 0x0000000092600000| Untracked 
| 295|0x0000000092700000, 0x0000000092700000, 0x0000000092800000|  0%| F|  |TAMS 0x0000000092700000, 0x0000000092700000| Untracked 
| 296|0x0000000092800000, 0x0000000092800000, 0x0000000092900000|  0%| F|  |TAMS 0x0000000092800000, 0x0000000092800000| Untracked 
| 297|0x0000000092900000, 0x0000000092900000, 0x0000000092a00000|  0%| F|  |TAMS 0x0000000092900000, 0x0000000092900000| Untracked 
| 298|0x0000000092a00000, 0x0000000092a00000, 0x0000000092b00000|  0%| F|  |TAMS 0x0000000092a00000, 0x0000000092a00000| Untracked 
| 299|0x0000000092b00000, 0x0000000092b00000, 0x0000000092c00000|  0%| F|  |TAMS 0x0000000092b00000, 0x0000000092b00000| Untracked 
| 300|0x0000000092c00000, 0x0000000092c00000, 0x0000000092d00000|  0%| F|  |TAMS 0x0000000092c00000, 0x0000000092c00000| Untracked 
| 301|0x0000000092d00000, 0x0000000092d00000, 0x0000000092e00000|  0%| F|  |TAMS 0x0000000092d00000, 0x0000000092d00000| Untracked 
| 302|0x0000000092e00000, 0x0000000092e00000, 0x0000000092f00000|  0%| F|  |TAMS 0x0000000092e00000, 0x0000000092e00000| Untracked 
| 303|0x0000000092f00000, 0x0000000092f00000, 0x0000000093000000|  0%| F|  |TAMS 0x0000000092f00000, 0x0000000092f00000| Untracked 
| 304|0x0000000093000000, 0x0000000093000000, 0x0000000093100000|  0%| F|  |TAMS 0x0000000093000000, 0x0000000093000000| Untracked 
| 305|0x0000000093100000, 0x0000000093100000, 0x0000000093200000|  0%| F|  |TAMS 0x0000000093100000, 0x0000000093100000| Untracked 
| 306|0x0000000093200000, 0x0000000093200000, 0x0000000093300000|  0%| F|  |TAMS 0x0000000093200000, 0x0000000093200000| Untracked 
| 307|0x0000000093300000, 0x0000000093300000, 0x0000000093400000|  0%| F|  |TAMS 0x0000000093300000, 0x0000000093300000| Untracked 
| 308|0x0000000093400000, 0x0000000093400000, 0x0000000093500000|  0%| F|  |TAMS 0x0000000093400000, 0x0000000093400000| Untracked 

Card table byte_map: [0x0000026ed2130000,0x0000026ed2530000] _byte_map_base: 0x0000026ed1d30000

Marking Bits (Prev, Next): (CMBitMap*) 0x0000026ebf8c3210, (CMBitMap*) 0x0000026ebf8c31d0
 Prev Bits: [0x0000026ed4930000, 0x0000026ed6930000)
 Next Bits: [0x0000026ed2930000, 0x0000026ed4930000)

Polling page: 0x0000026ebf030000

Metaspace:

Usage:
  Non-class:     79.60 MB used.
      Class:     12.65 MB used.
       Both:     92.25 MB used.

Virtual space:
  Non-class space:       88.00 MB reserved,      80.00 MB ( 91%) committed,  11 nodes.
      Class space:        1.00 GB reserved,      13.06 MB (  1%) committed,  1 nodes.
             Both:        1.09 GB reserved,      93.06 MB (  8%) committed. 

Chunk freelists:
   Non-Class:  3.79 MB
       Class:  2.87 MB
        Both:  6.66 MB

MaxMetaspaceSize: unlimited
CompressedClassSpaceSize: 1.00 GB
Initial GC threshold: 21.00 MB
Current GC threshold: 155.00 MB
CDS: off
MetaspaceReclaimPolicy: balanced
 - commit_granule_bytes: 65536.
 - commit_granule_words: 8192.
 - virtual_space_node_default_size: 1048576.
 - enlarge_chunks_in_place: 1.
 - new_chunks_are_fully_committed: 0.
 - uncommit_free_chunks: 1.
 - use_allocation_guard: 0.
 - handle_deallocations: 1.


Internal statistics:

num_allocs_failed_limit: 3.
num_arena_births: 990.
num_arena_deaths: 0.
num_vsnodes_births: 12.
num_vsnodes_deaths: 0.
num_space_committed: 1489.
num_space_uncommitted: 0.
num_chunks_returned_to_freelist: 3.
num_chunks_taken_from_freelist: 4547.
num_chunk_merges: 3.
num_chunk_splits: 2989.
num_chunks_enlarged: 1979.
num_purges: 0.
num_inconsistent_stats: 0.

CodeHeap 'non-profiled nmethods': size=120000Kb used=5189Kb max_used=5189Kb free=114810Kb
 bounds [0x0000026eca800000, 0x0000026ecad20000, 0x0000026ed1d30000]
CodeHeap 'profiled nmethods': size=120000Kb used=18265Kb max_used=18265Kb free=101734Kb
 bounds [0x0000026ec2d30000, 0x0000026ec3f10000, 0x0000026eca260000]
CodeHeap 'non-nmethods': size=5760Kb used=2404Kb max_used=2484Kb free=3355Kb
 bounds [0x0000026eca260000, 0x0000026eca4e0000, 0x0000026eca800000]
 total_blobs=10294 nmethods=9345 adapters=861
 compilation: enabled
              stopped_count=0, restarted_count=0
 full_count=0

Compilation events (20 events):
Event: 32.743 Thread 0x0000026ed98153a0 nmethod 10256 0x0000026ecad04f90 code [0x0000026ecad05120, 0x0000026ecad05248]
Event: 32.754 Thread 0x0000026ed98153a0 10257       4       jdk.internal.misc.Unsafe::copyMemory (33 bytes)
Event: 32.760 Thread 0x0000026ed98153a0 nmethod 10257 0x0000026ecad05310 code [0x0000026ecad054a0, 0x0000026ecad05798]
Event: 32.783 Thread 0x0000026ed98153a0 10258       4       org.gradle.internal.hash.Hashing$MessageDigestHasher::<init> (25 bytes)
Event: 32.790 Thread 0x0000026ed98153a0 nmethod 10258 0x0000026ecad05a90 code [0x0000026ecad05c20, 0x0000026ecad06038]
Event: 32.846 Thread 0x0000026ed98153a0 10259       4       java.util.TimSort::sort (229 bytes)
Event: 32.923 Thread 0x0000026ed98153a0 nmethod 10259 0x0000026ecad06210 code [0x0000026ecad06460, 0x0000026ecad07e40]
Event: 32.952 Thread 0x0000026ed8e532e0 10260       3       java.lang.invoke.DelegatingMethodHandle$Holder::reinvoke_L (20 bytes)
Event: 32.953 Thread 0x0000026ed8e532e0 nmethod 10260 0x0000026ec3f05090 code [0x0000026ec3f05260, 0x0000026ec3f05698]
Event: 32.953 Thread 0x0000026ed8e532e0 10261   !   3       sun.management.Util::newObjectName (15 bytes)
Event: 32.953 Thread 0x0000026ed8e532e0 nmethod 10261 0x0000026ec3f05790 code [0x0000026ec3f05960, 0x0000026ec3f05cd8]
Event: 33.033 Thread 0x0000026ed98153a0 10262       4       org.gradle.internal.snapshot.MerkleDirectorySnapshotBuilder$Directory::fold (145 bytes)
Event: 33.186 Thread 0x0000026ed98153a0 nmethod 10262 0x0000026ecad08c10 code [0x0000026ecad08f80, 0x0000026ecad0be28]
Event: 33.186 Thread 0x0000026ed98153a0 10263       4       sun.nio.fs.WindowsNativeDispatcher::asNativeBuffer (103 bytes)
Event: 33.187 Thread 0x0000026ed8e532e0 10264       3       org.gradle.internal.time.DefaultCountdownTimer::hasExpired (15 bytes)
Event: 33.187 Thread 0x0000026ed8e532e0 nmethod 10264 0x0000026ec3f05e90 code [0x0000026ec3f06040, 0x0000026ec3f06388]
Event: 33.215 Thread 0x0000026ed98153a0 nmethod 10263 0x0000026ecad0f690 code [0x0000026ecad0f8a0, 0x0000026ecad10500]
Event: 33.492 Thread 0x0000026ed98153a0 10265   !   4       sun.nio.fs.WindowsNativeDispatcher::FindFirstFile (38 bytes)
Event: 33.495 Thread 0x0000026ed98153a0 nmethod 10265 0x0000026ecad10f10 code [0x0000026ecad110c0, 0x0000026ecad11230]
Event: 33.501 Thread 0x0000026ed98153a0 10266   !   4       sun.nio.fs.WindowsDirectoryStream::<init> (175 bytes)

GC Heap History (20 events):
Event: 20.919 GC heap after
{Heap after GC invocations=32 (full 0):
 garbage-first heap   total 267264K, used 100387K [0x0000000080000000, 0x0000000100000000)
  region size 1024K, 2 young (2048K), 2 survivors (2048K)
 Metaspace       used 71907K, committed 72576K, reserved 1114112K
  class space    used 9557K, committed 9856K, reserved 1048576K
}
Event: 23.073 GC heap before
{Heap before GC invocations=32 (full 0):
 garbage-first heap   total 267264K, used 187427K [0x0000000080000000, 0x0000000100000000)
  region size 1024K, 86 young (88064K), 2 survivors (2048K)
 Metaspace       used 80536K, committed 81152K, reserved 1122304K
  class space    used 10763K, committed 11008K, reserved 1048576K
}
Event: 23.096 GC heap after
{Heap after GC invocations=33 (full 0):
 garbage-first heap   total 267264K, used 107469K [0x0000000080000000, 0x0000000100000000)
  region size 1024K, 9 young (9216K), 9 survivors (9216K)
 Metaspace       used 80536K, committed 81152K, reserved 1122304K
  class space    used 10763K, committed 11008K, reserved 1048576K
}
Event: 25.448 GC heap before
{Heap before GC invocations=33 (full 0):
 garbage-first heap   total 267264K, used 197581K [0x0000000080000000, 0x0000000100000000)
  region size 1024K, 97 young (99328K), 9 survivors (9216K)
 Metaspace       used 88433K, committed 89216K, reserved 1130496K
  class space    used 12090K, committed 12480K, reserved 1048576K
}
Event: 25.470 GC heap after
{Heap after GC invocations=34 (full 0):
 garbage-first heap   total 267264K, used 112785K [0x0000000080000000, 0x0000000100000000)
  region size 1024K, 7 young (7168K), 7 survivors (7168K)
 Metaspace       used 88433K, committed 89216K, reserved 1130496K
  class space    used 12090K, committed 12480K, reserved 1048576K
}
Event: 27.899 GC heap before
{Heap before GC invocations=35 (full 0):
 garbage-first heap   total 267264K, used 228497K [0x0000000080000000, 0x0000000100000000)
  region size 1024K, 95 young (97280K), 7 survivors (7168K)
 Metaspace       used 94433K, committed 95232K, reserved 1138688K
  class space    used 12952K, committed 13376K, reserved 1048576K
}
Event: 27.928 GC heap after
{Heap after GC invocations=36 (full 0):
 garbage-first heap   total 267264K, used 154624K [0x0000000080000000, 0x0000000100000000)
  region size 1024K, 12 young (12288K), 12 survivors (12288K)
 Metaspace       used 94433K, committed 95232K, reserved 1138688K
  class space    used 12952K, committed 13376K, reserved 1048576K
}
Event: 27.933 GC heap before
{Heap before GC invocations=36 (full 0):
 garbage-first heap   total 267264K, used 155648K [0x0000000080000000, 0x0000000100000000)
  region size 1024K, 13 young (13312K), 12 survivors (12288K)
 Metaspace       used 94433K, committed 95232K, reserved 1138688K
  class space    used 12952K, committed 13376K, reserved 1048576K
}
Event: 27.958 GC heap after
{Heap after GC invocations=37 (full 0):
 garbage-first heap   total 267264K, used 156498K [0x0000000080000000, 0x0000000100000000)
  region size 1024K, 2 young (2048K), 2 survivors (2048K)
 Metaspace       used 94433K, committed 95232K, reserved 1138688K
  class space    used 12952K, committed 13376K, reserved 1048576K
}
Event: 28.893 GC heap before
{Heap before GC invocations=37 (full 0):
 garbage-first heap   total 267264K, used 212818K [0x0000000080000000, 0x0000000100000000)
  region size 1024K, 58 young (59392K), 2 survivors (2048K)
 Metaspace       used 94456K, committed 95232K, reserved 1138688K
  class space    used 12953K, committed 13376K, reserved 1048576K
}
Event: 28.912 GC heap after
{Heap after GC invocations=38 (full 0):
 garbage-first heap   total 267264K, used 169536K [0x0000000080000000, 0x0000000100000000)
  region size 1024K, 8 young (8192K), 8 survivors (8192K)
 Metaspace       used 94456K, committed 95232K, reserved 1138688K
  class space    used 12953K, committed 13376K, reserved 1048576K
}
Event: 29.807 GC heap before
{Heap before GC invocations=38 (full 0):
 garbage-first heap   total 267264K, used 214592K [0x0000000080000000, 0x0000000100000000)
  region size 1024K, 52 young (53248K), 8 survivors (8192K)
 Metaspace       used 94458K, committed 95232K, reserved 1138688K
  class space    used 12953K, committed 13376K, reserved 1048576K
}
Event: 29.821 GC heap after
{Heap after GC invocations=39 (full 0):
 garbage-first heap   total 267264K, used 171800K [0x0000000080000000, 0x0000000100000000)
  region size 1024K, 3 young (3072K), 3 survivors (3072K)
 Metaspace       used 94458K, committed 95232K, reserved 1138688K
  class space    used 12953K, committed 13376K, reserved 1048576K
}
Event: 30.561 GC heap before
{Heap before GC invocations=39 (full 0):
 garbage-first heap   total 267264K, used 217880K [0x0000000080000000, 0x0000000100000000)
  region size 1024K, 48 young (49152K), 3 survivors (3072K)
 Metaspace       used 94459K, committed 95232K, reserved 1138688K
  class space    used 12954K, committed 13376K, reserved 1048576K
}
Event: 30.567 GC heap after
{Heap after GC invocations=40 (full 0):
 garbage-first heap   total 267264K, used 172824K [0x0000000080000000, 0x0000000100000000)
  region size 1024K, 4 young (4096K), 4 survivors (4096K)
 Metaspace       used 94459K, committed 95232K, reserved 1138688K
  class space    used 12954K, committed 13376K, reserved 1048576K
}
Event: 31.286 GC heap before
{Heap before GC invocations=41 (full 0):
 garbage-first heap   total 316416K, used 215832K [0x0000000080000000, 0x0000000100000000)
  region size 1024K, 50 young (51200K), 4 survivors (4096K)
 Metaspace       used 94460K, committed 95232K, reserved 1138688K
  class space    used 12954K, committed 13376K, reserved 1048576K
}
Event: 31.306 GC heap after
{Heap after GC invocations=42 (full 0):
 garbage-first heap   total 316416K, used 170021K [0x0000000080000000, 0x0000000100000000)
  region size 1024K, 5 young (5120K), 5 survivors (5120K)
 Metaspace       used 94460K, committed 95232K, reserved 1138688K
  class space    used 12954K, committed 13376K, reserved 1048576K
}
Event: 31.431 GC heap before
{Heap before GC invocations=42 (full 0):
 garbage-first heap   total 316416K, used 180261K [0x0000000080000000, 0x0000000100000000)
  region size 1024K, 15 young (15360K), 5 survivors (5120K)
 Metaspace       used 94460K, committed 95232K, reserved 1138688K
  class space    used 12954K, committed 13376K, reserved 1048576K
}
Event: 31.442 GC heap after
{Heap after GC invocations=43 (full 0):
 garbage-first heap   total 316416K, used 168102K [0x0000000080000000, 0x0000000100000000)
  region size 1024K, 2 young (2048K), 2 survivors (2048K)
 Metaspace       used 94460K, committed 95232K, reserved 1138688K
  class space    used 12954K, committed 13376K, reserved 1048576K
}
Event: 33.551 GC heap before
{Heap before GC invocations=43 (full 0):
 garbage-first heap   total 316416K, used 255142K [0x0000000080000000, 0x0000000100000000)
  region size 1024K, 87 young (89088K), 2 survivors (2048K)
 Metaspace       used 94462K, committed 95296K, reserved 1138688K
  class space    used 12954K, committed 13376K, reserved 1048576K
}

Dll operation events (2 events):
Event: 0.036 Loaded shared library C:\Program Files\Android\Android Studio\jbr\bin\java.dll
Event: 1.084 Loaded shared library C:\Program Files\Android\Android Studio\jbr\bin\verify.dll

Deoptimization events (20 events):
Event: 28.231 Thread 0x0000026ede4da670 Uncommon trap: trap_request=0xffffff45 fr.pc=0x0000026eca9b0630 relative=0x00000000000004f0
Event: 28.231 Thread 0x0000026ede4da670 Uncommon trap: reason=unstable_if action=reinterpret pc=0x0000026eca9b0630 method=java.lang.StringLatin1.compareToCI([B[B)I @ 68 c2
Event: 28.231 Thread 0x0000026ede4da670 DEOPT PACKING pc=0x0000026eca9b0630 sp=0x000000fb457fbd80
Event: 28.231 Thread 0x0000026ede4da670 DEOPT UNPACKING pc=0x0000026eca2b699d sp=0x000000fb457fbd08 mode 2
Event: 29.459 Thread 0x0000026ede4da670 DEOPT PACKING pc=0x0000026ec3eda397 sp=0x000000fb457fbc20
Event: 29.459 Thread 0x0000026ede4da670 DEOPT UNPACKING pc=0x0000026eca2b7124 sp=0x000000fb457fb0e8 mode 0
Event: 29.907 Thread 0x0000026ede4da670 DEOPT PACKING pc=0x0000026ec3eda397 sp=0x000000fb457fbc20
Event: 29.907 Thread 0x0000026ede4da670 DEOPT UNPACKING pc=0x0000026eca2b7124 sp=0x000000fb457fb0e8 mode 0
Event: 30.260 Thread 0x0000026ede4da670 Uncommon trap: trap_request=0xffffff45 fr.pc=0x0000026ecacb30bc relative=0x000000000000019c
Event: 30.260 Thread 0x0000026ede4da670 Uncommon trap: reason=unstable_if action=reinterpret pc=0x0000026ecacb30bc method=java.util.concurrent.locks.ReentrantLock$FairSync.initialTryLock()Z @ 10 c2
Event: 30.260 Thread 0x0000026ede4da670 DEOPT PACKING pc=0x0000026ecacb30bc sp=0x000000fb457fb3e0
Event: 30.260 Thread 0x0000026ede4da670 DEOPT UNPACKING pc=0x0000026eca2b699d sp=0x000000fb457fb398 mode 2
Event: 31.489 Thread 0x0000026ede4da670 Uncommon trap: trap_request=0xffffff45 fr.pc=0x0000026ecac9d2e8 relative=0x0000000000001f88
Event: 31.489 Thread 0x0000026ede4da670 Uncommon trap: reason=unstable_if action=reinterpret pc=0x0000026ecac9d2e8 method=java.util.concurrent.locks.ReentrantLock$FairSync.tryAcquire(I)Z @ 4 c2
Event: 31.489 Thread 0x0000026ede4da670 DEOPT PACKING pc=0x0000026ecac9d2e8 sp=0x000000fb457fbff0
Event: 31.489 Thread 0x0000026ede4da670 DEOPT UNPACKING pc=0x0000026eca2b699d sp=0x000000fb457fbf78 mode 2
Event: 33.155 Thread 0x0000026edafd0540 Uncommon trap: trap_request=0xffffff45 fr.pc=0x0000026ecacf8538 relative=0x0000000000000198
Event: 33.155 Thread 0x0000026edafd0540 Uncommon trap: reason=unstable_if action=reinterpret pc=0x0000026ecacf8538 method=org.gradle.internal.time.DefaultCountdownTimer.hasExpired()Z @ 6 c2
Event: 33.155 Thread 0x0000026edafd0540 DEOPT PACKING pc=0x0000026ecacf8538 sp=0x000000fb435fec20
Event: 33.155 Thread 0x0000026edafd0540 DEOPT UNPACKING pc=0x0000026eca2b699d sp=0x000000fb435febf0 mode 2

Classes unloaded (0 events):
No events

Classes redefined (0 events):
No events

Internal exceptions (20 events):
Event: 27.491 Thread 0x0000026edbe8da60 Exception <a 'java/lang/ClassNotFoundException'{0x000000008c6363c0}: org/gradle/internal/extensibility/ExtensionsStorage$ExtensionHolderBeanInfo> (0x000000008c6363c0) 
thrown [s\src\hotspot\share\classfile\systemDictionary.cpp, line 256]
Event: 27.492 Thread 0x0000026edbe8da60 Exception <a 'java/lang/ClassNotFoundException'{0x000000008c63eef8}: org/gradle/internal/extensibility/ExtensionsStorage$ExtensionHolderCustomizer> (0x000000008c63eef8) 
thrown [s\src\hotspot\share\classfile\systemDictionary.cpp, line 256]
Event: 27.507 Thread 0x0000026edbe8da60 Exception <a 'java/lang/ClassNotFoundException'{0x000000008c6d6f20}: org/gradle/internal/service/scopes/ProjectScopeServicesBeanInfo> (0x000000008c6d6f20) 
thrown [s\src\hotspot\share\classfile\systemDictionary.cpp, line 256]
Event: 27.507 Thread 0x0000026edbe8da60 Exception <a 'java/lang/ClassNotFoundException'{0x000000008c6df938}: org/gradle/internal/service/scopes/ProjectScopeServicesCustomizer> (0x000000008c6df938) 
thrown [s\src\hotspot\share\classfile\systemDictionary.cpp, line 256]
Event: 27.511 Thread 0x0000026edbe8da60 Exception <a 'java/lang/ClassNotFoundException'{0x000000008c55caa0}: org/gradle/api/internal/catalog/DefaultDependenciesAccessorsBeanInfo> (0x000000008c55caa0) 
thrown [s\src\hotspot\share\classfile\systemDictionary.cpp, line 256]
Event: 27.512 Thread 0x0000026edbe8da60 Exception <a 'java/lang/ClassNotFoundException'{0x000000008c567e18}: org/gradle/api/internal/catalog/DefaultDependenciesAccessorsCustomizer> (0x000000008c567e18) 
thrown [s\src\hotspot\share\classfile\systemDictionary.cpp, line 256]
Event: 27.515 Thread 0x0000026edbe8da60 Exception <a 'java/lang/ClassNotFoundException'{0x000000008c58a338}: org/gradle/internal/classpath/DefaultClassPathBeanInfo> (0x000000008c58a338) 
thrown [s\src\hotspot\share\classfile\systemDictionary.cpp, line 256]
Event: 27.515 Thread 0x0000026edbe8da60 Exception <a 'java/lang/ClassNotFoundException'{0x000000008c592a98}: org/gradle/internal/classpath/DefaultClassPathCustomizer> (0x000000008c592a98) 
thrown [s\src\hotspot\share\classfile\systemDictionary.cpp, line 256]
Event: 27.522 Thread 0x0000026edbe8da60 Exception <a 'java/lang/ClassNotFoundException'{0x000000008c4a9d98}: org/gradle/internal/classpath/DefaultClassPath$ImmutableUniqueListBeanInfo> (0x000000008c4a9d98) 
thrown [s\src\hotspot\share\classfile\systemDictionary.cpp, line 256]
Event: 27.523 Thread 0x0000026edbe8da60 Exception <a 'java/lang/ClassNotFoundException'{0x000000008c4ae628}: java/util/AbstractListBeanInfo> (0x000000008c4ae628) 
thrown [s\src\hotspot\share\classfile\systemDictionary.cpp, line 256]
Event: 27.523 Thread 0x0000026edbe8da60 Exception <a 'java/lang/ClassNotFoundException'{0x000000008c4b2e90}: java/util/AbstractListCustomizer> (0x000000008c4b2e90) 
thrown [s\src\hotspot\share\classfile\systemDictionary.cpp, line 256]
Event: 27.524 Thread 0x0000026edbe8da60 Exception <a 'java/lang/ClassNotFoundException'{0x000000008c4c6df0}: org/gradle/internal/classpath/DefaultClassPath$ImmutableUniqueListCustomizer> (0x000000008c4c6df0) 
thrown [s\src\hotspot\share\classfile\systemDictionary.cpp, line 256]
Event: 27.534 Thread 0x0000026edbe8da60 Exception <a 'java/lang/ClassNotFoundException'{0x000000008c30ac58}: org/jetbrains/plugins/gradle/model/DefaultDependencyAccessorsModelBeanInfo> (0x000000008c30ac58) 
thrown [s\src\hotspot\share\classfile\systemDictionary.cpp, line 256]
Event: 27.535 Thread 0x0000026edbe8da60 Exception <a 'java/lang/ClassNotFoundException'{0x000000008c313408}: org/jetbrains/plugins/gradle/model/DefaultDependencyAccessorsModelCustomizer> (0x000000008c313408) 
thrown [s\src\hotspot\share\classfile\systemDictionary.cpp, line 256]
Event: 27.545 Thread 0x0000026ed9b89b00 Exception <a 'java/lang/NoSuchMethodError'{0x000000008c530b58}: static Lorg/jetbrains/plugins/gradle/tooling/internal/VersionCatalogsModelImpl;.<clinit>()V> (0x000000008c530b58) 
thrown [s\src\hotspot\share\prims\jni.cpp, line 1108]
Event: 27.568 Thread 0x0000026edbe8da60 Exception <a 'java/lang/ClassNotFoundException'{0x000000008c19e890}: org/gradle/api/internal/tasks/DefaultSourceSetContainer_DecoratedBeanInfo> (0x000000008c19e890) 
thrown [s\src\hotspot\share\classfile\systemDictionary.cpp, line 256]
Event: 27.569 Thread 0x0000026edbe8da60 Exception <a 'java/lang/ClassNotFoundException'{0x000000008c1a9ba0}: org/gradle/api/internal/tasks/DefaultSourceSetContainerBeanInfo> (0x000000008c1a9ba0) 
thrown [s\src\hotspot\share\classfile\systemDictionary.cpp, line 256]
Event: 27.570 Thread 0x0000026edbe8da60 Exception <a 'java/lang/ClassNotFoundException'{0x000000008c1b4ed0}: org/gradle/api/internal/tasks/DefaultSourceSetContainerCustomizer> (0x000000008c1b4ed0) 
thrown [s\src\hotspot\share\classfile\systemDictionary.cpp, line 256]
Event: 27.571 Thread 0x0000026edbe8da60 Exception <a 'java/lang/ClassNotFoundException'{0x000000008c1cbae8}: org/gradle/api/internal/tasks/DefaultSourceSetContainer_DecoratedCustomizer> (0x000000008c1cbae8) 
thrown [s\src\hotspot\share\classfile\systemDictionary.cpp, line 256]
Event: 27.785 Thread 0x0000026ede4da670 Exception <a 'java/lang/NoSuchMethodError'{0x000000008ba9a7d8}: 'java.lang.Object java.lang.invoke.DirectMethodHandle$Holder.invokeSpecialIFC(java.lang.Object, java.lang.Object, java.lang.Object)'> (0x000000008ba9a7d8) 
thrown [s\src\hotspot\share\interpreter\linkResolver.cpp, line 771]

VM Operations (20 events):
Event: 27.928 Executing VM operation: G1CollectForAllocation done
Event: 27.933 Executing VM operation: G1CollectForAllocation
Event: 27.958 Executing VM operation: G1CollectForAllocation done
Event: 28.893 Executing VM operation: G1CollectForAllocation
Event: 28.912 Executing VM operation: G1CollectForAllocation done
Event: 29.807 Executing VM operation: G1CollectForAllocation
Event: 29.821 Executing VM operation: G1CollectForAllocation done
Event: 30.561 Executing VM operation: G1CollectForAllocation
Event: 30.567 Executing VM operation: G1CollectForAllocation done
Event: 30.831 Executing VM operation: G1Concurrent
Event: 30.840 Executing VM operation: G1Concurrent done
Event: 30.967 Executing VM operation: G1Concurrent
Event: 30.968 Executing VM operation: G1Concurrent done
Event: 31.286 Executing VM operation: G1CollectForAllocation
Event: 31.307 Executing VM operation: G1CollectForAllocation done
Event: 31.431 Executing VM operation: G1CollectForAllocation
Event: 31.442 Executing VM operation: G1CollectForAllocation done
Event: 33.452 Executing VM operation: Cleanup
Event: 33.452 Executing VM operation: Cleanup done
Event: 33.551 Executing VM operation: G1CollectForAllocation

Events (20 events):
Event: 27.468 loading class java/lang/NumberCustomizer
Event: 27.468 loading class java/lang/NumberCustomizer done
Event: 27.468 loading class java/lang/NumberCustomizer
Event: 27.468 loading class java/lang/NumberCustomizer done
Event: 27.469 loading class java/lang/IntegerCustomizer
Event: 27.469 loading class java/lang/IntegerCustomizer done
Event: 27.469 loading class java/lang/IntegerCustomizer
Event: 27.469 loading class java/lang/IntegerCustomizer done
Event: 27.469 loading class jdk/internal/ValueBased
Event: 27.470 loading class jdk/internal/ValueBased done
Event: 27.522 loading class java/util/AbstractListBeanInfo
Event: 27.522 loading class java/util/AbstractListBeanInfo done
Event: 27.523 loading class java/util/AbstractListBeanInfo
Event: 27.523 loading class java/util/AbstractListBeanInfo done
Event: 27.523 loading class java/util/AbstractListCustomizer
Event: 27.523 loading class java/util/AbstractListCustomizer done
Event: 27.523 loading class java/util/AbstractListCustomizer
Event: 27.523 loading class java/util/AbstractListCustomizer done
Event: 28.867 loading class jdk/internal/access/foreign/MemorySegmentProxy
Event: 28.868 loading class jdk/internal/access/foreign/MemorySegmentProxy done


Dynamic libraries:
0x00007ff6d2400000 - 0x00007ff6d240a000 	C:\Program Files\Android\Android Studio\jbr\bin\java.exe
0x00007fffb1cf0000 - 0x00007fffb1f07000 	C:\WINDOWS\SYSTEM32\ntdll.dll
0x00007fffb0b00000 - 0x00007fffb0bc4000 	C:\WINDOWS\System32\KERNEL32.DLL
0x00007fffaf690000 - 0x00007fffafa36000 	C:\WINDOWS\System32\KERNELBASE.dll
0x00007fffaf3e0000 - 0x00007fffaf4f1000 	C:\WINDOWS\System32\ucrtbase.dll
0x00007fff96df0000 - 0x00007fff96e07000 	C:\Program Files\Android\Android Studio\jbr\bin\jli.dll
0x00007fffb0050000 - 0x00007fffb01fe000 	C:\WINDOWS\System32\USER32.dll
0x00007fffaf1c0000 - 0x00007fffaf1e6000 	C:\WINDOWS\System32\win32u.dll
0x00007fffb05a0000 - 0x00007fffb05c9000 	C:\WINDOWS\System32\GDI32.dll
0x00007fff95c70000 - 0x00007fff95c8b000 	C:\Program Files\Android\Android Studio\jbr\bin\VCRUNTIME140.dll
0x00007fffaf500000 - 0x00007fffaf618000 	C:\WINDOWS\System32\gdi32full.dll
0x00007fffaf120000 - 0x00007fffaf1ba000 	C:\WINDOWS\System32\msvcp_win.dll
0x00007fff9a6c0000 - 0x00007fff9a953000 	C:\WINDOWS\WinSxS\amd64_microsoft.windows.common-controls_6595b64144ccf1df_6.0.22621.2506_none_270c5ae97388e100\COMCTL32.dll
0x00007fffafa40000 - 0x00007fffafae7000 	C:\WINDOWS\System32\msvcrt.dll
0x00007fffb1280000 - 0x00007fffb12b1000 	C:\WINDOWS\System32\IMM32.DLL
0x00007fff95af0000 - 0x00007fff95afc000 	C:\Program Files\Android\Android Studio\jbr\bin\vcruntime140_1.dll
0x00007fff73d60000 - 0x00007fff73ded000 	C:\Program Files\Android\Android Studio\jbr\bin\msvcp140.dll
0x00007fff2cbb0000 - 0x00007fff2d81e000 	C:\Program Files\Android\Android Studio\jbr\bin\server\jvm.dll
0x00007fffb0a20000 - 0x00007fffb0ad1000 	C:\WINDOWS\System32\ADVAPI32.dll
0x00007fffb11d0000 - 0x00007fffb1275000 	C:\WINDOWS\System32\sechost.dll
0x00007fffb0d10000 - 0x00007fffb0e27000 	C:\WINDOWS\System32\RPCRT4.dll
0x00007fff905f0000 - 0x00007fff905f9000 	C:\WINDOWS\SYSTEM32\WSOCK32.dll
0x00007fffb12d0000 - 0x00007fffb1341000 	C:\WINDOWS\System32\WS2_32.dll
0x00007fffa3a70000 - 0x00007fffa3aa4000 	C:\WINDOWS\SYSTEM32\WINMM.dll
0x00007fff9e170000 - 0x00007fff9e17a000 	C:\WINDOWS\SYSTEM32\VERSION.dll
0x00007fffae020000 - 0x00007fffae038000 	C:\WINDOWS\SYSTEM32\kernel.appcore.dll
0x00007fff70ca0000 - 0x00007fff70caa000 	C:\Program Files\Android\Android Studio\jbr\bin\jimage.dll
0x00007fffac860000 - 0x00007fffaca93000 	C:\WINDOWS\SYSTEM32\DBGHELP.DLL
0x00007fffb0690000 - 0x00007fffb0a19000 	C:\WINDOWS\System32\combase.dll
0x00007fffb0e30000 - 0x00007fffb0f07000 	C:\WINDOWS\System32\OLEAUT32.dll
0x00007fff91ec0000 - 0x00007fff91ef2000 	C:\WINDOWS\SYSTEM32\dbgcore.DLL
0x00007fffaf1f0000 - 0x00007fffaf26a000 	C:\WINDOWS\System32\bcryptPrimitives.dll
0x00007fff583b0000 - 0x00007fff583d5000 	C:\Program Files\Android\Android Studio\jbr\bin\java.dll
0x00007fff58390000 - 0x00007fff583a8000 	C:\Program Files\Android\Android Studio\jbr\bin\zip.dll
0x00007fffb1450000 - 0x00007fffb1caa000 	C:\WINDOWS\System32\SHELL32.dll
0x00007fffacf30000 - 0x00007fffad826000 	C:\WINDOWS\SYSTEM32\windows.storage.dll
0x00007fffacdf0000 - 0x00007fffacf2e000 	C:\WINDOWS\SYSTEM32\wintypes.dll
0x00007fffb0f10000 - 0x00007fffb1003000 	C:\WINDOWS\System32\SHCORE.dll
0x00007fffb05d0000 - 0x00007fffb062e000 	C:\WINDOWS\System32\shlwapi.dll
0x00007fffaef90000 - 0x00007fffaefb6000 	C:\WINDOWS\SYSTEM32\profapi.dll
0x00007fff9a240000 - 0x00007fff9a259000 	C:\Program Files\Android\Android Studio\jbr\bin\net.dll
0x00007fffa48f0000 - 0x00007fffa4a27000 	C:\WINDOWS\SYSTEM32\WINHTTP.dll
0x00007fffae4c0000 - 0x00007fffae529000 	C:\WINDOWS\system32\mswsock.dll
0x00007fff96e10000 - 0x00007fff96e26000 	C:\Program Files\Android\Android Studio\jbr\bin\nio.dll
0x00007fffa69b0000 - 0x00007fffa69c0000 	C:\Program Files\Android\Android Studio\jbr\bin\verify.dll
0x00007fff8ffd0000 - 0x00007fff8fff7000 	C:\Users\Dell\.gradle\native\68d5fa5c4cc2d200863cafc0d521ce42e7d3e7ee720ec0a83991735586a16f82\windows-amd64\native-platform.dll
0x00007fff50010000 - 0x00007fff50154000 	C:\Users\Dell\.gradle\native\e376f236ea51e6404a007f0833ffe2c6e607c4080706a723a18a27aeea778392\windows-amd64\native-platform-file-events.dll
0x00007fffa3b30000 - 0x00007fffa3b39000 	C:\Program Files\Android\Android Studio\jbr\bin\management.dll
0x00007fffa3ae0000 - 0x00007fffa3aeb000 	C:\Program Files\Android\Android Studio\jbr\bin\management_ext.dll
0x00007fffb0590000 - 0x00007fffb0598000 	C:\WINDOWS\System32\PSAPI.DLL
0x00007fffae730000 - 0x00007fffae74b000 	C:\WINDOWS\SYSTEM32\CRYPTSP.dll
0x00007fffadf80000 - 0x00007fffadfb5000 	C:\WINDOWS\system32\rsaenh.dll
0x00007fffae5d0000 - 0x00007fffae5fc000 	C:\WINDOWS\SYSTEM32\USERENV.dll
0x00007fffae900000 - 0x00007fffae928000 	C:\WINDOWS\SYSTEM32\bcrypt.dll
0x00007fffae750000 - 0x00007fffae75c000 	C:\WINDOWS\SYSTEM32\CRYPTBASE.dll
0x00007fffada90000 - 0x00007fffadabd000 	C:\WINDOWS\SYSTEM32\IPHLPAPI.DLL
0x00007fffb0510000 - 0x00007fffb0519000 	C:\WINDOWS\System32\NSI.dll
0x00007fffa51b0000 - 0x00007fffa51c9000 	C:\WINDOWS\SYSTEM32\dhcpcsvc6.DLL
0x00007fffa50b0000 - 0x00007fffa50cf000 	C:\WINDOWS\SYSTEM32\dhcpcsvc.DLL
0x00007fffadb00000 - 0x00007fffadbf9000 	C:\WINDOWS\SYSTEM32\DNSAPI.dll
0x00007fff9e430000 - 0x00007fff9e438000 	C:\WINDOWS\system32\wshunix.dll

dbghelp: loaded successfully - version: 4.0.5 - missing functions: none
symbol engine: initialized successfully - sym options: 0x614 - pdb path: .;C:\Program Files\Android\Android Studio\jbr\bin;C:\WINDOWS\SYSTEM32;C:\WINDOWS\WinSxS\amd64_microsoft.windows.common-controls_6595b64144ccf1df_6.0.22621.2506_none_270c5ae97388e100;C:\Program Files\Android\Android Studio\jbr\bin\server;C:\Users\Dell\.gradle\native\68d5fa5c4cc2d200863cafc0d521ce42e7d3e7ee720ec0a83991735586a16f82\windows-amd64;C:\Users\Dell\.gradle\native\e376f236ea51e6404a007f0833ffe2c6e607c4080706a723a18a27aeea778392\windows-amd64

VM Arguments:
jvm_args: --add-opens=java.base/java.util=ALL-UNNAMED --add-opens=java.base/java.lang=ALL-UNNAMED --add-opens=java.base/java.lang.invoke=ALL-UNNAMED --add-opens=java.prefs/java.util.prefs=ALL-UNNAMED --add-opens=java.base/java.nio.charset=ALL-UNNAMED --add-opens=java.base/java.net=ALL-UNNAMED --add-opens=java.base/java.util.concurrent.atomic=ALL-UNNAMED -Xmx2048m -Dfile.encoding=windows-1252 -Duser.country=IN -Duser.language=en -Duser.variant 
java_command: org.gradle.launcher.daemon.bootstrap.GradleDaemon 8.0
java_class_path (initial): C:\Users\Dell\.gradle\wrapper\dists\gradle-8.0-bin\ca5e32bp14vu59qr306oxotwh\gradle-8.0\lib\gradle-launcher-8.0.jar
Launcher Type: SUN_STANDARD

[Global flags]
     intx CICompilerCount                          = 3                                         {product} {ergonomic}
     uint ConcGCThreads                            = 1                                         {product} {ergonomic}
     uint G1ConcRefinementThreads                  = 4                                         {product} {ergonomic}
   size_t G1HeapRegionSize                         = 1048576                                   {product} {ergonomic}
    uintx GCDrainStackTargetSize                   = 64                                        {product} {ergonomic}
   size_t InitialHeapSize                          = 67108864                                  {product} {ergonomic}
   size_t MarkStackSize                            = 4194304                                   {product} {ergonomic}
   size_t MaxHeapSize                              = 2147483648                                {product} {command line}
   size_t MaxNewSize                               = 1287651328                                {product} {ergonomic}
   size_t MinHeapDeltaBytes                        = 1048576                                   {product} {ergonomic}
   size_t MinHeapSize                              = 8388608                                   {product} {ergonomic}
    uintx NonNMethodCodeHeapSize                   = 5832780                                {pd product} {ergonomic}
    uintx NonProfiledCodeHeapSize                  = 122912730                              {pd product} {ergonomic}
    uintx ProfiledCodeHeapSize                     = 122912730                              {pd product} {ergonomic}
    uintx ReservedCodeCacheSize                    = 251658240                              {pd product} {ergonomic}
     bool SegmentedCodeCache                       = true                                      {product} {ergonomic}
   size_t SoftMaxHeapSize                          = 2147483648                             {manageable} {ergonomic}
     bool UseCompressedClassPointers               = true                           {product lp64_product} {ergonomic}
     bool UseCompressedOops                        = true                           {product lp64_product} {ergonomic}
     bool UseG1GC                                  = true                                      {product} {ergonomic}
     bool UseLargePagesIndividualAllocation        = false                                  {pd product} {ergonomic}

Logging:
Log output configuration:
 #0: stdout all=warning uptime,level,tags
 #1: stderr all=off uptime,level,tags

Environment Variables:
PATH=C:\oraclexe\app\oracle\product\11.2.0\server\bin;C:\Program Files\Common Files\Oracle\Java\javapath;C:\Program Files (x86)\Common Files\Intel\Shared Libraries\redist\intel64\compiler;C:\WINDOWS\system32;C:\WINDOWS;C:\WINDOWS\System32\Wbem;C:\WINDOWS\System32\WindowsPowerShell\v1.0\;C:\WINDOWS\System32\OpenSSH\;C:\Program Files\dotnet\;C:\Program Files\Git\cmd;C:\Program Files\nodejs\;C:\Program Files\MySQL\MySQL Shell 8.0\bin\;C:\Users\Dell\AppData\Local\Programs\Python\Python310\Scripts\;C:\Users\Dell\AppData\Local\Programs\Python\Python310\;C:\Users\Dell\AppData\Local\Microsoft\WindowsApps;C:\Users\Dell\AppData\Local\Programs\Python\Python310\Scripts;C:\Users\Dell\AppData\Local\Programs\Microsoft VS Code\bin;C:\MinGW\bin;;C:\Program Files\JetBrains\IntelliJ IDEA Community Edition 2021.3.3\bin;;C:\Users\Dell\AppData\Roaming\npm;C:\Program Files\sf\bin
USERNAME=Dell
OS=Windows_NT
PROCESSOR_IDENTIFIER=Intel64 Family 6 Model 142 Stepping 12, GenuineIntel
TMP=C:\Users\Dell\AppData\Local\Temp
TEMP=C:\Users\Dell\AppData\Local\Temp


JNI global refs:
JNI global refs: 24, weak refs: 0

JNI global refs memory usage: 843, weak refs: 209


---------------  S Y S T E M  ---------------

OS:
 Windows 11 , 64 bit Build 22621 (10.0.22621.2506)
OS uptime: 0 days 3:30 hours
Hyper-V role detected

CPU: total 4 (initial active 4) (2 cores per cpu, 2 threads per core) family 6 model 142 stepping 12 microcode 0xf8, cx8, cmov, fxsr, ht, mmx, 3dnowpref, sse, sse2, sse3, ssse3, sse4.1, sse4.2, popcnt, lzcnt, tsc, tscinvbit, aes, erms, clmul, clflush, clflushopt, hv

Memory: 4k page, system-wide physical 3971M (309M free)
TotalPageFile size 10115M (AvailPageFile size 130M)
current process WorkingSet (physical memory assigned to process): 379M, peak: 435M
current process commit charge ("private bytes"): 581M, peak: 1095M

vm_info: OpenJDK 64-Bit Server VM (17.0.6+0-b2043.56-10027231) for windows-amd64 JRE (17.0.6+0-b2043.56-10027231), built on Apr 28 2023 00:43:19 by "androidbuild" with MS VC++ 16.10 / 16.11 (VS2019)

END.
